[2023-05-05T18:21:54.584+0000] {processor.py:153} INFO - Started process (PID=4636) to work on /usr/local/python/3.10.4/lib/python3.10/site-packages/airflow/example_dags/subdags/subdag.py
[2023-05-05T18:21:54.585+0000] {processor.py:743} INFO - Processing file /usr/local/python/3.10.4/lib/python3.10/site-packages/airflow/example_dags/subdags/subdag.py for tasks to queue
[2023-05-05T18:21:54.586+0000] {logging_mixin.py:137} INFO - [2023-05-05T18:21:54.585+0000] {dagbag.py:538} INFO - Filling up the DagBag from /usr/local/python/3.10.4/lib/python3.10/site-packages/airflow/example_dags/subdags/subdag.py
[2023-05-05T18:21:54.591+0000] {processor.py:755} WARNING - No viable dags retrieved from /usr/local/python/3.10.4/lib/python3.10/site-packages/airflow/example_dags/subdags/subdag.py
[2023-05-05T18:21:54.602+0000] {processor.py:175} INFO - Processing /usr/local/python/3.10.4/lib/python3.10/site-packages/airflow/example_dags/subdags/subdag.py took 0.024 seconds
[2023-05-05T18:22:46.754+0000] {processor.py:153} INFO - Started process (PID=5003) to work on /usr/local/python/3.10.4/lib/python3.10/site-packages/airflow/example_dags/subdags/subdag.py
[2023-05-05T18:22:46.756+0000] {processor.py:743} INFO - Processing file /usr/local/python/3.10.4/lib/python3.10/site-packages/airflow/example_dags/subdags/subdag.py for tasks to queue
[2023-05-05T18:22:46.756+0000] {logging_mixin.py:137} INFO - [2023-05-05T18:22:46.756+0000] {dagbag.py:538} INFO - Filling up the DagBag from /usr/local/python/3.10.4/lib/python3.10/site-packages/airflow/example_dags/subdags/subdag.py
[2023-05-05T18:22:46.760+0000] {processor.py:755} WARNING - No viable dags retrieved from /usr/local/python/3.10.4/lib/python3.10/site-packages/airflow/example_dags/subdags/subdag.py
[2023-05-05T18:22:46.769+0000] {processor.py:175} INFO - Processing /usr/local/python/3.10.4/lib/python3.10/site-packages/airflow/example_dags/subdags/subdag.py took 0.018 seconds
[2023-05-05T18:23:28.039+0000] {processor.py:153} INFO - Started process (PID=5280) to work on /usr/local/python/3.10.4/lib/python3.10/site-packages/airflow/example_dags/subdags/subdag.py
[2023-05-05T18:23:28.040+0000] {processor.py:743} INFO - Processing file /usr/local/python/3.10.4/lib/python3.10/site-packages/airflow/example_dags/subdags/subdag.py for tasks to queue
[2023-05-05T18:23:28.040+0000] {logging_mixin.py:137} INFO - [2023-05-05T18:23:28.040+0000] {dagbag.py:538} INFO - Filling up the DagBag from /usr/local/python/3.10.4/lib/python3.10/site-packages/airflow/example_dags/subdags/subdag.py
[2023-05-05T18:23:28.044+0000] {processor.py:755} WARNING - No viable dags retrieved from /usr/local/python/3.10.4/lib/python3.10/site-packages/airflow/example_dags/subdags/subdag.py
[2023-05-05T18:23:28.052+0000] {processor.py:175} INFO - Processing /usr/local/python/3.10.4/lib/python3.10/site-packages/airflow/example_dags/subdags/subdag.py took 0.017 seconds
[2023-05-05T18:24:06.188+0000] {processor.py:153} INFO - Started process (PID=5543) to work on /usr/local/python/3.10.4/lib/python3.10/site-packages/airflow/example_dags/subdags/subdag.py
[2023-05-05T18:24:06.189+0000] {processor.py:743} INFO - Processing file /usr/local/python/3.10.4/lib/python3.10/site-packages/airflow/example_dags/subdags/subdag.py for tasks to queue
[2023-05-05T18:24:06.189+0000] {logging_mixin.py:137} INFO - [2023-05-05T18:24:06.189+0000] {dagbag.py:538} INFO - Filling up the DagBag from /usr/local/python/3.10.4/lib/python3.10/site-packages/airflow/example_dags/subdags/subdag.py
[2023-05-05T18:24:06.193+0000] {processor.py:755} WARNING - No viable dags retrieved from /usr/local/python/3.10.4/lib/python3.10/site-packages/airflow/example_dags/subdags/subdag.py
[2023-05-05T18:24:06.202+0000] {processor.py:175} INFO - Processing /usr/local/python/3.10.4/lib/python3.10/site-packages/airflow/example_dags/subdags/subdag.py took 0.018 seconds
[2023-05-05T18:24:47.019+0000] {processor.py:153} INFO - Started process (PID=5854) to work on /usr/local/python/3.10.4/lib/python3.10/site-packages/airflow/example_dags/subdags/subdag.py
[2023-05-05T18:24:47.020+0000] {processor.py:743} INFO - Processing file /usr/local/python/3.10.4/lib/python3.10/site-packages/airflow/example_dags/subdags/subdag.py for tasks to queue
[2023-05-05T18:24:47.021+0000] {logging_mixin.py:137} INFO - [2023-05-05T18:24:47.020+0000] {dagbag.py:538} INFO - Filling up the DagBag from /usr/local/python/3.10.4/lib/python3.10/site-packages/airflow/example_dags/subdags/subdag.py
[2023-05-05T18:24:47.024+0000] {processor.py:755} WARNING - No viable dags retrieved from /usr/local/python/3.10.4/lib/python3.10/site-packages/airflow/example_dags/subdags/subdag.py
[2023-05-05T18:24:47.033+0000] {processor.py:175} INFO - Processing /usr/local/python/3.10.4/lib/python3.10/site-packages/airflow/example_dags/subdags/subdag.py took 0.018 seconds
[2023-05-05T18:25:25.547+0000] {processor.py:153} INFO - Started process (PID=6126) to work on /usr/local/python/3.10.4/lib/python3.10/site-packages/airflow/example_dags/subdags/subdag.py
[2023-05-05T18:25:25.548+0000] {processor.py:743} INFO - Processing file /usr/local/python/3.10.4/lib/python3.10/site-packages/airflow/example_dags/subdags/subdag.py for tasks to queue
[2023-05-05T18:25:25.549+0000] {logging_mixin.py:137} INFO - [2023-05-05T18:25:25.549+0000] {dagbag.py:538} INFO - Filling up the DagBag from /usr/local/python/3.10.4/lib/python3.10/site-packages/airflow/example_dags/subdags/subdag.py
[2023-05-05T18:25:25.553+0000] {processor.py:755} WARNING - No viable dags retrieved from /usr/local/python/3.10.4/lib/python3.10/site-packages/airflow/example_dags/subdags/subdag.py
[2023-05-05T18:25:25.562+0000] {processor.py:175} INFO - Processing /usr/local/python/3.10.4/lib/python3.10/site-packages/airflow/example_dags/subdags/subdag.py took 0.019 seconds
[2023-05-05T18:26:10.079+0000] {processor.py:153} INFO - Started process (PID=6424) to work on /usr/local/python/3.10.4/lib/python3.10/site-packages/airflow/example_dags/subdags/subdag.py
[2023-05-05T18:26:10.080+0000] {processor.py:743} INFO - Processing file /usr/local/python/3.10.4/lib/python3.10/site-packages/airflow/example_dags/subdags/subdag.py for tasks to queue
[2023-05-05T18:26:10.081+0000] {logging_mixin.py:137} INFO - [2023-05-05T18:26:10.081+0000] {dagbag.py:538} INFO - Filling up the DagBag from /usr/local/python/3.10.4/lib/python3.10/site-packages/airflow/example_dags/subdags/subdag.py
[2023-05-05T18:26:10.086+0000] {processor.py:755} WARNING - No viable dags retrieved from /usr/local/python/3.10.4/lib/python3.10/site-packages/airflow/example_dags/subdags/subdag.py
[2023-05-05T18:26:10.095+0000] {processor.py:175} INFO - Processing /usr/local/python/3.10.4/lib/python3.10/site-packages/airflow/example_dags/subdags/subdag.py took 0.020 seconds
[2023-05-05T18:26:50.338+0000] {processor.py:153} INFO - Started process (PID=6712) to work on /usr/local/python/3.10.4/lib/python3.10/site-packages/airflow/example_dags/subdags/subdag.py
[2023-05-05T18:26:50.339+0000] {processor.py:743} INFO - Processing file /usr/local/python/3.10.4/lib/python3.10/site-packages/airflow/example_dags/subdags/subdag.py for tasks to queue
[2023-05-05T18:26:50.340+0000] {logging_mixin.py:137} INFO - [2023-05-05T18:26:50.340+0000] {dagbag.py:538} INFO - Filling up the DagBag from /usr/local/python/3.10.4/lib/python3.10/site-packages/airflow/example_dags/subdags/subdag.py
[2023-05-05T18:26:50.345+0000] {processor.py:755} WARNING - No viable dags retrieved from /usr/local/python/3.10.4/lib/python3.10/site-packages/airflow/example_dags/subdags/subdag.py
[2023-05-05T18:26:50.357+0000] {processor.py:175} INFO - Processing /usr/local/python/3.10.4/lib/python3.10/site-packages/airflow/example_dags/subdags/subdag.py took 0.022 seconds
[2023-05-05T18:27:27.074+0000] {processor.py:153} INFO - Started process (PID=6960) to work on /usr/local/python/3.10.4/lib/python3.10/site-packages/airflow/example_dags/subdags/subdag.py
[2023-05-05T18:27:27.075+0000] {processor.py:743} INFO - Processing file /usr/local/python/3.10.4/lib/python3.10/site-packages/airflow/example_dags/subdags/subdag.py for tasks to queue
[2023-05-05T18:27:27.076+0000] {logging_mixin.py:137} INFO - [2023-05-05T18:27:27.076+0000] {dagbag.py:538} INFO - Filling up the DagBag from /usr/local/python/3.10.4/lib/python3.10/site-packages/airflow/example_dags/subdags/subdag.py
[2023-05-05T18:27:27.080+0000] {processor.py:755} WARNING - No viable dags retrieved from /usr/local/python/3.10.4/lib/python3.10/site-packages/airflow/example_dags/subdags/subdag.py
[2023-05-05T18:27:27.090+0000] {processor.py:175} INFO - Processing /usr/local/python/3.10.4/lib/python3.10/site-packages/airflow/example_dags/subdags/subdag.py took 0.020 seconds
[2023-05-05T18:28:04.616+0000] {processor.py:153} INFO - Started process (PID=7474) to work on /usr/local/python/3.10.4/lib/python3.10/site-packages/airflow/example_dags/subdags/subdag.py
[2023-05-05T18:28:04.617+0000] {processor.py:743} INFO - Processing file /usr/local/python/3.10.4/lib/python3.10/site-packages/airflow/example_dags/subdags/subdag.py for tasks to queue
[2023-05-05T18:28:04.618+0000] {logging_mixin.py:137} INFO - [2023-05-05T18:28:04.617+0000] {dagbag.py:538} INFO - Filling up the DagBag from /usr/local/python/3.10.4/lib/python3.10/site-packages/airflow/example_dags/subdags/subdag.py
[2023-05-05T18:28:04.621+0000] {processor.py:755} WARNING - No viable dags retrieved from /usr/local/python/3.10.4/lib/python3.10/site-packages/airflow/example_dags/subdags/subdag.py
[2023-05-05T18:28:04.629+0000] {processor.py:175} INFO - Processing /usr/local/python/3.10.4/lib/python3.10/site-packages/airflow/example_dags/subdags/subdag.py took 0.017 seconds
[2023-05-05T18:28:42.685+0000] {processor.py:153} INFO - Started process (PID=8040) to work on /usr/local/python/3.10.4/lib/python3.10/site-packages/airflow/example_dags/subdags/subdag.py
[2023-05-05T18:28:42.686+0000] {processor.py:743} INFO - Processing file /usr/local/python/3.10.4/lib/python3.10/site-packages/airflow/example_dags/subdags/subdag.py for tasks to queue
[2023-05-05T18:28:42.687+0000] {logging_mixin.py:137} INFO - [2023-05-05T18:28:42.687+0000] {dagbag.py:538} INFO - Filling up the DagBag from /usr/local/python/3.10.4/lib/python3.10/site-packages/airflow/example_dags/subdags/subdag.py
[2023-05-05T18:28:42.691+0000] {processor.py:755} WARNING - No viable dags retrieved from /usr/local/python/3.10.4/lib/python3.10/site-packages/airflow/example_dags/subdags/subdag.py
[2023-05-05T18:28:42.699+0000] {processor.py:175} INFO - Processing /usr/local/python/3.10.4/lib/python3.10/site-packages/airflow/example_dags/subdags/subdag.py took 0.018 seconds
[2023-05-05T18:29:23.344+0000] {processor.py:153} INFO - Started process (PID=8342) to work on /usr/local/python/3.10.4/lib/python3.10/site-packages/airflow/example_dags/subdags/subdag.py
[2023-05-05T18:29:23.345+0000] {processor.py:743} INFO - Processing file /usr/local/python/3.10.4/lib/python3.10/site-packages/airflow/example_dags/subdags/subdag.py for tasks to queue
[2023-05-05T18:29:23.345+0000] {logging_mixin.py:137} INFO - [2023-05-05T18:29:23.345+0000] {dagbag.py:538} INFO - Filling up the DagBag from /usr/local/python/3.10.4/lib/python3.10/site-packages/airflow/example_dags/subdags/subdag.py
[2023-05-05T18:29:23.349+0000] {processor.py:755} WARNING - No viable dags retrieved from /usr/local/python/3.10.4/lib/python3.10/site-packages/airflow/example_dags/subdags/subdag.py
[2023-05-05T18:29:23.358+0000] {processor.py:175} INFO - Processing /usr/local/python/3.10.4/lib/python3.10/site-packages/airflow/example_dags/subdags/subdag.py took 0.018 seconds
[2023-05-05T18:30:03.661+0000] {processor.py:153} INFO - Started process (PID=8703) to work on /usr/local/python/3.10.4/lib/python3.10/site-packages/airflow/example_dags/subdags/subdag.py
[2023-05-05T18:30:03.663+0000] {processor.py:743} INFO - Processing file /usr/local/python/3.10.4/lib/python3.10/site-packages/airflow/example_dags/subdags/subdag.py for tasks to queue
[2023-05-05T18:30:03.663+0000] {logging_mixin.py:137} INFO - [2023-05-05T18:30:03.663+0000] {dagbag.py:538} INFO - Filling up the DagBag from /usr/local/python/3.10.4/lib/python3.10/site-packages/airflow/example_dags/subdags/subdag.py
[2023-05-05T18:30:03.670+0000] {processor.py:755} WARNING - No viable dags retrieved from /usr/local/python/3.10.4/lib/python3.10/site-packages/airflow/example_dags/subdags/subdag.py
[2023-05-05T18:30:03.685+0000] {processor.py:175} INFO - Processing /usr/local/python/3.10.4/lib/python3.10/site-packages/airflow/example_dags/subdags/subdag.py took 0.028 seconds
[2023-05-05T18:30:39.652+0000] {processor.py:153} INFO - Started process (PID=9007) to work on /usr/local/python/3.10.4/lib/python3.10/site-packages/airflow/example_dags/subdags/subdag.py
[2023-05-05T18:30:39.653+0000] {processor.py:743} INFO - Processing file /usr/local/python/3.10.4/lib/python3.10/site-packages/airflow/example_dags/subdags/subdag.py for tasks to queue
[2023-05-05T18:30:39.653+0000] {logging_mixin.py:137} INFO - [2023-05-05T18:30:39.653+0000] {dagbag.py:538} INFO - Filling up the DagBag from /usr/local/python/3.10.4/lib/python3.10/site-packages/airflow/example_dags/subdags/subdag.py
[2023-05-05T18:30:39.657+0000] {processor.py:755} WARNING - No viable dags retrieved from /usr/local/python/3.10.4/lib/python3.10/site-packages/airflow/example_dags/subdags/subdag.py
[2023-05-05T18:30:39.666+0000] {processor.py:175} INFO - Processing /usr/local/python/3.10.4/lib/python3.10/site-packages/airflow/example_dags/subdags/subdag.py took 0.018 seconds
[2023-05-05T18:31:18.033+0000] {processor.py:153} INFO - Started process (PID=9346) to work on /usr/local/python/3.10.4/lib/python3.10/site-packages/airflow/example_dags/subdags/subdag.py
[2023-05-05T18:31:18.035+0000] {processor.py:743} INFO - Processing file /usr/local/python/3.10.4/lib/python3.10/site-packages/airflow/example_dags/subdags/subdag.py for tasks to queue
[2023-05-05T18:31:18.036+0000] {logging_mixin.py:137} INFO - [2023-05-05T18:31:18.036+0000] {dagbag.py:538} INFO - Filling up the DagBag from /usr/local/python/3.10.4/lib/python3.10/site-packages/airflow/example_dags/subdags/subdag.py
[2023-05-05T18:31:18.042+0000] {processor.py:755} WARNING - No viable dags retrieved from /usr/local/python/3.10.4/lib/python3.10/site-packages/airflow/example_dags/subdags/subdag.py
[2023-05-05T18:31:18.056+0000] {processor.py:175} INFO - Processing /usr/local/python/3.10.4/lib/python3.10/site-packages/airflow/example_dags/subdags/subdag.py took 0.028 seconds
[2023-05-05T18:31:54.640+0000] {processor.py:153} INFO - Started process (PID=9690) to work on /usr/local/python/3.10.4/lib/python3.10/site-packages/airflow/example_dags/subdags/subdag.py
[2023-05-05T18:31:54.641+0000] {processor.py:743} INFO - Processing file /usr/local/python/3.10.4/lib/python3.10/site-packages/airflow/example_dags/subdags/subdag.py for tasks to queue
[2023-05-05T18:31:54.642+0000] {logging_mixin.py:137} INFO - [2023-05-05T18:31:54.642+0000] {dagbag.py:538} INFO - Filling up the DagBag from /usr/local/python/3.10.4/lib/python3.10/site-packages/airflow/example_dags/subdags/subdag.py
[2023-05-05T18:31:54.646+0000] {processor.py:755} WARNING - No viable dags retrieved from /usr/local/python/3.10.4/lib/python3.10/site-packages/airflow/example_dags/subdags/subdag.py
[2023-05-05T18:31:54.655+0000] {processor.py:175} INFO - Processing /usr/local/python/3.10.4/lib/python3.10/site-packages/airflow/example_dags/subdags/subdag.py took 0.018 seconds
[2023-05-05T18:32:33.655+0000] {processor.py:153} INFO - Started process (PID=10121) to work on /usr/local/python/3.10.4/lib/python3.10/site-packages/airflow/example_dags/subdags/subdag.py
[2023-05-05T18:32:33.658+0000] {processor.py:743} INFO - Processing file /usr/local/python/3.10.4/lib/python3.10/site-packages/airflow/example_dags/subdags/subdag.py for tasks to queue
[2023-05-05T18:32:33.659+0000] {logging_mixin.py:137} INFO - [2023-05-05T18:32:33.659+0000] {dagbag.py:538} INFO - Filling up the DagBag from /usr/local/python/3.10.4/lib/python3.10/site-packages/airflow/example_dags/subdags/subdag.py
[2023-05-05T18:32:33.665+0000] {processor.py:755} WARNING - No viable dags retrieved from /usr/local/python/3.10.4/lib/python3.10/site-packages/airflow/example_dags/subdags/subdag.py
[2023-05-05T18:32:33.677+0000] {processor.py:175} INFO - Processing /usr/local/python/3.10.4/lib/python3.10/site-packages/airflow/example_dags/subdags/subdag.py took 0.027 seconds
[2023-05-05T18:33:14.527+0000] {processor.py:153} INFO - Started process (PID=10482) to work on /usr/local/python/3.10.4/lib/python3.10/site-packages/airflow/example_dags/subdags/subdag.py
[2023-05-05T18:33:14.528+0000] {processor.py:743} INFO - Processing file /usr/local/python/3.10.4/lib/python3.10/site-packages/airflow/example_dags/subdags/subdag.py for tasks to queue
[2023-05-05T18:33:14.529+0000] {logging_mixin.py:137} INFO - [2023-05-05T18:33:14.529+0000] {dagbag.py:538} INFO - Filling up the DagBag from /usr/local/python/3.10.4/lib/python3.10/site-packages/airflow/example_dags/subdags/subdag.py
[2023-05-05T18:33:14.533+0000] {processor.py:755} WARNING - No viable dags retrieved from /usr/local/python/3.10.4/lib/python3.10/site-packages/airflow/example_dags/subdags/subdag.py
[2023-05-05T18:33:14.545+0000] {processor.py:175} INFO - Processing /usr/local/python/3.10.4/lib/python3.10/site-packages/airflow/example_dags/subdags/subdag.py took 0.022 seconds
[2023-05-05T18:33:51.819+0000] {processor.py:153} INFO - Started process (PID=10780) to work on /usr/local/python/3.10.4/lib/python3.10/site-packages/airflow/example_dags/subdags/subdag.py
[2023-05-05T18:33:51.821+0000] {processor.py:743} INFO - Processing file /usr/local/python/3.10.4/lib/python3.10/site-packages/airflow/example_dags/subdags/subdag.py for tasks to queue
[2023-05-05T18:33:51.822+0000] {logging_mixin.py:137} INFO - [2023-05-05T18:33:51.822+0000] {dagbag.py:538} INFO - Filling up the DagBag from /usr/local/python/3.10.4/lib/python3.10/site-packages/airflow/example_dags/subdags/subdag.py
[2023-05-05T18:33:51.828+0000] {processor.py:755} WARNING - No viable dags retrieved from /usr/local/python/3.10.4/lib/python3.10/site-packages/airflow/example_dags/subdags/subdag.py
[2023-05-05T18:33:51.842+0000] {processor.py:175} INFO - Processing /usr/local/python/3.10.4/lib/python3.10/site-packages/airflow/example_dags/subdags/subdag.py took 0.028 seconds
[2023-05-05T18:34:30.512+0000] {processor.py:153} INFO - Started process (PID=11225) to work on /usr/local/python/3.10.4/lib/python3.10/site-packages/airflow/example_dags/subdags/subdag.py
[2023-05-05T18:34:30.514+0000] {processor.py:743} INFO - Processing file /usr/local/python/3.10.4/lib/python3.10/site-packages/airflow/example_dags/subdags/subdag.py for tasks to queue
[2023-05-05T18:34:30.514+0000] {logging_mixin.py:137} INFO - [2023-05-05T18:34:30.514+0000] {dagbag.py:538} INFO - Filling up the DagBag from /usr/local/python/3.10.4/lib/python3.10/site-packages/airflow/example_dags/subdags/subdag.py
[2023-05-05T18:34:30.518+0000] {processor.py:755} WARNING - No viable dags retrieved from /usr/local/python/3.10.4/lib/python3.10/site-packages/airflow/example_dags/subdags/subdag.py
[2023-05-05T18:34:30.527+0000] {processor.py:175} INFO - Processing /usr/local/python/3.10.4/lib/python3.10/site-packages/airflow/example_dags/subdags/subdag.py took 0.019 seconds
