[2023-05-05T18:22:33.455+0000] {processor.py:153} INFO - Started process (PID=4912) to work on /usr/local/python/3.10.4/lib/python3.10/site-packages/airflow/example_dags/example_complex.py
[2023-05-05T18:22:33.456+0000] {processor.py:743} INFO - Processing file /usr/local/python/3.10.4/lib/python3.10/site-packages/airflow/example_dags/example_complex.py for tasks to queue
[2023-05-05T18:22:33.457+0000] {logging_mixin.py:137} INFO - [2023-05-05T18:22:33.457+0000] {dagbag.py:538} INFO - Filling up the DagBag from /usr/local/python/3.10.4/lib/python3.10/site-packages/airflow/example_dags/example_complex.py
[2023-05-05T18:22:33.468+0000] {logging_mixin.py:137} INFO - [2023-05-05T18:22:33.468+0000] {taskmixin.py:205} WARNING - Dependency <Task(BashOperator): create_entry_group>, delete_entry_group already registered for DAG: example_complex
[2023-05-05T18:22:33.468+0000] {logging_mixin.py:137} INFO - [2023-05-05T18:22:33.468+0000] {taskmixin.py:205} WARNING - Dependency <Task(BashOperator): delete_entry_group>, create_entry_group already registered for DAG: example_complex
[2023-05-05T18:22:33.469+0000] {logging_mixin.py:137} INFO - [2023-05-05T18:22:33.469+0000] {taskmixin.py:205} WARNING - Dependency <Task(BashOperator): create_entry_gcs>, delete_entry already registered for DAG: example_complex
[2023-05-05T18:22:33.469+0000] {logging_mixin.py:137} INFO - [2023-05-05T18:22:33.469+0000] {taskmixin.py:205} WARNING - Dependency <Task(BashOperator): delete_entry>, create_entry_gcs already registered for DAG: example_complex
[2023-05-05T18:22:33.469+0000] {logging_mixin.py:137} INFO - [2023-05-05T18:22:33.469+0000] {taskmixin.py:205} WARNING - Dependency <Task(BashOperator): create_tag>, delete_tag already registered for DAG: example_complex
[2023-05-05T18:22:33.470+0000] {logging_mixin.py:137} INFO - [2023-05-05T18:22:33.469+0000] {taskmixin.py:205} WARNING - Dependency <Task(BashOperator): delete_tag>, create_tag already registered for DAG: example_complex
[2023-05-05T18:22:33.478+0000] {processor.py:753} INFO - DAG(s) dict_keys(['example_complex']) retrieved from /usr/local/python/3.10.4/lib/python3.10/site-packages/airflow/example_dags/example_complex.py
[2023-05-05T18:22:33.693+0000] {logging_mixin.py:137} INFO - [2023-05-05T18:22:33.693+0000] {manager.py:504} INFO - Created Permission View: can delete on DAG:example_complex
[2023-05-05T18:22:33.737+0000] {logging_mixin.py:137} INFO - [2023-05-05T18:22:33.736+0000] {manager.py:504} INFO - Created Permission View: can read on DAG:example_complex
[2023-05-05T18:22:33.776+0000] {logging_mixin.py:137} INFO - [2023-05-05T18:22:33.776+0000] {manager.py:504} INFO - Created Permission View: can edit on DAG:example_complex
[2023-05-05T18:22:33.777+0000] {logging_mixin.py:137} INFO - [2023-05-05T18:22:33.776+0000] {dag.py:2690} INFO - Sync 1 DAGs
[2023-05-05T18:22:33.786+0000] {logging_mixin.py:137} INFO - [2023-05-05T18:22:33.786+0000] {dag.py:2711} INFO - Creating ORM DAG for example_complex
[2023-05-05T18:22:33.794+0000] {logging_mixin.py:137} INFO - [2023-05-05T18:22:33.794+0000] {dag.py:3437} INFO - Setting next_dagrun for example_complex to None, run_after=None
[2023-05-05T18:22:33.852+0000] {processor.py:175} INFO - Processing /usr/local/python/3.10.4/lib/python3.10/site-packages/airflow/example_dags/example_complex.py took 0.400 seconds
[2023-05-05T18:23:32.025+0000] {processor.py:153} INFO - Started process (PID=5315) to work on /usr/local/python/3.10.4/lib/python3.10/site-packages/airflow/example_dags/example_complex.py
[2023-05-05T18:23:32.026+0000] {processor.py:743} INFO - Processing file /usr/local/python/3.10.4/lib/python3.10/site-packages/airflow/example_dags/example_complex.py for tasks to queue
[2023-05-05T18:23:32.027+0000] {logging_mixin.py:137} INFO - [2023-05-05T18:23:32.027+0000] {dagbag.py:538} INFO - Filling up the DagBag from /usr/local/python/3.10.4/lib/python3.10/site-packages/airflow/example_dags/example_complex.py
[2023-05-05T18:23:32.049+0000] {logging_mixin.py:137} INFO - [2023-05-05T18:23:32.048+0000] {taskmixin.py:205} WARNING - Dependency <Task(BashOperator): create_entry_group>, delete_entry_group already registered for DAG: example_complex
[2023-05-05T18:23:32.049+0000] {logging_mixin.py:137} INFO - [2023-05-05T18:23:32.049+0000] {taskmixin.py:205} WARNING - Dependency <Task(BashOperator): delete_entry_group>, create_entry_group already registered for DAG: example_complex
[2023-05-05T18:23:32.049+0000] {logging_mixin.py:137} INFO - [2023-05-05T18:23:32.049+0000] {taskmixin.py:205} WARNING - Dependency <Task(BashOperator): create_entry_gcs>, delete_entry already registered for DAG: example_complex
[2023-05-05T18:23:32.049+0000] {logging_mixin.py:137} INFO - [2023-05-05T18:23:32.049+0000] {taskmixin.py:205} WARNING - Dependency <Task(BashOperator): delete_entry>, create_entry_gcs already registered for DAG: example_complex
[2023-05-05T18:23:32.050+0000] {logging_mixin.py:137} INFO - [2023-05-05T18:23:32.050+0000] {taskmixin.py:205} WARNING - Dependency <Task(BashOperator): create_tag>, delete_tag already registered for DAG: example_complex
[2023-05-05T18:23:32.050+0000] {logging_mixin.py:137} INFO - [2023-05-05T18:23:32.050+0000] {taskmixin.py:205} WARNING - Dependency <Task(BashOperator): delete_tag>, create_tag already registered for DAG: example_complex
[2023-05-05T18:23:32.059+0000] {processor.py:753} INFO - DAG(s) dict_keys(['example_complex']) retrieved from /usr/local/python/3.10.4/lib/python3.10/site-packages/airflow/example_dags/example_complex.py
[2023-05-05T18:23:32.215+0000] {logging_mixin.py:137} INFO - [2023-05-05T18:23:32.215+0000] {dag.py:2690} INFO - Sync 1 DAGs
[2023-05-05T18:23:32.231+0000] {logging_mixin.py:137} INFO - [2023-05-05T18:23:32.231+0000] {dag.py:3437} INFO - Setting next_dagrun for example_complex to None, run_after=None
[2023-05-05T18:23:32.284+0000] {processor.py:175} INFO - Processing /usr/local/python/3.10.4/lib/python3.10/site-packages/airflow/example_dags/example_complex.py took 0.267 seconds
[2023-05-05T18:24:23.709+0000] {processor.py:153} INFO - Started process (PID=5685) to work on /usr/local/python/3.10.4/lib/python3.10/site-packages/airflow/example_dags/example_complex.py
[2023-05-05T18:24:23.710+0000] {processor.py:743} INFO - Processing file /usr/local/python/3.10.4/lib/python3.10/site-packages/airflow/example_dags/example_complex.py for tasks to queue
[2023-05-05T18:24:23.711+0000] {logging_mixin.py:137} INFO - [2023-05-05T18:24:23.711+0000] {dagbag.py:538} INFO - Filling up the DagBag from /usr/local/python/3.10.4/lib/python3.10/site-packages/airflow/example_dags/example_complex.py
[2023-05-05T18:24:23.724+0000] {logging_mixin.py:137} INFO - [2023-05-05T18:24:23.724+0000] {taskmixin.py:205} WARNING - Dependency <Task(BashOperator): create_entry_group>, delete_entry_group already registered for DAG: example_complex
[2023-05-05T18:24:23.725+0000] {logging_mixin.py:137} INFO - [2023-05-05T18:24:23.724+0000] {taskmixin.py:205} WARNING - Dependency <Task(BashOperator): delete_entry_group>, create_entry_group already registered for DAG: example_complex
[2023-05-05T18:24:23.725+0000] {logging_mixin.py:137} INFO - [2023-05-05T18:24:23.725+0000] {taskmixin.py:205} WARNING - Dependency <Task(BashOperator): create_entry_gcs>, delete_entry already registered for DAG: example_complex
[2023-05-05T18:24:23.725+0000] {logging_mixin.py:137} INFO - [2023-05-05T18:24:23.725+0000] {taskmixin.py:205} WARNING - Dependency <Task(BashOperator): delete_entry>, create_entry_gcs already registered for DAG: example_complex
[2023-05-05T18:24:23.726+0000] {logging_mixin.py:137} INFO - [2023-05-05T18:24:23.726+0000] {taskmixin.py:205} WARNING - Dependency <Task(BashOperator): create_tag>, delete_tag already registered for DAG: example_complex
[2023-05-05T18:24:23.726+0000] {logging_mixin.py:137} INFO - [2023-05-05T18:24:23.726+0000] {taskmixin.py:205} WARNING - Dependency <Task(BashOperator): delete_tag>, create_tag already registered for DAG: example_complex
[2023-05-05T18:24:23.733+0000] {processor.py:753} INFO - DAG(s) dict_keys(['example_complex']) retrieved from /usr/local/python/3.10.4/lib/python3.10/site-packages/airflow/example_dags/example_complex.py
[2023-05-05T18:24:23.757+0000] {logging_mixin.py:137} INFO - [2023-05-05T18:24:23.757+0000] {dag.py:2690} INFO - Sync 1 DAGs
[2023-05-05T18:24:23.777+0000] {logging_mixin.py:137} INFO - [2023-05-05T18:24:23.776+0000] {dag.py:3437} INFO - Setting next_dagrun for example_complex to None, run_after=None
[2023-05-05T18:24:23.858+0000] {processor.py:175} INFO - Processing /usr/local/python/3.10.4/lib/python3.10/site-packages/airflow/example_dags/example_complex.py took 0.152 seconds
[2023-05-05T18:25:05.124+0000] {processor.py:153} INFO - Started process (PID=5988) to work on /usr/local/python/3.10.4/lib/python3.10/site-packages/airflow/example_dags/example_complex.py
[2023-05-05T18:25:05.125+0000] {processor.py:743} INFO - Processing file /usr/local/python/3.10.4/lib/python3.10/site-packages/airflow/example_dags/example_complex.py for tasks to queue
[2023-05-05T18:25:05.126+0000] {logging_mixin.py:137} INFO - [2023-05-05T18:25:05.126+0000] {dagbag.py:538} INFO - Filling up the DagBag from /usr/local/python/3.10.4/lib/python3.10/site-packages/airflow/example_dags/example_complex.py
[2023-05-05T18:25:05.138+0000] {logging_mixin.py:137} INFO - [2023-05-05T18:25:05.138+0000] {taskmixin.py:205} WARNING - Dependency <Task(BashOperator): create_entry_group>, delete_entry_group already registered for DAG: example_complex
[2023-05-05T18:25:05.138+0000] {logging_mixin.py:137} INFO - [2023-05-05T18:25:05.138+0000] {taskmixin.py:205} WARNING - Dependency <Task(BashOperator): delete_entry_group>, create_entry_group already registered for DAG: example_complex
[2023-05-05T18:25:05.138+0000] {logging_mixin.py:137} INFO - [2023-05-05T18:25:05.138+0000] {taskmixin.py:205} WARNING - Dependency <Task(BashOperator): create_entry_gcs>, delete_entry already registered for DAG: example_complex
[2023-05-05T18:25:05.139+0000] {logging_mixin.py:137} INFO - [2023-05-05T18:25:05.138+0000] {taskmixin.py:205} WARNING - Dependency <Task(BashOperator): delete_entry>, create_entry_gcs already registered for DAG: example_complex
[2023-05-05T18:25:05.139+0000] {logging_mixin.py:137} INFO - [2023-05-05T18:25:05.139+0000] {taskmixin.py:205} WARNING - Dependency <Task(BashOperator): create_tag>, delete_tag already registered for DAG: example_complex
[2023-05-05T18:25:05.139+0000] {logging_mixin.py:137} INFO - [2023-05-05T18:25:05.139+0000] {taskmixin.py:205} WARNING - Dependency <Task(BashOperator): delete_tag>, create_tag already registered for DAG: example_complex
[2023-05-05T18:25:05.147+0000] {processor.py:753} INFO - DAG(s) dict_keys(['example_complex']) retrieved from /usr/local/python/3.10.4/lib/python3.10/site-packages/airflow/example_dags/example_complex.py
[2023-05-05T18:25:05.177+0000] {logging_mixin.py:137} INFO - [2023-05-05T18:25:05.177+0000] {dag.py:2690} INFO - Sync 1 DAGs
[2023-05-05T18:25:05.195+0000] {logging_mixin.py:137} INFO - [2023-05-05T18:25:05.195+0000] {dag.py:3437} INFO - Setting next_dagrun for example_complex to None, run_after=None
[2023-05-05T18:25:05.254+0000] {processor.py:175} INFO - Processing /usr/local/python/3.10.4/lib/python3.10/site-packages/airflow/example_dags/example_complex.py took 0.134 seconds
[2023-05-05T18:25:51.995+0000] {processor.py:153} INFO - Started process (PID=6296) to work on /usr/local/python/3.10.4/lib/python3.10/site-packages/airflow/example_dags/example_complex.py
[2023-05-05T18:25:51.996+0000] {processor.py:743} INFO - Processing file /usr/local/python/3.10.4/lib/python3.10/site-packages/airflow/example_dags/example_complex.py for tasks to queue
[2023-05-05T18:25:51.997+0000] {logging_mixin.py:137} INFO - [2023-05-05T18:25:51.997+0000] {dagbag.py:538} INFO - Filling up the DagBag from /usr/local/python/3.10.4/lib/python3.10/site-packages/airflow/example_dags/example_complex.py
[2023-05-05T18:25:52.009+0000] {logging_mixin.py:137} INFO - [2023-05-05T18:25:52.009+0000] {taskmixin.py:205} WARNING - Dependency <Task(BashOperator): create_entry_group>, delete_entry_group already registered for DAG: example_complex
[2023-05-05T18:25:52.009+0000] {logging_mixin.py:137} INFO - [2023-05-05T18:25:52.009+0000] {taskmixin.py:205} WARNING - Dependency <Task(BashOperator): delete_entry_group>, create_entry_group already registered for DAG: example_complex
[2023-05-05T18:25:52.009+0000] {logging_mixin.py:137} INFO - [2023-05-05T18:25:52.009+0000] {taskmixin.py:205} WARNING - Dependency <Task(BashOperator): create_entry_gcs>, delete_entry already registered for DAG: example_complex
[2023-05-05T18:25:52.010+0000] {logging_mixin.py:137} INFO - [2023-05-05T18:25:52.010+0000] {taskmixin.py:205} WARNING - Dependency <Task(BashOperator): delete_entry>, create_entry_gcs already registered for DAG: example_complex
[2023-05-05T18:25:52.010+0000] {logging_mixin.py:137} INFO - [2023-05-05T18:25:52.010+0000] {taskmixin.py:205} WARNING - Dependency <Task(BashOperator): create_tag>, delete_tag already registered for DAG: example_complex
[2023-05-05T18:25:52.010+0000] {logging_mixin.py:137} INFO - [2023-05-05T18:25:52.010+0000] {taskmixin.py:205} WARNING - Dependency <Task(BashOperator): delete_tag>, create_tag already registered for DAG: example_complex
[2023-05-05T18:25:52.018+0000] {processor.py:753} INFO - DAG(s) dict_keys(['example_complex']) retrieved from /usr/local/python/3.10.4/lib/python3.10/site-packages/airflow/example_dags/example_complex.py
[2023-05-05T18:25:52.057+0000] {logging_mixin.py:137} INFO - [2023-05-05T18:25:52.057+0000] {dag.py:2690} INFO - Sync 1 DAGs
[2023-05-05T18:25:52.085+0000] {logging_mixin.py:137} INFO - [2023-05-05T18:25:52.084+0000] {dag.py:3437} INFO - Setting next_dagrun for example_complex to None, run_after=None
[2023-05-05T18:25:52.144+0000] {processor.py:175} INFO - Processing /usr/local/python/3.10.4/lib/python3.10/site-packages/airflow/example_dags/example_complex.py took 0.152 seconds
[2023-05-05T18:26:44.256+0000] {processor.py:153} INFO - Started process (PID=6663) to work on /usr/local/python/3.10.4/lib/python3.10/site-packages/airflow/example_dags/example_complex.py
[2023-05-05T18:26:44.257+0000] {processor.py:743} INFO - Processing file /usr/local/python/3.10.4/lib/python3.10/site-packages/airflow/example_dags/example_complex.py for tasks to queue
[2023-05-05T18:26:44.258+0000] {logging_mixin.py:137} INFO - [2023-05-05T18:26:44.257+0000] {dagbag.py:538} INFO - Filling up the DagBag from /usr/local/python/3.10.4/lib/python3.10/site-packages/airflow/example_dags/example_complex.py
[2023-05-05T18:26:44.269+0000] {logging_mixin.py:137} INFO - [2023-05-05T18:26:44.269+0000] {taskmixin.py:205} WARNING - Dependency <Task(BashOperator): create_entry_group>, delete_entry_group already registered for DAG: example_complex
[2023-05-05T18:26:44.269+0000] {logging_mixin.py:137} INFO - [2023-05-05T18:26:44.269+0000] {taskmixin.py:205} WARNING - Dependency <Task(BashOperator): delete_entry_group>, create_entry_group already registered for DAG: example_complex
[2023-05-05T18:26:44.270+0000] {logging_mixin.py:137} INFO - [2023-05-05T18:26:44.270+0000] {taskmixin.py:205} WARNING - Dependency <Task(BashOperator): create_entry_gcs>, delete_entry already registered for DAG: example_complex
[2023-05-05T18:26:44.270+0000] {logging_mixin.py:137} INFO - [2023-05-05T18:26:44.270+0000] {taskmixin.py:205} WARNING - Dependency <Task(BashOperator): delete_entry>, create_entry_gcs already registered for DAG: example_complex
[2023-05-05T18:26:44.270+0000] {logging_mixin.py:137} INFO - [2023-05-05T18:26:44.270+0000] {taskmixin.py:205} WARNING - Dependency <Task(BashOperator): create_tag>, delete_tag already registered for DAG: example_complex
[2023-05-05T18:26:44.271+0000] {logging_mixin.py:137} INFO - [2023-05-05T18:26:44.271+0000] {taskmixin.py:205} WARNING - Dependency <Task(BashOperator): delete_tag>, create_tag already registered for DAG: example_complex
[2023-05-05T18:26:44.278+0000] {processor.py:753} INFO - DAG(s) dict_keys(['example_complex']) retrieved from /usr/local/python/3.10.4/lib/python3.10/site-packages/airflow/example_dags/example_complex.py
[2023-05-05T18:26:44.301+0000] {logging_mixin.py:137} INFO - [2023-05-05T18:26:44.301+0000] {dag.py:2690} INFO - Sync 1 DAGs
[2023-05-05T18:26:44.320+0000] {logging_mixin.py:137} INFO - [2023-05-05T18:26:44.320+0000] {dag.py:3437} INFO - Setting next_dagrun for example_complex to None, run_after=None
[2023-05-05T18:26:44.372+0000] {processor.py:175} INFO - Processing /usr/local/python/3.10.4/lib/python3.10/site-packages/airflow/example_dags/example_complex.py took 0.120 seconds
[2023-05-05T18:27:34.049+0000] {processor.py:153} INFO - Started process (PID=7013) to work on /usr/local/python/3.10.4/lib/python3.10/site-packages/airflow/example_dags/example_complex.py
[2023-05-05T18:27:34.050+0000] {processor.py:743} INFO - Processing file /usr/local/python/3.10.4/lib/python3.10/site-packages/airflow/example_dags/example_complex.py for tasks to queue
[2023-05-05T18:27:34.051+0000] {logging_mixin.py:137} INFO - [2023-05-05T18:27:34.051+0000] {dagbag.py:538} INFO - Filling up the DagBag from /usr/local/python/3.10.4/lib/python3.10/site-packages/airflow/example_dags/example_complex.py
[2023-05-05T18:27:34.063+0000] {logging_mixin.py:137} INFO - [2023-05-05T18:27:34.062+0000] {taskmixin.py:205} WARNING - Dependency <Task(BashOperator): create_entry_group>, delete_entry_group already registered for DAG: example_complex
[2023-05-05T18:27:34.063+0000] {logging_mixin.py:137} INFO - [2023-05-05T18:27:34.063+0000] {taskmixin.py:205} WARNING - Dependency <Task(BashOperator): delete_entry_group>, create_entry_group already registered for DAG: example_complex
[2023-05-05T18:27:34.063+0000] {logging_mixin.py:137} INFO - [2023-05-05T18:27:34.063+0000] {taskmixin.py:205} WARNING - Dependency <Task(BashOperator): create_entry_gcs>, delete_entry already registered for DAG: example_complex
[2023-05-05T18:27:34.063+0000] {logging_mixin.py:137} INFO - [2023-05-05T18:27:34.063+0000] {taskmixin.py:205} WARNING - Dependency <Task(BashOperator): delete_entry>, create_entry_gcs already registered for DAG: example_complex
[2023-05-05T18:27:34.064+0000] {logging_mixin.py:137} INFO - [2023-05-05T18:27:34.064+0000] {taskmixin.py:205} WARNING - Dependency <Task(BashOperator): create_tag>, delete_tag already registered for DAG: example_complex
[2023-05-05T18:27:34.064+0000] {logging_mixin.py:137} INFO - [2023-05-05T18:27:34.064+0000] {taskmixin.py:205} WARNING - Dependency <Task(BashOperator): delete_tag>, create_tag already registered for DAG: example_complex
[2023-05-05T18:27:34.073+0000] {processor.py:753} INFO - DAG(s) dict_keys(['example_complex']) retrieved from /usr/local/python/3.10.4/lib/python3.10/site-packages/airflow/example_dags/example_complex.py
[2023-05-05T18:27:34.098+0000] {logging_mixin.py:137} INFO - [2023-05-05T18:27:34.098+0000] {dag.py:2690} INFO - Sync 1 DAGs
[2023-05-05T18:27:34.117+0000] {logging_mixin.py:137} INFO - [2023-05-05T18:27:34.116+0000] {dag.py:3437} INFO - Setting next_dagrun for example_complex to None, run_after=None
[2023-05-05T18:27:34.175+0000] {processor.py:175} INFO - Processing /usr/local/python/3.10.4/lib/python3.10/site-packages/airflow/example_dags/example_complex.py took 0.129 seconds
[2023-05-05T18:28:22.793+0000] {processor.py:153} INFO - Started process (PID=7919) to work on /usr/local/python/3.10.4/lib/python3.10/site-packages/airflow/example_dags/example_complex.py
[2023-05-05T18:28:22.794+0000] {processor.py:743} INFO - Processing file /usr/local/python/3.10.4/lib/python3.10/site-packages/airflow/example_dags/example_complex.py for tasks to queue
[2023-05-05T18:28:22.795+0000] {logging_mixin.py:137} INFO - [2023-05-05T18:28:22.795+0000] {dagbag.py:538} INFO - Filling up the DagBag from /usr/local/python/3.10.4/lib/python3.10/site-packages/airflow/example_dags/example_complex.py
[2023-05-05T18:28:22.809+0000] {logging_mixin.py:137} INFO - [2023-05-05T18:28:22.808+0000] {taskmixin.py:205} WARNING - Dependency <Task(BashOperator): create_entry_group>, delete_entry_group already registered for DAG: example_complex
[2023-05-05T18:28:22.809+0000] {logging_mixin.py:137} INFO - [2023-05-05T18:28:22.809+0000] {taskmixin.py:205} WARNING - Dependency <Task(BashOperator): delete_entry_group>, create_entry_group already registered for DAG: example_complex
[2023-05-05T18:28:22.809+0000] {logging_mixin.py:137} INFO - [2023-05-05T18:28:22.809+0000] {taskmixin.py:205} WARNING - Dependency <Task(BashOperator): create_entry_gcs>, delete_entry already registered for DAG: example_complex
[2023-05-05T18:28:22.810+0000] {logging_mixin.py:137} INFO - [2023-05-05T18:28:22.810+0000] {taskmixin.py:205} WARNING - Dependency <Task(BashOperator): delete_entry>, create_entry_gcs already registered for DAG: example_complex
[2023-05-05T18:28:22.810+0000] {logging_mixin.py:137} INFO - [2023-05-05T18:28:22.810+0000] {taskmixin.py:205} WARNING - Dependency <Task(BashOperator): create_tag>, delete_tag already registered for DAG: example_complex
[2023-05-05T18:28:22.811+0000] {logging_mixin.py:137} INFO - [2023-05-05T18:28:22.811+0000] {taskmixin.py:205} WARNING - Dependency <Task(BashOperator): delete_tag>, create_tag already registered for DAG: example_complex
[2023-05-05T18:28:22.818+0000] {processor.py:753} INFO - DAG(s) dict_keys(['example_complex']) retrieved from /usr/local/python/3.10.4/lib/python3.10/site-packages/airflow/example_dags/example_complex.py
[2023-05-05T18:28:22.846+0000] {logging_mixin.py:137} INFO - [2023-05-05T18:28:22.846+0000] {dag.py:2690} INFO - Sync 1 DAGs
[2023-05-05T18:28:22.865+0000] {logging_mixin.py:137} INFO - [2023-05-05T18:28:22.865+0000] {dag.py:3437} INFO - Setting next_dagrun for example_complex to None, run_after=None
[2023-05-05T18:28:22.925+0000] {processor.py:175} INFO - Processing /usr/local/python/3.10.4/lib/python3.10/site-packages/airflow/example_dags/example_complex.py took 0.136 seconds
[2023-05-05T18:29:05.746+0000] {processor.py:153} INFO - Started process (PID=8193) to work on /usr/local/python/3.10.4/lib/python3.10/site-packages/airflow/example_dags/example_complex.py
[2023-05-05T18:29:05.747+0000] {processor.py:743} INFO - Processing file /usr/local/python/3.10.4/lib/python3.10/site-packages/airflow/example_dags/example_complex.py for tasks to queue
[2023-05-05T18:29:05.748+0000] {logging_mixin.py:137} INFO - [2023-05-05T18:29:05.748+0000] {dagbag.py:538} INFO - Filling up the DagBag from /usr/local/python/3.10.4/lib/python3.10/site-packages/airflow/example_dags/example_complex.py
[2023-05-05T18:29:05.760+0000] {logging_mixin.py:137} INFO - [2023-05-05T18:29:05.760+0000] {taskmixin.py:205} WARNING - Dependency <Task(BashOperator): create_entry_group>, delete_entry_group already registered for DAG: example_complex
[2023-05-05T18:29:05.760+0000] {logging_mixin.py:137} INFO - [2023-05-05T18:29:05.760+0000] {taskmixin.py:205} WARNING - Dependency <Task(BashOperator): delete_entry_group>, create_entry_group already registered for DAG: example_complex
[2023-05-05T18:29:05.761+0000] {logging_mixin.py:137} INFO - [2023-05-05T18:29:05.761+0000] {taskmixin.py:205} WARNING - Dependency <Task(BashOperator): create_entry_gcs>, delete_entry already registered for DAG: example_complex
[2023-05-05T18:29:05.761+0000] {logging_mixin.py:137} INFO - [2023-05-05T18:29:05.761+0000] {taskmixin.py:205} WARNING - Dependency <Task(BashOperator): delete_entry>, create_entry_gcs already registered for DAG: example_complex
[2023-05-05T18:29:05.762+0000] {logging_mixin.py:137} INFO - [2023-05-05T18:29:05.761+0000] {taskmixin.py:205} WARNING - Dependency <Task(BashOperator): create_tag>, delete_tag already registered for DAG: example_complex
[2023-05-05T18:29:05.762+0000] {logging_mixin.py:137} INFO - [2023-05-05T18:29:05.762+0000] {taskmixin.py:205} WARNING - Dependency <Task(BashOperator): delete_tag>, create_tag already registered for DAG: example_complex
[2023-05-05T18:29:05.770+0000] {processor.py:753} INFO - DAG(s) dict_keys(['example_complex']) retrieved from /usr/local/python/3.10.4/lib/python3.10/site-packages/airflow/example_dags/example_complex.py
[2023-05-05T18:29:05.796+0000] {logging_mixin.py:137} INFO - [2023-05-05T18:29:05.796+0000] {dag.py:2690} INFO - Sync 1 DAGs
[2023-05-05T18:29:05.815+0000] {logging_mixin.py:137} INFO - [2023-05-05T18:29:05.815+0000] {dag.py:3437} INFO - Setting next_dagrun for example_complex to None, run_after=None
[2023-05-05T18:29:05.868+0000] {processor.py:175} INFO - Processing /usr/local/python/3.10.4/lib/python3.10/site-packages/airflow/example_dags/example_complex.py took 0.126 seconds
[2023-05-05T18:29:58.588+0000] {processor.py:153} INFO - Started process (PID=8645) to work on /usr/local/python/3.10.4/lib/python3.10/site-packages/airflow/example_dags/example_complex.py
[2023-05-05T18:29:58.589+0000] {processor.py:743} INFO - Processing file /usr/local/python/3.10.4/lib/python3.10/site-packages/airflow/example_dags/example_complex.py for tasks to queue
[2023-05-05T18:29:58.590+0000] {logging_mixin.py:137} INFO - [2023-05-05T18:29:58.590+0000] {dagbag.py:538} INFO - Filling up the DagBag from /usr/local/python/3.10.4/lib/python3.10/site-packages/airflow/example_dags/example_complex.py
[2023-05-05T18:29:58.607+0000] {logging_mixin.py:137} INFO - [2023-05-05T18:29:58.607+0000] {taskmixin.py:205} WARNING - Dependency <Task(BashOperator): create_entry_group>, delete_entry_group already registered for DAG: example_complex
[2023-05-05T18:29:58.608+0000] {logging_mixin.py:137} INFO - [2023-05-05T18:29:58.608+0000] {taskmixin.py:205} WARNING - Dependency <Task(BashOperator): delete_entry_group>, create_entry_group already registered for DAG: example_complex
[2023-05-05T18:29:58.608+0000] {logging_mixin.py:137} INFO - [2023-05-05T18:29:58.608+0000] {taskmixin.py:205} WARNING - Dependency <Task(BashOperator): create_entry_gcs>, delete_entry already registered for DAG: example_complex
[2023-05-05T18:29:58.608+0000] {logging_mixin.py:137} INFO - [2023-05-05T18:29:58.608+0000] {taskmixin.py:205} WARNING - Dependency <Task(BashOperator): delete_entry>, create_entry_gcs already registered for DAG: example_complex
[2023-05-05T18:29:58.609+0000] {logging_mixin.py:137} INFO - [2023-05-05T18:29:58.609+0000] {taskmixin.py:205} WARNING - Dependency <Task(BashOperator): create_tag>, delete_tag already registered for DAG: example_complex
[2023-05-05T18:29:58.609+0000] {logging_mixin.py:137} INFO - [2023-05-05T18:29:58.609+0000] {taskmixin.py:205} WARNING - Dependency <Task(BashOperator): delete_tag>, create_tag already registered for DAG: example_complex
[2023-05-05T18:29:58.616+0000] {processor.py:753} INFO - DAG(s) dict_keys(['example_complex']) retrieved from /usr/local/python/3.10.4/lib/python3.10/site-packages/airflow/example_dags/example_complex.py
[2023-05-05T18:29:58.640+0000] {logging_mixin.py:137} INFO - [2023-05-05T18:29:58.639+0000] {dag.py:2690} INFO - Sync 1 DAGs
[2023-05-05T18:29:58.658+0000] {logging_mixin.py:137} INFO - [2023-05-05T18:29:58.658+0000] {dag.py:3437} INFO - Setting next_dagrun for example_complex to None, run_after=None
[2023-05-05T18:29:58.712+0000] {processor.py:175} INFO - Processing /usr/local/python/3.10.4/lib/python3.10/site-packages/airflow/example_dags/example_complex.py took 0.127 seconds
[2023-05-05T18:30:47.764+0000] {processor.py:153} INFO - Started process (PID=9100) to work on /usr/local/python/3.10.4/lib/python3.10/site-packages/airflow/example_dags/example_complex.py
[2023-05-05T18:30:47.765+0000] {processor.py:743} INFO - Processing file /usr/local/python/3.10.4/lib/python3.10/site-packages/airflow/example_dags/example_complex.py for tasks to queue
[2023-05-05T18:30:47.766+0000] {logging_mixin.py:137} INFO - [2023-05-05T18:30:47.766+0000] {dagbag.py:538} INFO - Filling up the DagBag from /usr/local/python/3.10.4/lib/python3.10/site-packages/airflow/example_dags/example_complex.py
[2023-05-05T18:30:47.778+0000] {logging_mixin.py:137} INFO - [2023-05-05T18:30:47.777+0000] {taskmixin.py:205} WARNING - Dependency <Task(BashOperator): create_entry_group>, delete_entry_group already registered for DAG: example_complex
[2023-05-05T18:30:47.778+0000] {logging_mixin.py:137} INFO - [2023-05-05T18:30:47.778+0000] {taskmixin.py:205} WARNING - Dependency <Task(BashOperator): delete_entry_group>, create_entry_group already registered for DAG: example_complex
[2023-05-05T18:30:47.778+0000] {logging_mixin.py:137} INFO - [2023-05-05T18:30:47.778+0000] {taskmixin.py:205} WARNING - Dependency <Task(BashOperator): create_entry_gcs>, delete_entry already registered for DAG: example_complex
[2023-05-05T18:30:47.778+0000] {logging_mixin.py:137} INFO - [2023-05-05T18:30:47.778+0000] {taskmixin.py:205} WARNING - Dependency <Task(BashOperator): delete_entry>, create_entry_gcs already registered for DAG: example_complex
[2023-05-05T18:30:47.779+0000] {logging_mixin.py:137} INFO - [2023-05-05T18:30:47.779+0000] {taskmixin.py:205} WARNING - Dependency <Task(BashOperator): create_tag>, delete_tag already registered for DAG: example_complex
[2023-05-05T18:30:47.779+0000] {logging_mixin.py:137} INFO - [2023-05-05T18:30:47.779+0000] {taskmixin.py:205} WARNING - Dependency <Task(BashOperator): delete_tag>, create_tag already registered for DAG: example_complex
[2023-05-05T18:30:47.787+0000] {processor.py:753} INFO - DAG(s) dict_keys(['example_complex']) retrieved from /usr/local/python/3.10.4/lib/python3.10/site-packages/airflow/example_dags/example_complex.py
[2023-05-05T18:30:47.809+0000] {logging_mixin.py:137} INFO - [2023-05-05T18:30:47.809+0000] {dag.py:2690} INFO - Sync 1 DAGs
[2023-05-05T18:30:47.827+0000] {logging_mixin.py:137} INFO - [2023-05-05T18:30:47.827+0000] {dag.py:3437} INFO - Setting next_dagrun for example_complex to None, run_after=None
[2023-05-05T18:30:47.880+0000] {processor.py:175} INFO - Processing /usr/local/python/3.10.4/lib/python3.10/site-packages/airflow/example_dags/example_complex.py took 0.120 seconds
[2023-05-05T18:31:37.633+0000] {processor.py:153} INFO - Started process (PID=9572) to work on /usr/local/python/3.10.4/lib/python3.10/site-packages/airflow/example_dags/example_complex.py
[2023-05-05T18:31:37.635+0000] {processor.py:743} INFO - Processing file /usr/local/python/3.10.4/lib/python3.10/site-packages/airflow/example_dags/example_complex.py for tasks to queue
[2023-05-05T18:31:37.636+0000] {logging_mixin.py:137} INFO - [2023-05-05T18:31:37.636+0000] {dagbag.py:538} INFO - Filling up the DagBag from /usr/local/python/3.10.4/lib/python3.10/site-packages/airflow/example_dags/example_complex.py
[2023-05-05T18:31:37.648+0000] {logging_mixin.py:137} INFO - [2023-05-05T18:31:37.648+0000] {taskmixin.py:205} WARNING - Dependency <Task(BashOperator): create_entry_group>, delete_entry_group already registered for DAG: example_complex
[2023-05-05T18:31:37.648+0000] {logging_mixin.py:137} INFO - [2023-05-05T18:31:37.648+0000] {taskmixin.py:205} WARNING - Dependency <Task(BashOperator): delete_entry_group>, create_entry_group already registered for DAG: example_complex
[2023-05-05T18:31:37.648+0000] {logging_mixin.py:137} INFO - [2023-05-05T18:31:37.648+0000] {taskmixin.py:205} WARNING - Dependency <Task(BashOperator): create_entry_gcs>, delete_entry already registered for DAG: example_complex
[2023-05-05T18:31:37.649+0000] {logging_mixin.py:137} INFO - [2023-05-05T18:31:37.648+0000] {taskmixin.py:205} WARNING - Dependency <Task(BashOperator): delete_entry>, create_entry_gcs already registered for DAG: example_complex
[2023-05-05T18:31:37.649+0000] {logging_mixin.py:137} INFO - [2023-05-05T18:31:37.649+0000] {taskmixin.py:205} WARNING - Dependency <Task(BashOperator): create_tag>, delete_tag already registered for DAG: example_complex
[2023-05-05T18:31:37.649+0000] {logging_mixin.py:137} INFO - [2023-05-05T18:31:37.649+0000] {taskmixin.py:205} WARNING - Dependency <Task(BashOperator): delete_tag>, create_tag already registered for DAG: example_complex
[2023-05-05T18:31:37.657+0000] {processor.py:753} INFO - DAG(s) dict_keys(['example_complex']) retrieved from /usr/local/python/3.10.4/lib/python3.10/site-packages/airflow/example_dags/example_complex.py
[2023-05-05T18:31:37.680+0000] {logging_mixin.py:137} INFO - [2023-05-05T18:31:37.680+0000] {dag.py:2690} INFO - Sync 1 DAGs
[2023-05-05T18:31:37.699+0000] {logging_mixin.py:137} INFO - [2023-05-05T18:31:37.699+0000] {dag.py:3437} INFO - Setting next_dagrun for example_complex to None, run_after=None
[2023-05-05T18:31:37.754+0000] {processor.py:175} INFO - Processing /usr/local/python/3.10.4/lib/python3.10/site-packages/airflow/example_dags/example_complex.py took 0.126 seconds
[2023-05-05T18:32:28.587+0000] {processor.py:153} INFO - Started process (PID=10099) to work on /usr/local/python/3.10.4/lib/python3.10/site-packages/airflow/example_dags/example_complex.py
[2023-05-05T18:32:28.589+0000] {processor.py:743} INFO - Processing file /usr/local/python/3.10.4/lib/python3.10/site-packages/airflow/example_dags/example_complex.py for tasks to queue
[2023-05-05T18:32:28.590+0000] {logging_mixin.py:137} INFO - [2023-05-05T18:32:28.590+0000] {dagbag.py:538} INFO - Filling up the DagBag from /usr/local/python/3.10.4/lib/python3.10/site-packages/airflow/example_dags/example_complex.py
[2023-05-05T18:32:28.606+0000] {logging_mixin.py:137} INFO - [2023-05-05T18:32:28.606+0000] {taskmixin.py:205} WARNING - Dependency <Task(BashOperator): create_entry_group>, delete_entry_group already registered for DAG: example_complex
[2023-05-05T18:32:28.607+0000] {logging_mixin.py:137} INFO - [2023-05-05T18:32:28.607+0000] {taskmixin.py:205} WARNING - Dependency <Task(BashOperator): delete_entry_group>, create_entry_group already registered for DAG: example_complex
[2023-05-05T18:32:28.607+0000] {logging_mixin.py:137} INFO - [2023-05-05T18:32:28.607+0000] {taskmixin.py:205} WARNING - Dependency <Task(BashOperator): create_entry_gcs>, delete_entry already registered for DAG: example_complex
[2023-05-05T18:32:28.607+0000] {logging_mixin.py:137} INFO - [2023-05-05T18:32:28.607+0000] {taskmixin.py:205} WARNING - Dependency <Task(BashOperator): delete_entry>, create_entry_gcs already registered for DAG: example_complex
[2023-05-05T18:32:28.608+0000] {logging_mixin.py:137} INFO - [2023-05-05T18:32:28.608+0000] {taskmixin.py:205} WARNING - Dependency <Task(BashOperator): create_tag>, delete_tag already registered for DAG: example_complex
[2023-05-05T18:32:28.608+0000] {logging_mixin.py:137} INFO - [2023-05-05T18:32:28.608+0000] {taskmixin.py:205} WARNING - Dependency <Task(BashOperator): delete_tag>, create_tag already registered for DAG: example_complex
[2023-05-05T18:32:28.616+0000] {processor.py:753} INFO - DAG(s) dict_keys(['example_complex']) retrieved from /usr/local/python/3.10.4/lib/python3.10/site-packages/airflow/example_dags/example_complex.py
[2023-05-05T18:32:28.640+0000] {logging_mixin.py:137} INFO - [2023-05-05T18:32:28.640+0000] {dag.py:2690} INFO - Sync 1 DAGs
[2023-05-05T18:32:28.658+0000] {logging_mixin.py:137} INFO - [2023-05-05T18:32:28.658+0000] {dag.py:3437} INFO - Setting next_dagrun for example_complex to None, run_after=None
[2023-05-05T18:32:28.718+0000] {processor.py:175} INFO - Processing /usr/local/python/3.10.4/lib/python3.10/site-packages/airflow/example_dags/example_complex.py took 0.136 seconds
[2023-05-05T18:33:10.522+0000] {processor.py:153} INFO - Started process (PID=10457) to work on /usr/local/python/3.10.4/lib/python3.10/site-packages/airflow/example_dags/example_complex.py
[2023-05-05T18:33:10.523+0000] {processor.py:743} INFO - Processing file /usr/local/python/3.10.4/lib/python3.10/site-packages/airflow/example_dags/example_complex.py for tasks to queue
[2023-05-05T18:33:10.525+0000] {logging_mixin.py:137} INFO - [2023-05-05T18:33:10.524+0000] {dagbag.py:538} INFO - Filling up the DagBag from /usr/local/python/3.10.4/lib/python3.10/site-packages/airflow/example_dags/example_complex.py
[2023-05-05T18:33:10.537+0000] {logging_mixin.py:137} INFO - [2023-05-05T18:33:10.536+0000] {taskmixin.py:205} WARNING - Dependency <Task(BashOperator): create_entry_group>, delete_entry_group already registered for DAG: example_complex
[2023-05-05T18:33:10.537+0000] {logging_mixin.py:137} INFO - [2023-05-05T18:33:10.537+0000] {taskmixin.py:205} WARNING - Dependency <Task(BashOperator): delete_entry_group>, create_entry_group already registered for DAG: example_complex
[2023-05-05T18:33:10.537+0000] {logging_mixin.py:137} INFO - [2023-05-05T18:33:10.537+0000] {taskmixin.py:205} WARNING - Dependency <Task(BashOperator): create_entry_gcs>, delete_entry already registered for DAG: example_complex
[2023-05-05T18:33:10.538+0000] {logging_mixin.py:137} INFO - [2023-05-05T18:33:10.538+0000] {taskmixin.py:205} WARNING - Dependency <Task(BashOperator): delete_entry>, create_entry_gcs already registered for DAG: example_complex
[2023-05-05T18:33:10.538+0000] {logging_mixin.py:137} INFO - [2023-05-05T18:33:10.538+0000] {taskmixin.py:205} WARNING - Dependency <Task(BashOperator): create_tag>, delete_tag already registered for DAG: example_complex
[2023-05-05T18:33:10.538+0000] {logging_mixin.py:137} INFO - [2023-05-05T18:33:10.538+0000] {taskmixin.py:205} WARNING - Dependency <Task(BashOperator): delete_tag>, create_tag already registered for DAG: example_complex
[2023-05-05T18:33:10.546+0000] {processor.py:753} INFO - DAG(s) dict_keys(['example_complex']) retrieved from /usr/local/python/3.10.4/lib/python3.10/site-packages/airflow/example_dags/example_complex.py
[2023-05-05T18:33:10.570+0000] {logging_mixin.py:137} INFO - [2023-05-05T18:33:10.570+0000] {dag.py:2690} INFO - Sync 1 DAGs
[2023-05-05T18:33:10.588+0000] {logging_mixin.py:137} INFO - [2023-05-05T18:33:10.588+0000] {dag.py:3437} INFO - Setting next_dagrun for example_complex to None, run_after=None
[2023-05-05T18:33:10.642+0000] {processor.py:175} INFO - Processing /usr/local/python/3.10.4/lib/python3.10/site-packages/airflow/example_dags/example_complex.py took 0.124 seconds
[2023-05-05T18:33:59.325+0000] {processor.py:153} INFO - Started process (PID=10893) to work on /usr/local/python/3.10.4/lib/python3.10/site-packages/airflow/example_dags/example_complex.py
[2023-05-05T18:33:59.326+0000] {processor.py:743} INFO - Processing file /usr/local/python/3.10.4/lib/python3.10/site-packages/airflow/example_dags/example_complex.py for tasks to queue
[2023-05-05T18:33:59.327+0000] {logging_mixin.py:137} INFO - [2023-05-05T18:33:59.327+0000] {dagbag.py:538} INFO - Filling up the DagBag from /usr/local/python/3.10.4/lib/python3.10/site-packages/airflow/example_dags/example_complex.py
[2023-05-05T18:33:59.339+0000] {logging_mixin.py:137} INFO - [2023-05-05T18:33:59.339+0000] {taskmixin.py:205} WARNING - Dependency <Task(BashOperator): create_entry_group>, delete_entry_group already registered for DAG: example_complex
[2023-05-05T18:33:59.340+0000] {logging_mixin.py:137} INFO - [2023-05-05T18:33:59.340+0000] {taskmixin.py:205} WARNING - Dependency <Task(BashOperator): delete_entry_group>, create_entry_group already registered for DAG: example_complex
[2023-05-05T18:33:59.340+0000] {logging_mixin.py:137} INFO - [2023-05-05T18:33:59.340+0000] {taskmixin.py:205} WARNING - Dependency <Task(BashOperator): create_entry_gcs>, delete_entry already registered for DAG: example_complex
[2023-05-05T18:33:59.341+0000] {logging_mixin.py:137} INFO - [2023-05-05T18:33:59.340+0000] {taskmixin.py:205} WARNING - Dependency <Task(BashOperator): delete_entry>, create_entry_gcs already registered for DAG: example_complex
[2023-05-05T18:33:59.341+0000] {logging_mixin.py:137} INFO - [2023-05-05T18:33:59.341+0000] {taskmixin.py:205} WARNING - Dependency <Task(BashOperator): create_tag>, delete_tag already registered for DAG: example_complex
[2023-05-05T18:33:59.341+0000] {logging_mixin.py:137} INFO - [2023-05-05T18:33:59.341+0000] {taskmixin.py:205} WARNING - Dependency <Task(BashOperator): delete_tag>, create_tag already registered for DAG: example_complex
[2023-05-05T18:33:59.349+0000] {processor.py:753} INFO - DAG(s) dict_keys(['example_complex']) retrieved from /usr/local/python/3.10.4/lib/python3.10/site-packages/airflow/example_dags/example_complex.py
[2023-05-05T18:33:59.373+0000] {logging_mixin.py:137} INFO - [2023-05-05T18:33:59.372+0000] {dag.py:2690} INFO - Sync 1 DAGs
[2023-05-05T18:33:59.391+0000] {logging_mixin.py:137} INFO - [2023-05-05T18:33:59.391+0000] {dag.py:3437} INFO - Setting next_dagrun for example_complex to None, run_after=None
[2023-05-05T18:33:59.445+0000] {processor.py:175} INFO - Processing /usr/local/python/3.10.4/lib/python3.10/site-packages/airflow/example_dags/example_complex.py took 0.124 seconds
