[2023-05-05T18:22:24.456+0000] {processor.py:153} INFO - Started process (PID=4847) to work on /usr/local/python/3.10.4/lib/python3.10/site-packages/airflow/example_dags/example_time_delta_sensor_async.py
[2023-05-05T18:22:24.457+0000] {processor.py:743} INFO - Processing file /usr/local/python/3.10.4/lib/python3.10/site-packages/airflow/example_dags/example_time_delta_sensor_async.py for tasks to queue
[2023-05-05T18:22:24.457+0000] {logging_mixin.py:137} INFO - [2023-05-05T18:22:24.457+0000] {dagbag.py:538} INFO - Filling up the DagBag from /usr/local/python/3.10.4/lib/python3.10/site-packages/airflow/example_dags/example_time_delta_sensor_async.py
[2023-05-05T18:22:24.471+0000] {processor.py:753} INFO - DAG(s) dict_keys(['example_time_delta_sensor_async']) retrieved from /usr/local/python/3.10.4/lib/python3.10/site-packages/airflow/example_dags/example_time_delta_sensor_async.py
[2023-05-05T18:22:24.638+0000] {logging_mixin.py:137} INFO - [2023-05-05T18:22:24.638+0000] {manager.py:504} INFO - Created Permission View: can delete on DAG:example_time_delta_sensor_async
[2023-05-05T18:22:24.681+0000] {logging_mixin.py:137} INFO - [2023-05-05T18:22:24.681+0000] {manager.py:504} INFO - Created Permission View: can read on DAG:example_time_delta_sensor_async
[2023-05-05T18:22:24.724+0000] {logging_mixin.py:137} INFO - [2023-05-05T18:22:24.724+0000] {manager.py:504} INFO - Created Permission View: can edit on DAG:example_time_delta_sensor_async
[2023-05-05T18:22:24.724+0000] {logging_mixin.py:137} INFO - [2023-05-05T18:22:24.724+0000] {dag.py:2690} INFO - Sync 1 DAGs
[2023-05-05T18:22:24.735+0000] {logging_mixin.py:137} INFO - [2023-05-05T18:22:24.735+0000] {dag.py:2711} INFO - Creating ORM DAG for example_time_delta_sensor_async
[2023-05-05T18:22:24.743+0000] {logging_mixin.py:137} INFO - [2023-05-05T18:22:24.743+0000] {dag.py:3437} INFO - Setting next_dagrun for example_time_delta_sensor_async to None, run_after=None
[2023-05-05T18:22:24.806+0000] {processor.py:175} INFO - Processing /usr/local/python/3.10.4/lib/python3.10/site-packages/airflow/example_dags/example_time_delta_sensor_async.py took 0.353 seconds
[2023-05-05T18:23:14.712+0000] {processor.py:153} INFO - Started process (PID=5199) to work on /usr/local/python/3.10.4/lib/python3.10/site-packages/airflow/example_dags/example_time_delta_sensor_async.py
[2023-05-05T18:23:14.714+0000] {processor.py:743} INFO - Processing file /usr/local/python/3.10.4/lib/python3.10/site-packages/airflow/example_dags/example_time_delta_sensor_async.py for tasks to queue
[2023-05-05T18:23:14.714+0000] {logging_mixin.py:137} INFO - [2023-05-05T18:23:14.714+0000] {dagbag.py:538} INFO - Filling up the DagBag from /usr/local/python/3.10.4/lib/python3.10/site-packages/airflow/example_dags/example_time_delta_sensor_async.py
[2023-05-05T18:23:14.727+0000] {processor.py:753} INFO - DAG(s) dict_keys(['example_time_delta_sensor_async']) retrieved from /usr/local/python/3.10.4/lib/python3.10/site-packages/airflow/example_dags/example_time_delta_sensor_async.py
[2023-05-05T18:23:14.745+0000] {logging_mixin.py:137} INFO - [2023-05-05T18:23:14.745+0000] {dag.py:2690} INFO - Sync 1 DAGs
[2023-05-05T18:23:14.763+0000] {logging_mixin.py:137} INFO - [2023-05-05T18:23:14.763+0000] {dag.py:3437} INFO - Setting next_dagrun for example_time_delta_sensor_async to None, run_after=None
[2023-05-05T18:23:14.818+0000] {processor.py:175} INFO - Processing /usr/local/python/3.10.4/lib/python3.10/site-packages/airflow/example_dags/example_time_delta_sensor_async.py took 0.109 seconds
[2023-05-05T18:24:10.978+0000] {processor.py:153} INFO - Started process (PID=5565) to work on /usr/local/python/3.10.4/lib/python3.10/site-packages/airflow/example_dags/example_time_delta_sensor_async.py
[2023-05-05T18:24:10.979+0000] {processor.py:743} INFO - Processing file /usr/local/python/3.10.4/lib/python3.10/site-packages/airflow/example_dags/example_time_delta_sensor_async.py for tasks to queue
[2023-05-05T18:24:10.980+0000] {logging_mixin.py:137} INFO - [2023-05-05T18:24:10.980+0000] {dagbag.py:538} INFO - Filling up the DagBag from /usr/local/python/3.10.4/lib/python3.10/site-packages/airflow/example_dags/example_time_delta_sensor_async.py
[2023-05-05T18:24:10.993+0000] {processor.py:753} INFO - DAG(s) dict_keys(['example_time_delta_sensor_async']) retrieved from /usr/local/python/3.10.4/lib/python3.10/site-packages/airflow/example_dags/example_time_delta_sensor_async.py
[2023-05-05T18:24:11.012+0000] {logging_mixin.py:137} INFO - [2023-05-05T18:24:11.012+0000] {dag.py:2690} INFO - Sync 1 DAGs
[2023-05-05T18:24:11.030+0000] {logging_mixin.py:137} INFO - [2023-05-05T18:24:11.029+0000] {dag.py:3437} INFO - Setting next_dagrun for example_time_delta_sensor_async to None, run_after=None
[2023-05-05T18:24:11.084+0000] {processor.py:175} INFO - Processing /usr/local/python/3.10.4/lib/python3.10/site-packages/airflow/example_dags/example_time_delta_sensor_async.py took 0.116 seconds
[2023-05-05T18:24:52.099+0000] {processor.py:153} INFO - Started process (PID=5880) to work on /usr/local/python/3.10.4/lib/python3.10/site-packages/airflow/example_dags/example_time_delta_sensor_async.py
[2023-05-05T18:24:52.100+0000] {processor.py:743} INFO - Processing file /usr/local/python/3.10.4/lib/python3.10/site-packages/airflow/example_dags/example_time_delta_sensor_async.py for tasks to queue
[2023-05-05T18:24:52.101+0000] {logging_mixin.py:137} INFO - [2023-05-05T18:24:52.100+0000] {dagbag.py:538} INFO - Filling up the DagBag from /usr/local/python/3.10.4/lib/python3.10/site-packages/airflow/example_dags/example_time_delta_sensor_async.py
[2023-05-05T18:24:52.115+0000] {processor.py:753} INFO - DAG(s) dict_keys(['example_time_delta_sensor_async']) retrieved from /usr/local/python/3.10.4/lib/python3.10/site-packages/airflow/example_dags/example_time_delta_sensor_async.py
[2023-05-05T18:24:52.133+0000] {logging_mixin.py:137} INFO - [2023-05-05T18:24:52.133+0000] {dag.py:2690} INFO - Sync 1 DAGs
[2023-05-05T18:24:52.151+0000] {logging_mixin.py:137} INFO - [2023-05-05T18:24:52.150+0000] {dag.py:3437} INFO - Setting next_dagrun for example_time_delta_sensor_async to None, run_after=None
[2023-05-05T18:24:52.202+0000] {processor.py:175} INFO - Processing /usr/local/python/3.10.4/lib/python3.10/site-packages/airflow/example_dags/example_time_delta_sensor_async.py took 0.107 seconds
[2023-05-05T18:25:47.276+0000] {processor.py:153} INFO - Started process (PID=6273) to work on /usr/local/python/3.10.4/lib/python3.10/site-packages/airflow/example_dags/example_time_delta_sensor_async.py
[2023-05-05T18:25:47.277+0000] {processor.py:743} INFO - Processing file /usr/local/python/3.10.4/lib/python3.10/site-packages/airflow/example_dags/example_time_delta_sensor_async.py for tasks to queue
[2023-05-05T18:25:47.278+0000] {logging_mixin.py:137} INFO - [2023-05-05T18:25:47.278+0000] {dagbag.py:538} INFO - Filling up the DagBag from /usr/local/python/3.10.4/lib/python3.10/site-packages/airflow/example_dags/example_time_delta_sensor_async.py
[2023-05-05T18:25:47.292+0000] {processor.py:753} INFO - DAG(s) dict_keys(['example_time_delta_sensor_async']) retrieved from /usr/local/python/3.10.4/lib/python3.10/site-packages/airflow/example_dags/example_time_delta_sensor_async.py
[2023-05-05T18:25:47.313+0000] {logging_mixin.py:137} INFO - [2023-05-05T18:25:47.313+0000] {dag.py:2690} INFO - Sync 1 DAGs
[2023-05-05T18:25:47.332+0000] {logging_mixin.py:137} INFO - [2023-05-05T18:25:47.332+0000] {dag.py:3437} INFO - Setting next_dagrun for example_time_delta_sensor_async to None, run_after=None
[2023-05-05T18:25:47.386+0000] {processor.py:175} INFO - Processing /usr/local/python/3.10.4/lib/python3.10/site-packages/airflow/example_dags/example_time_delta_sensor_async.py took 0.113 seconds
[2023-05-05T18:26:29.748+0000] {processor.py:153} INFO - Started process (PID=6572) to work on /usr/local/python/3.10.4/lib/python3.10/site-packages/airflow/example_dags/example_time_delta_sensor_async.py
[2023-05-05T18:26:29.749+0000] {processor.py:743} INFO - Processing file /usr/local/python/3.10.4/lib/python3.10/site-packages/airflow/example_dags/example_time_delta_sensor_async.py for tasks to queue
[2023-05-05T18:26:29.750+0000] {logging_mixin.py:137} INFO - [2023-05-05T18:26:29.750+0000] {dagbag.py:538} INFO - Filling up the DagBag from /usr/local/python/3.10.4/lib/python3.10/site-packages/airflow/example_dags/example_time_delta_sensor_async.py
[2023-05-05T18:26:29.764+0000] {processor.py:753} INFO - DAG(s) dict_keys(['example_time_delta_sensor_async']) retrieved from /usr/local/python/3.10.4/lib/python3.10/site-packages/airflow/example_dags/example_time_delta_sensor_async.py
[2023-05-05T18:26:29.781+0000] {logging_mixin.py:137} INFO - [2023-05-05T18:26:29.781+0000] {dag.py:2690} INFO - Sync 1 DAGs
[2023-05-05T18:26:29.800+0000] {logging_mixin.py:137} INFO - [2023-05-05T18:26:29.800+0000] {dag.py:3437} INFO - Setting next_dagrun for example_time_delta_sensor_async to None, run_after=None
[2023-05-05T18:26:29.849+0000] {processor.py:175} INFO - Processing /usr/local/python/3.10.4/lib/python3.10/site-packages/airflow/example_dags/example_time_delta_sensor_async.py took 0.104 seconds
[2023-05-05T18:27:11.469+0000] {processor.py:153} INFO - Started process (PID=6856) to work on /usr/local/python/3.10.4/lib/python3.10/site-packages/airflow/example_dags/example_time_delta_sensor_async.py
[2023-05-05T18:27:11.470+0000] {processor.py:743} INFO - Processing file /usr/local/python/3.10.4/lib/python3.10/site-packages/airflow/example_dags/example_time_delta_sensor_async.py for tasks to queue
[2023-05-05T18:27:11.471+0000] {logging_mixin.py:137} INFO - [2023-05-05T18:27:11.471+0000] {dagbag.py:538} INFO - Filling up the DagBag from /usr/local/python/3.10.4/lib/python3.10/site-packages/airflow/example_dags/example_time_delta_sensor_async.py
[2023-05-05T18:27:11.484+0000] {processor.py:753} INFO - DAG(s) dict_keys(['example_time_delta_sensor_async']) retrieved from /usr/local/python/3.10.4/lib/python3.10/site-packages/airflow/example_dags/example_time_delta_sensor_async.py
[2023-05-05T18:27:11.503+0000] {logging_mixin.py:137} INFO - [2023-05-05T18:27:11.503+0000] {dag.py:2690} INFO - Sync 1 DAGs
[2023-05-05T18:27:11.522+0000] {logging_mixin.py:137} INFO - [2023-05-05T18:27:11.522+0000] {dag.py:3437} INFO - Setting next_dagrun for example_time_delta_sensor_async to None, run_after=None
[2023-05-05T18:27:11.574+0000] {processor.py:175} INFO - Processing /usr/local/python/3.10.4/lib/python3.10/site-packages/airflow/example_dags/example_time_delta_sensor_async.py took 0.109 seconds
[2023-05-05T18:27:59.641+0000] {processor.py:153} INFO - Started process (PID=7201) to work on /usr/local/python/3.10.4/lib/python3.10/site-packages/airflow/example_dags/example_time_delta_sensor_async.py
[2023-05-05T18:27:59.642+0000] {processor.py:743} INFO - Processing file /usr/local/python/3.10.4/lib/python3.10/site-packages/airflow/example_dags/example_time_delta_sensor_async.py for tasks to queue
[2023-05-05T18:27:59.642+0000] {logging_mixin.py:137} INFO - [2023-05-05T18:27:59.642+0000] {dagbag.py:538} INFO - Filling up the DagBag from /usr/local/python/3.10.4/lib/python3.10/site-packages/airflow/example_dags/example_time_delta_sensor_async.py
[2023-05-05T18:27:59.656+0000] {processor.py:753} INFO - DAG(s) dict_keys(['example_time_delta_sensor_async']) retrieved from /usr/local/python/3.10.4/lib/python3.10/site-packages/airflow/example_dags/example_time_delta_sensor_async.py
[2023-05-05T18:27:59.674+0000] {logging_mixin.py:137} INFO - [2023-05-05T18:27:59.674+0000] {dag.py:2690} INFO - Sync 1 DAGs
[2023-05-05T18:27:59.692+0000] {logging_mixin.py:137} INFO - [2023-05-05T18:27:59.692+0000] {dag.py:3437} INFO - Setting next_dagrun for example_time_delta_sensor_async to None, run_after=None
[2023-05-05T18:27:59.745+0000] {processor.py:175} INFO - Processing /usr/local/python/3.10.4/lib/python3.10/site-packages/airflow/example_dags/example_time_delta_sensor_async.py took 0.108 seconds
[2023-05-05T18:28:50.707+0000] {processor.py:153} INFO - Started process (PID=8090) to work on /usr/local/python/3.10.4/lib/python3.10/site-packages/airflow/example_dags/example_time_delta_sensor_async.py
[2023-05-05T18:28:50.708+0000] {processor.py:743} INFO - Processing file /usr/local/python/3.10.4/lib/python3.10/site-packages/airflow/example_dags/example_time_delta_sensor_async.py for tasks to queue
[2023-05-05T18:28:50.709+0000] {logging_mixin.py:137} INFO - [2023-05-05T18:28:50.709+0000] {dagbag.py:538} INFO - Filling up the DagBag from /usr/local/python/3.10.4/lib/python3.10/site-packages/airflow/example_dags/example_time_delta_sensor_async.py
[2023-05-05T18:28:50.724+0000] {processor.py:753} INFO - DAG(s) dict_keys(['example_time_delta_sensor_async']) retrieved from /usr/local/python/3.10.4/lib/python3.10/site-packages/airflow/example_dags/example_time_delta_sensor_async.py
[2023-05-05T18:28:50.742+0000] {logging_mixin.py:137} INFO - [2023-05-05T18:28:50.742+0000] {dag.py:2690} INFO - Sync 1 DAGs
[2023-05-05T18:28:50.759+0000] {logging_mixin.py:137} INFO - [2023-05-05T18:28:50.759+0000] {dag.py:3437} INFO - Setting next_dagrun for example_time_delta_sensor_async to None, run_after=None
[2023-05-05T18:28:50.810+0000] {processor.py:175} INFO - Processing /usr/local/python/3.10.4/lib/python3.10/site-packages/airflow/example_dags/example_time_delta_sensor_async.py took 0.106 seconds
[2023-05-05T18:29:42.729+0000] {processor.py:153} INFO - Started process (PID=8523) to work on /usr/local/python/3.10.4/lib/python3.10/site-packages/airflow/example_dags/example_time_delta_sensor_async.py
[2023-05-05T18:29:42.730+0000] {processor.py:743} INFO - Processing file /usr/local/python/3.10.4/lib/python3.10/site-packages/airflow/example_dags/example_time_delta_sensor_async.py for tasks to queue
[2023-05-05T18:29:42.731+0000] {logging_mixin.py:137} INFO - [2023-05-05T18:29:42.731+0000] {dagbag.py:538} INFO - Filling up the DagBag from /usr/local/python/3.10.4/lib/python3.10/site-packages/airflow/example_dags/example_time_delta_sensor_async.py
[2023-05-05T18:29:42.744+0000] {processor.py:753} INFO - DAG(s) dict_keys(['example_time_delta_sensor_async']) retrieved from /usr/local/python/3.10.4/lib/python3.10/site-packages/airflow/example_dags/example_time_delta_sensor_async.py
[2023-05-05T18:29:42.762+0000] {logging_mixin.py:137} INFO - [2023-05-05T18:29:42.761+0000] {dag.py:2690} INFO - Sync 1 DAGs
[2023-05-05T18:29:42.779+0000] {logging_mixin.py:137} INFO - [2023-05-05T18:29:42.779+0000] {dag.py:3437} INFO - Setting next_dagrun for example_time_delta_sensor_async to None, run_after=None
[2023-05-05T18:29:42.838+0000] {processor.py:175} INFO - Processing /usr/local/python/3.10.4/lib/python3.10/site-packages/airflow/example_dags/example_time_delta_sensor_async.py took 0.113 seconds
[2023-05-05T18:30:31.223+0000] {processor.py:153} INFO - Started process (PID=8942) to work on /usr/local/python/3.10.4/lib/python3.10/site-packages/airflow/example_dags/example_time_delta_sensor_async.py
[2023-05-05T18:30:31.224+0000] {processor.py:743} INFO - Processing file /usr/local/python/3.10.4/lib/python3.10/site-packages/airflow/example_dags/example_time_delta_sensor_async.py for tasks to queue
[2023-05-05T18:30:31.225+0000] {logging_mixin.py:137} INFO - [2023-05-05T18:30:31.225+0000] {dagbag.py:538} INFO - Filling up the DagBag from /usr/local/python/3.10.4/lib/python3.10/site-packages/airflow/example_dags/example_time_delta_sensor_async.py
[2023-05-05T18:30:31.239+0000] {processor.py:753} INFO - DAG(s) dict_keys(['example_time_delta_sensor_async']) retrieved from /usr/local/python/3.10.4/lib/python3.10/site-packages/airflow/example_dags/example_time_delta_sensor_async.py
[2023-05-05T18:30:31.257+0000] {logging_mixin.py:137} INFO - [2023-05-05T18:30:31.257+0000] {dag.py:2690} INFO - Sync 1 DAGs
[2023-05-05T18:30:31.277+0000] {logging_mixin.py:137} INFO - [2023-05-05T18:30:31.277+0000] {dag.py:3437} INFO - Setting next_dagrun for example_time_delta_sensor_async to None, run_after=None
[2023-05-05T18:30:31.332+0000] {processor.py:175} INFO - Processing /usr/local/python/3.10.4/lib/python3.10/site-packages/airflow/example_dags/example_time_delta_sensor_async.py took 0.113 seconds
[2023-05-05T18:31:11.416+0000] {processor.py:153} INFO - Started process (PID=9282) to work on /usr/local/python/3.10.4/lib/python3.10/site-packages/airflow/example_dags/example_time_delta_sensor_async.py
[2023-05-05T18:31:11.418+0000] {processor.py:743} INFO - Processing file /usr/local/python/3.10.4/lib/python3.10/site-packages/airflow/example_dags/example_time_delta_sensor_async.py for tasks to queue
[2023-05-05T18:31:11.418+0000] {logging_mixin.py:137} INFO - [2023-05-05T18:31:11.418+0000] {dagbag.py:538} INFO - Filling up the DagBag from /usr/local/python/3.10.4/lib/python3.10/site-packages/airflow/example_dags/example_time_delta_sensor_async.py
[2023-05-05T18:31:11.433+0000] {processor.py:753} INFO - DAG(s) dict_keys(['example_time_delta_sensor_async']) retrieved from /usr/local/python/3.10.4/lib/python3.10/site-packages/airflow/example_dags/example_time_delta_sensor_async.py
[2023-05-05T18:31:11.451+0000] {logging_mixin.py:137} INFO - [2023-05-05T18:31:11.451+0000] {dag.py:2690} INFO - Sync 1 DAGs
[2023-05-05T18:31:11.470+0000] {logging_mixin.py:137} INFO - [2023-05-05T18:31:11.470+0000] {dag.py:3437} INFO - Setting next_dagrun for example_time_delta_sensor_async to None, run_after=None
[2023-05-05T18:31:11.521+0000] {processor.py:175} INFO - Processing /usr/local/python/3.10.4/lib/python3.10/site-packages/airflow/example_dags/example_time_delta_sensor_async.py took 0.108 seconds
[2023-05-05T18:32:00.521+0000] {processor.py:153} INFO - Started process (PID=9754) to work on /usr/local/python/3.10.4/lib/python3.10/site-packages/airflow/example_dags/example_time_delta_sensor_async.py
[2023-05-05T18:32:00.522+0000] {processor.py:743} INFO - Processing file /usr/local/python/3.10.4/lib/python3.10/site-packages/airflow/example_dags/example_time_delta_sensor_async.py for tasks to queue
[2023-05-05T18:32:00.523+0000] {logging_mixin.py:137} INFO - [2023-05-05T18:32:00.523+0000] {dagbag.py:538} INFO - Filling up the DagBag from /usr/local/python/3.10.4/lib/python3.10/site-packages/airflow/example_dags/example_time_delta_sensor_async.py
[2023-05-05T18:32:00.537+0000] {processor.py:753} INFO - DAG(s) dict_keys(['example_time_delta_sensor_async']) retrieved from /usr/local/python/3.10.4/lib/python3.10/site-packages/airflow/example_dags/example_time_delta_sensor_async.py
[2023-05-05T18:32:00.554+0000] {logging_mixin.py:137} INFO - [2023-05-05T18:32:00.554+0000] {dag.py:2690} INFO - Sync 1 DAGs
[2023-05-05T18:32:00.572+0000] {logging_mixin.py:137} INFO - [2023-05-05T18:32:00.571+0000] {dag.py:3437} INFO - Setting next_dagrun for example_time_delta_sensor_async to None, run_after=None
[2023-05-05T18:32:00.623+0000] {processor.py:175} INFO - Processing /usr/local/python/3.10.4/lib/python3.10/site-packages/airflow/example_dags/example_time_delta_sensor_async.py took 0.106 seconds
[2023-05-05T18:32:52.342+0000] {processor.py:153} INFO - Started process (PID=10269) to work on /usr/local/python/3.10.4/lib/python3.10/site-packages/airflow/example_dags/example_time_delta_sensor_async.py
[2023-05-05T18:32:52.343+0000] {processor.py:743} INFO - Processing file /usr/local/python/3.10.4/lib/python3.10/site-packages/airflow/example_dags/example_time_delta_sensor_async.py for tasks to queue
[2023-05-05T18:32:52.344+0000] {logging_mixin.py:137} INFO - [2023-05-05T18:32:52.344+0000] {dagbag.py:538} INFO - Filling up the DagBag from /usr/local/python/3.10.4/lib/python3.10/site-packages/airflow/example_dags/example_time_delta_sensor_async.py
[2023-05-05T18:32:52.358+0000] {processor.py:753} INFO - DAG(s) dict_keys(['example_time_delta_sensor_async']) retrieved from /usr/local/python/3.10.4/lib/python3.10/site-packages/airflow/example_dags/example_time_delta_sensor_async.py
[2023-05-05T18:32:52.377+0000] {logging_mixin.py:137} INFO - [2023-05-05T18:32:52.377+0000] {dag.py:2690} INFO - Sync 1 DAGs
[2023-05-05T18:32:52.395+0000] {logging_mixin.py:137} INFO - [2023-05-05T18:32:52.394+0000] {dag.py:3437} INFO - Setting next_dagrun for example_time_delta_sensor_async to None, run_after=None
[2023-05-05T18:32:52.447+0000] {processor.py:175} INFO - Processing /usr/local/python/3.10.4/lib/python3.10/site-packages/airflow/example_dags/example_time_delta_sensor_async.py took 0.109 seconds
[2023-05-05T18:33:32.567+0000] {processor.py:153} INFO - Started process (PID=10628) to work on /usr/local/python/3.10.4/lib/python3.10/site-packages/airflow/example_dags/example_time_delta_sensor_async.py
[2023-05-05T18:33:32.568+0000] {processor.py:743} INFO - Processing file /usr/local/python/3.10.4/lib/python3.10/site-packages/airflow/example_dags/example_time_delta_sensor_async.py for tasks to queue
[2023-05-05T18:33:32.569+0000] {logging_mixin.py:137} INFO - [2023-05-05T18:33:32.568+0000] {dagbag.py:538} INFO - Filling up the DagBag from /usr/local/python/3.10.4/lib/python3.10/site-packages/airflow/example_dags/example_time_delta_sensor_async.py
[2023-05-05T18:33:32.583+0000] {processor.py:753} INFO - DAG(s) dict_keys(['example_time_delta_sensor_async']) retrieved from /usr/local/python/3.10.4/lib/python3.10/site-packages/airflow/example_dags/example_time_delta_sensor_async.py
[2023-05-05T18:33:32.601+0000] {logging_mixin.py:137} INFO - [2023-05-05T18:33:32.601+0000] {dag.py:2690} INFO - Sync 1 DAGs
[2023-05-05T18:33:32.619+0000] {logging_mixin.py:137} INFO - [2023-05-05T18:33:32.619+0000] {dag.py:3437} INFO - Setting next_dagrun for example_time_delta_sensor_async to None, run_after=None
[2023-05-05T18:33:32.680+0000] {processor.py:175} INFO - Processing /usr/local/python/3.10.4/lib/python3.10/site-packages/airflow/example_dags/example_time_delta_sensor_async.py took 0.117 seconds
[2023-05-05T18:34:22.266+0000] {processor.py:153} INFO - Started process (PID=11118) to work on /usr/local/python/3.10.4/lib/python3.10/site-packages/airflow/example_dags/example_time_delta_sensor_async.py
[2023-05-05T18:34:22.268+0000] {processor.py:743} INFO - Processing file /usr/local/python/3.10.4/lib/python3.10/site-packages/airflow/example_dags/example_time_delta_sensor_async.py for tasks to queue
[2023-05-05T18:34:22.269+0000] {logging_mixin.py:137} INFO - [2023-05-05T18:34:22.268+0000] {dagbag.py:538} INFO - Filling up the DagBag from /usr/local/python/3.10.4/lib/python3.10/site-packages/airflow/example_dags/example_time_delta_sensor_async.py
[2023-05-05T18:34:22.283+0000] {processor.py:753} INFO - DAG(s) dict_keys(['example_time_delta_sensor_async']) retrieved from /usr/local/python/3.10.4/lib/python3.10/site-packages/airflow/example_dags/example_time_delta_sensor_async.py
[2023-05-05T18:34:22.301+0000] {logging_mixin.py:137} INFO - [2023-05-05T18:34:22.300+0000] {dag.py:2690} INFO - Sync 1 DAGs
[2023-05-05T18:34:22.319+0000] {logging_mixin.py:137} INFO - [2023-05-05T18:34:22.319+0000] {dag.py:3437} INFO - Setting next_dagrun for example_time_delta_sensor_async to None, run_after=None
[2023-05-05T18:34:22.373+0000] {processor.py:175} INFO - Processing /usr/local/python/3.10.4/lib/python3.10/site-packages/airflow/example_dags/example_time_delta_sensor_async.py took 0.110 seconds
