[2023-05-05T18:22:39.025+0000] {processor.py:153} INFO - Started process (PID=4943) to work on /usr/local/python/3.10.4/lib/python3.10/site-packages/airflow/example_dags/example_branch_python_dop_operator_3.py
[2023-05-05T18:22:39.026+0000] {processor.py:743} INFO - Processing file /usr/local/python/3.10.4/lib/python3.10/site-packages/airflow/example_dags/example_branch_python_dop_operator_3.py for tasks to queue
[2023-05-05T18:22:39.027+0000] {logging_mixin.py:137} INFO - [2023-05-05T18:22:39.027+0000] {dagbag.py:538} INFO - Filling up the DagBag from /usr/local/python/3.10.4/lib/python3.10/site-packages/airflow/example_dags/example_branch_python_dop_operator_3.py
[2023-05-05T18:22:39.056+0000] {processor.py:753} INFO - DAG(s) dict_keys(['example_branch_dop_operator_v3']) retrieved from /usr/local/python/3.10.4/lib/python3.10/site-packages/airflow/example_dags/example_branch_python_dop_operator_3.py
[2023-05-05T18:22:39.240+0000] {logging_mixin.py:137} INFO - [2023-05-05T18:22:39.239+0000] {manager.py:504} INFO - Created Permission View: can delete on DAG:example_branch_dop_operator_v3
[2023-05-05T18:22:39.282+0000] {logging_mixin.py:137} INFO - [2023-05-05T18:22:39.282+0000] {manager.py:504} INFO - Created Permission View: can read on DAG:example_branch_dop_operator_v3
[2023-05-05T18:22:39.323+0000] {logging_mixin.py:137} INFO - [2023-05-05T18:22:39.322+0000] {manager.py:504} INFO - Created Permission View: can edit on DAG:example_branch_dop_operator_v3
[2023-05-05T18:22:39.323+0000] {logging_mixin.py:137} INFO - [2023-05-05T18:22:39.323+0000] {dag.py:2690} INFO - Sync 1 DAGs
[2023-05-05T18:22:39.333+0000] {logging_mixin.py:137} INFO - [2023-05-05T18:22:39.333+0000] {dag.py:2711} INFO - Creating ORM DAG for example_branch_dop_operator_v3
[2023-05-05T18:22:39.347+0000] {logging_mixin.py:137} INFO - [2023-05-05T18:22:39.346+0000] {dag.py:3437} INFO - Setting next_dagrun for example_branch_dop_operator_v3 to 2023-05-05T18:21:00+00:00, run_after=2023-05-05T18:22:00+00:00
[2023-05-05T18:22:39.521+0000] {processor.py:175} INFO - Processing /usr/local/python/3.10.4/lib/python3.10/site-packages/airflow/example_dags/example_branch_python_dop_operator_3.py took 0.499 seconds
[2023-05-05T18:23:37.409+0000] {processor.py:153} INFO - Started process (PID=5343) to work on /usr/local/python/3.10.4/lib/python3.10/site-packages/airflow/example_dags/example_branch_python_dop_operator_3.py
[2023-05-05T18:23:37.410+0000] {processor.py:743} INFO - Processing file /usr/local/python/3.10.4/lib/python3.10/site-packages/airflow/example_dags/example_branch_python_dop_operator_3.py for tasks to queue
[2023-05-05T18:23:37.411+0000] {logging_mixin.py:137} INFO - [2023-05-05T18:23:37.411+0000] {dagbag.py:538} INFO - Filling up the DagBag from /usr/local/python/3.10.4/lib/python3.10/site-packages/airflow/example_dags/example_branch_python_dop_operator_3.py
[2023-05-05T18:23:37.573+0000] {processor.py:753} INFO - DAG(s) dict_keys(['example_branch_dop_operator_v3']) retrieved from /usr/local/python/3.10.4/lib/python3.10/site-packages/airflow/example_dags/example_branch_python_dop_operator_3.py
[2023-05-05T18:23:37.586+0000] {logging_mixin.py:137} INFO - [2023-05-05T18:23:37.586+0000] {dag.py:2690} INFO - Sync 1 DAGs
[2023-05-05T18:23:37.606+0000] {logging_mixin.py:137} INFO - [2023-05-05T18:23:37.606+0000] {dag.py:3437} INFO - Setting next_dagrun for example_branch_dop_operator_v3 to 2023-05-05T18:22:00+00:00, run_after=2023-05-05T18:23:00+00:00
[2023-05-05T18:23:37.662+0000] {processor.py:175} INFO - Processing /usr/local/python/3.10.4/lib/python3.10/site-packages/airflow/example_dags/example_branch_python_dop_operator_3.py took 0.257 seconds
[2023-05-05T18:24:28.486+0000] {processor.py:153} INFO - Started process (PID=5716) to work on /usr/local/python/3.10.4/lib/python3.10/site-packages/airflow/example_dags/example_branch_python_dop_operator_3.py
[2023-05-05T18:24:28.487+0000] {processor.py:743} INFO - Processing file /usr/local/python/3.10.4/lib/python3.10/site-packages/airflow/example_dags/example_branch_python_dop_operator_3.py for tasks to queue
[2023-05-05T18:24:28.488+0000] {logging_mixin.py:137} INFO - [2023-05-05T18:24:28.488+0000] {dagbag.py:538} INFO - Filling up the DagBag from /usr/local/python/3.10.4/lib/python3.10/site-packages/airflow/example_dags/example_branch_python_dop_operator_3.py
[2023-05-05T18:24:28.514+0000] {processor.py:753} INFO - DAG(s) dict_keys(['example_branch_dop_operator_v3']) retrieved from /usr/local/python/3.10.4/lib/python3.10/site-packages/airflow/example_dags/example_branch_python_dop_operator_3.py
[2023-05-05T18:24:28.533+0000] {logging_mixin.py:137} INFO - [2023-05-05T18:24:28.533+0000] {dag.py:2690} INFO - Sync 1 DAGs
[2023-05-05T18:24:28.558+0000] {logging_mixin.py:137} INFO - [2023-05-05T18:24:28.558+0000] {dag.py:3437} INFO - Setting next_dagrun for example_branch_dop_operator_v3 to 2023-05-05T18:23:00+00:00, run_after=2023-05-05T18:24:00+00:00
[2023-05-05T18:24:28.611+0000] {processor.py:175} INFO - Processing /usr/local/python/3.10.4/lib/python3.10/site-packages/airflow/example_dags/example_branch_python_dop_operator_3.py took 0.128 seconds
[2023-05-05T18:25:19.099+0000] {processor.py:153} INFO - Started process (PID=6072) to work on /usr/local/python/3.10.4/lib/python3.10/site-packages/airflow/example_dags/example_branch_python_dop_operator_3.py
[2023-05-05T18:25:19.100+0000] {processor.py:743} INFO - Processing file /usr/local/python/3.10.4/lib/python3.10/site-packages/airflow/example_dags/example_branch_python_dop_operator_3.py for tasks to queue
[2023-05-05T18:25:19.101+0000] {logging_mixin.py:137} INFO - [2023-05-05T18:25:19.101+0000] {dagbag.py:538} INFO - Filling up the DagBag from /usr/local/python/3.10.4/lib/python3.10/site-packages/airflow/example_dags/example_branch_python_dop_operator_3.py
[2023-05-05T18:25:19.136+0000] {processor.py:753} INFO - DAG(s) dict_keys(['example_branch_dop_operator_v3']) retrieved from /usr/local/python/3.10.4/lib/python3.10/site-packages/airflow/example_dags/example_branch_python_dop_operator_3.py
[2023-05-05T18:25:19.155+0000] {logging_mixin.py:137} INFO - [2023-05-05T18:25:19.155+0000] {dag.py:2690} INFO - Sync 1 DAGs
[2023-05-05T18:25:19.179+0000] {logging_mixin.py:137} INFO - [2023-05-05T18:25:19.179+0000] {dag.py:3437} INFO - Setting next_dagrun for example_branch_dop_operator_v3 to 2023-05-05T18:24:00+00:00, run_after=2023-05-05T18:25:00+00:00
[2023-05-05T18:25:19.232+0000] {processor.py:175} INFO - Processing /usr/local/python/3.10.4/lib/python3.10/site-packages/airflow/example_dags/example_branch_python_dop_operator_3.py took 0.137 seconds
[2023-05-05T18:26:05.999+0000] {processor.py:153} INFO - Started process (PID=6401) to work on /usr/local/python/3.10.4/lib/python3.10/site-packages/airflow/example_dags/example_branch_python_dop_operator_3.py
[2023-05-05T18:26:06.000+0000] {processor.py:743} INFO - Processing file /usr/local/python/3.10.4/lib/python3.10/site-packages/airflow/example_dags/example_branch_python_dop_operator_3.py for tasks to queue
[2023-05-05T18:26:06.001+0000] {logging_mixin.py:137} INFO - [2023-05-05T18:26:06.001+0000] {dagbag.py:538} INFO - Filling up the DagBag from /usr/local/python/3.10.4/lib/python3.10/site-packages/airflow/example_dags/example_branch_python_dop_operator_3.py
[2023-05-05T18:26:06.033+0000] {processor.py:753} INFO - DAG(s) dict_keys(['example_branch_dop_operator_v3']) retrieved from /usr/local/python/3.10.4/lib/python3.10/site-packages/airflow/example_dags/example_branch_python_dop_operator_3.py
[2023-05-05T18:26:06.055+0000] {logging_mixin.py:137} INFO - [2023-05-05T18:26:06.055+0000] {dag.py:2690} INFO - Sync 1 DAGs
[2023-05-05T18:26:06.082+0000] {logging_mixin.py:137} INFO - [2023-05-05T18:26:06.081+0000] {dag.py:3437} INFO - Setting next_dagrun for example_branch_dop_operator_v3 to 2023-05-05T18:25:00+00:00, run_after=2023-05-05T18:26:00+00:00
[2023-05-05T18:26:06.138+0000] {processor.py:175} INFO - Processing /usr/local/python/3.10.4/lib/python3.10/site-packages/airflow/example_dags/example_branch_python_dop_operator_3.py took 0.143 seconds
[2023-05-05T18:26:59.417+0000] {processor.py:153} INFO - Started process (PID=6775) to work on /usr/local/python/3.10.4/lib/python3.10/site-packages/airflow/example_dags/example_branch_python_dop_operator_3.py
[2023-05-05T18:26:59.418+0000] {processor.py:743} INFO - Processing file /usr/local/python/3.10.4/lib/python3.10/site-packages/airflow/example_dags/example_branch_python_dop_operator_3.py for tasks to queue
[2023-05-05T18:26:59.419+0000] {logging_mixin.py:137} INFO - [2023-05-05T18:26:59.418+0000] {dagbag.py:538} INFO - Filling up the DagBag from /usr/local/python/3.10.4/lib/python3.10/site-packages/airflow/example_dags/example_branch_python_dop_operator_3.py
[2023-05-05T18:26:59.446+0000] {processor.py:753} INFO - DAG(s) dict_keys(['example_branch_dop_operator_v3']) retrieved from /usr/local/python/3.10.4/lib/python3.10/site-packages/airflow/example_dags/example_branch_python_dop_operator_3.py
[2023-05-05T18:26:59.465+0000] {logging_mixin.py:137} INFO - [2023-05-05T18:26:59.465+0000] {dag.py:2690} INFO - Sync 1 DAGs
[2023-05-05T18:26:59.490+0000] {logging_mixin.py:137} INFO - [2023-05-05T18:26:59.490+0000] {dag.py:3437} INFO - Setting next_dagrun for example_branch_dop_operator_v3 to 2023-05-05T18:25:00+00:00, run_after=2023-05-05T18:26:00+00:00
[2023-05-05T18:26:59.545+0000] {processor.py:175} INFO - Processing /usr/local/python/3.10.4/lib/python3.10/site-packages/airflow/example_dags/example_branch_python_dop_operator_3.py took 0.131 seconds
[2023-05-05T18:27:47.759+0000] {processor.py:153} INFO - Started process (PID=7119) to work on /usr/local/python/3.10.4/lib/python3.10/site-packages/airflow/example_dags/example_branch_python_dop_operator_3.py
[2023-05-05T18:27:47.760+0000] {processor.py:743} INFO - Processing file /usr/local/python/3.10.4/lib/python3.10/site-packages/airflow/example_dags/example_branch_python_dop_operator_3.py for tasks to queue
[2023-05-05T18:27:47.761+0000] {logging_mixin.py:137} INFO - [2023-05-05T18:27:47.761+0000] {dagbag.py:538} INFO - Filling up the DagBag from /usr/local/python/3.10.4/lib/python3.10/site-packages/airflow/example_dags/example_branch_python_dop_operator_3.py
[2023-05-05T18:27:47.788+0000] {processor.py:753} INFO - DAG(s) dict_keys(['example_branch_dop_operator_v3']) retrieved from /usr/local/python/3.10.4/lib/python3.10/site-packages/airflow/example_dags/example_branch_python_dop_operator_3.py
[2023-05-05T18:27:47.806+0000] {logging_mixin.py:137} INFO - [2023-05-05T18:27:47.806+0000] {dag.py:2690} INFO - Sync 1 DAGs
[2023-05-05T18:27:47.829+0000] {logging_mixin.py:137} INFO - [2023-05-05T18:27:47.829+0000] {dag.py:3437} INFO - Setting next_dagrun for example_branch_dop_operator_v3 to 2023-05-05T18:26:00+00:00, run_after=2023-05-05T18:27:00+00:00
[2023-05-05T18:27:47.882+0000] {processor.py:175} INFO - Processing /usr/local/python/3.10.4/lib/python3.10/site-packages/airflow/example_dags/example_branch_python_dop_operator_3.py took 0.127 seconds
[2023-05-05T18:28:37.815+0000] {processor.py:153} INFO - Started process (PID=8000) to work on /usr/local/python/3.10.4/lib/python3.10/site-packages/airflow/example_dags/example_branch_python_dop_operator_3.py
[2023-05-05T18:28:37.816+0000] {processor.py:743} INFO - Processing file /usr/local/python/3.10.4/lib/python3.10/site-packages/airflow/example_dags/example_branch_python_dop_operator_3.py for tasks to queue
[2023-05-05T18:28:37.817+0000] {logging_mixin.py:137} INFO - [2023-05-05T18:28:37.817+0000] {dagbag.py:538} INFO - Filling up the DagBag from /usr/local/python/3.10.4/lib/python3.10/site-packages/airflow/example_dags/example_branch_python_dop_operator_3.py
[2023-05-05T18:28:37.850+0000] {processor.py:753} INFO - DAG(s) dict_keys(['example_branch_dop_operator_v3']) retrieved from /usr/local/python/3.10.4/lib/python3.10/site-packages/airflow/example_dags/example_branch_python_dop_operator_3.py
[2023-05-05T18:28:37.871+0000] {logging_mixin.py:137} INFO - [2023-05-05T18:28:37.871+0000] {dag.py:2690} INFO - Sync 1 DAGs
[2023-05-05T18:28:37.900+0000] {logging_mixin.py:137} INFO - [2023-05-05T18:28:37.900+0000] {dag.py:3437} INFO - Setting next_dagrun for example_branch_dop_operator_v3 to 2023-05-05T18:27:00+00:00, run_after=2023-05-05T18:28:00+00:00
[2023-05-05T18:28:37.952+0000] {processor.py:175} INFO - Processing /usr/local/python/3.10.4/lib/python3.10/site-packages/airflow/example_dags/example_branch_python_dop_operator_3.py took 0.140 seconds
[2023-05-05T18:29:32.389+0000] {processor.py:153} INFO - Started process (PID=8422) to work on /usr/local/python/3.10.4/lib/python3.10/site-packages/airflow/example_dags/example_branch_python_dop_operator_3.py
[2023-05-05T18:29:32.390+0000] {processor.py:743} INFO - Processing file /usr/local/python/3.10.4/lib/python3.10/site-packages/airflow/example_dags/example_branch_python_dop_operator_3.py for tasks to queue
[2023-05-05T18:29:32.391+0000] {logging_mixin.py:137} INFO - [2023-05-05T18:29:32.391+0000] {dagbag.py:538} INFO - Filling up the DagBag from /usr/local/python/3.10.4/lib/python3.10/site-packages/airflow/example_dags/example_branch_python_dop_operator_3.py
[2023-05-05T18:29:32.417+0000] {processor.py:753} INFO - DAG(s) dict_keys(['example_branch_dop_operator_v3']) retrieved from /usr/local/python/3.10.4/lib/python3.10/site-packages/airflow/example_dags/example_branch_python_dop_operator_3.py
[2023-05-05T18:29:32.436+0000] {logging_mixin.py:137} INFO - [2023-05-05T18:29:32.436+0000] {dag.py:2690} INFO - Sync 1 DAGs
[2023-05-05T18:29:32.463+0000] {logging_mixin.py:137} INFO - [2023-05-05T18:29:32.463+0000] {dag.py:3437} INFO - Setting next_dagrun for example_branch_dop_operator_v3 to 2023-05-05T18:28:00+00:00, run_after=2023-05-05T18:29:00+00:00
[2023-05-05T18:29:32.516+0000] {processor.py:175} INFO - Processing /usr/local/python/3.10.4/lib/python3.10/site-packages/airflow/example_dags/example_branch_python_dop_operator_3.py took 0.131 seconds
[2023-05-05T18:30:22.128+0000] {processor.py:153} INFO - Started process (PID=8872) to work on /usr/local/python/3.10.4/lib/python3.10/site-packages/airflow/example_dags/example_branch_python_dop_operator_3.py
[2023-05-05T18:30:22.129+0000] {processor.py:743} INFO - Processing file /usr/local/python/3.10.4/lib/python3.10/site-packages/airflow/example_dags/example_branch_python_dop_operator_3.py for tasks to queue
[2023-05-05T18:30:22.130+0000] {logging_mixin.py:137} INFO - [2023-05-05T18:30:22.130+0000] {dagbag.py:538} INFO - Filling up the DagBag from /usr/local/python/3.10.4/lib/python3.10/site-packages/airflow/example_dags/example_branch_python_dop_operator_3.py
[2023-05-05T18:30:22.156+0000] {processor.py:753} INFO - DAG(s) dict_keys(['example_branch_dop_operator_v3']) retrieved from /usr/local/python/3.10.4/lib/python3.10/site-packages/airflow/example_dags/example_branch_python_dop_operator_3.py
[2023-05-05T18:30:22.174+0000] {logging_mixin.py:137} INFO - [2023-05-05T18:30:22.174+0000] {dag.py:2690} INFO - Sync 1 DAGs
[2023-05-05T18:30:22.197+0000] {logging_mixin.py:137} INFO - [2023-05-05T18:30:22.197+0000] {dag.py:3437} INFO - Setting next_dagrun for example_branch_dop_operator_v3 to 2023-05-05T18:29:00+00:00, run_after=2023-05-05T18:30:00+00:00
[2023-05-05T18:30:22.253+0000] {processor.py:175} INFO - Processing /usr/local/python/3.10.4/lib/python3.10/site-packages/airflow/example_dags/example_branch_python_dop_operator_3.py took 0.129 seconds
[2023-05-05T18:31:12.977+0000] {processor.py:153} INFO - Started process (PID=9302) to work on /usr/local/python/3.10.4/lib/python3.10/site-packages/airflow/example_dags/example_branch_python_dop_operator_3.py
[2023-05-05T18:31:12.978+0000] {processor.py:743} INFO - Processing file /usr/local/python/3.10.4/lib/python3.10/site-packages/airflow/example_dags/example_branch_python_dop_operator_3.py for tasks to queue
[2023-05-05T18:31:12.979+0000] {logging_mixin.py:137} INFO - [2023-05-05T18:31:12.979+0000] {dagbag.py:538} INFO - Filling up the DagBag from /usr/local/python/3.10.4/lib/python3.10/site-packages/airflow/example_dags/example_branch_python_dop_operator_3.py
[2023-05-05T18:31:13.018+0000] {processor.py:753} INFO - DAG(s) dict_keys(['example_branch_dop_operator_v3']) retrieved from /usr/local/python/3.10.4/lib/python3.10/site-packages/airflow/example_dags/example_branch_python_dop_operator_3.py
[2023-05-05T18:31:13.037+0000] {logging_mixin.py:137} INFO - [2023-05-05T18:31:13.037+0000] {dag.py:2690} INFO - Sync 1 DAGs
[2023-05-05T18:31:13.059+0000] {logging_mixin.py:137} INFO - [2023-05-05T18:31:13.059+0000] {dag.py:3437} INFO - Setting next_dagrun for example_branch_dop_operator_v3 to 2023-05-05T18:30:00+00:00, run_after=2023-05-05T18:31:00+00:00
[2023-05-05T18:31:13.114+0000] {processor.py:175} INFO - Processing /usr/local/python/3.10.4/lib/python3.10/site-packages/airflow/example_dags/example_branch_python_dop_operator_3.py took 0.140 seconds
[2023-05-05T18:32:03.021+0000] {processor.py:153} INFO - Started process (PID=9782) to work on /usr/local/python/3.10.4/lib/python3.10/site-packages/airflow/example_dags/example_branch_python_dop_operator_3.py
[2023-05-05T18:32:03.022+0000] {processor.py:743} INFO - Processing file /usr/local/python/3.10.4/lib/python3.10/site-packages/airflow/example_dags/example_branch_python_dop_operator_3.py for tasks to queue
[2023-05-05T18:32:03.023+0000] {logging_mixin.py:137} INFO - [2023-05-05T18:32:03.022+0000] {dagbag.py:538} INFO - Filling up the DagBag from /usr/local/python/3.10.4/lib/python3.10/site-packages/airflow/example_dags/example_branch_python_dop_operator_3.py
[2023-05-05T18:32:03.049+0000] {processor.py:753} INFO - DAG(s) dict_keys(['example_branch_dop_operator_v3']) retrieved from /usr/local/python/3.10.4/lib/python3.10/site-packages/airflow/example_dags/example_branch_python_dop_operator_3.py
[2023-05-05T18:32:03.067+0000] {logging_mixin.py:137} INFO - [2023-05-05T18:32:03.067+0000] {dag.py:2690} INFO - Sync 1 DAGs
[2023-05-05T18:32:03.091+0000] {logging_mixin.py:137} INFO - [2023-05-05T18:32:03.091+0000] {dag.py:3437} INFO - Setting next_dagrun for example_branch_dop_operator_v3 to 2023-05-05T18:31:00+00:00, run_after=2023-05-05T18:32:00+00:00
[2023-05-05T18:32:03.178+0000] {processor.py:175} INFO - Processing /usr/local/python/3.10.4/lib/python3.10/site-packages/airflow/example_dags/example_branch_python_dop_operator_3.py took 0.161 seconds
[2023-05-05T18:32:57.647+0000] {processor.py:153} INFO - Started process (PID=10316) to work on /usr/local/python/3.10.4/lib/python3.10/site-packages/airflow/example_dags/example_branch_python_dop_operator_3.py
[2023-05-05T18:32:57.649+0000] {processor.py:743} INFO - Processing file /usr/local/python/3.10.4/lib/python3.10/site-packages/airflow/example_dags/example_branch_python_dop_operator_3.py for tasks to queue
[2023-05-05T18:32:57.650+0000] {logging_mixin.py:137} INFO - [2023-05-05T18:32:57.649+0000] {dagbag.py:538} INFO - Filling up the DagBag from /usr/local/python/3.10.4/lib/python3.10/site-packages/airflow/example_dags/example_branch_python_dop_operator_3.py
[2023-05-05T18:32:57.679+0000] {processor.py:753} INFO - DAG(s) dict_keys(['example_branch_dop_operator_v3']) retrieved from /usr/local/python/3.10.4/lib/python3.10/site-packages/airflow/example_dags/example_branch_python_dop_operator_3.py
[2023-05-05T18:32:57.700+0000] {logging_mixin.py:137} INFO - [2023-05-05T18:32:57.699+0000] {dag.py:2690} INFO - Sync 1 DAGs
[2023-05-05T18:32:57.727+0000] {logging_mixin.py:137} INFO - [2023-05-05T18:32:57.727+0000] {dag.py:3437} INFO - Setting next_dagrun for example_branch_dop_operator_v3 to 2023-05-05T18:31:00+00:00, run_after=2023-05-05T18:32:00+00:00
[2023-05-05T18:32:57.780+0000] {processor.py:175} INFO - Processing /usr/local/python/3.10.4/lib/python3.10/site-packages/airflow/example_dags/example_branch_python_dop_operator_3.py took 0.136 seconds
[2023-05-05T18:33:47.505+0000] {processor.py:153} INFO - Started process (PID=10741) to work on /usr/local/python/3.10.4/lib/python3.10/site-packages/airflow/example_dags/example_branch_python_dop_operator_3.py
[2023-05-05T18:33:47.506+0000] {processor.py:743} INFO - Processing file /usr/local/python/3.10.4/lib/python3.10/site-packages/airflow/example_dags/example_branch_python_dop_operator_3.py for tasks to queue
[2023-05-05T18:33:47.507+0000] {logging_mixin.py:137} INFO - [2023-05-05T18:33:47.507+0000] {dagbag.py:538} INFO - Filling up the DagBag from /usr/local/python/3.10.4/lib/python3.10/site-packages/airflow/example_dags/example_branch_python_dop_operator_3.py
[2023-05-05T18:33:47.535+0000] {processor.py:753} INFO - DAG(s) dict_keys(['example_branch_dop_operator_v3']) retrieved from /usr/local/python/3.10.4/lib/python3.10/site-packages/airflow/example_dags/example_branch_python_dop_operator_3.py
[2023-05-05T18:33:47.554+0000] {logging_mixin.py:137} INFO - [2023-05-05T18:33:47.554+0000] {dag.py:2690} INFO - Sync 1 DAGs
[2023-05-05T18:33:47.576+0000] {logging_mixin.py:137} INFO - [2023-05-05T18:33:47.576+0000] {dag.py:3437} INFO - Setting next_dagrun for example_branch_dop_operator_v3 to 2023-05-05T18:32:00+00:00, run_after=2023-05-05T18:33:00+00:00
[2023-05-05T18:33:47.635+0000] {processor.py:175} INFO - Processing /usr/local/python/3.10.4/lib/python3.10/site-packages/airflow/example_dags/example_branch_python_dop_operator_3.py took 0.133 seconds
