[2023-05-05T18:22:14.861+0000] {processor.py:153} INFO - Started process (PID=4777) to work on /usr/local/python/3.10.4/lib/python3.10/site-packages/airflow/example_dags/example_nested_branch_dag.py
[2023-05-05T18:22:14.862+0000] {processor.py:743} INFO - Processing file /usr/local/python/3.10.4/lib/python3.10/site-packages/airflow/example_dags/example_nested_branch_dag.py for tasks to queue
[2023-05-05T18:22:14.862+0000] {logging_mixin.py:137} INFO - [2023-05-05T18:22:14.862+0000] {dagbag.py:538} INFO - Filling up the DagBag from /usr/local/python/3.10.4/lib/python3.10/site-packages/airflow/example_dags/example_nested_branch_dag.py
[2023-05-05T18:22:14.899+0000] {processor.py:753} INFO - DAG(s) dict_keys(['example_nested_branch_dag']) retrieved from /usr/local/python/3.10.4/lib/python3.10/site-packages/airflow/example_dags/example_nested_branch_dag.py
[2023-05-05T18:22:15.097+0000] {logging_mixin.py:137} INFO - [2023-05-05T18:22:15.097+0000] {manager.py:504} INFO - Created Permission View: can delete on DAG:example_nested_branch_dag
[2023-05-05T18:22:15.139+0000] {logging_mixin.py:137} INFO - [2023-05-05T18:22:15.138+0000] {manager.py:504} INFO - Created Permission View: can read on DAG:example_nested_branch_dag
[2023-05-05T18:22:15.180+0000] {logging_mixin.py:137} INFO - [2023-05-05T18:22:15.180+0000] {manager.py:504} INFO - Created Permission View: can edit on DAG:example_nested_branch_dag
[2023-05-05T18:22:15.180+0000] {logging_mixin.py:137} INFO - [2023-05-05T18:22:15.180+0000] {dag.py:2690} INFO - Sync 1 DAGs
[2023-05-05T18:22:15.190+0000] {logging_mixin.py:137} INFO - [2023-05-05T18:22:15.190+0000] {dag.py:2711} INFO - Creating ORM DAG for example_nested_branch_dag
[2023-05-05T18:22:15.199+0000] {logging_mixin.py:137} INFO - [2023-05-05T18:22:15.199+0000] {dag.py:3437} INFO - Setting next_dagrun for example_nested_branch_dag to 2023-05-04T00:00:00+00:00, run_after=2023-05-05T00:00:00+00:00
[2023-05-05T18:22:15.278+0000] {processor.py:175} INFO - Processing /usr/local/python/3.10.4/lib/python3.10/site-packages/airflow/example_dags/example_nested_branch_dag.py took 0.421 seconds
[2023-05-05T18:23:05.623+0000] {processor.py:153} INFO - Started process (PID=5137) to work on /usr/local/python/3.10.4/lib/python3.10/site-packages/airflow/example_dags/example_nested_branch_dag.py
[2023-05-05T18:23:05.624+0000] {processor.py:743} INFO - Processing file /usr/local/python/3.10.4/lib/python3.10/site-packages/airflow/example_dags/example_nested_branch_dag.py for tasks to queue
[2023-05-05T18:23:05.625+0000] {logging_mixin.py:137} INFO - [2023-05-05T18:23:05.625+0000] {dagbag.py:538} INFO - Filling up the DagBag from /usr/local/python/3.10.4/lib/python3.10/site-packages/airflow/example_dags/example_nested_branch_dag.py
[2023-05-05T18:23:05.670+0000] {processor.py:753} INFO - DAG(s) dict_keys(['example_nested_branch_dag']) retrieved from /usr/local/python/3.10.4/lib/python3.10/site-packages/airflow/example_dags/example_nested_branch_dag.py
[2023-05-05T18:23:05.692+0000] {logging_mixin.py:137} INFO - [2023-05-05T18:23:05.692+0000] {dag.py:2690} INFO - Sync 1 DAGs
[2023-05-05T18:23:05.712+0000] {logging_mixin.py:137} INFO - [2023-05-05T18:23:05.712+0000] {dag.py:3437} INFO - Setting next_dagrun for example_nested_branch_dag to 2023-05-04T00:00:00+00:00, run_after=2023-05-05T00:00:00+00:00
[2023-05-05T18:23:05.772+0000] {processor.py:175} INFO - Processing /usr/local/python/3.10.4/lib/python3.10/site-packages/airflow/example_dags/example_nested_branch_dag.py took 0.152 seconds
[2023-05-05T18:23:54.594+0000] {processor.py:153} INFO - Started process (PID=5461) to work on /usr/local/python/3.10.4/lib/python3.10/site-packages/airflow/example_dags/example_nested_branch_dag.py
[2023-05-05T18:23:54.595+0000] {processor.py:743} INFO - Processing file /usr/local/python/3.10.4/lib/python3.10/site-packages/airflow/example_dags/example_nested_branch_dag.py for tasks to queue
[2023-05-05T18:23:54.596+0000] {logging_mixin.py:137} INFO - [2023-05-05T18:23:54.596+0000] {dagbag.py:538} INFO - Filling up the DagBag from /usr/local/python/3.10.4/lib/python3.10/site-packages/airflow/example_dags/example_nested_branch_dag.py
[2023-05-05T18:23:54.625+0000] {processor.py:753} INFO - DAG(s) dict_keys(['example_nested_branch_dag']) retrieved from /usr/local/python/3.10.4/lib/python3.10/site-packages/airflow/example_dags/example_nested_branch_dag.py
[2023-05-05T18:23:54.648+0000] {logging_mixin.py:137} INFO - [2023-05-05T18:23:54.648+0000] {dag.py:2690} INFO - Sync 1 DAGs
[2023-05-05T18:23:54.668+0000] {logging_mixin.py:137} INFO - [2023-05-05T18:23:54.668+0000] {dag.py:3437} INFO - Setting next_dagrun for example_nested_branch_dag to 2023-05-04T00:00:00+00:00, run_after=2023-05-05T00:00:00+00:00
[2023-05-05T18:23:54.724+0000] {processor.py:175} INFO - Processing /usr/local/python/3.10.4/lib/python3.10/site-packages/airflow/example_dags/example_nested_branch_dag.py took 0.133 seconds
[2023-05-05T18:24:40.111+0000] {processor.py:153} INFO - Started process (PID=5796) to work on /usr/local/python/3.10.4/lib/python3.10/site-packages/airflow/example_dags/example_nested_branch_dag.py
[2023-05-05T18:24:40.113+0000] {processor.py:743} INFO - Processing file /usr/local/python/3.10.4/lib/python3.10/site-packages/airflow/example_dags/example_nested_branch_dag.py for tasks to queue
[2023-05-05T18:24:40.114+0000] {logging_mixin.py:137} INFO - [2023-05-05T18:24:40.114+0000] {dagbag.py:538} INFO - Filling up the DagBag from /usr/local/python/3.10.4/lib/python3.10/site-packages/airflow/example_dags/example_nested_branch_dag.py
[2023-05-05T18:24:40.141+0000] {processor.py:753} INFO - DAG(s) dict_keys(['example_nested_branch_dag']) retrieved from /usr/local/python/3.10.4/lib/python3.10/site-packages/airflow/example_dags/example_nested_branch_dag.py
[2023-05-05T18:24:40.160+0000] {logging_mixin.py:137} INFO - [2023-05-05T18:24:40.160+0000] {dag.py:2690} INFO - Sync 1 DAGs
[2023-05-05T18:24:40.178+0000] {logging_mixin.py:137} INFO - [2023-05-05T18:24:40.178+0000] {dag.py:3437} INFO - Setting next_dagrun for example_nested_branch_dag to 2023-05-04T00:00:00+00:00, run_after=2023-05-05T00:00:00+00:00
[2023-05-05T18:24:40.295+0000] {processor.py:175} INFO - Processing /usr/local/python/3.10.4/lib/python3.10/site-packages/airflow/example_dags/example_nested_branch_dag.py took 0.188 seconds
[2023-05-05T18:25:30.502+0000] {processor.py:153} INFO - Started process (PID=6154) to work on /usr/local/python/3.10.4/lib/python3.10/site-packages/airflow/example_dags/example_nested_branch_dag.py
[2023-05-05T18:25:30.503+0000] {processor.py:743} INFO - Processing file /usr/local/python/3.10.4/lib/python3.10/site-packages/airflow/example_dags/example_nested_branch_dag.py for tasks to queue
[2023-05-05T18:25:30.504+0000] {logging_mixin.py:137} INFO - [2023-05-05T18:25:30.504+0000] {dagbag.py:538} INFO - Filling up the DagBag from /usr/local/python/3.10.4/lib/python3.10/site-packages/airflow/example_dags/example_nested_branch_dag.py
[2023-05-05T18:25:30.533+0000] {processor.py:753} INFO - DAG(s) dict_keys(['example_nested_branch_dag']) retrieved from /usr/local/python/3.10.4/lib/python3.10/site-packages/airflow/example_dags/example_nested_branch_dag.py
[2023-05-05T18:25:30.553+0000] {logging_mixin.py:137} INFO - [2023-05-05T18:25:30.553+0000] {dag.py:2690} INFO - Sync 1 DAGs
[2023-05-05T18:25:30.572+0000] {logging_mixin.py:137} INFO - [2023-05-05T18:25:30.572+0000] {dag.py:3437} INFO - Setting next_dagrun for example_nested_branch_dag to 2023-05-04T00:00:00+00:00, run_after=2023-05-05T00:00:00+00:00
[2023-05-05T18:25:30.624+0000] {processor.py:175} INFO - Processing /usr/local/python/3.10.4/lib/python3.10/site-packages/airflow/example_dags/example_nested_branch_dag.py took 0.125 seconds
[2023-05-05T18:26:14.056+0000] {processor.py:153} INFO - Started process (PID=6449) to work on /usr/local/python/3.10.4/lib/python3.10/site-packages/airflow/example_dags/example_nested_branch_dag.py
[2023-05-05T18:26:14.057+0000] {processor.py:743} INFO - Processing file /usr/local/python/3.10.4/lib/python3.10/site-packages/airflow/example_dags/example_nested_branch_dag.py for tasks to queue
[2023-05-05T18:26:14.057+0000] {logging_mixin.py:137} INFO - [2023-05-05T18:26:14.057+0000] {dagbag.py:538} INFO - Filling up the DagBag from /usr/local/python/3.10.4/lib/python3.10/site-packages/airflow/example_dags/example_nested_branch_dag.py
[2023-05-05T18:26:14.088+0000] {processor.py:753} INFO - DAG(s) dict_keys(['example_nested_branch_dag']) retrieved from /usr/local/python/3.10.4/lib/python3.10/site-packages/airflow/example_dags/example_nested_branch_dag.py
[2023-05-05T18:26:14.109+0000] {logging_mixin.py:137} INFO - [2023-05-05T18:26:14.109+0000] {dag.py:2690} INFO - Sync 1 DAGs
[2023-05-05T18:26:14.130+0000] {logging_mixin.py:137} INFO - [2023-05-05T18:26:14.130+0000] {dag.py:3437} INFO - Setting next_dagrun for example_nested_branch_dag to 2023-05-04T00:00:00+00:00, run_after=2023-05-05T00:00:00+00:00
[2023-05-05T18:26:14.183+0000] {processor.py:175} INFO - Processing /usr/local/python/3.10.4/lib/python3.10/site-packages/airflow/example_dags/example_nested_branch_dag.py took 0.132 seconds
[2023-05-05T18:26:54.360+0000] {processor.py:153} INFO - Started process (PID=6735) to work on /usr/local/python/3.10.4/lib/python3.10/site-packages/airflow/example_dags/example_nested_branch_dag.py
[2023-05-05T18:26:54.361+0000] {processor.py:743} INFO - Processing file /usr/local/python/3.10.4/lib/python3.10/site-packages/airflow/example_dags/example_nested_branch_dag.py for tasks to queue
[2023-05-05T18:26:54.362+0000] {logging_mixin.py:137} INFO - [2023-05-05T18:26:54.362+0000] {dagbag.py:538} INFO - Filling up the DagBag from /usr/local/python/3.10.4/lib/python3.10/site-packages/airflow/example_dags/example_nested_branch_dag.py
[2023-05-05T18:26:54.389+0000] {processor.py:753} INFO - DAG(s) dict_keys(['example_nested_branch_dag']) retrieved from /usr/local/python/3.10.4/lib/python3.10/site-packages/airflow/example_dags/example_nested_branch_dag.py
[2023-05-05T18:26:54.408+0000] {logging_mixin.py:137} INFO - [2023-05-05T18:26:54.408+0000] {dag.py:2690} INFO - Sync 1 DAGs
[2023-05-05T18:26:54.429+0000] {logging_mixin.py:137} INFO - [2023-05-05T18:26:54.429+0000] {dag.py:3437} INFO - Setting next_dagrun for example_nested_branch_dag to 2023-05-04T00:00:00+00:00, run_after=2023-05-05T00:00:00+00:00
[2023-05-05T18:26:54.500+0000] {processor.py:175} INFO - Processing /usr/local/python/3.10.4/lib/python3.10/site-packages/airflow/example_dags/example_nested_branch_dag.py took 0.143 seconds
[2023-05-05T18:27:43.868+0000] {processor.py:153} INFO - Started process (PID=7094) to work on /usr/local/python/3.10.4/lib/python3.10/site-packages/airflow/example_dags/example_nested_branch_dag.py
[2023-05-05T18:27:43.869+0000] {processor.py:743} INFO - Processing file /usr/local/python/3.10.4/lib/python3.10/site-packages/airflow/example_dags/example_nested_branch_dag.py for tasks to queue
[2023-05-05T18:27:43.870+0000] {logging_mixin.py:137} INFO - [2023-05-05T18:27:43.870+0000] {dagbag.py:538} INFO - Filling up the DagBag from /usr/local/python/3.10.4/lib/python3.10/site-packages/airflow/example_dags/example_nested_branch_dag.py
[2023-05-05T18:27:43.896+0000] {processor.py:753} INFO - DAG(s) dict_keys(['example_nested_branch_dag']) retrieved from /usr/local/python/3.10.4/lib/python3.10/site-packages/airflow/example_dags/example_nested_branch_dag.py
[2023-05-05T18:27:43.916+0000] {logging_mixin.py:137} INFO - [2023-05-05T18:27:43.915+0000] {dag.py:2690} INFO - Sync 1 DAGs
[2023-05-05T18:27:43.935+0000] {logging_mixin.py:137} INFO - [2023-05-05T18:27:43.935+0000] {dag.py:3437} INFO - Setting next_dagrun for example_nested_branch_dag to 2023-05-04T00:00:00+00:00, run_after=2023-05-05T00:00:00+00:00
[2023-05-05T18:27:43.990+0000] {processor.py:175} INFO - Processing /usr/local/python/3.10.4/lib/python3.10/site-packages/airflow/example_dags/example_nested_branch_dag.py took 0.125 seconds
[2023-05-05T18:28:33.581+0000] {processor.py:153} INFO - Started process (PID=7984) to work on /usr/local/python/3.10.4/lib/python3.10/site-packages/airflow/example_dags/example_nested_branch_dag.py
[2023-05-05T18:28:33.582+0000] {processor.py:743} INFO - Processing file /usr/local/python/3.10.4/lib/python3.10/site-packages/airflow/example_dags/example_nested_branch_dag.py for tasks to queue
[2023-05-05T18:28:33.583+0000] {logging_mixin.py:137} INFO - [2023-05-05T18:28:33.583+0000] {dagbag.py:538} INFO - Filling up the DagBag from /usr/local/python/3.10.4/lib/python3.10/site-packages/airflow/example_dags/example_nested_branch_dag.py
[2023-05-05T18:28:33.610+0000] {processor.py:753} INFO - DAG(s) dict_keys(['example_nested_branch_dag']) retrieved from /usr/local/python/3.10.4/lib/python3.10/site-packages/airflow/example_dags/example_nested_branch_dag.py
[2023-05-05T18:28:33.628+0000] {logging_mixin.py:137} INFO - [2023-05-05T18:28:33.628+0000] {dag.py:2690} INFO - Sync 1 DAGs
[2023-05-05T18:28:33.648+0000] {logging_mixin.py:137} INFO - [2023-05-05T18:28:33.648+0000] {dag.py:3437} INFO - Setting next_dagrun for example_nested_branch_dag to 2023-05-04T00:00:00+00:00, run_after=2023-05-05T00:00:00+00:00
[2023-05-05T18:28:33.701+0000] {processor.py:175} INFO - Processing /usr/local/python/3.10.4/lib/python3.10/site-packages/airflow/example_dags/example_nested_branch_dag.py took 0.124 seconds
[2023-05-05T18:29:14.174+0000] {processor.py:153} INFO - Started process (PID=8278) to work on /usr/local/python/3.10.4/lib/python3.10/site-packages/airflow/example_dags/example_nested_branch_dag.py
[2023-05-05T18:29:14.176+0000] {processor.py:743} INFO - Processing file /usr/local/python/3.10.4/lib/python3.10/site-packages/airflow/example_dags/example_nested_branch_dag.py for tasks to queue
[2023-05-05T18:29:14.176+0000] {logging_mixin.py:137} INFO - [2023-05-05T18:29:14.176+0000] {dagbag.py:538} INFO - Filling up the DagBag from /usr/local/python/3.10.4/lib/python3.10/site-packages/airflow/example_dags/example_nested_branch_dag.py
[2023-05-05T18:29:14.203+0000] {processor.py:753} INFO - DAG(s) dict_keys(['example_nested_branch_dag']) retrieved from /usr/local/python/3.10.4/lib/python3.10/site-packages/airflow/example_dags/example_nested_branch_dag.py
[2023-05-05T18:29:14.223+0000] {logging_mixin.py:137} INFO - [2023-05-05T18:29:14.223+0000] {dag.py:2690} INFO - Sync 1 DAGs
[2023-05-05T18:29:14.242+0000] {logging_mixin.py:137} INFO - [2023-05-05T18:29:14.242+0000] {dag.py:3437} INFO - Setting next_dagrun for example_nested_branch_dag to 2023-05-04T00:00:00+00:00, run_after=2023-05-05T00:00:00+00:00
[2023-05-05T18:29:14.298+0000] {processor.py:175} INFO - Processing /usr/local/python/3.10.4/lib/python3.10/site-packages/airflow/example_dags/example_nested_branch_dag.py took 0.127 seconds
[2023-05-05T18:29:54.608+0000] {processor.py:153} INFO - Started process (PID=8609) to work on /usr/local/python/3.10.4/lib/python3.10/site-packages/airflow/example_dags/example_nested_branch_dag.py
[2023-05-05T18:29:54.609+0000] {processor.py:743} INFO - Processing file /usr/local/python/3.10.4/lib/python3.10/site-packages/airflow/example_dags/example_nested_branch_dag.py for tasks to queue
[2023-05-05T18:29:54.610+0000] {logging_mixin.py:137} INFO - [2023-05-05T18:29:54.610+0000] {dagbag.py:538} INFO - Filling up the DagBag from /usr/local/python/3.10.4/lib/python3.10/site-packages/airflow/example_dags/example_nested_branch_dag.py
[2023-05-05T18:29:54.642+0000] {processor.py:753} INFO - DAG(s) dict_keys(['example_nested_branch_dag']) retrieved from /usr/local/python/3.10.4/lib/python3.10/site-packages/airflow/example_dags/example_nested_branch_dag.py
[2023-05-05T18:29:54.661+0000] {logging_mixin.py:137} INFO - [2023-05-05T18:29:54.661+0000] {dag.py:2690} INFO - Sync 1 DAGs
[2023-05-05T18:29:54.680+0000] {logging_mixin.py:137} INFO - [2023-05-05T18:29:54.680+0000] {dag.py:3437} INFO - Setting next_dagrun for example_nested_branch_dag to 2023-05-04T00:00:00+00:00, run_after=2023-05-05T00:00:00+00:00
[2023-05-05T18:29:54.732+0000] {processor.py:175} INFO - Processing /usr/local/python/3.10.4/lib/python3.10/site-packages/airflow/example_dags/example_nested_branch_dag.py took 0.128 seconds
[2023-05-05T18:30:44.180+0000] {processor.py:153} INFO - Started process (PID=9081) to work on /usr/local/python/3.10.4/lib/python3.10/site-packages/airflow/example_dags/example_nested_branch_dag.py
[2023-05-05T18:30:44.182+0000] {processor.py:743} INFO - Processing file /usr/local/python/3.10.4/lib/python3.10/site-packages/airflow/example_dags/example_nested_branch_dag.py for tasks to queue
[2023-05-05T18:30:44.183+0000] {logging_mixin.py:137} INFO - [2023-05-05T18:30:44.182+0000] {dagbag.py:538} INFO - Filling up the DagBag from /usr/local/python/3.10.4/lib/python3.10/site-packages/airflow/example_dags/example_nested_branch_dag.py
[2023-05-05T18:30:44.217+0000] {processor.py:753} INFO - DAG(s) dict_keys(['example_nested_branch_dag']) retrieved from /usr/local/python/3.10.4/lib/python3.10/site-packages/airflow/example_dags/example_nested_branch_dag.py
[2023-05-05T18:30:44.236+0000] {logging_mixin.py:137} INFO - [2023-05-05T18:30:44.236+0000] {dag.py:2690} INFO - Sync 1 DAGs
[2023-05-05T18:30:44.258+0000] {logging_mixin.py:137} INFO - [2023-05-05T18:30:44.257+0000] {dag.py:3437} INFO - Setting next_dagrun for example_nested_branch_dag to 2023-05-04T00:00:00+00:00, run_after=2023-05-05T00:00:00+00:00
[2023-05-05T18:30:44.311+0000] {processor.py:175} INFO - Processing /usr/local/python/3.10.4/lib/python3.10/site-packages/airflow/example_dags/example_nested_branch_dag.py took 0.135 seconds
[2023-05-05T18:31:32.576+0000] {processor.py:153} INFO - Started process (PID=9509) to work on /usr/local/python/3.10.4/lib/python3.10/site-packages/airflow/example_dags/example_nested_branch_dag.py
[2023-05-05T18:31:32.578+0000] {processor.py:743} INFO - Processing file /usr/local/python/3.10.4/lib/python3.10/site-packages/airflow/example_dags/example_nested_branch_dag.py for tasks to queue
[2023-05-05T18:31:32.578+0000] {logging_mixin.py:137} INFO - [2023-05-05T18:31:32.578+0000] {dagbag.py:538} INFO - Filling up the DagBag from /usr/local/python/3.10.4/lib/python3.10/site-packages/airflow/example_dags/example_nested_branch_dag.py
[2023-05-05T18:31:32.611+0000] {processor.py:753} INFO - DAG(s) dict_keys(['example_nested_branch_dag']) retrieved from /usr/local/python/3.10.4/lib/python3.10/site-packages/airflow/example_dags/example_nested_branch_dag.py
[2023-05-05T18:31:32.629+0000] {logging_mixin.py:137} INFO - [2023-05-05T18:31:32.629+0000] {dag.py:2690} INFO - Sync 1 DAGs
[2023-05-05T18:31:32.649+0000] {logging_mixin.py:137} INFO - [2023-05-05T18:31:32.649+0000] {dag.py:3437} INFO - Setting next_dagrun for example_nested_branch_dag to 2023-05-04T00:00:00+00:00, run_after=2023-05-05T00:00:00+00:00
[2023-05-05T18:31:32.705+0000] {processor.py:175} INFO - Processing /usr/local/python/3.10.4/lib/python3.10/site-packages/airflow/example_dags/example_nested_branch_dag.py took 0.132 seconds
[2023-05-05T18:32:11.070+0000] {processor.py:153} INFO - Started process (PID=9903) to work on /usr/local/python/3.10.4/lib/python3.10/site-packages/airflow/example_dags/example_nested_branch_dag.py
[2023-05-05T18:32:11.071+0000] {processor.py:743} INFO - Processing file /usr/local/python/3.10.4/lib/python3.10/site-packages/airflow/example_dags/example_nested_branch_dag.py for tasks to queue
[2023-05-05T18:32:11.072+0000] {logging_mixin.py:137} INFO - [2023-05-05T18:32:11.072+0000] {dagbag.py:538} INFO - Filling up the DagBag from /usr/local/python/3.10.4/lib/python3.10/site-packages/airflow/example_dags/example_nested_branch_dag.py
[2023-05-05T18:32:11.100+0000] {processor.py:753} INFO - DAG(s) dict_keys(['example_nested_branch_dag']) retrieved from /usr/local/python/3.10.4/lib/python3.10/site-packages/airflow/example_dags/example_nested_branch_dag.py
[2023-05-05T18:32:11.121+0000] {logging_mixin.py:137} INFO - [2023-05-05T18:32:11.121+0000] {dag.py:2690} INFO - Sync 1 DAGs
[2023-05-05T18:32:11.146+0000] {logging_mixin.py:137} INFO - [2023-05-05T18:32:11.146+0000] {dag.py:3437} INFO - Setting next_dagrun for example_nested_branch_dag to 2023-05-04T00:00:00+00:00, run_after=2023-05-05T00:00:00+00:00
[2023-05-05T18:32:11.203+0000] {processor.py:175} INFO - Processing /usr/local/python/3.10.4/lib/python3.10/site-packages/airflow/example_dags/example_nested_branch_dag.py took 0.138 seconds
[2023-05-05T18:32:51.031+0000] {processor.py:153} INFO - Started process (PID=10250) to work on /usr/local/python/3.10.4/lib/python3.10/site-packages/airflow/example_dags/example_nested_branch_dag.py
[2023-05-05T18:32:51.032+0000] {processor.py:743} INFO - Processing file /usr/local/python/3.10.4/lib/python3.10/site-packages/airflow/example_dags/example_nested_branch_dag.py for tasks to queue
[2023-05-05T18:32:51.034+0000] {logging_mixin.py:137} INFO - [2023-05-05T18:32:51.033+0000] {dagbag.py:538} INFO - Filling up the DagBag from /usr/local/python/3.10.4/lib/python3.10/site-packages/airflow/example_dags/example_nested_branch_dag.py
[2023-05-05T18:32:51.062+0000] {processor.py:753} INFO - DAG(s) dict_keys(['example_nested_branch_dag']) retrieved from /usr/local/python/3.10.4/lib/python3.10/site-packages/airflow/example_dags/example_nested_branch_dag.py
[2023-05-05T18:32:51.081+0000] {logging_mixin.py:137} INFO - [2023-05-05T18:32:51.081+0000] {dag.py:2690} INFO - Sync 1 DAGs
[2023-05-05T18:32:51.101+0000] {logging_mixin.py:137} INFO - [2023-05-05T18:32:51.101+0000] {dag.py:3437} INFO - Setting next_dagrun for example_nested_branch_dag to 2023-05-04T00:00:00+00:00, run_after=2023-05-05T00:00:00+00:00
[2023-05-05T18:32:51.156+0000] {processor.py:175} INFO - Processing /usr/local/python/3.10.4/lib/python3.10/site-packages/airflow/example_dags/example_nested_branch_dag.py took 0.130 seconds
[2023-05-05T18:33:30.401+0000] {processor.py:153} INFO - Started process (PID=10611) to work on /usr/local/python/3.10.4/lib/python3.10/site-packages/airflow/example_dags/example_nested_branch_dag.py
[2023-05-05T18:33:30.402+0000] {processor.py:743} INFO - Processing file /usr/local/python/3.10.4/lib/python3.10/site-packages/airflow/example_dags/example_nested_branch_dag.py for tasks to queue
[2023-05-05T18:33:30.403+0000] {logging_mixin.py:137} INFO - [2023-05-05T18:33:30.403+0000] {dagbag.py:538} INFO - Filling up the DagBag from /usr/local/python/3.10.4/lib/python3.10/site-packages/airflow/example_dags/example_nested_branch_dag.py
[2023-05-05T18:33:30.431+0000] {processor.py:753} INFO - DAG(s) dict_keys(['example_nested_branch_dag']) retrieved from /usr/local/python/3.10.4/lib/python3.10/site-packages/airflow/example_dags/example_nested_branch_dag.py
[2023-05-05T18:33:30.453+0000] {logging_mixin.py:137} INFO - [2023-05-05T18:33:30.453+0000] {dag.py:2690} INFO - Sync 1 DAGs
[2023-05-05T18:33:30.484+0000] {logging_mixin.py:137} INFO - [2023-05-05T18:33:30.484+0000] {dag.py:3437} INFO - Setting next_dagrun for example_nested_branch_dag to 2023-05-04T00:00:00+00:00, run_after=2023-05-05T00:00:00+00:00
[2023-05-05T18:33:30.543+0000] {processor.py:175} INFO - Processing /usr/local/python/3.10.4/lib/python3.10/site-packages/airflow/example_dags/example_nested_branch_dag.py took 0.145 seconds
[2023-05-05T18:34:09.772+0000] {processor.py:153} INFO - Started process (PID=10983) to work on /usr/local/python/3.10.4/lib/python3.10/site-packages/airflow/example_dags/example_nested_branch_dag.py
[2023-05-05T18:34:09.773+0000] {processor.py:743} INFO - Processing file /usr/local/python/3.10.4/lib/python3.10/site-packages/airflow/example_dags/example_nested_branch_dag.py for tasks to queue
[2023-05-05T18:34:09.774+0000] {logging_mixin.py:137} INFO - [2023-05-05T18:34:09.774+0000] {dagbag.py:538} INFO - Filling up the DagBag from /usr/local/python/3.10.4/lib/python3.10/site-packages/airflow/example_dags/example_nested_branch_dag.py
[2023-05-05T18:34:09.801+0000] {processor.py:753} INFO - DAG(s) dict_keys(['example_nested_branch_dag']) retrieved from /usr/local/python/3.10.4/lib/python3.10/site-packages/airflow/example_dags/example_nested_branch_dag.py
[2023-05-05T18:34:09.819+0000] {logging_mixin.py:137} INFO - [2023-05-05T18:34:09.819+0000] {dag.py:2690} INFO - Sync 1 DAGs
[2023-05-05T18:34:09.839+0000] {logging_mixin.py:137} INFO - [2023-05-05T18:34:09.839+0000] {dag.py:3437} INFO - Setting next_dagrun for example_nested_branch_dag to 2023-05-04T00:00:00+00:00, run_after=2023-05-05T00:00:00+00:00
[2023-05-05T18:34:09.894+0000] {processor.py:175} INFO - Processing /usr/local/python/3.10.4/lib/python3.10/site-packages/airflow/example_dags/example_nested_branch_dag.py took 0.126 seconds
