[2023-05-05T18:22:02.452+0000] {processor.py:153} INFO - Started process (PID=4695) to work on /usr/local/python/3.10.4/lib/python3.10/site-packages/airflow/example_dags/example_short_circuit_decorator.py
[2023-05-05T18:22:02.452+0000] {processor.py:743} INFO - Processing file /usr/local/python/3.10.4/lib/python3.10/site-packages/airflow/example_dags/example_short_circuit_decorator.py for tasks to queue
[2023-05-05T18:22:02.453+0000] {logging_mixin.py:137} INFO - [2023-05-05T18:22:02.453+0000] {dagbag.py:538} INFO - Filling up the DagBag from /usr/local/python/3.10.4/lib/python3.10/site-packages/airflow/example_dags/example_short_circuit_decorator.py
[2023-05-05T18:22:02.479+0000] {processor.py:753} INFO - DAG(s) dict_keys(['example_short_circuit_decorator']) retrieved from /usr/local/python/3.10.4/lib/python3.10/site-packages/airflow/example_dags/example_short_circuit_decorator.py
[2023-05-05T18:22:02.687+0000] {logging_mixin.py:137} INFO - [2023-05-05T18:22:02.687+0000] {manager.py:504} INFO - Created Permission View: can delete on DAG:example_short_circuit_decorator
[2023-05-05T18:22:02.730+0000] {logging_mixin.py:137} INFO - [2023-05-05T18:22:02.729+0000] {manager.py:504} INFO - Created Permission View: can read on DAG:example_short_circuit_decorator
[2023-05-05T18:22:02.768+0000] {logging_mixin.py:137} INFO - [2023-05-05T18:22:02.768+0000] {manager.py:504} INFO - Created Permission View: can edit on DAG:example_short_circuit_decorator
[2023-05-05T18:22:02.769+0000] {logging_mixin.py:137} INFO - [2023-05-05T18:22:02.769+0000] {dag.py:2690} INFO - Sync 1 DAGs
[2023-05-05T18:22:02.779+0000] {logging_mixin.py:137} INFO - [2023-05-05T18:22:02.779+0000] {dag.py:2711} INFO - Creating ORM DAG for example_short_circuit_decorator
[2023-05-05T18:22:02.788+0000] {logging_mixin.py:137} INFO - [2023-05-05T18:22:02.787+0000] {dag.py:3437} INFO - Setting next_dagrun for example_short_circuit_decorator to 2023-05-04T18:22:02.787707+00:00, run_after=2023-05-05T18:22:02.787707+00:00
[2023-05-05T18:22:02.843+0000] {processor.py:175} INFO - Processing /usr/local/python/3.10.4/lib/python3.10/site-packages/airflow/example_dags/example_short_circuit_decorator.py took 0.394 seconds
[2023-05-05T18:22:54.729+0000] {processor.py:153} INFO - Started process (PID=5069) to work on /usr/local/python/3.10.4/lib/python3.10/site-packages/airflow/example_dags/example_short_circuit_decorator.py
[2023-05-05T18:22:54.730+0000] {processor.py:743} INFO - Processing file /usr/local/python/3.10.4/lib/python3.10/site-packages/airflow/example_dags/example_short_circuit_decorator.py for tasks to queue
[2023-05-05T18:22:54.731+0000] {logging_mixin.py:137} INFO - [2023-05-05T18:22:54.731+0000] {dagbag.py:538} INFO - Filling up the DagBag from /usr/local/python/3.10.4/lib/python3.10/site-packages/airflow/example_dags/example_short_circuit_decorator.py
[2023-05-05T18:22:54.757+0000] {processor.py:753} INFO - DAG(s) dict_keys(['example_short_circuit_decorator']) retrieved from /usr/local/python/3.10.4/lib/python3.10/site-packages/airflow/example_dags/example_short_circuit_decorator.py
[2023-05-05T18:22:54.776+0000] {logging_mixin.py:137} INFO - [2023-05-05T18:22:54.776+0000] {dag.py:2690} INFO - Sync 1 DAGs
[2023-05-05T18:22:54.794+0000] {logging_mixin.py:137} INFO - [2023-05-05T18:22:54.793+0000] {dag.py:3437} INFO - Setting next_dagrun for example_short_circuit_decorator to 2023-05-04T18:22:54.793778+00:00, run_after=2023-05-05T18:22:54.793778+00:00
[2023-05-05T18:22:54.846+0000] {processor.py:175} INFO - Processing /usr/local/python/3.10.4/lib/python3.10/site-packages/airflow/example_dags/example_short_circuit_decorator.py took 0.120 seconds
[2023-05-05T18:23:44.171+0000] {processor.py:153} INFO - Started process (PID=5390) to work on /usr/local/python/3.10.4/lib/python3.10/site-packages/airflow/example_dags/example_short_circuit_decorator.py
[2023-05-05T18:23:44.172+0000] {processor.py:743} INFO - Processing file /usr/local/python/3.10.4/lib/python3.10/site-packages/airflow/example_dags/example_short_circuit_decorator.py for tasks to queue
[2023-05-05T18:23:44.173+0000] {logging_mixin.py:137} INFO - [2023-05-05T18:23:44.173+0000] {dagbag.py:538} INFO - Filling up the DagBag from /usr/local/python/3.10.4/lib/python3.10/site-packages/airflow/example_dags/example_short_circuit_decorator.py
[2023-05-05T18:23:44.340+0000] {processor.py:753} INFO - DAG(s) dict_keys(['example_short_circuit_decorator']) retrieved from /usr/local/python/3.10.4/lib/python3.10/site-packages/airflow/example_dags/example_short_circuit_decorator.py
[2023-05-05T18:23:44.357+0000] {logging_mixin.py:137} INFO - [2023-05-05T18:23:44.357+0000] {dag.py:2690} INFO - Sync 1 DAGs
[2023-05-05T18:23:44.393+0000] {logging_mixin.py:137} INFO - [2023-05-05T18:23:44.393+0000] {dag.py:3437} INFO - Setting next_dagrun for example_short_circuit_decorator to 2023-05-04T18:23:44.391710+00:00, run_after=2023-05-05T18:23:44.391710+00:00
[2023-05-05T18:23:44.454+0000] {processor.py:175} INFO - Processing /usr/local/python/3.10.4/lib/python3.10/site-packages/airflow/example_dags/example_short_circuit_decorator.py took 0.286 seconds
[2023-05-05T18:24:21.205+0000] {processor.py:153} INFO - Started process (PID=5633) to work on /usr/local/python/3.10.4/lib/python3.10/site-packages/airflow/example_dags/example_short_circuit_decorator.py
[2023-05-05T18:24:21.206+0000] {processor.py:743} INFO - Processing file /usr/local/python/3.10.4/lib/python3.10/site-packages/airflow/example_dags/example_short_circuit_decorator.py for tasks to queue
[2023-05-05T18:24:21.207+0000] {logging_mixin.py:137} INFO - [2023-05-05T18:24:21.207+0000] {dagbag.py:538} INFO - Filling up the DagBag from /usr/local/python/3.10.4/lib/python3.10/site-packages/airflow/example_dags/example_short_circuit_decorator.py
[2023-05-05T18:24:21.234+0000] {processor.py:753} INFO - DAG(s) dict_keys(['example_short_circuit_decorator']) retrieved from /usr/local/python/3.10.4/lib/python3.10/site-packages/airflow/example_dags/example_short_circuit_decorator.py
[2023-05-05T18:24:21.253+0000] {logging_mixin.py:137} INFO - [2023-05-05T18:24:21.253+0000] {dag.py:2690} INFO - Sync 1 DAGs
[2023-05-05T18:24:21.271+0000] {logging_mixin.py:137} INFO - [2023-05-05T18:24:21.271+0000] {dag.py:3437} INFO - Setting next_dagrun for example_short_circuit_decorator to 2023-05-04T18:24:21.271625+00:00, run_after=2023-05-05T18:24:21.271625+00:00
[2023-05-05T18:24:21.324+0000] {processor.py:175} INFO - Processing /usr/local/python/3.10.4/lib/python3.10/site-packages/airflow/example_dags/example_short_circuit_decorator.py took 0.122 seconds
[2023-05-05T18:25:01.096+0000] {processor.py:153} INFO - Started process (PID=5949) to work on /usr/local/python/3.10.4/lib/python3.10/site-packages/airflow/example_dags/example_short_circuit_decorator.py
[2023-05-05T18:25:01.097+0000] {processor.py:743} INFO - Processing file /usr/local/python/3.10.4/lib/python3.10/site-packages/airflow/example_dags/example_short_circuit_decorator.py for tasks to queue
[2023-05-05T18:25:01.097+0000] {logging_mixin.py:137} INFO - [2023-05-05T18:25:01.097+0000] {dagbag.py:538} INFO - Filling up the DagBag from /usr/local/python/3.10.4/lib/python3.10/site-packages/airflow/example_dags/example_short_circuit_decorator.py
[2023-05-05T18:25:01.124+0000] {processor.py:753} INFO - DAG(s) dict_keys(['example_short_circuit_decorator']) retrieved from /usr/local/python/3.10.4/lib/python3.10/site-packages/airflow/example_dags/example_short_circuit_decorator.py
[2023-05-05T18:25:01.152+0000] {logging_mixin.py:137} INFO - [2023-05-05T18:25:01.152+0000] {dag.py:2690} INFO - Sync 1 DAGs
[2023-05-05T18:25:01.194+0000] {logging_mixin.py:137} INFO - [2023-05-05T18:25:01.194+0000] {dag.py:3437} INFO - Setting next_dagrun for example_short_circuit_decorator to 2023-05-04T18:25:01.194104+00:00, run_after=2023-05-05T18:25:01.194104+00:00
[2023-05-05T18:25:01.253+0000] {processor.py:175} INFO - Processing /usr/local/python/3.10.4/lib/python3.10/site-packages/airflow/example_dags/example_short_circuit_decorator.py took 0.161 seconds
[2023-05-05T18:25:44.886+0000] {processor.py:153} INFO - Started process (PID=6234) to work on /usr/local/python/3.10.4/lib/python3.10/site-packages/airflow/example_dags/example_short_circuit_decorator.py
[2023-05-05T18:25:44.888+0000] {processor.py:743} INFO - Processing file /usr/local/python/3.10.4/lib/python3.10/site-packages/airflow/example_dags/example_short_circuit_decorator.py for tasks to queue
[2023-05-05T18:25:44.889+0000] {logging_mixin.py:137} INFO - [2023-05-05T18:25:44.889+0000] {dagbag.py:538} INFO - Filling up the DagBag from /usr/local/python/3.10.4/lib/python3.10/site-packages/airflow/example_dags/example_short_circuit_decorator.py
[2023-05-05T18:25:44.942+0000] {processor.py:753} INFO - DAG(s) dict_keys(['example_short_circuit_decorator']) retrieved from /usr/local/python/3.10.4/lib/python3.10/site-packages/airflow/example_dags/example_short_circuit_decorator.py
[2023-05-05T18:25:44.966+0000] {logging_mixin.py:137} INFO - [2023-05-05T18:25:44.965+0000] {dag.py:2690} INFO - Sync 1 DAGs
[2023-05-05T18:25:44.986+0000] {logging_mixin.py:137} INFO - [2023-05-05T18:25:44.986+0000] {dag.py:3437} INFO - Setting next_dagrun for example_short_circuit_decorator to 2023-05-04T18:25:44.986196+00:00, run_after=2023-05-05T18:25:44.986196+00:00
[2023-05-05T18:25:45.043+0000] {processor.py:175} INFO - Processing /usr/local/python/3.10.4/lib/python3.10/site-packages/airflow/example_dags/example_short_circuit_decorator.py took 0.161 seconds
[2023-05-05T18:26:27.229+0000] {processor.py:153} INFO - Started process (PID=6554) to work on /usr/local/python/3.10.4/lib/python3.10/site-packages/airflow/example_dags/example_short_circuit_decorator.py
[2023-05-05T18:26:27.231+0000] {processor.py:743} INFO - Processing file /usr/local/python/3.10.4/lib/python3.10/site-packages/airflow/example_dags/example_short_circuit_decorator.py for tasks to queue
[2023-05-05T18:26:27.231+0000] {logging_mixin.py:137} INFO - [2023-05-05T18:26:27.231+0000] {dagbag.py:538} INFO - Filling up the DagBag from /usr/local/python/3.10.4/lib/python3.10/site-packages/airflow/example_dags/example_short_circuit_decorator.py
[2023-05-05T18:26:27.276+0000] {processor.py:753} INFO - DAG(s) dict_keys(['example_short_circuit_decorator']) retrieved from /usr/local/python/3.10.4/lib/python3.10/site-packages/airflow/example_dags/example_short_circuit_decorator.py
[2023-05-05T18:26:27.312+0000] {logging_mixin.py:137} INFO - [2023-05-05T18:26:27.312+0000] {dag.py:2690} INFO - Sync 1 DAGs
[2023-05-05T18:26:27.359+0000] {logging_mixin.py:137} INFO - [2023-05-05T18:26:27.359+0000] {dag.py:3437} INFO - Setting next_dagrun for example_short_circuit_decorator to 2023-05-04T18:26:27.359267+00:00, run_after=2023-05-05T18:26:27.359267+00:00
[2023-05-05T18:26:27.417+0000] {processor.py:175} INFO - Processing /usr/local/python/3.10.4/lib/python3.10/site-packages/airflow/example_dags/example_short_circuit_decorator.py took 0.192 seconds
[2023-05-05T18:27:06.185+0000] {processor.py:153} INFO - Started process (PID=6812) to work on /usr/local/python/3.10.4/lib/python3.10/site-packages/airflow/example_dags/example_short_circuit_decorator.py
[2023-05-05T18:27:06.187+0000] {processor.py:743} INFO - Processing file /usr/local/python/3.10.4/lib/python3.10/site-packages/airflow/example_dags/example_short_circuit_decorator.py for tasks to queue
[2023-05-05T18:27:06.187+0000] {logging_mixin.py:137} INFO - [2023-05-05T18:27:06.187+0000] {dagbag.py:538} INFO - Filling up the DagBag from /usr/local/python/3.10.4/lib/python3.10/site-packages/airflow/example_dags/example_short_circuit_decorator.py
[2023-05-05T18:27:06.214+0000] {processor.py:753} INFO - DAG(s) dict_keys(['example_short_circuit_decorator']) retrieved from /usr/local/python/3.10.4/lib/python3.10/site-packages/airflow/example_dags/example_short_circuit_decorator.py
[2023-05-05T18:27:06.233+0000] {logging_mixin.py:137} INFO - [2023-05-05T18:27:06.233+0000] {dag.py:2690} INFO - Sync 1 DAGs
[2023-05-05T18:27:06.256+0000] {logging_mixin.py:137} INFO - [2023-05-05T18:27:06.256+0000] {dag.py:3437} INFO - Setting next_dagrun for example_short_circuit_decorator to 2023-05-04T18:27:06.255756+00:00, run_after=2023-05-05T18:27:06.255756+00:00
[2023-05-05T18:27:06.318+0000] {processor.py:175} INFO - Processing /usr/local/python/3.10.4/lib/python3.10/site-packages/airflow/example_dags/example_short_circuit_decorator.py took 0.136 seconds
[2023-05-05T18:27:42.583+0000] {processor.py:153} INFO - Started process (PID=7087) to work on /usr/local/python/3.10.4/lib/python3.10/site-packages/airflow/example_dags/example_short_circuit_decorator.py
[2023-05-05T18:27:42.584+0000] {processor.py:743} INFO - Processing file /usr/local/python/3.10.4/lib/python3.10/site-packages/airflow/example_dags/example_short_circuit_decorator.py for tasks to queue
[2023-05-05T18:27:42.585+0000] {logging_mixin.py:137} INFO - [2023-05-05T18:27:42.584+0000] {dagbag.py:538} INFO - Filling up the DagBag from /usr/local/python/3.10.4/lib/python3.10/site-packages/airflow/example_dags/example_short_circuit_decorator.py
[2023-05-05T18:27:42.616+0000] {processor.py:753} INFO - DAG(s) dict_keys(['example_short_circuit_decorator']) retrieved from /usr/local/python/3.10.4/lib/python3.10/site-packages/airflow/example_dags/example_short_circuit_decorator.py
[2023-05-05T18:27:42.637+0000] {logging_mixin.py:137} INFO - [2023-05-05T18:27:42.636+0000] {dag.py:2690} INFO - Sync 1 DAGs
[2023-05-05T18:27:42.657+0000] {logging_mixin.py:137} INFO - [2023-05-05T18:27:42.657+0000] {dag.py:3437} INFO - Setting next_dagrun for example_short_circuit_decorator to 2023-05-04T18:27:42.656778+00:00, run_after=2023-05-05T18:27:42.656778+00:00
[2023-05-05T18:27:42.711+0000] {processor.py:175} INFO - Processing /usr/local/python/3.10.4/lib/python3.10/site-packages/airflow/example_dags/example_short_circuit_decorator.py took 0.132 seconds
[2023-05-05T18:28:28.812+0000] {processor.py:153} INFO - Started process (PID=7944) to work on /usr/local/python/3.10.4/lib/python3.10/site-packages/airflow/example_dags/example_short_circuit_decorator.py
[2023-05-05T18:28:28.814+0000] {processor.py:743} INFO - Processing file /usr/local/python/3.10.4/lib/python3.10/site-packages/airflow/example_dags/example_short_circuit_decorator.py for tasks to queue
[2023-05-05T18:28:28.815+0000] {logging_mixin.py:137} INFO - [2023-05-05T18:28:28.815+0000] {dagbag.py:538} INFO - Filling up the DagBag from /usr/local/python/3.10.4/lib/python3.10/site-packages/airflow/example_dags/example_short_circuit_decorator.py
[2023-05-05T18:28:28.842+0000] {processor.py:753} INFO - DAG(s) dict_keys(['example_short_circuit_decorator']) retrieved from /usr/local/python/3.10.4/lib/python3.10/site-packages/airflow/example_dags/example_short_circuit_decorator.py
[2023-05-05T18:28:28.862+0000] {logging_mixin.py:137} INFO - [2023-05-05T18:28:28.862+0000] {dag.py:2690} INFO - Sync 1 DAGs
[2023-05-05T18:28:28.882+0000] {logging_mixin.py:137} INFO - [2023-05-05T18:28:28.882+0000] {dag.py:3437} INFO - Setting next_dagrun for example_short_circuit_decorator to 2023-05-04T18:28:28.882232+00:00, run_after=2023-05-05T18:28:28.882232+00:00
[2023-05-05T18:28:28.936+0000] {processor.py:175} INFO - Processing /usr/local/python/3.10.4/lib/python3.10/site-packages/airflow/example_dags/example_short_circuit_decorator.py took 0.128 seconds
[2023-05-05T18:29:09.542+0000] {processor.py:153} INFO - Started process (PID=8222) to work on /usr/local/python/3.10.4/lib/python3.10/site-packages/airflow/example_dags/example_short_circuit_decorator.py
[2023-05-05T18:29:09.543+0000] {processor.py:743} INFO - Processing file /usr/local/python/3.10.4/lib/python3.10/site-packages/airflow/example_dags/example_short_circuit_decorator.py for tasks to queue
[2023-05-05T18:29:09.544+0000] {logging_mixin.py:137} INFO - [2023-05-05T18:29:09.544+0000] {dagbag.py:538} INFO - Filling up the DagBag from /usr/local/python/3.10.4/lib/python3.10/site-packages/airflow/example_dags/example_short_circuit_decorator.py
[2023-05-05T18:29:09.578+0000] {processor.py:753} INFO - DAG(s) dict_keys(['example_short_circuit_decorator']) retrieved from /usr/local/python/3.10.4/lib/python3.10/site-packages/airflow/example_dags/example_short_circuit_decorator.py
[2023-05-05T18:29:09.597+0000] {logging_mixin.py:137} INFO - [2023-05-05T18:29:09.596+0000] {dag.py:2690} INFO - Sync 1 DAGs
[2023-05-05T18:29:09.614+0000] {logging_mixin.py:137} INFO - [2023-05-05T18:29:09.614+0000] {dag.py:3437} INFO - Setting next_dagrun for example_short_circuit_decorator to 2023-05-04T18:29:09.614382+00:00, run_after=2023-05-05T18:29:09.614382+00:00
[2023-05-05T18:29:09.666+0000] {processor.py:175} INFO - Processing /usr/local/python/3.10.4/lib/python3.10/site-packages/airflow/example_dags/example_short_circuit_decorator.py took 0.129 seconds
[2023-05-05T18:29:50.564+0000] {processor.py:153} INFO - Started process (PID=8564) to work on /usr/local/python/3.10.4/lib/python3.10/site-packages/airflow/example_dags/example_short_circuit_decorator.py
[2023-05-05T18:29:50.566+0000] {processor.py:743} INFO - Processing file /usr/local/python/3.10.4/lib/python3.10/site-packages/airflow/example_dags/example_short_circuit_decorator.py for tasks to queue
[2023-05-05T18:29:50.566+0000] {logging_mixin.py:137} INFO - [2023-05-05T18:29:50.566+0000] {dagbag.py:538} INFO - Filling up the DagBag from /usr/local/python/3.10.4/lib/python3.10/site-packages/airflow/example_dags/example_short_circuit_decorator.py
[2023-05-05T18:29:50.599+0000] {processor.py:753} INFO - DAG(s) dict_keys(['example_short_circuit_decorator']) retrieved from /usr/local/python/3.10.4/lib/python3.10/site-packages/airflow/example_dags/example_short_circuit_decorator.py
[2023-05-05T18:29:50.617+0000] {logging_mixin.py:137} INFO - [2023-05-05T18:29:50.617+0000] {dag.py:2690} INFO - Sync 1 DAGs
[2023-05-05T18:29:50.635+0000] {logging_mixin.py:137} INFO - [2023-05-05T18:29:50.634+0000] {dag.py:3437} INFO - Setting next_dagrun for example_short_circuit_decorator to 2023-05-04T18:29:50.634713+00:00, run_after=2023-05-05T18:29:50.634713+00:00
[2023-05-05T18:29:50.706+0000] {processor.py:175} INFO - Processing /usr/local/python/3.10.4/lib/python3.10/site-packages/airflow/example_dags/example_short_circuit_decorator.py took 0.145 seconds
[2023-05-05T18:30:26.177+0000] {processor.py:153} INFO - Started process (PID=8914) to work on /usr/local/python/3.10.4/lib/python3.10/site-packages/airflow/example_dags/example_short_circuit_decorator.py
[2023-05-05T18:30:26.178+0000] {processor.py:743} INFO - Processing file /usr/local/python/3.10.4/lib/python3.10/site-packages/airflow/example_dags/example_short_circuit_decorator.py for tasks to queue
[2023-05-05T18:30:26.179+0000] {logging_mixin.py:137} INFO - [2023-05-05T18:30:26.179+0000] {dagbag.py:538} INFO - Filling up the DagBag from /usr/local/python/3.10.4/lib/python3.10/site-packages/airflow/example_dags/example_short_circuit_decorator.py
[2023-05-05T18:30:26.212+0000] {processor.py:753} INFO - DAG(s) dict_keys(['example_short_circuit_decorator']) retrieved from /usr/local/python/3.10.4/lib/python3.10/site-packages/airflow/example_dags/example_short_circuit_decorator.py
[2023-05-05T18:30:26.232+0000] {logging_mixin.py:137} INFO - [2023-05-05T18:30:26.232+0000] {dag.py:2690} INFO - Sync 1 DAGs
[2023-05-05T18:30:26.251+0000] {logging_mixin.py:137} INFO - [2023-05-05T18:30:26.251+0000] {dag.py:3437} INFO - Setting next_dagrun for example_short_circuit_decorator to 2023-05-04T18:30:26.250813+00:00, run_after=2023-05-05T18:30:26.250813+00:00
[2023-05-05T18:30:26.308+0000] {processor.py:175} INFO - Processing /usr/local/python/3.10.4/lib/python3.10/site-packages/airflow/example_dags/example_short_circuit_decorator.py took 0.135 seconds
[2023-05-05T18:31:06.397+0000] {processor.py:153} INFO - Started process (PID=9256) to work on /usr/local/python/3.10.4/lib/python3.10/site-packages/airflow/example_dags/example_short_circuit_decorator.py
[2023-05-05T18:31:06.400+0000] {processor.py:743} INFO - Processing file /usr/local/python/3.10.4/lib/python3.10/site-packages/airflow/example_dags/example_short_circuit_decorator.py for tasks to queue
[2023-05-05T18:31:06.401+0000] {logging_mixin.py:137} INFO - [2023-05-05T18:31:06.400+0000] {dagbag.py:538} INFO - Filling up the DagBag from /usr/local/python/3.10.4/lib/python3.10/site-packages/airflow/example_dags/example_short_circuit_decorator.py
[2023-05-05T18:31:06.428+0000] {processor.py:753} INFO - DAG(s) dict_keys(['example_short_circuit_decorator']) retrieved from /usr/local/python/3.10.4/lib/python3.10/site-packages/airflow/example_dags/example_short_circuit_decorator.py
[2023-05-05T18:31:06.447+0000] {logging_mixin.py:137} INFO - [2023-05-05T18:31:06.447+0000] {dag.py:2690} INFO - Sync 1 DAGs
[2023-05-05T18:31:06.466+0000] {logging_mixin.py:137} INFO - [2023-05-05T18:31:06.466+0000] {dag.py:3437} INFO - Setting next_dagrun for example_short_circuit_decorator to 2023-05-04T18:31:06.466129+00:00, run_after=2023-05-05T18:31:06.466129+00:00
[2023-05-05T18:31:06.522+0000] {processor.py:175} INFO - Processing /usr/local/python/3.10.4/lib/python3.10/site-packages/airflow/example_dags/example_short_circuit_decorator.py took 0.129 seconds
[2023-05-05T18:31:41.880+0000] {processor.py:153} INFO - Started process (PID=9598) to work on /usr/local/python/3.10.4/lib/python3.10/site-packages/airflow/example_dags/example_short_circuit_decorator.py
[2023-05-05T18:31:41.881+0000] {processor.py:743} INFO - Processing file /usr/local/python/3.10.4/lib/python3.10/site-packages/airflow/example_dags/example_short_circuit_decorator.py for tasks to queue
[2023-05-05T18:31:41.882+0000] {logging_mixin.py:137} INFO - [2023-05-05T18:31:41.881+0000] {dagbag.py:538} INFO - Filling up the DagBag from /usr/local/python/3.10.4/lib/python3.10/site-packages/airflow/example_dags/example_short_circuit_decorator.py
[2023-05-05T18:31:41.908+0000] {processor.py:753} INFO - DAG(s) dict_keys(['example_short_circuit_decorator']) retrieved from /usr/local/python/3.10.4/lib/python3.10/site-packages/airflow/example_dags/example_short_circuit_decorator.py
[2023-05-05T18:31:41.928+0000] {logging_mixin.py:137} INFO - [2023-05-05T18:31:41.928+0000] {dag.py:2690} INFO - Sync 1 DAGs
[2023-05-05T18:31:41.948+0000] {logging_mixin.py:137} INFO - [2023-05-05T18:31:41.948+0000] {dag.py:3437} INFO - Setting next_dagrun for example_short_circuit_decorator to 2023-05-04T18:31:41.947863+00:00, run_after=2023-05-05T18:31:41.947863+00:00
[2023-05-05T18:31:42.002+0000] {processor.py:175} INFO - Processing /usr/local/python/3.10.4/lib/python3.10/site-packages/airflow/example_dags/example_short_circuit_decorator.py took 0.126 seconds
[2023-05-05T18:32:19.583+0000] {processor.py:153} INFO - Started process (PID=10010) to work on /usr/local/python/3.10.4/lib/python3.10/site-packages/airflow/example_dags/example_short_circuit_decorator.py
[2023-05-05T18:32:19.588+0000] {processor.py:743} INFO - Processing file /usr/local/python/3.10.4/lib/python3.10/site-packages/airflow/example_dags/example_short_circuit_decorator.py for tasks to queue
[2023-05-05T18:32:19.589+0000] {logging_mixin.py:137} INFO - [2023-05-05T18:32:19.589+0000] {dagbag.py:538} INFO - Filling up the DagBag from /usr/local/python/3.10.4/lib/python3.10/site-packages/airflow/example_dags/example_short_circuit_decorator.py
[2023-05-05T18:32:19.667+0000] {processor.py:753} INFO - DAG(s) dict_keys(['example_short_circuit_decorator']) retrieved from /usr/local/python/3.10.4/lib/python3.10/site-packages/airflow/example_dags/example_short_circuit_decorator.py
[2023-05-05T18:32:19.743+0000] {logging_mixin.py:137} INFO - [2023-05-05T18:32:19.742+0000] {dag.py:2690} INFO - Sync 1 DAGs
[2023-05-05T18:32:19.769+0000] {logging_mixin.py:137} INFO - [2023-05-05T18:32:19.769+0000] {dag.py:3437} INFO - Setting next_dagrun for example_short_circuit_decorator to 2023-05-04T18:32:19.769114+00:00, run_after=2023-05-05T18:32:19.769114+00:00
[2023-05-05T18:32:19.851+0000] {processor.py:175} INFO - Processing /usr/local/python/3.10.4/lib/python3.10/site-packages/airflow/example_dags/example_short_circuit_decorator.py took 0.284 seconds
[2023-05-05T18:33:01.625+0000] {processor.py:153} INFO - Started process (PID=10350) to work on /usr/local/python/3.10.4/lib/python3.10/site-packages/airflow/example_dags/example_short_circuit_decorator.py
[2023-05-05T18:33:01.627+0000] {processor.py:743} INFO - Processing file /usr/local/python/3.10.4/lib/python3.10/site-packages/airflow/example_dags/example_short_circuit_decorator.py for tasks to queue
[2023-05-05T18:33:01.627+0000] {logging_mixin.py:137} INFO - [2023-05-05T18:33:01.627+0000] {dagbag.py:538} INFO - Filling up the DagBag from /usr/local/python/3.10.4/lib/python3.10/site-packages/airflow/example_dags/example_short_circuit_decorator.py
[2023-05-05T18:33:01.655+0000] {processor.py:753} INFO - DAG(s) dict_keys(['example_short_circuit_decorator']) retrieved from /usr/local/python/3.10.4/lib/python3.10/site-packages/airflow/example_dags/example_short_circuit_decorator.py
[2023-05-05T18:33:01.674+0000] {logging_mixin.py:137} INFO - [2023-05-05T18:33:01.674+0000] {dag.py:2690} INFO - Sync 1 DAGs
[2023-05-05T18:33:01.693+0000] {logging_mixin.py:137} INFO - [2023-05-05T18:33:01.693+0000] {dag.py:3437} INFO - Setting next_dagrun for example_short_circuit_decorator to 2023-05-04T18:33:01.693353+00:00, run_after=2023-05-05T18:33:01.693353+00:00
[2023-05-05T18:33:01.748+0000] {processor.py:175} INFO - Processing /usr/local/python/3.10.4/lib/python3.10/site-packages/airflow/example_dags/example_short_circuit_decorator.py took 0.127 seconds
[2023-05-05T18:33:38.412+0000] {processor.py:153} INFO - Started process (PID=10678) to work on /usr/local/python/3.10.4/lib/python3.10/site-packages/airflow/example_dags/example_short_circuit_decorator.py
[2023-05-05T18:33:38.413+0000] {processor.py:743} INFO - Processing file /usr/local/python/3.10.4/lib/python3.10/site-packages/airflow/example_dags/example_short_circuit_decorator.py for tasks to queue
[2023-05-05T18:33:38.413+0000] {logging_mixin.py:137} INFO - [2023-05-05T18:33:38.413+0000] {dagbag.py:538} INFO - Filling up the DagBag from /usr/local/python/3.10.4/lib/python3.10/site-packages/airflow/example_dags/example_short_circuit_decorator.py
[2023-05-05T18:33:38.440+0000] {processor.py:753} INFO - DAG(s) dict_keys(['example_short_circuit_decorator']) retrieved from /usr/local/python/3.10.4/lib/python3.10/site-packages/airflow/example_dags/example_short_circuit_decorator.py
[2023-05-05T18:33:38.458+0000] {logging_mixin.py:137} INFO - [2023-05-05T18:33:38.458+0000] {dag.py:2690} INFO - Sync 1 DAGs
[2023-05-05T18:33:38.477+0000] {logging_mixin.py:137} INFO - [2023-05-05T18:33:38.477+0000] {dag.py:3437} INFO - Setting next_dagrun for example_short_circuit_decorator to 2023-05-04T18:33:38.477561+00:00, run_after=2023-05-05T18:33:38.477561+00:00
[2023-05-05T18:33:38.545+0000] {processor.py:175} INFO - Processing /usr/local/python/3.10.4/lib/python3.10/site-packages/airflow/example_dags/example_short_circuit_decorator.py took 0.137 seconds
[2023-05-05T18:34:16.367+0000] {processor.py:153} INFO - Started process (PID=11056) to work on /usr/local/python/3.10.4/lib/python3.10/site-packages/airflow/example_dags/example_short_circuit_decorator.py
[2023-05-05T18:34:16.368+0000] {processor.py:743} INFO - Processing file /usr/local/python/3.10.4/lib/python3.10/site-packages/airflow/example_dags/example_short_circuit_decorator.py for tasks to queue
[2023-05-05T18:34:16.369+0000] {logging_mixin.py:137} INFO - [2023-05-05T18:34:16.369+0000] {dagbag.py:538} INFO - Filling up the DagBag from /usr/local/python/3.10.4/lib/python3.10/site-packages/airflow/example_dags/example_short_circuit_decorator.py
[2023-05-05T18:34:16.396+0000] {processor.py:753} INFO - DAG(s) dict_keys(['example_short_circuit_decorator']) retrieved from /usr/local/python/3.10.4/lib/python3.10/site-packages/airflow/example_dags/example_short_circuit_decorator.py
[2023-05-05T18:34:16.415+0000] {logging_mixin.py:137} INFO - [2023-05-05T18:34:16.415+0000] {dag.py:2690} INFO - Sync 1 DAGs
[2023-05-05T18:34:16.434+0000] {logging_mixin.py:137} INFO - [2023-05-05T18:34:16.434+0000] {dag.py:3437} INFO - Setting next_dagrun for example_short_circuit_decorator to 2023-05-04T18:34:16.434119+00:00, run_after=2023-05-05T18:34:16.434119+00:00
[2023-05-05T18:34:16.491+0000] {processor.py:175} INFO - Processing /usr/local/python/3.10.4/lib/python3.10/site-packages/airflow/example_dags/example_short_circuit_decorator.py took 0.127 seconds
