[2023-05-05T18:22:25.915+0000] {processor.py:153} INFO - Started process (PID=4857) to work on /usr/local/python/3.10.4/lib/python3.10/site-packages/airflow/example_dags/example_datasets.py
[2023-05-05T18:22:25.916+0000] {processor.py:743} INFO - Processing file /usr/local/python/3.10.4/lib/python3.10/site-packages/airflow/example_dags/example_datasets.py for tasks to queue
[2023-05-05T18:22:25.916+0000] {logging_mixin.py:137} INFO - [2023-05-05T18:22:25.916+0000] {dagbag.py:538} INFO - Filling up the DagBag from /usr/local/python/3.10.4/lib/python3.10/site-packages/airflow/example_dags/example_datasets.py
[2023-05-05T18:22:25.936+0000] {processor.py:753} INFO - DAG(s) dict_keys(['dataset_consumes_unknown_never_scheduled', 'dataset_consumes_1_and_2', 'dataset_consumes_1', 'dataset_produces_1', 'dataset_produces_2', 'dataset_consumes_1_never_scheduled']) retrieved from /usr/local/python/3.10.4/lib/python3.10/site-packages/airflow/example_dags/example_datasets.py
[2023-05-05T18:22:26.125+0000] {logging_mixin.py:137} INFO - [2023-05-05T18:22:26.124+0000] {manager.py:504} INFO - Created Permission View: can delete on DAG:dataset_consumes_unknown_never_scheduled
[2023-05-05T18:22:26.175+0000] {logging_mixin.py:137} INFO - [2023-05-05T18:22:26.175+0000] {manager.py:504} INFO - Created Permission View: can read on DAG:dataset_consumes_unknown_never_scheduled
[2023-05-05T18:22:26.220+0000] {logging_mixin.py:137} INFO - [2023-05-05T18:22:26.220+0000] {manager.py:504} INFO - Created Permission View: can edit on DAG:dataset_consumes_unknown_never_scheduled
[2023-05-05T18:22:26.323+0000] {logging_mixin.py:137} INFO - [2023-05-05T18:22:26.323+0000] {manager.py:504} INFO - Created Permission View: can delete on DAG:dataset_consumes_1_and_2
[2023-05-05T18:22:26.386+0000] {logging_mixin.py:137} INFO - [2023-05-05T18:22:26.386+0000] {manager.py:504} INFO - Created Permission View: can read on DAG:dataset_consumes_1_and_2
[2023-05-05T18:22:26.428+0000] {logging_mixin.py:137} INFO - [2023-05-05T18:22:26.427+0000] {manager.py:504} INFO - Created Permission View: can edit on DAG:dataset_consumes_1_and_2
[2023-05-05T18:22:26.512+0000] {logging_mixin.py:137} INFO - [2023-05-05T18:22:26.512+0000] {manager.py:504} INFO - Created Permission View: can delete on DAG:dataset_consumes_1
[2023-05-05T18:22:26.558+0000] {logging_mixin.py:137} INFO - [2023-05-05T18:22:26.558+0000] {manager.py:504} INFO - Created Permission View: can read on DAG:dataset_consumes_1
[2023-05-05T18:22:26.603+0000] {logging_mixin.py:137} INFO - [2023-05-05T18:22:26.603+0000] {manager.py:504} INFO - Created Permission View: can edit on DAG:dataset_consumes_1
[2023-05-05T18:22:26.722+0000] {logging_mixin.py:137} INFO - [2023-05-05T18:22:26.722+0000] {manager.py:504} INFO - Created Permission View: can delete on DAG:dataset_produces_1
[2023-05-05T18:22:26.767+0000] {logging_mixin.py:137} INFO - [2023-05-05T18:22:26.766+0000] {manager.py:504} INFO - Created Permission View: can read on DAG:dataset_produces_1
[2023-05-05T18:22:26.820+0000] {logging_mixin.py:137} INFO - [2023-05-05T18:22:26.819+0000] {manager.py:504} INFO - Created Permission View: can edit on DAG:dataset_produces_1
[2023-05-05T18:22:26.911+0000] {logging_mixin.py:137} INFO - [2023-05-05T18:22:26.911+0000] {manager.py:504} INFO - Created Permission View: can delete on DAG:dataset_produces_2
[2023-05-05T18:22:26.968+0000] {logging_mixin.py:137} INFO - [2023-05-05T18:22:26.968+0000] {manager.py:504} INFO - Created Permission View: can read on DAG:dataset_produces_2
[2023-05-05T18:22:27.011+0000] {logging_mixin.py:137} INFO - [2023-05-05T18:22:27.011+0000] {manager.py:504} INFO - Created Permission View: can edit on DAG:dataset_produces_2
[2023-05-05T18:22:27.113+0000] {logging_mixin.py:137} INFO - [2023-05-05T18:22:27.113+0000] {manager.py:504} INFO - Created Permission View: can delete on DAG:dataset_consumes_1_never_scheduled
[2023-05-05T18:22:27.158+0000] {logging_mixin.py:137} INFO - [2023-05-05T18:22:27.158+0000] {manager.py:504} INFO - Created Permission View: can read on DAG:dataset_consumes_1_never_scheduled
[2023-05-05T18:22:27.224+0000] {logging_mixin.py:137} INFO - [2023-05-05T18:22:27.224+0000] {manager.py:504} INFO - Created Permission View: can edit on DAG:dataset_consumes_1_never_scheduled
[2023-05-05T18:22:27.224+0000] {logging_mixin.py:137} INFO - [2023-05-05T18:22:27.224+0000] {dag.py:2690} INFO - Sync 6 DAGs
[2023-05-05T18:22:27.234+0000] {logging_mixin.py:137} INFO - [2023-05-05T18:22:27.233+0000] {dag.py:2711} INFO - Creating ORM DAG for dataset_consumes_1_and_2
[2023-05-05T18:22:27.234+0000] {logging_mixin.py:137} INFO - [2023-05-05T18:22:27.234+0000] {dag.py:2711} INFO - Creating ORM DAG for dataset_consumes_1_never_scheduled
[2023-05-05T18:22:27.235+0000] {logging_mixin.py:137} INFO - [2023-05-05T18:22:27.235+0000] {dag.py:2711} INFO - Creating ORM DAG for dataset_produces_1
[2023-05-05T18:22:27.235+0000] {logging_mixin.py:137} INFO - [2023-05-05T18:22:27.235+0000] {dag.py:2711} INFO - Creating ORM DAG for dataset_produces_2
[2023-05-05T18:22:27.236+0000] {logging_mixin.py:137} INFO - [2023-05-05T18:22:27.236+0000] {dag.py:2711} INFO - Creating ORM DAG for dataset_consumes_unknown_never_scheduled
[2023-05-05T18:22:27.236+0000] {logging_mixin.py:137} INFO - [2023-05-05T18:22:27.236+0000] {dag.py:2711} INFO - Creating ORM DAG for dataset_consumes_1
[2023-05-05T18:22:27.244+0000] {logging_mixin.py:137} INFO - [2023-05-05T18:22:27.244+0000] {dag.py:3437} INFO - Setting next_dagrun for dataset_consumes_1 to None, run_after=None
[2023-05-05T18:22:27.244+0000] {logging_mixin.py:137} INFO - [2023-05-05T18:22:27.244+0000] {dag.py:3437} INFO - Setting next_dagrun for dataset_consumes_1_and_2 to None, run_after=None
[2023-05-05T18:22:27.245+0000] {logging_mixin.py:137} INFO - [2023-05-05T18:22:27.245+0000] {dag.py:3437} INFO - Setting next_dagrun for dataset_consumes_1_never_scheduled to None, run_after=None
[2023-05-05T18:22:27.245+0000] {logging_mixin.py:137} INFO - [2023-05-05T18:22:27.245+0000] {dag.py:3437} INFO - Setting next_dagrun for dataset_consumes_unknown_never_scheduled to None, run_after=None
[2023-05-05T18:22:27.247+0000] {logging_mixin.py:137} INFO - [2023-05-05T18:22:27.247+0000] {dag.py:3437} INFO - Setting next_dagrun for dataset_produces_1 to 2023-05-04T00:00:00+00:00, run_after=2023-05-05T00:00:00+00:00
[2023-05-05T18:22:27.248+0000] {logging_mixin.py:137} INFO - [2023-05-05T18:22:27.248+0000] {dag.py:3437} INFO - Setting next_dagrun for dataset_produces_2 to None, run_after=None
[2023-05-05T18:22:27.467+0000] {processor.py:175} INFO - Processing /usr/local/python/3.10.4/lib/python3.10/site-packages/airflow/example_dags/example_datasets.py took 1.556 seconds
[2023-05-05T18:23:15.864+0000] {processor.py:153} INFO - Started process (PID=5206) to work on /usr/local/python/3.10.4/lib/python3.10/site-packages/airflow/example_dags/example_datasets.py
[2023-05-05T18:23:15.866+0000] {processor.py:743} INFO - Processing file /usr/local/python/3.10.4/lib/python3.10/site-packages/airflow/example_dags/example_datasets.py for tasks to queue
[2023-05-05T18:23:15.866+0000] {logging_mixin.py:137} INFO - [2023-05-05T18:23:15.866+0000] {dagbag.py:538} INFO - Filling up the DagBag from /usr/local/python/3.10.4/lib/python3.10/site-packages/airflow/example_dags/example_datasets.py
[2023-05-05T18:23:15.884+0000] {processor.py:753} INFO - DAG(s) dict_keys(['dataset_consumes_1', 'dataset_consumes_unknown_never_scheduled', 'dataset_produces_1', 'dataset_produces_2', 'dataset_consumes_1_and_2', 'dataset_consumes_1_never_scheduled']) retrieved from /usr/local/python/3.10.4/lib/python3.10/site-packages/airflow/example_dags/example_datasets.py
[2023-05-05T18:23:15.913+0000] {logging_mixin.py:137} INFO - [2023-05-05T18:23:15.913+0000] {dag.py:2690} INFO - Sync 6 DAGs
[2023-05-05T18:23:15.931+0000] {logging_mixin.py:137} INFO - [2023-05-05T18:23:15.931+0000] {dag.py:3437} INFO - Setting next_dagrun for dataset_consumes_1 to None, run_after=None
[2023-05-05T18:23:15.935+0000] {logging_mixin.py:137} INFO - [2023-05-05T18:23:15.935+0000] {dag.py:3437} INFO - Setting next_dagrun for dataset_consumes_1_and_2 to None, run_after=None
[2023-05-05T18:23:15.936+0000] {logging_mixin.py:137} INFO - [2023-05-05T18:23:15.936+0000] {dag.py:3437} INFO - Setting next_dagrun for dataset_consumes_1_never_scheduled to None, run_after=None
[2023-05-05T18:23:15.937+0000] {logging_mixin.py:137} INFO - [2023-05-05T18:23:15.937+0000] {dag.py:3437} INFO - Setting next_dagrun for dataset_consumes_unknown_never_scheduled to None, run_after=None
[2023-05-05T18:23:15.939+0000] {logging_mixin.py:137} INFO - [2023-05-05T18:23:15.939+0000] {dag.py:3437} INFO - Setting next_dagrun for dataset_produces_1 to 2023-05-04T00:00:00+00:00, run_after=2023-05-05T00:00:00+00:00
[2023-05-05T18:23:15.940+0000] {logging_mixin.py:137} INFO - [2023-05-05T18:23:15.940+0000] {dag.py:3437} INFO - Setting next_dagrun for dataset_produces_2 to None, run_after=None
[2023-05-05T18:23:16.157+0000] {processor.py:175} INFO - Processing /usr/local/python/3.10.4/lib/python3.10/site-packages/airflow/example_dags/example_datasets.py took 0.296 seconds
[2023-05-05T18:24:12.228+0000] {processor.py:153} INFO - Started process (PID=5572) to work on /usr/local/python/3.10.4/lib/python3.10/site-packages/airflow/example_dags/example_datasets.py
[2023-05-05T18:24:12.229+0000] {processor.py:743} INFO - Processing file /usr/local/python/3.10.4/lib/python3.10/site-packages/airflow/example_dags/example_datasets.py for tasks to queue
[2023-05-05T18:24:12.230+0000] {logging_mixin.py:137} INFO - [2023-05-05T18:24:12.230+0000] {dagbag.py:538} INFO - Filling up the DagBag from /usr/local/python/3.10.4/lib/python3.10/site-packages/airflow/example_dags/example_datasets.py
[2023-05-05T18:24:12.248+0000] {processor.py:753} INFO - DAG(s) dict_keys(['dataset_consumes_1_never_scheduled', 'dataset_produces_1', 'dataset_consumes_1', 'dataset_consumes_1_and_2', 'dataset_produces_2', 'dataset_consumes_unknown_never_scheduled']) retrieved from /usr/local/python/3.10.4/lib/python3.10/site-packages/airflow/example_dags/example_datasets.py
[2023-05-05T18:24:12.276+0000] {logging_mixin.py:137} INFO - [2023-05-05T18:24:12.276+0000] {dag.py:2690} INFO - Sync 6 DAGs
[2023-05-05T18:24:12.294+0000] {logging_mixin.py:137} INFO - [2023-05-05T18:24:12.294+0000] {dag.py:3437} INFO - Setting next_dagrun for dataset_consumes_1 to None, run_after=None
[2023-05-05T18:24:12.297+0000] {logging_mixin.py:137} INFO - [2023-05-05T18:24:12.297+0000] {dag.py:3437} INFO - Setting next_dagrun for dataset_consumes_1_and_2 to None, run_after=None
[2023-05-05T18:24:12.298+0000] {logging_mixin.py:137} INFO - [2023-05-05T18:24:12.298+0000] {dag.py:3437} INFO - Setting next_dagrun for dataset_consumes_1_never_scheduled to None, run_after=None
[2023-05-05T18:24:12.299+0000] {logging_mixin.py:137} INFO - [2023-05-05T18:24:12.298+0000] {dag.py:3437} INFO - Setting next_dagrun for dataset_consumes_unknown_never_scheduled to None, run_after=None
[2023-05-05T18:24:12.301+0000] {logging_mixin.py:137} INFO - [2023-05-05T18:24:12.301+0000] {dag.py:3437} INFO - Setting next_dagrun for dataset_produces_1 to 2023-05-04T00:00:00+00:00, run_after=2023-05-05T00:00:00+00:00
[2023-05-05T18:24:12.302+0000] {logging_mixin.py:137} INFO - [2023-05-05T18:24:12.302+0000] {dag.py:3437} INFO - Setting next_dagrun for dataset_produces_2 to None, run_after=None
[2023-05-05T18:24:12.363+0000] {processor.py:175} INFO - Processing /usr/local/python/3.10.4/lib/python3.10/site-packages/airflow/example_dags/example_datasets.py took 0.138 seconds
[2023-05-05T18:24:53.356+0000] {processor.py:153} INFO - Started process (PID=5893) to work on /usr/local/python/3.10.4/lib/python3.10/site-packages/airflow/example_dags/example_datasets.py
[2023-05-05T18:24:53.358+0000] {processor.py:743} INFO - Processing file /usr/local/python/3.10.4/lib/python3.10/site-packages/airflow/example_dags/example_datasets.py for tasks to queue
[2023-05-05T18:24:53.358+0000] {logging_mixin.py:137} INFO - [2023-05-05T18:24:53.358+0000] {dagbag.py:538} INFO - Filling up the DagBag from /usr/local/python/3.10.4/lib/python3.10/site-packages/airflow/example_dags/example_datasets.py
[2023-05-05T18:24:53.376+0000] {processor.py:753} INFO - DAG(s) dict_keys(['dataset_consumes_1_never_scheduled', 'dataset_produces_1', 'dataset_produces_2', 'dataset_consumes_1', 'dataset_consumes_unknown_never_scheduled', 'dataset_consumes_1_and_2']) retrieved from /usr/local/python/3.10.4/lib/python3.10/site-packages/airflow/example_dags/example_datasets.py
[2023-05-05T18:24:53.438+0000] {logging_mixin.py:137} INFO - [2023-05-05T18:24:53.437+0000] {dag.py:2690} INFO - Sync 6 DAGs
[2023-05-05T18:24:53.480+0000] {logging_mixin.py:137} INFO - [2023-05-05T18:24:53.480+0000] {dag.py:3437} INFO - Setting next_dagrun for dataset_consumes_1 to None, run_after=None
[2023-05-05T18:24:53.484+0000] {logging_mixin.py:137} INFO - [2023-05-05T18:24:53.484+0000] {dag.py:3437} INFO - Setting next_dagrun for dataset_consumes_1_and_2 to None, run_after=None
[2023-05-05T18:24:53.486+0000] {logging_mixin.py:137} INFO - [2023-05-05T18:24:53.486+0000] {dag.py:3437} INFO - Setting next_dagrun for dataset_consumes_1_never_scheduled to None, run_after=None
[2023-05-05T18:24:53.487+0000] {logging_mixin.py:137} INFO - [2023-05-05T18:24:53.487+0000] {dag.py:3437} INFO - Setting next_dagrun for dataset_consumes_unknown_never_scheduled to None, run_after=None
[2023-05-05T18:24:53.489+0000] {logging_mixin.py:137} INFO - [2023-05-05T18:24:53.489+0000] {dag.py:3437} INFO - Setting next_dagrun for dataset_produces_1 to 2023-05-04T00:00:00+00:00, run_after=2023-05-05T00:00:00+00:00
[2023-05-05T18:24:53.490+0000] {logging_mixin.py:137} INFO - [2023-05-05T18:24:53.490+0000] {dag.py:3437} INFO - Setting next_dagrun for dataset_produces_2 to None, run_after=None
[2023-05-05T18:24:53.551+0000] {processor.py:175} INFO - Processing /usr/local/python/3.10.4/lib/python3.10/site-packages/airflow/example_dags/example_datasets.py took 0.198 seconds
[2023-05-05T18:25:47.618+0000] {processor.py:153} INFO - Started process (PID=6274) to work on /usr/local/python/3.10.4/lib/python3.10/site-packages/airflow/example_dags/example_datasets.py
[2023-05-05T18:25:47.619+0000] {processor.py:743} INFO - Processing file /usr/local/python/3.10.4/lib/python3.10/site-packages/airflow/example_dags/example_datasets.py for tasks to queue
[2023-05-05T18:25:47.620+0000] {logging_mixin.py:137} INFO - [2023-05-05T18:25:47.619+0000] {dagbag.py:538} INFO - Filling up the DagBag from /usr/local/python/3.10.4/lib/python3.10/site-packages/airflow/example_dags/example_datasets.py
[2023-05-05T18:25:47.638+0000] {processor.py:753} INFO - DAG(s) dict_keys(['dataset_consumes_unknown_never_scheduled', 'dataset_produces_1', 'dataset_consumes_1_and_2', 'dataset_produces_2', 'dataset_consumes_1_never_scheduled', 'dataset_consumes_1']) retrieved from /usr/local/python/3.10.4/lib/python3.10/site-packages/airflow/example_dags/example_datasets.py
[2023-05-05T18:25:47.668+0000] {logging_mixin.py:137} INFO - [2023-05-05T18:25:47.668+0000] {dag.py:2690} INFO - Sync 6 DAGs
[2023-05-05T18:25:47.688+0000] {logging_mixin.py:137} INFO - [2023-05-05T18:25:47.688+0000] {dag.py:3437} INFO - Setting next_dagrun for dataset_consumes_1 to None, run_after=None
[2023-05-05T18:25:47.691+0000] {logging_mixin.py:137} INFO - [2023-05-05T18:25:47.691+0000] {dag.py:3437} INFO - Setting next_dagrun for dataset_consumes_1_and_2 to None, run_after=None
[2023-05-05T18:25:47.692+0000] {logging_mixin.py:137} INFO - [2023-05-05T18:25:47.692+0000] {dag.py:3437} INFO - Setting next_dagrun for dataset_consumes_1_never_scheduled to None, run_after=None
[2023-05-05T18:25:47.693+0000] {logging_mixin.py:137} INFO - [2023-05-05T18:25:47.693+0000] {dag.py:3437} INFO - Setting next_dagrun for dataset_consumes_unknown_never_scheduled to None, run_after=None
[2023-05-05T18:25:47.695+0000] {logging_mixin.py:137} INFO - [2023-05-05T18:25:47.695+0000] {dag.py:3437} INFO - Setting next_dagrun for dataset_produces_1 to 2023-05-04T00:00:00+00:00, run_after=2023-05-05T00:00:00+00:00
[2023-05-05T18:25:47.697+0000] {logging_mixin.py:137} INFO - [2023-05-05T18:25:47.696+0000] {dag.py:3437} INFO - Setting next_dagrun for dataset_produces_2 to None, run_after=None
[2023-05-05T18:25:47.759+0000] {processor.py:175} INFO - Processing /usr/local/python/3.10.4/lib/python3.10/site-packages/airflow/example_dags/example_datasets.py took 0.145 seconds
[2023-05-05T18:26:31.040+0000] {processor.py:153} INFO - Started process (PID=6579) to work on /usr/local/python/3.10.4/lib/python3.10/site-packages/airflow/example_dags/example_datasets.py
[2023-05-05T18:26:31.041+0000] {processor.py:743} INFO - Processing file /usr/local/python/3.10.4/lib/python3.10/site-packages/airflow/example_dags/example_datasets.py for tasks to queue
[2023-05-05T18:26:31.042+0000] {logging_mixin.py:137} INFO - [2023-05-05T18:26:31.042+0000] {dagbag.py:538} INFO - Filling up the DagBag from /usr/local/python/3.10.4/lib/python3.10/site-packages/airflow/example_dags/example_datasets.py
[2023-05-05T18:26:31.060+0000] {processor.py:753} INFO - DAG(s) dict_keys(['dataset_consumes_unknown_never_scheduled', 'dataset_consumes_1_and_2', 'dataset_consumes_1', 'dataset_produces_1', 'dataset_produces_2', 'dataset_consumes_1_never_scheduled']) retrieved from /usr/local/python/3.10.4/lib/python3.10/site-packages/airflow/example_dags/example_datasets.py
[2023-05-05T18:26:31.089+0000] {logging_mixin.py:137} INFO - [2023-05-05T18:26:31.089+0000] {dag.py:2690} INFO - Sync 6 DAGs
[2023-05-05T18:26:31.108+0000] {logging_mixin.py:137} INFO - [2023-05-05T18:26:31.108+0000] {dag.py:3437} INFO - Setting next_dagrun for dataset_consumes_1 to None, run_after=None
[2023-05-05T18:26:31.111+0000] {logging_mixin.py:137} INFO - [2023-05-05T18:26:31.111+0000] {dag.py:3437} INFO - Setting next_dagrun for dataset_consumes_1_and_2 to None, run_after=None
[2023-05-05T18:26:31.112+0000] {logging_mixin.py:137} INFO - [2023-05-05T18:26:31.111+0000] {dag.py:3437} INFO - Setting next_dagrun for dataset_consumes_1_never_scheduled to None, run_after=None
[2023-05-05T18:26:31.113+0000] {logging_mixin.py:137} INFO - [2023-05-05T18:26:31.113+0000] {dag.py:3437} INFO - Setting next_dagrun for dataset_consumes_unknown_never_scheduled to None, run_after=None
[2023-05-05T18:26:31.116+0000] {logging_mixin.py:137} INFO - [2023-05-05T18:26:31.115+0000] {dag.py:3437} INFO - Setting next_dagrun for dataset_produces_1 to 2023-05-04T00:00:00+00:00, run_after=2023-05-05T00:00:00+00:00
[2023-05-05T18:26:31.116+0000] {logging_mixin.py:137} INFO - [2023-05-05T18:26:31.116+0000] {dag.py:3437} INFO - Setting next_dagrun for dataset_produces_2 to None, run_after=None
[2023-05-05T18:26:31.180+0000] {processor.py:175} INFO - Processing /usr/local/python/3.10.4/lib/python3.10/site-packages/airflow/example_dags/example_datasets.py took 0.144 seconds
[2023-05-05T18:27:20.549+0000] {processor.py:153} INFO - Started process (PID=6926) to work on /usr/local/python/3.10.4/lib/python3.10/site-packages/airflow/example_dags/example_datasets.py
[2023-05-05T18:27:20.550+0000] {processor.py:743} INFO - Processing file /usr/local/python/3.10.4/lib/python3.10/site-packages/airflow/example_dags/example_datasets.py for tasks to queue
[2023-05-05T18:27:20.550+0000] {logging_mixin.py:137} INFO - [2023-05-05T18:27:20.550+0000] {dagbag.py:538} INFO - Filling up the DagBag from /usr/local/python/3.10.4/lib/python3.10/site-packages/airflow/example_dags/example_datasets.py
[2023-05-05T18:27:20.572+0000] {processor.py:753} INFO - DAG(s) dict_keys(['dataset_produces_1', 'dataset_produces_2', 'dataset_consumes_unknown_never_scheduled', 'dataset_consumes_1_and_2', 'dataset_consumes_1', 'dataset_consumes_1_never_scheduled']) retrieved from /usr/local/python/3.10.4/lib/python3.10/site-packages/airflow/example_dags/example_datasets.py
[2023-05-05T18:27:20.600+0000] {logging_mixin.py:137} INFO - [2023-05-05T18:27:20.600+0000] {dag.py:2690} INFO - Sync 6 DAGs
[2023-05-05T18:27:20.618+0000] {logging_mixin.py:137} INFO - [2023-05-05T18:27:20.618+0000] {dag.py:3437} INFO - Setting next_dagrun for dataset_consumes_1 to None, run_after=None
[2023-05-05T18:27:20.621+0000] {logging_mixin.py:137} INFO - [2023-05-05T18:27:20.621+0000] {dag.py:3437} INFO - Setting next_dagrun for dataset_consumes_1_and_2 to None, run_after=None
[2023-05-05T18:27:20.622+0000] {logging_mixin.py:137} INFO - [2023-05-05T18:27:20.622+0000] {dag.py:3437} INFO - Setting next_dagrun for dataset_consumes_1_never_scheduled to None, run_after=None
[2023-05-05T18:27:20.623+0000] {logging_mixin.py:137} INFO - [2023-05-05T18:27:20.622+0000] {dag.py:3437} INFO - Setting next_dagrun for dataset_consumes_unknown_never_scheduled to None, run_after=None
[2023-05-05T18:27:20.625+0000] {logging_mixin.py:137} INFO - [2023-05-05T18:27:20.625+0000] {dag.py:3437} INFO - Setting next_dagrun for dataset_produces_1 to 2023-05-04T00:00:00+00:00, run_after=2023-05-05T00:00:00+00:00
[2023-05-05T18:27:20.626+0000] {logging_mixin.py:137} INFO - [2023-05-05T18:27:20.626+0000] {dag.py:3437} INFO - Setting next_dagrun for dataset_produces_2 to None, run_after=None
[2023-05-05T18:27:20.688+0000] {processor.py:175} INFO - Processing /usr/local/python/3.10.4/lib/python3.10/site-packages/airflow/example_dags/example_datasets.py took 0.142 seconds
[2023-05-05T18:28:08.666+0000] {processor.py:153} INFO - Started process (PID=7498) to work on /usr/local/python/3.10.4/lib/python3.10/site-packages/airflow/example_dags/example_datasets.py
[2023-05-05T18:28:08.667+0000] {processor.py:743} INFO - Processing file /usr/local/python/3.10.4/lib/python3.10/site-packages/airflow/example_dags/example_datasets.py for tasks to queue
[2023-05-05T18:28:08.668+0000] {logging_mixin.py:137} INFO - [2023-05-05T18:28:08.668+0000] {dagbag.py:538} INFO - Filling up the DagBag from /usr/local/python/3.10.4/lib/python3.10/site-packages/airflow/example_dags/example_datasets.py
[2023-05-05T18:28:08.689+0000] {processor.py:753} INFO - DAG(s) dict_keys(['dataset_consumes_1', 'dataset_consumes_1_never_scheduled', 'dataset_produces_2', 'dataset_consumes_unknown_never_scheduled', 'dataset_consumes_1_and_2', 'dataset_produces_1']) retrieved from /usr/local/python/3.10.4/lib/python3.10/site-packages/airflow/example_dags/example_datasets.py
[2023-05-05T18:28:08.723+0000] {logging_mixin.py:137} INFO - [2023-05-05T18:28:08.723+0000] {dag.py:2690} INFO - Sync 6 DAGs
[2023-05-05T18:28:08.745+0000] {logging_mixin.py:137} INFO - [2023-05-05T18:28:08.745+0000] {dag.py:3437} INFO - Setting next_dagrun for dataset_consumes_1 to None, run_after=None
[2023-05-05T18:28:08.748+0000] {logging_mixin.py:137} INFO - [2023-05-05T18:28:08.748+0000] {dag.py:3437} INFO - Setting next_dagrun for dataset_consumes_1_and_2 to None, run_after=None
[2023-05-05T18:28:08.749+0000] {logging_mixin.py:137} INFO - [2023-05-05T18:28:08.749+0000] {dag.py:3437} INFO - Setting next_dagrun for dataset_consumes_1_never_scheduled to None, run_after=None
[2023-05-05T18:28:08.750+0000] {logging_mixin.py:137} INFO - [2023-05-05T18:28:08.749+0000] {dag.py:3437} INFO - Setting next_dagrun for dataset_consumes_unknown_never_scheduled to None, run_after=None
[2023-05-05T18:28:08.752+0000] {logging_mixin.py:137} INFO - [2023-05-05T18:28:08.752+0000] {dag.py:3437} INFO - Setting next_dagrun for dataset_produces_1 to 2023-05-04T00:00:00+00:00, run_after=2023-05-05T00:00:00+00:00
[2023-05-05T18:28:08.753+0000] {logging_mixin.py:137} INFO - [2023-05-05T18:28:08.753+0000] {dag.py:3437} INFO - Setting next_dagrun for dataset_produces_2 to None, run_after=None
[2023-05-05T18:28:08.830+0000] {processor.py:175} INFO - Processing /usr/local/python/3.10.4/lib/python3.10/site-packages/airflow/example_dags/example_datasets.py took 0.168 seconds
[2023-05-05T18:28:51.794+0000] {processor.py:153} INFO - Started process (PID=8097) to work on /usr/local/python/3.10.4/lib/python3.10/site-packages/airflow/example_dags/example_datasets.py
[2023-05-05T18:28:51.795+0000] {processor.py:743} INFO - Processing file /usr/local/python/3.10.4/lib/python3.10/site-packages/airflow/example_dags/example_datasets.py for tasks to queue
[2023-05-05T18:28:51.796+0000] {logging_mixin.py:137} INFO - [2023-05-05T18:28:51.796+0000] {dagbag.py:538} INFO - Filling up the DagBag from /usr/local/python/3.10.4/lib/python3.10/site-packages/airflow/example_dags/example_datasets.py
[2023-05-05T18:28:51.813+0000] {processor.py:753} INFO - DAG(s) dict_keys(['dataset_consumes_1', 'dataset_produces_1', 'dataset_consumes_1_never_scheduled', 'dataset_consumes_unknown_never_scheduled', 'dataset_produces_2', 'dataset_consumes_1_and_2']) retrieved from /usr/local/python/3.10.4/lib/python3.10/site-packages/airflow/example_dags/example_datasets.py
[2023-05-05T18:28:51.841+0000] {logging_mixin.py:137} INFO - [2023-05-05T18:28:51.841+0000] {dag.py:2690} INFO - Sync 6 DAGs
[2023-05-05T18:28:51.859+0000] {logging_mixin.py:137} INFO - [2023-05-05T18:28:51.859+0000] {dag.py:3437} INFO - Setting next_dagrun for dataset_consumes_1 to None, run_after=None
[2023-05-05T18:28:51.862+0000] {logging_mixin.py:137} INFO - [2023-05-05T18:28:51.862+0000] {dag.py:3437} INFO - Setting next_dagrun for dataset_consumes_1_and_2 to None, run_after=None
[2023-05-05T18:28:51.863+0000] {logging_mixin.py:137} INFO - [2023-05-05T18:28:51.863+0000] {dag.py:3437} INFO - Setting next_dagrun for dataset_consumes_1_never_scheduled to None, run_after=None
[2023-05-05T18:28:51.864+0000] {logging_mixin.py:137} INFO - [2023-05-05T18:28:51.863+0000] {dag.py:3437} INFO - Setting next_dagrun for dataset_consumes_unknown_never_scheduled to None, run_after=None
[2023-05-05T18:28:51.866+0000] {logging_mixin.py:137} INFO - [2023-05-05T18:28:51.866+0000] {dag.py:3437} INFO - Setting next_dagrun for dataset_produces_1 to 2023-05-04T00:00:00+00:00, run_after=2023-05-05T00:00:00+00:00
[2023-05-05T18:28:51.867+0000] {logging_mixin.py:137} INFO - [2023-05-05T18:28:51.867+0000] {dag.py:3437} INFO - Setting next_dagrun for dataset_produces_2 to None, run_after=None
[2023-05-05T18:28:51.932+0000] {processor.py:175} INFO - Processing /usr/local/python/3.10.4/lib/python3.10/site-packages/airflow/example_dags/example_datasets.py took 0.141 seconds
[2023-05-05T18:29:44.037+0000] {processor.py:153} INFO - Started process (PID=8530) to work on /usr/local/python/3.10.4/lib/python3.10/site-packages/airflow/example_dags/example_datasets.py
[2023-05-05T18:29:44.039+0000] {processor.py:743} INFO - Processing file /usr/local/python/3.10.4/lib/python3.10/site-packages/airflow/example_dags/example_datasets.py for tasks to queue
[2023-05-05T18:29:44.039+0000] {logging_mixin.py:137} INFO - [2023-05-05T18:29:44.039+0000] {dagbag.py:538} INFO - Filling up the DagBag from /usr/local/python/3.10.4/lib/python3.10/site-packages/airflow/example_dags/example_datasets.py
[2023-05-05T18:29:44.057+0000] {processor.py:753} INFO - DAG(s) dict_keys(['dataset_consumes_unknown_never_scheduled', 'dataset_consumes_1', 'dataset_produces_1', 'dataset_produces_2', 'dataset_consumes_1_and_2', 'dataset_consumes_1_never_scheduled']) retrieved from /usr/local/python/3.10.4/lib/python3.10/site-packages/airflow/example_dags/example_datasets.py
[2023-05-05T18:29:44.086+0000] {logging_mixin.py:137} INFO - [2023-05-05T18:29:44.086+0000] {dag.py:2690} INFO - Sync 6 DAGs
[2023-05-05T18:29:44.105+0000] {logging_mixin.py:137} INFO - [2023-05-05T18:29:44.105+0000] {dag.py:3437} INFO - Setting next_dagrun for dataset_consumes_1 to None, run_after=None
[2023-05-05T18:29:44.108+0000] {logging_mixin.py:137} INFO - [2023-05-05T18:29:44.108+0000] {dag.py:3437} INFO - Setting next_dagrun for dataset_consumes_1_and_2 to None, run_after=None
[2023-05-05T18:29:44.109+0000] {logging_mixin.py:137} INFO - [2023-05-05T18:29:44.109+0000] {dag.py:3437} INFO - Setting next_dagrun for dataset_consumes_1_never_scheduled to None, run_after=None
[2023-05-05T18:29:44.110+0000] {logging_mixin.py:137} INFO - [2023-05-05T18:29:44.110+0000] {dag.py:3437} INFO - Setting next_dagrun for dataset_consumes_unknown_never_scheduled to None, run_after=None
[2023-05-05T18:29:44.113+0000] {logging_mixin.py:137} INFO - [2023-05-05T18:29:44.113+0000] {dag.py:3437} INFO - Setting next_dagrun for dataset_produces_1 to 2023-05-04T00:00:00+00:00, run_after=2023-05-05T00:00:00+00:00
[2023-05-05T18:29:44.114+0000] {logging_mixin.py:137} INFO - [2023-05-05T18:29:44.114+0000] {dag.py:3437} INFO - Setting next_dagrun for dataset_produces_2 to None, run_after=None
[2023-05-05T18:29:44.174+0000] {processor.py:175} INFO - Processing /usr/local/python/3.10.4/lib/python3.10/site-packages/airflow/example_dags/example_datasets.py took 0.140 seconds
[2023-05-05T18:30:32.461+0000] {processor.py:153} INFO - Started process (PID=8946) to work on /usr/local/python/3.10.4/lib/python3.10/site-packages/airflow/example_dags/example_datasets.py
[2023-05-05T18:30:32.462+0000] {processor.py:743} INFO - Processing file /usr/local/python/3.10.4/lib/python3.10/site-packages/airflow/example_dags/example_datasets.py for tasks to queue
[2023-05-05T18:30:32.463+0000] {logging_mixin.py:137} INFO - [2023-05-05T18:30:32.463+0000] {dagbag.py:538} INFO - Filling up the DagBag from /usr/local/python/3.10.4/lib/python3.10/site-packages/airflow/example_dags/example_datasets.py
[2023-05-05T18:30:32.481+0000] {processor.py:753} INFO - DAG(s) dict_keys(['dataset_consumes_1_never_scheduled', 'dataset_consumes_1', 'dataset_produces_2', 'dataset_consumes_1_and_2', 'dataset_produces_1', 'dataset_consumes_unknown_never_scheduled']) retrieved from /usr/local/python/3.10.4/lib/python3.10/site-packages/airflow/example_dags/example_datasets.py
[2023-05-05T18:30:32.510+0000] {logging_mixin.py:137} INFO - [2023-05-05T18:30:32.510+0000] {dag.py:2690} INFO - Sync 6 DAGs
[2023-05-05T18:30:32.531+0000] {logging_mixin.py:137} INFO - [2023-05-05T18:30:32.531+0000] {dag.py:3437} INFO - Setting next_dagrun for dataset_consumes_1 to None, run_after=None
[2023-05-05T18:30:32.535+0000] {logging_mixin.py:137} INFO - [2023-05-05T18:30:32.535+0000] {dag.py:3437} INFO - Setting next_dagrun for dataset_consumes_1_and_2 to None, run_after=None
[2023-05-05T18:30:32.536+0000] {logging_mixin.py:137} INFO - [2023-05-05T18:30:32.536+0000] {dag.py:3437} INFO - Setting next_dagrun for dataset_consumes_1_never_scheduled to None, run_after=None
[2023-05-05T18:30:32.537+0000] {logging_mixin.py:137} INFO - [2023-05-05T18:30:32.537+0000] {dag.py:3437} INFO - Setting next_dagrun for dataset_consumes_unknown_never_scheduled to None, run_after=None
[2023-05-05T18:30:32.540+0000] {logging_mixin.py:137} INFO - [2023-05-05T18:30:32.540+0000] {dag.py:3437} INFO - Setting next_dagrun for dataset_produces_1 to 2023-05-04T00:00:00+00:00, run_after=2023-05-05T00:00:00+00:00
[2023-05-05T18:30:32.541+0000] {logging_mixin.py:137} INFO - [2023-05-05T18:30:32.541+0000] {dag.py:3437} INFO - Setting next_dagrun for dataset_produces_2 to None, run_after=None
[2023-05-05T18:30:32.602+0000] {processor.py:175} INFO - Processing /usr/local/python/3.10.4/lib/python3.10/site-packages/airflow/example_dags/example_datasets.py took 0.145 seconds
[2023-05-05T18:31:22.007+0000] {processor.py:153} INFO - Started process (PID=9383) to work on /usr/local/python/3.10.4/lib/python3.10/site-packages/airflow/example_dags/example_datasets.py
[2023-05-05T18:31:22.008+0000] {processor.py:743} INFO - Processing file /usr/local/python/3.10.4/lib/python3.10/site-packages/airflow/example_dags/example_datasets.py for tasks to queue
[2023-05-05T18:31:22.009+0000] {logging_mixin.py:137} INFO - [2023-05-05T18:31:22.009+0000] {dagbag.py:538} INFO - Filling up the DagBag from /usr/local/python/3.10.4/lib/python3.10/site-packages/airflow/example_dags/example_datasets.py
[2023-05-05T18:31:22.027+0000] {processor.py:753} INFO - DAG(s) dict_keys(['dataset_produces_2', 'dataset_consumes_1_never_scheduled', 'dataset_produces_1', 'dataset_consumes_1_and_2', 'dataset_consumes_1', 'dataset_consumes_unknown_never_scheduled']) retrieved from /usr/local/python/3.10.4/lib/python3.10/site-packages/airflow/example_dags/example_datasets.py
[2023-05-05T18:31:22.055+0000] {logging_mixin.py:137} INFO - [2023-05-05T18:31:22.055+0000] {dag.py:2690} INFO - Sync 6 DAGs
[2023-05-05T18:31:22.074+0000] {logging_mixin.py:137} INFO - [2023-05-05T18:31:22.074+0000] {dag.py:3437} INFO - Setting next_dagrun for dataset_consumes_1 to None, run_after=None
[2023-05-05T18:31:22.077+0000] {logging_mixin.py:137} INFO - [2023-05-05T18:31:22.077+0000] {dag.py:3437} INFO - Setting next_dagrun for dataset_consumes_1_and_2 to None, run_after=None
[2023-05-05T18:31:22.078+0000] {logging_mixin.py:137} INFO - [2023-05-05T18:31:22.078+0000] {dag.py:3437} INFO - Setting next_dagrun for dataset_consumes_1_never_scheduled to None, run_after=None
[2023-05-05T18:31:22.079+0000] {logging_mixin.py:137} INFO - [2023-05-05T18:31:22.079+0000] {dag.py:3437} INFO - Setting next_dagrun for dataset_consumes_unknown_never_scheduled to None, run_after=None
[2023-05-05T18:31:22.081+0000] {logging_mixin.py:137} INFO - [2023-05-05T18:31:22.081+0000] {dag.py:3437} INFO - Setting next_dagrun for dataset_produces_1 to 2023-05-04T00:00:00+00:00, run_after=2023-05-05T00:00:00+00:00
[2023-05-05T18:31:22.082+0000] {logging_mixin.py:137} INFO - [2023-05-05T18:31:22.082+0000] {dag.py:3437} INFO - Setting next_dagrun for dataset_produces_2 to None, run_after=None
[2023-05-05T18:31:22.161+0000] {processor.py:175} INFO - Processing /usr/local/python/3.10.4/lib/python3.10/site-packages/airflow/example_dags/example_datasets.py took 0.157 seconds
[2023-05-05T18:32:12.307+0000] {processor.py:153} INFO - Started process (PID=9916) to work on /usr/local/python/3.10.4/lib/python3.10/site-packages/airflow/example_dags/example_datasets.py
[2023-05-05T18:32:12.308+0000] {processor.py:743} INFO - Processing file /usr/local/python/3.10.4/lib/python3.10/site-packages/airflow/example_dags/example_datasets.py for tasks to queue
[2023-05-05T18:32:12.309+0000] {logging_mixin.py:137} INFO - [2023-05-05T18:32:12.309+0000] {dagbag.py:538} INFO - Filling up the DagBag from /usr/local/python/3.10.4/lib/python3.10/site-packages/airflow/example_dags/example_datasets.py
[2023-05-05T18:32:12.327+0000] {processor.py:753} INFO - DAG(s) dict_keys(['dataset_consumes_1_never_scheduled', 'dataset_consumes_unknown_never_scheduled', 'dataset_consumes_1_and_2', 'dataset_consumes_1', 'dataset_produces_2', 'dataset_produces_1']) retrieved from /usr/local/python/3.10.4/lib/python3.10/site-packages/airflow/example_dags/example_datasets.py
[2023-05-05T18:32:12.355+0000] {logging_mixin.py:137} INFO - [2023-05-05T18:32:12.355+0000] {dag.py:2690} INFO - Sync 6 DAGs
[2023-05-05T18:32:12.374+0000] {logging_mixin.py:137} INFO - [2023-05-05T18:32:12.374+0000] {dag.py:3437} INFO - Setting next_dagrun for dataset_consumes_1 to None, run_after=None
[2023-05-05T18:32:12.377+0000] {logging_mixin.py:137} INFO - [2023-05-05T18:32:12.377+0000] {dag.py:3437} INFO - Setting next_dagrun for dataset_consumes_1_and_2 to None, run_after=None
[2023-05-05T18:32:12.378+0000] {logging_mixin.py:137} INFO - [2023-05-05T18:32:12.378+0000] {dag.py:3437} INFO - Setting next_dagrun for dataset_consumes_1_never_scheduled to None, run_after=None
[2023-05-05T18:32:12.378+0000] {logging_mixin.py:137} INFO - [2023-05-05T18:32:12.378+0000] {dag.py:3437} INFO - Setting next_dagrun for dataset_consumes_unknown_never_scheduled to None, run_after=None
[2023-05-05T18:32:12.381+0000] {logging_mixin.py:137} INFO - [2023-05-05T18:32:12.381+0000] {dag.py:3437} INFO - Setting next_dagrun for dataset_produces_1 to 2023-05-04T00:00:00+00:00, run_after=2023-05-05T00:00:00+00:00
[2023-05-05T18:32:12.382+0000] {logging_mixin.py:137} INFO - [2023-05-05T18:32:12.381+0000] {dag.py:3437} INFO - Setting next_dagrun for dataset_produces_2 to None, run_after=None
[2023-05-05T18:32:12.447+0000] {processor.py:175} INFO - Processing /usr/local/python/3.10.4/lib/python3.10/site-packages/airflow/example_dags/example_datasets.py took 0.143 seconds
[2023-05-05T18:32:53.582+0000] {processor.py:153} INFO - Started process (PID=10273) to work on /usr/local/python/3.10.4/lib/python3.10/site-packages/airflow/example_dags/example_datasets.py
[2023-05-05T18:32:53.583+0000] {processor.py:743} INFO - Processing file /usr/local/python/3.10.4/lib/python3.10/site-packages/airflow/example_dags/example_datasets.py for tasks to queue
[2023-05-05T18:32:53.584+0000] {logging_mixin.py:137} INFO - [2023-05-05T18:32:53.584+0000] {dagbag.py:538} INFO - Filling up the DagBag from /usr/local/python/3.10.4/lib/python3.10/site-packages/airflow/example_dags/example_datasets.py
[2023-05-05T18:32:53.602+0000] {processor.py:753} INFO - DAG(s) dict_keys(['dataset_consumes_1', 'dataset_consumes_1_and_2', 'dataset_produces_2', 'dataset_consumes_1_never_scheduled', 'dataset_produces_1', 'dataset_consumes_unknown_never_scheduled']) retrieved from /usr/local/python/3.10.4/lib/python3.10/site-packages/airflow/example_dags/example_datasets.py
[2023-05-05T18:32:53.631+0000] {logging_mixin.py:137} INFO - [2023-05-05T18:32:53.631+0000] {dag.py:2690} INFO - Sync 6 DAGs
[2023-05-05T18:32:53.651+0000] {logging_mixin.py:137} INFO - [2023-05-05T18:32:53.651+0000] {dag.py:3437} INFO - Setting next_dagrun for dataset_consumes_1 to None, run_after=None
[2023-05-05T18:32:53.654+0000] {logging_mixin.py:137} INFO - [2023-05-05T18:32:53.654+0000] {dag.py:3437} INFO - Setting next_dagrun for dataset_consumes_1_and_2 to None, run_after=None
[2023-05-05T18:32:53.655+0000] {logging_mixin.py:137} INFO - [2023-05-05T18:32:53.655+0000] {dag.py:3437} INFO - Setting next_dagrun for dataset_consumes_1_never_scheduled to None, run_after=None
[2023-05-05T18:32:53.656+0000] {logging_mixin.py:137} INFO - [2023-05-05T18:32:53.656+0000] {dag.py:3437} INFO - Setting next_dagrun for dataset_consumes_unknown_never_scheduled to None, run_after=None
[2023-05-05T18:32:53.658+0000] {logging_mixin.py:137} INFO - [2023-05-05T18:32:53.658+0000] {dag.py:3437} INFO - Setting next_dagrun for dataset_produces_1 to 2023-05-04T00:00:00+00:00, run_after=2023-05-05T00:00:00+00:00
[2023-05-05T18:32:53.659+0000] {logging_mixin.py:137} INFO - [2023-05-05T18:32:53.659+0000] {dag.py:3437} INFO - Setting next_dagrun for dataset_produces_2 to None, run_after=None
[2023-05-05T18:32:53.723+0000] {processor.py:175} INFO - Processing /usr/local/python/3.10.4/lib/python3.10/site-packages/airflow/example_dags/example_datasets.py took 0.145 seconds
[2023-05-05T18:33:42.830+0000] {processor.py:153} INFO - Started process (PID=10715) to work on /usr/local/python/3.10.4/lib/python3.10/site-packages/airflow/example_dags/example_datasets.py
[2023-05-05T18:33:42.831+0000] {processor.py:743} INFO - Processing file /usr/local/python/3.10.4/lib/python3.10/site-packages/airflow/example_dags/example_datasets.py for tasks to queue
[2023-05-05T18:33:42.832+0000] {logging_mixin.py:137} INFO - [2023-05-05T18:33:42.832+0000] {dagbag.py:538} INFO - Filling up the DagBag from /usr/local/python/3.10.4/lib/python3.10/site-packages/airflow/example_dags/example_datasets.py
[2023-05-05T18:33:42.852+0000] {processor.py:753} INFO - DAG(s) dict_keys(['dataset_consumes_1', 'dataset_consumes_unknown_never_scheduled', 'dataset_consumes_1_and_2', 'dataset_produces_1', 'dataset_produces_2', 'dataset_consumes_1_never_scheduled']) retrieved from /usr/local/python/3.10.4/lib/python3.10/site-packages/airflow/example_dags/example_datasets.py
[2023-05-05T18:33:42.882+0000] {logging_mixin.py:137} INFO - [2023-05-05T18:33:42.882+0000] {dag.py:2690} INFO - Sync 6 DAGs
[2023-05-05T18:33:42.903+0000] {logging_mixin.py:137} INFO - [2023-05-05T18:33:42.903+0000] {dag.py:3437} INFO - Setting next_dagrun for dataset_consumes_1 to None, run_after=None
[2023-05-05T18:33:42.906+0000] {logging_mixin.py:137} INFO - [2023-05-05T18:33:42.905+0000] {dag.py:3437} INFO - Setting next_dagrun for dataset_consumes_1_and_2 to None, run_after=None
[2023-05-05T18:33:42.906+0000] {logging_mixin.py:137} INFO - [2023-05-05T18:33:42.906+0000] {dag.py:3437} INFO - Setting next_dagrun for dataset_consumes_1_never_scheduled to None, run_after=None
[2023-05-05T18:33:42.907+0000] {logging_mixin.py:137} INFO - [2023-05-05T18:33:42.907+0000] {dag.py:3437} INFO - Setting next_dagrun for dataset_consumes_unknown_never_scheduled to None, run_after=None
[2023-05-05T18:33:42.910+0000] {logging_mixin.py:137} INFO - [2023-05-05T18:33:42.910+0000] {dag.py:3437} INFO - Setting next_dagrun for dataset_produces_1 to 2023-05-04T00:00:00+00:00, run_after=2023-05-05T00:00:00+00:00
[2023-05-05T18:33:42.911+0000] {logging_mixin.py:137} INFO - [2023-05-05T18:33:42.911+0000] {dag.py:3437} INFO - Setting next_dagrun for dataset_produces_2 to None, run_after=None
[2023-05-05T18:33:42.981+0000] {processor.py:175} INFO - Processing /usr/local/python/3.10.4/lib/python3.10/site-packages/airflow/example_dags/example_datasets.py took 0.155 seconds
[2023-05-05T18:34:23.559+0000] {processor.py:153} INFO - Started process (PID=11128) to work on /usr/local/python/3.10.4/lib/python3.10/site-packages/airflow/example_dags/example_datasets.py
[2023-05-05T18:34:23.560+0000] {processor.py:743} INFO - Processing file /usr/local/python/3.10.4/lib/python3.10/site-packages/airflow/example_dags/example_datasets.py for tasks to queue
[2023-05-05T18:34:23.561+0000] {logging_mixin.py:137} INFO - [2023-05-05T18:34:23.561+0000] {dagbag.py:538} INFO - Filling up the DagBag from /usr/local/python/3.10.4/lib/python3.10/site-packages/airflow/example_dags/example_datasets.py
[2023-05-05T18:34:23.579+0000] {processor.py:753} INFO - DAG(s) dict_keys(['dataset_consumes_unknown_never_scheduled', 'dataset_produces_2', 'dataset_consumes_1', 'dataset_produces_1', 'dataset_consumes_1_and_2', 'dataset_consumes_1_never_scheduled']) retrieved from /usr/local/python/3.10.4/lib/python3.10/site-packages/airflow/example_dags/example_datasets.py
[2023-05-05T18:34:23.608+0000] {logging_mixin.py:137} INFO - [2023-05-05T18:34:23.607+0000] {dag.py:2690} INFO - Sync 6 DAGs
[2023-05-05T18:34:23.636+0000] {logging_mixin.py:137} INFO - [2023-05-05T18:34:23.636+0000] {dag.py:3437} INFO - Setting next_dagrun for dataset_consumes_1 to None, run_after=None
[2023-05-05T18:34:23.640+0000] {logging_mixin.py:137} INFO - [2023-05-05T18:34:23.640+0000] {dag.py:3437} INFO - Setting next_dagrun for dataset_consumes_1_and_2 to None, run_after=None
[2023-05-05T18:34:23.641+0000] {logging_mixin.py:137} INFO - [2023-05-05T18:34:23.641+0000] {dag.py:3437} INFO - Setting next_dagrun for dataset_consumes_1_never_scheduled to None, run_after=None
[2023-05-05T18:34:23.642+0000] {logging_mixin.py:137} INFO - [2023-05-05T18:34:23.642+0000] {dag.py:3437} INFO - Setting next_dagrun for dataset_consumes_unknown_never_scheduled to None, run_after=None
[2023-05-05T18:34:23.646+0000] {logging_mixin.py:137} INFO - [2023-05-05T18:34:23.646+0000] {dag.py:3437} INFO - Setting next_dagrun for dataset_produces_1 to 2023-05-04T00:00:00+00:00, run_after=2023-05-05T00:00:00+00:00
[2023-05-05T18:34:23.647+0000] {logging_mixin.py:137} INFO - [2023-05-05T18:34:23.647+0000] {dag.py:3437} INFO - Setting next_dagrun for dataset_produces_2 to None, run_after=None
[2023-05-05T18:34:23.727+0000] {processor.py:175} INFO - Processing /usr/local/python/3.10.4/lib/python3.10/site-packages/airflow/example_dags/example_datasets.py took 0.171 seconds
