[2023-05-05T18:21:48.567+0000] {processor.py:153} INFO - Started process (PID=4586) to work on /usr/local/python/3.10.4/lib/python3.10/site-packages/airflow/example_dags/example_xcom.py
[2023-05-05T18:21:48.567+0000] {processor.py:743} INFO - Processing file /usr/local/python/3.10.4/lib/python3.10/site-packages/airflow/example_dags/example_xcom.py for tasks to queue
[2023-05-05T18:21:48.568+0000] {logging_mixin.py:137} INFO - [2023-05-05T18:21:48.568+0000] {dagbag.py:538} INFO - Filling up the DagBag from /usr/local/python/3.10.4/lib/python3.10/site-packages/airflow/example_dags/example_xcom.py
[2023-05-05T18:21:48.594+0000] {processor.py:753} INFO - DAG(s) dict_keys(['example_xcom']) retrieved from /usr/local/python/3.10.4/lib/python3.10/site-packages/airflow/example_dags/example_xcom.py
[2023-05-05T18:21:48.782+0000] {logging_mixin.py:137} INFO - [2023-05-05T18:21:48.782+0000] {manager.py:504} INFO - Created Permission View: can delete on DAG:example_xcom
[2023-05-05T18:21:48.829+0000] {logging_mixin.py:137} INFO - [2023-05-05T18:21:48.829+0000] {manager.py:504} INFO - Created Permission View: can read on DAG:example_xcom
[2023-05-05T18:21:48.870+0000] {logging_mixin.py:137} INFO - [2023-05-05T18:21:48.870+0000] {manager.py:504} INFO - Created Permission View: can edit on DAG:example_xcom
[2023-05-05T18:21:48.870+0000] {logging_mixin.py:137} INFO - [2023-05-05T18:21:48.870+0000] {dag.py:2690} INFO - Sync 1 DAGs
[2023-05-05T18:21:48.880+0000] {logging_mixin.py:137} INFO - [2023-05-05T18:21:48.879+0000] {dag.py:2711} INFO - Creating ORM DAG for example_xcom
[2023-05-05T18:21:48.887+0000] {logging_mixin.py:137} INFO - [2023-05-05T18:21:48.887+0000] {dag.py:3437} INFO - Setting next_dagrun for example_xcom to 2021-01-01T00:00:00+00:00, run_after=2021-01-01T00:00:00+00:00
[2023-05-05T18:21:48.945+0000] {processor.py:175} INFO - Processing /usr/local/python/3.10.4/lib/python3.10/site-packages/airflow/example_dags/example_xcom.py took 0.382 seconds
[2023-05-05T18:22:43.232+0000] {processor.py:153} INFO - Started process (PID=4984) to work on /usr/local/python/3.10.4/lib/python3.10/site-packages/airflow/example_dags/example_xcom.py
[2023-05-05T18:22:43.234+0000] {processor.py:743} INFO - Processing file /usr/local/python/3.10.4/lib/python3.10/site-packages/airflow/example_dags/example_xcom.py for tasks to queue
[2023-05-05T18:22:43.234+0000] {logging_mixin.py:137} INFO - [2023-05-05T18:22:43.234+0000] {dagbag.py:538} INFO - Filling up the DagBag from /usr/local/python/3.10.4/lib/python3.10/site-packages/airflow/example_dags/example_xcom.py
[2023-05-05T18:22:43.260+0000] {processor.py:753} INFO - DAG(s) dict_keys(['example_xcom']) retrieved from /usr/local/python/3.10.4/lib/python3.10/site-packages/airflow/example_dags/example_xcom.py
[2023-05-05T18:22:43.278+0000] {logging_mixin.py:137} INFO - [2023-05-05T18:22:43.278+0000] {dag.py:2690} INFO - Sync 1 DAGs
[2023-05-05T18:22:43.296+0000] {logging_mixin.py:137} INFO - [2023-05-05T18:22:43.296+0000] {dag.py:3437} INFO - Setting next_dagrun for example_xcom to 2021-01-01T00:00:00+00:00, run_after=2021-01-01T00:00:00+00:00
[2023-05-05T18:22:43.348+0000] {processor.py:175} INFO - Processing /usr/local/python/3.10.4/lib/python3.10/site-packages/airflow/example_dags/example_xcom.py took 0.118 seconds
[2023-05-05T18:23:22.656+0000] {processor.py:153} INFO - Started process (PID=5252) to work on /usr/local/python/3.10.4/lib/python3.10/site-packages/airflow/example_dags/example_xcom.py
[2023-05-05T18:23:22.657+0000] {processor.py:743} INFO - Processing file /usr/local/python/3.10.4/lib/python3.10/site-packages/airflow/example_dags/example_xcom.py for tasks to queue
[2023-05-05T18:23:22.657+0000] {logging_mixin.py:137} INFO - [2023-05-05T18:23:22.657+0000] {dagbag.py:538} INFO - Filling up the DagBag from /usr/local/python/3.10.4/lib/python3.10/site-packages/airflow/example_dags/example_xcom.py
[2023-05-05T18:23:22.682+0000] {processor.py:753} INFO - DAG(s) dict_keys(['example_xcom']) retrieved from /usr/local/python/3.10.4/lib/python3.10/site-packages/airflow/example_dags/example_xcom.py
[2023-05-05T18:23:22.701+0000] {logging_mixin.py:137} INFO - [2023-05-05T18:23:22.701+0000] {dag.py:2690} INFO - Sync 1 DAGs
[2023-05-05T18:23:22.837+0000] {logging_mixin.py:137} INFO - [2023-05-05T18:23:22.836+0000] {dag.py:3437} INFO - Setting next_dagrun for example_xcom to 2021-01-01T00:00:00+00:00, run_after=2021-01-01T00:00:00+00:00
[2023-05-05T18:23:22.888+0000] {processor.py:175} INFO - Processing /usr/local/python/3.10.4/lib/python3.10/site-packages/airflow/example_dags/example_xcom.py took 0.236 seconds
[2023-05-05T18:24:00.684+0000] {processor.py:153} INFO - Started process (PID=5496) to work on /usr/local/python/3.10.4/lib/python3.10/site-packages/airflow/example_dags/example_xcom.py
[2023-05-05T18:24:00.685+0000] {processor.py:743} INFO - Processing file /usr/local/python/3.10.4/lib/python3.10/site-packages/airflow/example_dags/example_xcom.py for tasks to queue
[2023-05-05T18:24:00.686+0000] {logging_mixin.py:137} INFO - [2023-05-05T18:24:00.686+0000] {dagbag.py:538} INFO - Filling up the DagBag from /usr/local/python/3.10.4/lib/python3.10/site-packages/airflow/example_dags/example_xcom.py
[2023-05-05T18:24:00.711+0000] {processor.py:753} INFO - DAG(s) dict_keys(['example_xcom']) retrieved from /usr/local/python/3.10.4/lib/python3.10/site-packages/airflow/example_dags/example_xcom.py
[2023-05-05T18:24:00.731+0000] {logging_mixin.py:137} INFO - [2023-05-05T18:24:00.731+0000] {dag.py:2690} INFO - Sync 1 DAGs
[2023-05-05T18:24:00.748+0000] {logging_mixin.py:137} INFO - [2023-05-05T18:24:00.748+0000] {dag.py:3437} INFO - Setting next_dagrun for example_xcom to 2021-01-01T00:00:00+00:00, run_after=2021-01-01T00:00:00+00:00
[2023-05-05T18:24:00.805+0000] {processor.py:175} INFO - Processing /usr/local/python/3.10.4/lib/python3.10/site-packages/airflow/example_dags/example_xcom.py took 0.125 seconds
[2023-05-05T18:24:42.969+0000] {processor.py:153} INFO - Started process (PID=5817) to work on /usr/local/python/3.10.4/lib/python3.10/site-packages/airflow/example_dags/example_xcom.py
[2023-05-05T18:24:42.970+0000] {processor.py:743} INFO - Processing file /usr/local/python/3.10.4/lib/python3.10/site-packages/airflow/example_dags/example_xcom.py for tasks to queue
[2023-05-05T18:24:42.971+0000] {logging_mixin.py:137} INFO - [2023-05-05T18:24:42.971+0000] {dagbag.py:538} INFO - Filling up the DagBag from /usr/local/python/3.10.4/lib/python3.10/site-packages/airflow/example_dags/example_xcom.py
[2023-05-05T18:24:43.005+0000] {processor.py:753} INFO - DAG(s) dict_keys(['example_xcom']) retrieved from /usr/local/python/3.10.4/lib/python3.10/site-packages/airflow/example_dags/example_xcom.py
[2023-05-05T18:24:43.026+0000] {logging_mixin.py:137} INFO - [2023-05-05T18:24:43.026+0000] {dag.py:2690} INFO - Sync 1 DAGs
[2023-05-05T18:24:43.045+0000] {logging_mixin.py:137} INFO - [2023-05-05T18:24:43.045+0000] {dag.py:3437} INFO - Setting next_dagrun for example_xcom to 2021-01-01T00:00:00+00:00, run_after=2021-01-01T00:00:00+00:00
[2023-05-05T18:24:43.104+0000] {processor.py:175} INFO - Processing /usr/local/python/3.10.4/lib/python3.10/site-packages/airflow/example_dags/example_xcom.py took 0.144 seconds
[2023-05-05T18:25:20.347+0000] {processor.py:153} INFO - Started process (PID=6085) to work on /usr/local/python/3.10.4/lib/python3.10/site-packages/airflow/example_dags/example_xcom.py
[2023-05-05T18:25:20.348+0000] {processor.py:743} INFO - Processing file /usr/local/python/3.10.4/lib/python3.10/site-packages/airflow/example_dags/example_xcom.py for tasks to queue
[2023-05-05T18:25:20.349+0000] {logging_mixin.py:137} INFO - [2023-05-05T18:25:20.349+0000] {dagbag.py:538} INFO - Filling up the DagBag from /usr/local/python/3.10.4/lib/python3.10/site-packages/airflow/example_dags/example_xcom.py
[2023-05-05T18:25:20.377+0000] {processor.py:753} INFO - DAG(s) dict_keys(['example_xcom']) retrieved from /usr/local/python/3.10.4/lib/python3.10/site-packages/airflow/example_dags/example_xcom.py
[2023-05-05T18:25:20.397+0000] {logging_mixin.py:137} INFO - [2023-05-05T18:25:20.397+0000] {dag.py:2690} INFO - Sync 1 DAGs
[2023-05-05T18:25:20.419+0000] {logging_mixin.py:137} INFO - [2023-05-05T18:25:20.419+0000] {dag.py:3437} INFO - Setting next_dagrun for example_xcom to 2021-01-01T00:00:00+00:00, run_after=2021-01-01T00:00:00+00:00
[2023-05-05T18:25:20.477+0000] {processor.py:175} INFO - Processing /usr/local/python/3.10.4/lib/python3.10/site-packages/airflow/example_dags/example_xcom.py took 0.134 seconds
[2023-05-05T18:25:54.359+0000] {processor.py:153} INFO - Started process (PID=6304) to work on /usr/local/python/3.10.4/lib/python3.10/site-packages/airflow/example_dags/example_xcom.py
[2023-05-05T18:25:54.366+0000] {processor.py:743} INFO - Processing file /usr/local/python/3.10.4/lib/python3.10/site-packages/airflow/example_dags/example_xcom.py for tasks to queue
[2023-05-05T18:25:54.367+0000] {logging_mixin.py:137} INFO - [2023-05-05T18:25:54.367+0000] {dagbag.py:538} INFO - Filling up the DagBag from /usr/local/python/3.10.4/lib/python3.10/site-packages/airflow/example_dags/example_xcom.py
[2023-05-05T18:25:54.396+0000] {processor.py:753} INFO - DAG(s) dict_keys(['example_xcom']) retrieved from /usr/local/python/3.10.4/lib/python3.10/site-packages/airflow/example_dags/example_xcom.py
[2023-05-05T18:25:54.457+0000] {logging_mixin.py:137} INFO - [2023-05-05T18:25:54.457+0000] {dag.py:2690} INFO - Sync 1 DAGs
[2023-05-05T18:25:54.653+0000] {logging_mixin.py:137} INFO - [2023-05-05T18:25:54.653+0000] {dag.py:3437} INFO - Setting next_dagrun for example_xcom to 2021-01-01T00:00:00+00:00, run_after=2021-01-01T00:00:00+00:00
[2023-05-05T18:25:55.297+0000] {processor.py:175} INFO - Processing /usr/local/python/3.10.4/lib/python3.10/site-packages/airflow/example_dags/example_xcom.py took 0.942 seconds
[2023-05-05T18:26:35.060+0000] {processor.py:153} INFO - Started process (PID=6601) to work on /usr/local/python/3.10.4/lib/python3.10/site-packages/airflow/example_dags/example_xcom.py
[2023-05-05T18:26:35.061+0000] {processor.py:743} INFO - Processing file /usr/local/python/3.10.4/lib/python3.10/site-packages/airflow/example_dags/example_xcom.py for tasks to queue
[2023-05-05T18:26:35.061+0000] {logging_mixin.py:137} INFO - [2023-05-05T18:26:35.061+0000] {dagbag.py:538} INFO - Filling up the DagBag from /usr/local/python/3.10.4/lib/python3.10/site-packages/airflow/example_dags/example_xcom.py
[2023-05-05T18:26:35.087+0000] {processor.py:753} INFO - DAG(s) dict_keys(['example_xcom']) retrieved from /usr/local/python/3.10.4/lib/python3.10/site-packages/airflow/example_dags/example_xcom.py
[2023-05-05T18:26:35.106+0000] {logging_mixin.py:137} INFO - [2023-05-05T18:26:35.106+0000] {dag.py:2690} INFO - Sync 1 DAGs
[2023-05-05T18:26:35.123+0000] {logging_mixin.py:137} INFO - [2023-05-05T18:26:35.123+0000] {dag.py:3437} INFO - Setting next_dagrun for example_xcom to 2021-01-01T00:00:00+00:00, run_after=2021-01-01T00:00:00+00:00
[2023-05-05T18:26:35.175+0000] {processor.py:175} INFO - Processing /usr/local/python/3.10.4/lib/python3.10/site-packages/airflow/example_dags/example_xcom.py took 0.119 seconds
[2023-05-05T18:27:13.545+0000] {processor.py:153} INFO - Started process (PID=6864) to work on /usr/local/python/3.10.4/lib/python3.10/site-packages/airflow/example_dags/example_xcom.py
[2023-05-05T18:27:13.546+0000] {processor.py:743} INFO - Processing file /usr/local/python/3.10.4/lib/python3.10/site-packages/airflow/example_dags/example_xcom.py for tasks to queue
[2023-05-05T18:27:13.547+0000] {logging_mixin.py:137} INFO - [2023-05-05T18:27:13.546+0000] {dagbag.py:538} INFO - Filling up the DagBag from /usr/local/python/3.10.4/lib/python3.10/site-packages/airflow/example_dags/example_xcom.py
[2023-05-05T18:27:13.579+0000] {processor.py:753} INFO - DAG(s) dict_keys(['example_xcom']) retrieved from /usr/local/python/3.10.4/lib/python3.10/site-packages/airflow/example_dags/example_xcom.py
[2023-05-05T18:27:13.601+0000] {logging_mixin.py:137} INFO - [2023-05-05T18:27:13.601+0000] {dag.py:2690} INFO - Sync 1 DAGs
[2023-05-05T18:27:13.622+0000] {logging_mixin.py:137} INFO - [2023-05-05T18:27:13.622+0000] {dag.py:3437} INFO - Setting next_dagrun for example_xcom to 2021-01-01T00:00:00+00:00, run_after=2021-01-01T00:00:00+00:00
[2023-05-05T18:27:13.676+0000] {processor.py:175} INFO - Processing /usr/local/python/3.10.4/lib/python3.10/site-packages/airflow/example_dags/example_xcom.py took 0.135 seconds
[2023-05-05T18:27:50.305+0000] {processor.py:153} INFO - Started process (PID=7149) to work on /usr/local/python/3.10.4/lib/python3.10/site-packages/airflow/example_dags/example_xcom.py
[2023-05-05T18:27:50.306+0000] {processor.py:743} INFO - Processing file /usr/local/python/3.10.4/lib/python3.10/site-packages/airflow/example_dags/example_xcom.py for tasks to queue
[2023-05-05T18:27:50.306+0000] {logging_mixin.py:137} INFO - [2023-05-05T18:27:50.306+0000] {dagbag.py:538} INFO - Filling up the DagBag from /usr/local/python/3.10.4/lib/python3.10/site-packages/airflow/example_dags/example_xcom.py
[2023-05-05T18:27:50.333+0000] {processor.py:753} INFO - DAG(s) dict_keys(['example_xcom']) retrieved from /usr/local/python/3.10.4/lib/python3.10/site-packages/airflow/example_dags/example_xcom.py
[2023-05-05T18:27:50.352+0000] {logging_mixin.py:137} INFO - [2023-05-05T18:27:50.352+0000] {dag.py:2690} INFO - Sync 1 DAGs
[2023-05-05T18:27:50.369+0000] {logging_mixin.py:137} INFO - [2023-05-05T18:27:50.369+0000] {dag.py:3437} INFO - Setting next_dagrun for example_xcom to 2021-01-01T00:00:00+00:00, run_after=2021-01-01T00:00:00+00:00
[2023-05-05T18:27:50.423+0000] {processor.py:175} INFO - Processing /usr/local/python/3.10.4/lib/python3.10/site-packages/airflow/example_dags/example_xcom.py took 0.122 seconds
[2023-05-05T18:28:26.314+0000] {processor.py:153} INFO - Started process (PID=7929) to work on /usr/local/python/3.10.4/lib/python3.10/site-packages/airflow/example_dags/example_xcom.py
[2023-05-05T18:28:26.315+0000] {processor.py:743} INFO - Processing file /usr/local/python/3.10.4/lib/python3.10/site-packages/airflow/example_dags/example_xcom.py for tasks to queue
[2023-05-05T18:28:26.316+0000] {logging_mixin.py:137} INFO - [2023-05-05T18:28:26.316+0000] {dagbag.py:538} INFO - Filling up the DagBag from /usr/local/python/3.10.4/lib/python3.10/site-packages/airflow/example_dags/example_xcom.py
[2023-05-05T18:28:26.342+0000] {processor.py:753} INFO - DAG(s) dict_keys(['example_xcom']) retrieved from /usr/local/python/3.10.4/lib/python3.10/site-packages/airflow/example_dags/example_xcom.py
[2023-05-05T18:28:26.360+0000] {logging_mixin.py:137} INFO - [2023-05-05T18:28:26.360+0000] {dag.py:2690} INFO - Sync 1 DAGs
[2023-05-05T18:28:26.378+0000] {logging_mixin.py:137} INFO - [2023-05-05T18:28:26.378+0000] {dag.py:3437} INFO - Setting next_dagrun for example_xcom to 2021-01-01T00:00:00+00:00, run_after=2021-01-01T00:00:00+00:00
[2023-05-05T18:28:26.434+0000] {processor.py:175} INFO - Processing /usr/local/python/3.10.4/lib/python3.10/site-packages/airflow/example_dags/example_xcom.py took 0.124 seconds
[2023-05-05T18:29:07.040+0000] {processor.py:153} INFO - Started process (PID=8198) to work on /usr/local/python/3.10.4/lib/python3.10/site-packages/airflow/example_dags/example_xcom.py
[2023-05-05T18:29:07.042+0000] {processor.py:743} INFO - Processing file /usr/local/python/3.10.4/lib/python3.10/site-packages/airflow/example_dags/example_xcom.py for tasks to queue
[2023-05-05T18:29:07.043+0000] {logging_mixin.py:137} INFO - [2023-05-05T18:29:07.043+0000] {dagbag.py:538} INFO - Filling up the DagBag from /usr/local/python/3.10.4/lib/python3.10/site-packages/airflow/example_dags/example_xcom.py
[2023-05-05T18:29:07.069+0000] {processor.py:753} INFO - DAG(s) dict_keys(['example_xcom']) retrieved from /usr/local/python/3.10.4/lib/python3.10/site-packages/airflow/example_dags/example_xcom.py
[2023-05-05T18:29:07.088+0000] {logging_mixin.py:137} INFO - [2023-05-05T18:29:07.088+0000] {dag.py:2690} INFO - Sync 1 DAGs
[2023-05-05T18:29:07.106+0000] {logging_mixin.py:137} INFO - [2023-05-05T18:29:07.105+0000] {dag.py:3437} INFO - Setting next_dagrun for example_xcom to 2021-01-01T00:00:00+00:00, run_after=2021-01-01T00:00:00+00:00
[2023-05-05T18:29:07.157+0000] {processor.py:175} INFO - Processing /usr/local/python/3.10.4/lib/python3.10/site-packages/airflow/example_dags/example_xcom.py took 0.120 seconds
[2023-05-05T18:29:48.018+0000] {processor.py:153} INFO - Started process (PID=8556) to work on /usr/local/python/3.10.4/lib/python3.10/site-packages/airflow/example_dags/example_xcom.py
[2023-05-05T18:29:48.019+0000] {processor.py:743} INFO - Processing file /usr/local/python/3.10.4/lib/python3.10/site-packages/airflow/example_dags/example_xcom.py for tasks to queue
[2023-05-05T18:29:48.020+0000] {logging_mixin.py:137} INFO - [2023-05-05T18:29:48.020+0000] {dagbag.py:538} INFO - Filling up the DagBag from /usr/local/python/3.10.4/lib/python3.10/site-packages/airflow/example_dags/example_xcom.py
[2023-05-05T18:29:48.052+0000] {processor.py:753} INFO - DAG(s) dict_keys(['example_xcom']) retrieved from /usr/local/python/3.10.4/lib/python3.10/site-packages/airflow/example_dags/example_xcom.py
[2023-05-05T18:29:48.071+0000] {logging_mixin.py:137} INFO - [2023-05-05T18:29:48.071+0000] {dag.py:2690} INFO - Sync 1 DAGs
[2023-05-05T18:29:48.088+0000] {logging_mixin.py:137} INFO - [2023-05-05T18:29:48.088+0000] {dag.py:3437} INFO - Setting next_dagrun for example_xcom to 2021-01-01T00:00:00+00:00, run_after=2021-01-01T00:00:00+00:00
[2023-05-05T18:29:48.148+0000] {processor.py:175} INFO - Processing /usr/local/python/3.10.4/lib/python3.10/site-packages/airflow/example_dags/example_xcom.py took 0.134 seconds
[2023-05-05T18:30:24.373+0000] {processor.py:153} INFO - Started process (PID=8906) to work on /usr/local/python/3.10.4/lib/python3.10/site-packages/airflow/example_dags/example_xcom.py
[2023-05-05T18:30:24.374+0000] {processor.py:743} INFO - Processing file /usr/local/python/3.10.4/lib/python3.10/site-packages/airflow/example_dags/example_xcom.py for tasks to queue
[2023-05-05T18:30:24.375+0000] {logging_mixin.py:137} INFO - [2023-05-05T18:30:24.375+0000] {dagbag.py:538} INFO - Filling up the DagBag from /usr/local/python/3.10.4/lib/python3.10/site-packages/airflow/example_dags/example_xcom.py
[2023-05-05T18:30:24.402+0000] {processor.py:753} INFO - DAG(s) dict_keys(['example_xcom']) retrieved from /usr/local/python/3.10.4/lib/python3.10/site-packages/airflow/example_dags/example_xcom.py
[2023-05-05T18:30:24.420+0000] {logging_mixin.py:137} INFO - [2023-05-05T18:30:24.420+0000] {dag.py:2690} INFO - Sync 1 DAGs
[2023-05-05T18:30:24.438+0000] {logging_mixin.py:137} INFO - [2023-05-05T18:30:24.438+0000] {dag.py:3437} INFO - Setting next_dagrun for example_xcom to 2021-01-01T00:00:00+00:00, run_after=2021-01-01T00:00:00+00:00
[2023-05-05T18:30:24.496+0000] {processor.py:175} INFO - Processing /usr/local/python/3.10.4/lib/python3.10/site-packages/airflow/example_dags/example_xcom.py took 0.127 seconds
[2023-05-05T18:31:03.891+0000] {processor.py:153} INFO - Started process (PID=9238) to work on /usr/local/python/3.10.4/lib/python3.10/site-packages/airflow/example_dags/example_xcom.py
[2023-05-05T18:31:03.892+0000] {processor.py:743} INFO - Processing file /usr/local/python/3.10.4/lib/python3.10/site-packages/airflow/example_dags/example_xcom.py for tasks to queue
[2023-05-05T18:31:03.893+0000] {logging_mixin.py:137} INFO - [2023-05-05T18:31:03.893+0000] {dagbag.py:538} INFO - Filling up the DagBag from /usr/local/python/3.10.4/lib/python3.10/site-packages/airflow/example_dags/example_xcom.py
[2023-05-05T18:31:03.919+0000] {processor.py:753} INFO - DAG(s) dict_keys(['example_xcom']) retrieved from /usr/local/python/3.10.4/lib/python3.10/site-packages/airflow/example_dags/example_xcom.py
[2023-05-05T18:31:03.938+0000] {logging_mixin.py:137} INFO - [2023-05-05T18:31:03.938+0000] {dag.py:2690} INFO - Sync 1 DAGs
[2023-05-05T18:31:03.957+0000] {logging_mixin.py:137} INFO - [2023-05-05T18:31:03.957+0000] {dag.py:3437} INFO - Setting next_dagrun for example_xcom to 2021-01-01T00:00:00+00:00, run_after=2021-01-01T00:00:00+00:00
[2023-05-05T18:31:04.011+0000] {processor.py:175} INFO - Processing /usr/local/python/3.10.4/lib/python3.10/site-packages/airflow/example_dags/example_xcom.py took 0.123 seconds
[2023-05-05T18:31:39.380+0000] {processor.py:153} INFO - Started process (PID=9580) to work on /usr/local/python/3.10.4/lib/python3.10/site-packages/airflow/example_dags/example_xcom.py
[2023-05-05T18:31:39.381+0000] {processor.py:743} INFO - Processing file /usr/local/python/3.10.4/lib/python3.10/site-packages/airflow/example_dags/example_xcom.py for tasks to queue
[2023-05-05T18:31:39.382+0000] {logging_mixin.py:137} INFO - [2023-05-05T18:31:39.382+0000] {dagbag.py:538} INFO - Filling up the DagBag from /usr/local/python/3.10.4/lib/python3.10/site-packages/airflow/example_dags/example_xcom.py
[2023-05-05T18:31:39.408+0000] {processor.py:753} INFO - DAG(s) dict_keys(['example_xcom']) retrieved from /usr/local/python/3.10.4/lib/python3.10/site-packages/airflow/example_dags/example_xcom.py
[2023-05-05T18:31:39.426+0000] {logging_mixin.py:137} INFO - [2023-05-05T18:31:39.426+0000] {dag.py:2690} INFO - Sync 1 DAGs
[2023-05-05T18:31:39.444+0000] {logging_mixin.py:137} INFO - [2023-05-05T18:31:39.444+0000] {dag.py:3437} INFO - Setting next_dagrun for example_xcom to 2021-01-01T00:00:00+00:00, run_after=2021-01-01T00:00:00+00:00
[2023-05-05T18:31:39.498+0000] {processor.py:175} INFO - Processing /usr/local/python/3.10.4/lib/python3.10/site-packages/airflow/example_dags/example_xcom.py took 0.122 seconds
[2023-05-05T18:32:17.123+0000] {processor.py:153} INFO - Started process (PID=9966) to work on /usr/local/python/3.10.4/lib/python3.10/site-packages/airflow/example_dags/example_xcom.py
[2023-05-05T18:32:17.126+0000] {processor.py:743} INFO - Processing file /usr/local/python/3.10.4/lib/python3.10/site-packages/airflow/example_dags/example_xcom.py for tasks to queue
[2023-05-05T18:32:17.127+0000] {logging_mixin.py:137} INFO - [2023-05-05T18:32:17.127+0000] {dagbag.py:538} INFO - Filling up the DagBag from /usr/local/python/3.10.4/lib/python3.10/site-packages/airflow/example_dags/example_xcom.py
[2023-05-05T18:32:17.180+0000] {processor.py:753} INFO - DAG(s) dict_keys(['example_xcom']) retrieved from /usr/local/python/3.10.4/lib/python3.10/site-packages/airflow/example_dags/example_xcom.py
[2023-05-05T18:32:17.219+0000] {logging_mixin.py:137} INFO - [2023-05-05T18:32:17.219+0000] {dag.py:2690} INFO - Sync 1 DAGs
[2023-05-05T18:32:17.239+0000] {logging_mixin.py:137} INFO - [2023-05-05T18:32:17.239+0000] {dag.py:3437} INFO - Setting next_dagrun for example_xcom to 2021-01-01T00:00:00+00:00, run_after=2021-01-01T00:00:00+00:00
[2023-05-05T18:32:17.292+0000] {processor.py:175} INFO - Processing /usr/local/python/3.10.4/lib/python3.10/site-packages/airflow/example_dags/example_xcom.py took 0.180 seconds
[2023-05-05T18:33:00.193+0000] {processor.py:153} INFO - Started process (PID=10334) to work on /usr/local/python/3.10.4/lib/python3.10/site-packages/airflow/example_dags/example_xcom.py
[2023-05-05T18:33:00.195+0000] {processor.py:743} INFO - Processing file /usr/local/python/3.10.4/lib/python3.10/site-packages/airflow/example_dags/example_xcom.py for tasks to queue
[2023-05-05T18:33:00.195+0000] {logging_mixin.py:137} INFO - [2023-05-05T18:33:00.195+0000] {dagbag.py:538} INFO - Filling up the DagBag from /usr/local/python/3.10.4/lib/python3.10/site-packages/airflow/example_dags/example_xcom.py
[2023-05-05T18:33:00.224+0000] {processor.py:753} INFO - DAG(s) dict_keys(['example_xcom']) retrieved from /usr/local/python/3.10.4/lib/python3.10/site-packages/airflow/example_dags/example_xcom.py
[2023-05-05T18:33:00.244+0000] {logging_mixin.py:137} INFO - [2023-05-05T18:33:00.243+0000] {dag.py:2690} INFO - Sync 1 DAGs
[2023-05-05T18:33:00.264+0000] {logging_mixin.py:137} INFO - [2023-05-05T18:33:00.264+0000] {dag.py:3437} INFO - Setting next_dagrun for example_xcom to 2021-01-01T00:00:00+00:00, run_after=2021-01-01T00:00:00+00:00
[2023-05-05T18:33:00.328+0000] {processor.py:175} INFO - Processing /usr/local/python/3.10.4/lib/python3.10/site-packages/airflow/example_dags/example_xcom.py took 0.139 seconds
[2023-05-05T18:33:36.930+0000] {processor.py:153} INFO - Started process (PID=10652) to work on /usr/local/python/3.10.4/lib/python3.10/site-packages/airflow/example_dags/example_xcom.py
[2023-05-05T18:33:36.931+0000] {processor.py:743} INFO - Processing file /usr/local/python/3.10.4/lib/python3.10/site-packages/airflow/example_dags/example_xcom.py for tasks to queue
[2023-05-05T18:33:36.932+0000] {logging_mixin.py:137} INFO - [2023-05-05T18:33:36.932+0000] {dagbag.py:538} INFO - Filling up the DagBag from /usr/local/python/3.10.4/lib/python3.10/site-packages/airflow/example_dags/example_xcom.py
[2023-05-05T18:33:36.961+0000] {processor.py:753} INFO - DAG(s) dict_keys(['example_xcom']) retrieved from /usr/local/python/3.10.4/lib/python3.10/site-packages/airflow/example_dags/example_xcom.py
[2023-05-05T18:33:36.987+0000] {logging_mixin.py:137} INFO - [2023-05-05T18:33:36.987+0000] {dag.py:2690} INFO - Sync 1 DAGs
[2023-05-05T18:33:37.007+0000] {logging_mixin.py:137} INFO - [2023-05-05T18:33:37.007+0000] {dag.py:3437} INFO - Setting next_dagrun for example_xcom to 2021-01-01T00:00:00+00:00, run_after=2021-01-01T00:00:00+00:00
[2023-05-05T18:33:37.062+0000] {processor.py:175} INFO - Processing /usr/local/python/3.10.4/lib/python3.10/site-packages/airflow/example_dags/example_xcom.py took 0.135 seconds
[2023-05-05T18:34:14.525+0000] {processor.py:153} INFO - Started process (PID=11036) to work on /usr/local/python/3.10.4/lib/python3.10/site-packages/airflow/example_dags/example_xcom.py
[2023-05-05T18:34:14.527+0000] {processor.py:743} INFO - Processing file /usr/local/python/3.10.4/lib/python3.10/site-packages/airflow/example_dags/example_xcom.py for tasks to queue
[2023-05-05T18:34:14.528+0000] {logging_mixin.py:137} INFO - [2023-05-05T18:34:14.528+0000] {dagbag.py:538} INFO - Filling up the DagBag from /usr/local/python/3.10.4/lib/python3.10/site-packages/airflow/example_dags/example_xcom.py
[2023-05-05T18:34:14.557+0000] {processor.py:753} INFO - DAG(s) dict_keys(['example_xcom']) retrieved from /usr/local/python/3.10.4/lib/python3.10/site-packages/airflow/example_dags/example_xcom.py
[2023-05-05T18:34:14.578+0000] {logging_mixin.py:137} INFO - [2023-05-05T18:34:14.578+0000] {dag.py:2690} INFO - Sync 1 DAGs
[2023-05-05T18:34:14.598+0000] {logging_mixin.py:137} INFO - [2023-05-05T18:34:14.598+0000] {dag.py:3437} INFO - Setting next_dagrun for example_xcom to 2021-01-01T00:00:00+00:00, run_after=2021-01-01T00:00:00+00:00
[2023-05-05T18:34:14.664+0000] {processor.py:175} INFO - Processing /usr/local/python/3.10.4/lib/python3.10/site-packages/airflow/example_dags/example_xcom.py took 0.143 seconds
