[2023-05-05T18:22:09.371+0000] {processor.py:153} INFO - Started process (PID=4733) to work on /usr/local/python/3.10.4/lib/python3.10/site-packages/airflow/example_dags/example_dag_decorator.py
[2023-05-05T18:22:09.372+0000] {processor.py:743} INFO - Processing file /usr/local/python/3.10.4/lib/python3.10/site-packages/airflow/example_dags/example_dag_decorator.py for tasks to queue
[2023-05-05T18:22:09.372+0000] {logging_mixin.py:137} INFO - [2023-05-05T18:22:09.372+0000] {dagbag.py:538} INFO - Filling up the DagBag from /usr/local/python/3.10.4/lib/python3.10/site-packages/airflow/example_dags/example_dag_decorator.py
[2023-05-05T18:22:09.392+0000] {logging_mixin.py:137} INFO - [2023-05-05T18:22:09.392+0000] {taskmixin.py:205} WARNING - Dependency <Task(_PythonDecoratedOperator): prepare_email>, send_email already registered for DAG: example_dag_decorator
[2023-05-05T18:22:09.392+0000] {logging_mixin.py:137} INFO - [2023-05-05T18:22:09.392+0000] {taskmixin.py:205} WARNING - Dependency <Task(EmailOperator): send_email>, prepare_email already registered for DAG: example_dag_decorator
[2023-05-05T18:22:09.408+0000] {processor.py:753} INFO - DAG(s) dict_keys(['example_dag_decorator']) retrieved from /usr/local/python/3.10.4/lib/python3.10/site-packages/airflow/example_dags/example_dag_decorator.py
[2023-05-05T18:22:09.715+0000] {logging_mixin.py:137} INFO - [2023-05-05T18:22:09.715+0000] {manager.py:504} INFO - Created Permission View: can delete on DAG:example_dag_decorator
[2023-05-05T18:22:09.778+0000] {logging_mixin.py:137} INFO - [2023-05-05T18:22:09.777+0000] {manager.py:504} INFO - Created Permission View: can read on DAG:example_dag_decorator
[2023-05-05T18:22:09.820+0000] {logging_mixin.py:137} INFO - [2023-05-05T18:22:09.820+0000] {manager.py:504} INFO - Created Permission View: can edit on DAG:example_dag_decorator
[2023-05-05T18:22:09.821+0000] {logging_mixin.py:137} INFO - [2023-05-05T18:22:09.820+0000] {dag.py:2690} INFO - Sync 1 DAGs
[2023-05-05T18:22:09.831+0000] {logging_mixin.py:137} INFO - [2023-05-05T18:22:09.831+0000] {dag.py:2711} INFO - Creating ORM DAG for example_dag_decorator
[2023-05-05T18:22:09.839+0000] {logging_mixin.py:137} INFO - [2023-05-05T18:22:09.839+0000] {dag.py:3437} INFO - Setting next_dagrun for example_dag_decorator to None, run_after=None
[2023-05-05T18:22:09.901+0000] {processor.py:175} INFO - Processing /usr/local/python/3.10.4/lib/python3.10/site-packages/airflow/example_dags/example_dag_decorator.py took 0.533 seconds
[2023-05-05T18:23:00.374+0000] {processor.py:153} INFO - Started process (PID=5092) to work on /usr/local/python/3.10.4/lib/python3.10/site-packages/airflow/example_dags/example_dag_decorator.py
[2023-05-05T18:23:00.375+0000] {processor.py:743} INFO - Processing file /usr/local/python/3.10.4/lib/python3.10/site-packages/airflow/example_dags/example_dag_decorator.py for tasks to queue
[2023-05-05T18:23:00.376+0000] {logging_mixin.py:137} INFO - [2023-05-05T18:23:00.376+0000] {dagbag.py:538} INFO - Filling up the DagBag from /usr/local/python/3.10.4/lib/python3.10/site-packages/airflow/example_dags/example_dag_decorator.py
[2023-05-05T18:23:00.395+0000] {logging_mixin.py:137} INFO - [2023-05-05T18:23:00.395+0000] {taskmixin.py:205} WARNING - Dependency <Task(_PythonDecoratedOperator): prepare_email>, send_email already registered for DAG: example_dag_decorator
[2023-05-05T18:23:00.395+0000] {logging_mixin.py:137} INFO - [2023-05-05T18:23:00.395+0000] {taskmixin.py:205} WARNING - Dependency <Task(EmailOperator): send_email>, prepare_email already registered for DAG: example_dag_decorator
[2023-05-05T18:23:00.408+0000] {processor.py:753} INFO - DAG(s) dict_keys(['example_dag_decorator']) retrieved from /usr/local/python/3.10.4/lib/python3.10/site-packages/airflow/example_dags/example_dag_decorator.py
[2023-05-05T18:23:00.457+0000] {logging_mixin.py:137} INFO - [2023-05-05T18:23:00.457+0000] {dag.py:2690} INFO - Sync 1 DAGs
[2023-05-05T18:23:00.683+0000] {logging_mixin.py:137} INFO - [2023-05-05T18:23:00.683+0000] {dag.py:3437} INFO - Setting next_dagrun for example_dag_decorator to None, run_after=None
[2023-05-05T18:23:00.739+0000] {processor.py:175} INFO - Processing /usr/local/python/3.10.4/lib/python3.10/site-packages/airflow/example_dags/example_dag_decorator.py took 0.368 seconds
[2023-05-05T18:23:50.424+0000] {processor.py:153} INFO - Started process (PID=5425) to work on /usr/local/python/3.10.4/lib/python3.10/site-packages/airflow/example_dags/example_dag_decorator.py
[2023-05-05T18:23:50.425+0000] {processor.py:743} INFO - Processing file /usr/local/python/3.10.4/lib/python3.10/site-packages/airflow/example_dags/example_dag_decorator.py for tasks to queue
[2023-05-05T18:23:50.426+0000] {logging_mixin.py:137} INFO - [2023-05-05T18:23:50.425+0000] {dagbag.py:538} INFO - Filling up the DagBag from /usr/local/python/3.10.4/lib/python3.10/site-packages/airflow/example_dags/example_dag_decorator.py
[2023-05-05T18:23:50.445+0000] {logging_mixin.py:137} INFO - [2023-05-05T18:23:50.445+0000] {taskmixin.py:205} WARNING - Dependency <Task(_PythonDecoratedOperator): prepare_email>, send_email already registered for DAG: example_dag_decorator
[2023-05-05T18:23:50.445+0000] {logging_mixin.py:137} INFO - [2023-05-05T18:23:50.445+0000] {taskmixin.py:205} WARNING - Dependency <Task(EmailOperator): send_email>, prepare_email already registered for DAG: example_dag_decorator
[2023-05-05T18:23:50.457+0000] {processor.py:753} INFO - DAG(s) dict_keys(['example_dag_decorator']) retrieved from /usr/local/python/3.10.4/lib/python3.10/site-packages/airflow/example_dags/example_dag_decorator.py
[2023-05-05T18:23:50.503+0000] {logging_mixin.py:137} INFO - [2023-05-05T18:23:50.503+0000] {dag.py:2690} INFO - Sync 1 DAGs
[2023-05-05T18:23:50.520+0000] {logging_mixin.py:137} INFO - [2023-05-05T18:23:50.520+0000] {dag.py:3437} INFO - Setting next_dagrun for example_dag_decorator to None, run_after=None
[2023-05-05T18:23:50.580+0000] {processor.py:175} INFO - Processing /usr/local/python/3.10.4/lib/python3.10/site-packages/airflow/example_dags/example_dag_decorator.py took 0.160 seconds
[2023-05-05T18:24:35.052+0000] {processor.py:153} INFO - Started process (PID=5771) to work on /usr/local/python/3.10.4/lib/python3.10/site-packages/airflow/example_dags/example_dag_decorator.py
[2023-05-05T18:24:35.056+0000] {processor.py:743} INFO - Processing file /usr/local/python/3.10.4/lib/python3.10/site-packages/airflow/example_dags/example_dag_decorator.py for tasks to queue
[2023-05-05T18:24:35.057+0000] {logging_mixin.py:137} INFO - [2023-05-05T18:24:35.057+0000] {dagbag.py:538} INFO - Filling up the DagBag from /usr/local/python/3.10.4/lib/python3.10/site-packages/airflow/example_dags/example_dag_decorator.py
[2023-05-05T18:24:35.080+0000] {logging_mixin.py:137} INFO - [2023-05-05T18:24:35.080+0000] {taskmixin.py:205} WARNING - Dependency <Task(_PythonDecoratedOperator): prepare_email>, send_email already registered for DAG: example_dag_decorator
[2023-05-05T18:24:35.081+0000] {logging_mixin.py:137} INFO - [2023-05-05T18:24:35.081+0000] {taskmixin.py:205} WARNING - Dependency <Task(EmailOperator): send_email>, prepare_email already registered for DAG: example_dag_decorator
[2023-05-05T18:24:35.096+0000] {processor.py:753} INFO - DAG(s) dict_keys(['example_dag_decorator']) retrieved from /usr/local/python/3.10.4/lib/python3.10/site-packages/airflow/example_dags/example_dag_decorator.py
[2023-05-05T18:24:35.146+0000] {logging_mixin.py:137} INFO - [2023-05-05T18:24:35.146+0000] {dag.py:2690} INFO - Sync 1 DAGs
[2023-05-05T18:24:35.166+0000] {logging_mixin.py:137} INFO - [2023-05-05T18:24:35.166+0000] {dag.py:3437} INFO - Setting next_dagrun for example_dag_decorator to None, run_after=None
[2023-05-05T18:24:35.221+0000] {processor.py:175} INFO - Processing /usr/local/python/3.10.4/lib/python3.10/site-packages/airflow/example_dags/example_dag_decorator.py took 0.173 seconds
[2023-05-05T18:25:14.022+0000] {processor.py:153} INFO - Started process (PID=6038) to work on /usr/local/python/3.10.4/lib/python3.10/site-packages/airflow/example_dags/example_dag_decorator.py
[2023-05-05T18:25:14.024+0000] {processor.py:743} INFO - Processing file /usr/local/python/3.10.4/lib/python3.10/site-packages/airflow/example_dags/example_dag_decorator.py for tasks to queue
[2023-05-05T18:25:14.024+0000] {logging_mixin.py:137} INFO - [2023-05-05T18:25:14.024+0000] {dagbag.py:538} INFO - Filling up the DagBag from /usr/local/python/3.10.4/lib/python3.10/site-packages/airflow/example_dags/example_dag_decorator.py
[2023-05-05T18:25:14.046+0000] {logging_mixin.py:137} INFO - [2023-05-05T18:25:14.046+0000] {taskmixin.py:205} WARNING - Dependency <Task(_PythonDecoratedOperator): prepare_email>, send_email already registered for DAG: example_dag_decorator
[2023-05-05T18:25:14.047+0000] {logging_mixin.py:137} INFO - [2023-05-05T18:25:14.047+0000] {taskmixin.py:205} WARNING - Dependency <Task(EmailOperator): send_email>, prepare_email already registered for DAG: example_dag_decorator
[2023-05-05T18:25:14.060+0000] {processor.py:753} INFO - DAG(s) dict_keys(['example_dag_decorator']) retrieved from /usr/local/python/3.10.4/lib/python3.10/site-packages/airflow/example_dags/example_dag_decorator.py
[2023-05-05T18:25:14.112+0000] {logging_mixin.py:137} INFO - [2023-05-05T18:25:14.112+0000] {dag.py:2690} INFO - Sync 1 DAGs
[2023-05-05T18:25:14.129+0000] {logging_mixin.py:137} INFO - [2023-05-05T18:25:14.129+0000] {dag.py:3437} INFO - Setting next_dagrun for example_dag_decorator to None, run_after=None
[2023-05-05T18:25:14.185+0000] {processor.py:175} INFO - Processing /usr/local/python/3.10.4/lib/python3.10/site-packages/airflow/example_dags/example_dag_decorator.py took 0.167 seconds
[2023-05-05T18:26:02.013+0000] {processor.py:153} INFO - Started process (PID=6366) to work on /usr/local/python/3.10.4/lib/python3.10/site-packages/airflow/example_dags/example_dag_decorator.py
[2023-05-05T18:26:02.014+0000] {processor.py:743} INFO - Processing file /usr/local/python/3.10.4/lib/python3.10/site-packages/airflow/example_dags/example_dag_decorator.py for tasks to queue
[2023-05-05T18:26:02.015+0000] {logging_mixin.py:137} INFO - [2023-05-05T18:26:02.015+0000] {dagbag.py:538} INFO - Filling up the DagBag from /usr/local/python/3.10.4/lib/python3.10/site-packages/airflow/example_dags/example_dag_decorator.py
[2023-05-05T18:26:02.033+0000] {logging_mixin.py:137} INFO - [2023-05-05T18:26:02.033+0000] {taskmixin.py:205} WARNING - Dependency <Task(_PythonDecoratedOperator): prepare_email>, send_email already registered for DAG: example_dag_decorator
[2023-05-05T18:26:02.034+0000] {logging_mixin.py:137} INFO - [2023-05-05T18:26:02.034+0000] {taskmixin.py:205} WARNING - Dependency <Task(EmailOperator): send_email>, prepare_email already registered for DAG: example_dag_decorator
[2023-05-05T18:26:02.045+0000] {processor.py:753} INFO - DAG(s) dict_keys(['example_dag_decorator']) retrieved from /usr/local/python/3.10.4/lib/python3.10/site-packages/airflow/example_dags/example_dag_decorator.py
[2023-05-05T18:26:02.095+0000] {logging_mixin.py:137} INFO - [2023-05-05T18:26:02.095+0000] {dag.py:2690} INFO - Sync 1 DAGs
[2023-05-05T18:26:02.119+0000] {logging_mixin.py:137} INFO - [2023-05-05T18:26:02.119+0000] {dag.py:3437} INFO - Setting next_dagrun for example_dag_decorator to None, run_after=None
[2023-05-05T18:26:02.174+0000] {processor.py:175} INFO - Processing /usr/local/python/3.10.4/lib/python3.10/site-packages/airflow/example_dags/example_dag_decorator.py took 0.164 seconds
[2023-05-05T18:26:42.641+0000] {processor.py:153} INFO - Started process (PID=6649) to work on /usr/local/python/3.10.4/lib/python3.10/site-packages/airflow/example_dags/example_dag_decorator.py
[2023-05-05T18:26:42.642+0000] {processor.py:743} INFO - Processing file /usr/local/python/3.10.4/lib/python3.10/site-packages/airflow/example_dags/example_dag_decorator.py for tasks to queue
[2023-05-05T18:26:42.642+0000] {logging_mixin.py:137} INFO - [2023-05-05T18:26:42.642+0000] {dagbag.py:538} INFO - Filling up the DagBag from /usr/local/python/3.10.4/lib/python3.10/site-packages/airflow/example_dags/example_dag_decorator.py
[2023-05-05T18:26:42.661+0000] {logging_mixin.py:137} INFO - [2023-05-05T18:26:42.661+0000] {taskmixin.py:205} WARNING - Dependency <Task(_PythonDecoratedOperator): prepare_email>, send_email already registered for DAG: example_dag_decorator
[2023-05-05T18:26:42.661+0000] {logging_mixin.py:137} INFO - [2023-05-05T18:26:42.661+0000] {taskmixin.py:205} WARNING - Dependency <Task(EmailOperator): send_email>, prepare_email already registered for DAG: example_dag_decorator
[2023-05-05T18:26:42.674+0000] {processor.py:753} INFO - DAG(s) dict_keys(['example_dag_decorator']) retrieved from /usr/local/python/3.10.4/lib/python3.10/site-packages/airflow/example_dags/example_dag_decorator.py
[2023-05-05T18:26:42.720+0000] {logging_mixin.py:137} INFO - [2023-05-05T18:26:42.719+0000] {dag.py:2690} INFO - Sync 1 DAGs
[2023-05-05T18:26:42.736+0000] {logging_mixin.py:137} INFO - [2023-05-05T18:26:42.736+0000] {dag.py:3437} INFO - Setting next_dagrun for example_dag_decorator to None, run_after=None
[2023-05-05T18:26:42.792+0000] {processor.py:175} INFO - Processing /usr/local/python/3.10.4/lib/python3.10/site-packages/airflow/example_dags/example_dag_decorator.py took 0.155 seconds
[2023-05-05T18:27:28.252+0000] {processor.py:153} INFO - Started process (PID=6980) to work on /usr/local/python/3.10.4/lib/python3.10/site-packages/airflow/example_dags/example_dag_decorator.py
[2023-05-05T18:27:28.253+0000] {processor.py:743} INFO - Processing file /usr/local/python/3.10.4/lib/python3.10/site-packages/airflow/example_dags/example_dag_decorator.py for tasks to queue
[2023-05-05T18:27:28.254+0000] {logging_mixin.py:137} INFO - [2023-05-05T18:27:28.254+0000] {dagbag.py:538} INFO - Filling up the DagBag from /usr/local/python/3.10.4/lib/python3.10/site-packages/airflow/example_dags/example_dag_decorator.py
[2023-05-05T18:27:28.274+0000] {logging_mixin.py:137} INFO - [2023-05-05T18:27:28.273+0000] {taskmixin.py:205} WARNING - Dependency <Task(_PythonDecoratedOperator): prepare_email>, send_email already registered for DAG: example_dag_decorator
[2023-05-05T18:27:28.274+0000] {logging_mixin.py:137} INFO - [2023-05-05T18:27:28.274+0000] {taskmixin.py:205} WARNING - Dependency <Task(EmailOperator): send_email>, prepare_email already registered for DAG: example_dag_decorator
[2023-05-05T18:27:28.286+0000] {processor.py:753} INFO - DAG(s) dict_keys(['example_dag_decorator']) retrieved from /usr/local/python/3.10.4/lib/python3.10/site-packages/airflow/example_dags/example_dag_decorator.py
[2023-05-05T18:27:28.334+0000] {logging_mixin.py:137} INFO - [2023-05-05T18:27:28.334+0000] {dag.py:2690} INFO - Sync 1 DAGs
[2023-05-05T18:27:28.351+0000] {logging_mixin.py:137} INFO - [2023-05-05T18:27:28.351+0000] {dag.py:3437} INFO - Setting next_dagrun for example_dag_decorator to None, run_after=None
[2023-05-05T18:27:28.405+0000] {processor.py:175} INFO - Processing /usr/local/python/3.10.4/lib/python3.10/site-packages/airflow/example_dags/example_dag_decorator.py took 0.157 seconds
[2023-05-05T18:28:06.285+0000] {processor.py:153} INFO - Started process (PID=7489) to work on /usr/local/python/3.10.4/lib/python3.10/site-packages/airflow/example_dags/example_dag_decorator.py
[2023-05-05T18:28:06.286+0000] {processor.py:743} INFO - Processing file /usr/local/python/3.10.4/lib/python3.10/site-packages/airflow/example_dags/example_dag_decorator.py for tasks to queue
[2023-05-05T18:28:06.287+0000] {logging_mixin.py:137} INFO - [2023-05-05T18:28:06.287+0000] {dagbag.py:538} INFO - Filling up the DagBag from /usr/local/python/3.10.4/lib/python3.10/site-packages/airflow/example_dags/example_dag_decorator.py
[2023-05-05T18:28:06.305+0000] {logging_mixin.py:137} INFO - [2023-05-05T18:28:06.305+0000] {taskmixin.py:205} WARNING - Dependency <Task(_PythonDecoratedOperator): prepare_email>, send_email already registered for DAG: example_dag_decorator
[2023-05-05T18:28:06.306+0000] {logging_mixin.py:137} INFO - [2023-05-05T18:28:06.306+0000] {taskmixin.py:205} WARNING - Dependency <Task(EmailOperator): send_email>, prepare_email already registered for DAG: example_dag_decorator
[2023-05-05T18:28:06.318+0000] {processor.py:753} INFO - DAG(s) dict_keys(['example_dag_decorator']) retrieved from /usr/local/python/3.10.4/lib/python3.10/site-packages/airflow/example_dags/example_dag_decorator.py
[2023-05-05T18:28:06.363+0000] {logging_mixin.py:137} INFO - [2023-05-05T18:28:06.363+0000] {dag.py:2690} INFO - Sync 1 DAGs
[2023-05-05T18:28:06.379+0000] {logging_mixin.py:137} INFO - [2023-05-05T18:28:06.379+0000] {dag.py:3437} INFO - Setting next_dagrun for example_dag_decorator to None, run_after=None
[2023-05-05T18:28:06.431+0000] {processor.py:175} INFO - Processing /usr/local/python/3.10.4/lib/python3.10/site-packages/airflow/example_dags/example_dag_decorator.py took 0.149 seconds
[2023-05-05T18:28:45.105+0000] {processor.py:153} INFO - Started process (PID=8054) to work on /usr/local/python/3.10.4/lib/python3.10/site-packages/airflow/example_dags/example_dag_decorator.py
[2023-05-05T18:28:45.106+0000] {processor.py:743} INFO - Processing file /usr/local/python/3.10.4/lib/python3.10/site-packages/airflow/example_dags/example_dag_decorator.py for tasks to queue
[2023-05-05T18:28:45.107+0000] {logging_mixin.py:137} INFO - [2023-05-05T18:28:45.107+0000] {dagbag.py:538} INFO - Filling up the DagBag from /usr/local/python/3.10.4/lib/python3.10/site-packages/airflow/example_dags/example_dag_decorator.py
[2023-05-05T18:28:45.133+0000] {logging_mixin.py:137} INFO - [2023-05-05T18:28:45.133+0000] {taskmixin.py:205} WARNING - Dependency <Task(_PythonDecoratedOperator): prepare_email>, send_email already registered for DAG: example_dag_decorator
[2023-05-05T18:28:45.133+0000] {logging_mixin.py:137} INFO - [2023-05-05T18:28:45.133+0000] {taskmixin.py:205} WARNING - Dependency <Task(EmailOperator): send_email>, prepare_email already registered for DAG: example_dag_decorator
[2023-05-05T18:28:45.145+0000] {processor.py:753} INFO - DAG(s) dict_keys(['example_dag_decorator']) retrieved from /usr/local/python/3.10.4/lib/python3.10/site-packages/airflow/example_dags/example_dag_decorator.py
[2023-05-05T18:28:45.191+0000] {logging_mixin.py:137} INFO - [2023-05-05T18:28:45.190+0000] {dag.py:2690} INFO - Sync 1 DAGs
[2023-05-05T18:28:45.214+0000] {logging_mixin.py:137} INFO - [2023-05-05T18:28:45.213+0000] {dag.py:3437} INFO - Setting next_dagrun for example_dag_decorator to None, run_after=None
[2023-05-05T18:28:45.291+0000] {processor.py:175} INFO - Processing /usr/local/python/3.10.4/lib/python3.10/site-packages/airflow/example_dags/example_dag_decorator.py took 0.189 seconds
[2023-05-05T18:29:25.750+0000] {processor.py:153} INFO - Started process (PID=8359) to work on /usr/local/python/3.10.4/lib/python3.10/site-packages/airflow/example_dags/example_dag_decorator.py
[2023-05-05T18:29:25.751+0000] {processor.py:743} INFO - Processing file /usr/local/python/3.10.4/lib/python3.10/site-packages/airflow/example_dags/example_dag_decorator.py for tasks to queue
[2023-05-05T18:29:25.752+0000] {logging_mixin.py:137} INFO - [2023-05-05T18:29:25.752+0000] {dagbag.py:538} INFO - Filling up the DagBag from /usr/local/python/3.10.4/lib/python3.10/site-packages/airflow/example_dags/example_dag_decorator.py
[2023-05-05T18:29:25.771+0000] {logging_mixin.py:137} INFO - [2023-05-05T18:29:25.770+0000] {taskmixin.py:205} WARNING - Dependency <Task(_PythonDecoratedOperator): prepare_email>, send_email already registered for DAG: example_dag_decorator
[2023-05-05T18:29:25.771+0000] {logging_mixin.py:137} INFO - [2023-05-05T18:29:25.771+0000] {taskmixin.py:205} WARNING - Dependency <Task(EmailOperator): send_email>, prepare_email already registered for DAG: example_dag_decorator
[2023-05-05T18:29:25.784+0000] {processor.py:753} INFO - DAG(s) dict_keys(['example_dag_decorator']) retrieved from /usr/local/python/3.10.4/lib/python3.10/site-packages/airflow/example_dags/example_dag_decorator.py
[2023-05-05T18:29:25.830+0000] {logging_mixin.py:137} INFO - [2023-05-05T18:29:25.830+0000] {dag.py:2690} INFO - Sync 1 DAGs
[2023-05-05T18:29:25.846+0000] {logging_mixin.py:137} INFO - [2023-05-05T18:29:25.845+0000] {dag.py:3437} INFO - Setting next_dagrun for example_dag_decorator to None, run_after=None
[2023-05-05T18:29:25.898+0000] {processor.py:175} INFO - Processing /usr/local/python/3.10.4/lib/python3.10/site-packages/airflow/example_dags/example_dag_decorator.py took 0.152 seconds
[2023-05-05T18:30:05.191+0000] {processor.py:153} INFO - Started process (PID=8720) to work on /usr/local/python/3.10.4/lib/python3.10/site-packages/airflow/example_dags/example_dag_decorator.py
[2023-05-05T18:30:05.192+0000] {processor.py:743} INFO - Processing file /usr/local/python/3.10.4/lib/python3.10/site-packages/airflow/example_dags/example_dag_decorator.py for tasks to queue
[2023-05-05T18:30:05.193+0000] {logging_mixin.py:137} INFO - [2023-05-05T18:30:05.193+0000] {dagbag.py:538} INFO - Filling up the DagBag from /usr/local/python/3.10.4/lib/python3.10/site-packages/airflow/example_dags/example_dag_decorator.py
[2023-05-05T18:30:05.212+0000] {logging_mixin.py:137} INFO - [2023-05-05T18:30:05.212+0000] {taskmixin.py:205} WARNING - Dependency <Task(_PythonDecoratedOperator): prepare_email>, send_email already registered for DAG: example_dag_decorator
[2023-05-05T18:30:05.212+0000] {logging_mixin.py:137} INFO - [2023-05-05T18:30:05.212+0000] {taskmixin.py:205} WARNING - Dependency <Task(EmailOperator): send_email>, prepare_email already registered for DAG: example_dag_decorator
[2023-05-05T18:30:05.224+0000] {processor.py:753} INFO - DAG(s) dict_keys(['example_dag_decorator']) retrieved from /usr/local/python/3.10.4/lib/python3.10/site-packages/airflow/example_dags/example_dag_decorator.py
[2023-05-05T18:30:05.278+0000] {logging_mixin.py:137} INFO - [2023-05-05T18:30:05.278+0000] {dag.py:2690} INFO - Sync 1 DAGs
[2023-05-05T18:30:05.295+0000] {logging_mixin.py:137} INFO - [2023-05-05T18:30:05.295+0000] {dag.py:3437} INFO - Setting next_dagrun for example_dag_decorator to None, run_after=None
[2023-05-05T18:30:05.348+0000] {processor.py:175} INFO - Processing /usr/local/python/3.10.4/lib/python3.10/site-packages/airflow/example_dags/example_dag_decorator.py took 0.160 seconds
[2023-05-05T18:30:42.809+0000] {processor.py:153} INFO - Started process (PID=9038) to work on /usr/local/python/3.10.4/lib/python3.10/site-packages/airflow/example_dags/example_dag_decorator.py
[2023-05-05T18:30:42.810+0000] {processor.py:743} INFO - Processing file /usr/local/python/3.10.4/lib/python3.10/site-packages/airflow/example_dags/example_dag_decorator.py for tasks to queue
[2023-05-05T18:30:42.811+0000] {logging_mixin.py:137} INFO - [2023-05-05T18:30:42.811+0000] {dagbag.py:538} INFO - Filling up the DagBag from /usr/local/python/3.10.4/lib/python3.10/site-packages/airflow/example_dags/example_dag_decorator.py
[2023-05-05T18:30:42.830+0000] {logging_mixin.py:137} INFO - [2023-05-05T18:30:42.830+0000] {taskmixin.py:205} WARNING - Dependency <Task(_PythonDecoratedOperator): prepare_email>, send_email already registered for DAG: example_dag_decorator
[2023-05-05T18:30:42.831+0000] {logging_mixin.py:137} INFO - [2023-05-05T18:30:42.830+0000] {taskmixin.py:205} WARNING - Dependency <Task(EmailOperator): send_email>, prepare_email already registered for DAG: example_dag_decorator
[2023-05-05T18:30:42.844+0000] {processor.py:753} INFO - DAG(s) dict_keys(['example_dag_decorator']) retrieved from /usr/local/python/3.10.4/lib/python3.10/site-packages/airflow/example_dags/example_dag_decorator.py
[2023-05-05T18:30:42.917+0000] {logging_mixin.py:137} INFO - [2023-05-05T18:30:42.917+0000] {dag.py:2690} INFO - Sync 1 DAGs
[2023-05-05T18:30:42.946+0000] {logging_mixin.py:137} INFO - [2023-05-05T18:30:42.946+0000] {dag.py:3437} INFO - Setting next_dagrun for example_dag_decorator to None, run_after=None
[2023-05-05T18:30:43.020+0000] {processor.py:175} INFO - Processing /usr/local/python/3.10.4/lib/python3.10/site-packages/airflow/example_dags/example_dag_decorator.py took 0.214 seconds
[2023-05-05T18:31:20.885+0000] {processor.py:153} INFO - Started process (PID=9376) to work on /usr/local/python/3.10.4/lib/python3.10/site-packages/airflow/example_dags/example_dag_decorator.py
[2023-05-05T18:31:20.886+0000] {processor.py:743} INFO - Processing file /usr/local/python/3.10.4/lib/python3.10/site-packages/airflow/example_dags/example_dag_decorator.py for tasks to queue
[2023-05-05T18:31:20.886+0000] {logging_mixin.py:137} INFO - [2023-05-05T18:31:20.886+0000] {dagbag.py:538} INFO - Filling up the DagBag from /usr/local/python/3.10.4/lib/python3.10/site-packages/airflow/example_dags/example_dag_decorator.py
[2023-05-05T18:31:20.906+0000] {logging_mixin.py:137} INFO - [2023-05-05T18:31:20.906+0000] {taskmixin.py:205} WARNING - Dependency <Task(_PythonDecoratedOperator): prepare_email>, send_email already registered for DAG: example_dag_decorator
[2023-05-05T18:31:20.906+0000] {logging_mixin.py:137} INFO - [2023-05-05T18:31:20.906+0000] {taskmixin.py:205} WARNING - Dependency <Task(EmailOperator): send_email>, prepare_email already registered for DAG: example_dag_decorator
[2023-05-05T18:31:20.921+0000] {processor.py:753} INFO - DAG(s) dict_keys(['example_dag_decorator']) retrieved from /usr/local/python/3.10.4/lib/python3.10/site-packages/airflow/example_dags/example_dag_decorator.py
[2023-05-05T18:31:20.967+0000] {logging_mixin.py:137} INFO - [2023-05-05T18:31:20.967+0000] {dag.py:2690} INFO - Sync 1 DAGs
[2023-05-05T18:31:20.984+0000] {logging_mixin.py:137} INFO - [2023-05-05T18:31:20.983+0000] {dag.py:3437} INFO - Setting next_dagrun for example_dag_decorator to None, run_after=None
[2023-05-05T18:31:21.055+0000] {processor.py:175} INFO - Processing /usr/local/python/3.10.4/lib/python3.10/site-packages/airflow/example_dags/example_dag_decorator.py took 0.174 seconds
[2023-05-05T18:31:58.323+0000] {processor.py:153} INFO - Started process (PID=9742) to work on /usr/local/python/3.10.4/lib/python3.10/site-packages/airflow/example_dags/example_dag_decorator.py
[2023-05-05T18:31:58.324+0000] {processor.py:743} INFO - Processing file /usr/local/python/3.10.4/lib/python3.10/site-packages/airflow/example_dags/example_dag_decorator.py for tasks to queue
[2023-05-05T18:31:58.325+0000] {logging_mixin.py:137} INFO - [2023-05-05T18:31:58.325+0000] {dagbag.py:538} INFO - Filling up the DagBag from /usr/local/python/3.10.4/lib/python3.10/site-packages/airflow/example_dags/example_dag_decorator.py
[2023-05-05T18:31:58.346+0000] {logging_mixin.py:137} INFO - [2023-05-05T18:31:58.346+0000] {taskmixin.py:205} WARNING - Dependency <Task(_PythonDecoratedOperator): prepare_email>, send_email already registered for DAG: example_dag_decorator
[2023-05-05T18:31:58.346+0000] {logging_mixin.py:137} INFO - [2023-05-05T18:31:58.346+0000] {taskmixin.py:205} WARNING - Dependency <Task(EmailOperator): send_email>, prepare_email already registered for DAG: example_dag_decorator
[2023-05-05T18:31:58.358+0000] {processor.py:753} INFO - DAG(s) dict_keys(['example_dag_decorator']) retrieved from /usr/local/python/3.10.4/lib/python3.10/site-packages/airflow/example_dags/example_dag_decorator.py
[2023-05-05T18:31:58.410+0000] {logging_mixin.py:137} INFO - [2023-05-05T18:31:58.410+0000] {dag.py:2690} INFO - Sync 1 DAGs
[2023-05-05T18:31:58.426+0000] {logging_mixin.py:137} INFO - [2023-05-05T18:31:58.426+0000] {dag.py:3437} INFO - Setting next_dagrun for example_dag_decorator to None, run_after=None
[2023-05-05T18:31:58.481+0000] {processor.py:175} INFO - Processing /usr/local/python/3.10.4/lib/python3.10/site-packages/airflow/example_dags/example_dag_decorator.py took 0.162 seconds
[2023-05-05T18:32:36.425+0000] {processor.py:153} INFO - Started process (PID=10155) to work on /usr/local/python/3.10.4/lib/python3.10/site-packages/airflow/example_dags/example_dag_decorator.py
[2023-05-05T18:32:36.426+0000] {processor.py:743} INFO - Processing file /usr/local/python/3.10.4/lib/python3.10/site-packages/airflow/example_dags/example_dag_decorator.py for tasks to queue
[2023-05-05T18:32:36.427+0000] {logging_mixin.py:137} INFO - [2023-05-05T18:32:36.427+0000] {dagbag.py:538} INFO - Filling up the DagBag from /usr/local/python/3.10.4/lib/python3.10/site-packages/airflow/example_dags/example_dag_decorator.py
[2023-05-05T18:32:36.446+0000] {logging_mixin.py:137} INFO - [2023-05-05T18:32:36.446+0000] {taskmixin.py:205} WARNING - Dependency <Task(_PythonDecoratedOperator): prepare_email>, send_email already registered for DAG: example_dag_decorator
[2023-05-05T18:32:36.446+0000] {logging_mixin.py:137} INFO - [2023-05-05T18:32:36.446+0000] {taskmixin.py:205} WARNING - Dependency <Task(EmailOperator): send_email>, prepare_email already registered for DAG: example_dag_decorator
[2023-05-05T18:32:36.458+0000] {processor.py:753} INFO - DAG(s) dict_keys(['example_dag_decorator']) retrieved from /usr/local/python/3.10.4/lib/python3.10/site-packages/airflow/example_dags/example_dag_decorator.py
[2023-05-05T18:32:36.505+0000] {logging_mixin.py:137} INFO - [2023-05-05T18:32:36.505+0000] {dag.py:2690} INFO - Sync 1 DAGs
[2023-05-05T18:32:36.521+0000] {logging_mixin.py:137} INFO - [2023-05-05T18:32:36.521+0000] {dag.py:3437} INFO - Setting next_dagrun for example_dag_decorator to None, run_after=None
[2023-05-05T18:32:36.571+0000] {processor.py:175} INFO - Processing /usr/local/python/3.10.4/lib/python3.10/site-packages/airflow/example_dags/example_dag_decorator.py took 0.150 seconds
[2023-05-05T18:33:17.272+0000] {processor.py:153} INFO - Started process (PID=10515) to work on /usr/local/python/3.10.4/lib/python3.10/site-packages/airflow/example_dags/example_dag_decorator.py
[2023-05-05T18:33:17.274+0000] {processor.py:743} INFO - Processing file /usr/local/python/3.10.4/lib/python3.10/site-packages/airflow/example_dags/example_dag_decorator.py for tasks to queue
[2023-05-05T18:33:17.275+0000] {logging_mixin.py:137} INFO - [2023-05-05T18:33:17.275+0000] {dagbag.py:538} INFO - Filling up the DagBag from /usr/local/python/3.10.4/lib/python3.10/site-packages/airflow/example_dags/example_dag_decorator.py
[2023-05-05T18:33:17.308+0000] {logging_mixin.py:137} INFO - [2023-05-05T18:33:17.307+0000] {taskmixin.py:205} WARNING - Dependency <Task(_PythonDecoratedOperator): prepare_email>, send_email already registered for DAG: example_dag_decorator
[2023-05-05T18:33:17.308+0000] {logging_mixin.py:137} INFO - [2023-05-05T18:33:17.308+0000] {taskmixin.py:205} WARNING - Dependency <Task(EmailOperator): send_email>, prepare_email already registered for DAG: example_dag_decorator
[2023-05-05T18:33:17.327+0000] {processor.py:753} INFO - DAG(s) dict_keys(['example_dag_decorator']) retrieved from /usr/local/python/3.10.4/lib/python3.10/site-packages/airflow/example_dags/example_dag_decorator.py
[2023-05-05T18:33:17.404+0000] {logging_mixin.py:137} INFO - [2023-05-05T18:33:17.404+0000] {dag.py:2690} INFO - Sync 1 DAGs
[2023-05-05T18:33:17.421+0000] {logging_mixin.py:137} INFO - [2023-05-05T18:33:17.421+0000] {dag.py:3437} INFO - Setting next_dagrun for example_dag_decorator to None, run_after=None
[2023-05-05T18:33:17.479+0000] {processor.py:175} INFO - Processing /usr/local/python/3.10.4/lib/python3.10/site-packages/airflow/example_dags/example_dag_decorator.py took 0.218 seconds
[2023-05-05T18:33:55.345+0000] {processor.py:153} INFO - Started process (PID=10813) to work on /usr/local/python/3.10.4/lib/python3.10/site-packages/airflow/example_dags/example_dag_decorator.py
[2023-05-05T18:33:55.346+0000] {processor.py:743} INFO - Processing file /usr/local/python/3.10.4/lib/python3.10/site-packages/airflow/example_dags/example_dag_decorator.py for tasks to queue
[2023-05-05T18:33:55.347+0000] {logging_mixin.py:137} INFO - [2023-05-05T18:33:55.347+0000] {dagbag.py:538} INFO - Filling up the DagBag from /usr/local/python/3.10.4/lib/python3.10/site-packages/airflow/example_dags/example_dag_decorator.py
[2023-05-05T18:33:55.366+0000] {logging_mixin.py:137} INFO - [2023-05-05T18:33:55.366+0000] {taskmixin.py:205} WARNING - Dependency <Task(_PythonDecoratedOperator): prepare_email>, send_email already registered for DAG: example_dag_decorator
[2023-05-05T18:33:55.366+0000] {logging_mixin.py:137} INFO - [2023-05-05T18:33:55.366+0000] {taskmixin.py:205} WARNING - Dependency <Task(EmailOperator): send_email>, prepare_email already registered for DAG: example_dag_decorator
[2023-05-05T18:33:55.378+0000] {processor.py:753} INFO - DAG(s) dict_keys(['example_dag_decorator']) retrieved from /usr/local/python/3.10.4/lib/python3.10/site-packages/airflow/example_dags/example_dag_decorator.py
[2023-05-05T18:33:55.424+0000] {logging_mixin.py:137} INFO - [2023-05-05T18:33:55.424+0000] {dag.py:2690} INFO - Sync 1 DAGs
[2023-05-05T18:33:55.441+0000] {logging_mixin.py:137} INFO - [2023-05-05T18:33:55.440+0000] {dag.py:3437} INFO - Setting next_dagrun for example_dag_decorator to None, run_after=None
[2023-05-05T18:33:55.500+0000] {processor.py:175} INFO - Processing /usr/local/python/3.10.4/lib/python3.10/site-packages/airflow/example_dags/example_dag_decorator.py took 0.159 seconds
[2023-05-05T18:34:32.539+0000] {processor.py:153} INFO - Started process (PID=11234) to work on /usr/local/python/3.10.4/lib/python3.10/site-packages/airflow/example_dags/example_dag_decorator.py
[2023-05-05T18:34:32.540+0000] {processor.py:743} INFO - Processing file /usr/local/python/3.10.4/lib/python3.10/site-packages/airflow/example_dags/example_dag_decorator.py for tasks to queue
[2023-05-05T18:34:32.541+0000] {logging_mixin.py:137} INFO - [2023-05-05T18:34:32.541+0000] {dagbag.py:538} INFO - Filling up the DagBag from /usr/local/python/3.10.4/lib/python3.10/site-packages/airflow/example_dags/example_dag_decorator.py
[2023-05-05T18:34:32.561+0000] {logging_mixin.py:137} INFO - [2023-05-05T18:34:32.561+0000] {taskmixin.py:205} WARNING - Dependency <Task(_PythonDecoratedOperator): prepare_email>, send_email already registered for DAG: example_dag_decorator
[2023-05-05T18:34:32.561+0000] {logging_mixin.py:137} INFO - [2023-05-05T18:34:32.561+0000] {taskmixin.py:205} WARNING - Dependency <Task(EmailOperator): send_email>, prepare_email already registered for DAG: example_dag_decorator
[2023-05-05T18:34:32.573+0000] {processor.py:753} INFO - DAG(s) dict_keys(['example_dag_decorator']) retrieved from /usr/local/python/3.10.4/lib/python3.10/site-packages/airflow/example_dags/example_dag_decorator.py
[2023-05-05T18:34:32.677+0000] {logging_mixin.py:137} INFO - [2023-05-05T18:34:32.677+0000] {dag.py:2690} INFO - Sync 1 DAGs
[2023-05-05T18:34:32.693+0000] {logging_mixin.py:137} INFO - [2023-05-05T18:34:32.693+0000] {dag.py:3437} INFO - Setting next_dagrun for example_dag_decorator to None, run_after=None
[2023-05-05T18:34:32.746+0000] {processor.py:175} INFO - Processing /usr/local/python/3.10.4/lib/python3.10/site-packages/airflow/example_dags/example_dag_decorator.py took 0.211 seconds
