[2023-05-05T18:22:37.578+0000] {processor.py:153} INFO - Started process (PID=4936) to work on /usr/local/python/3.10.4/lib/python3.10/site-packages/airflow/example_dags/example_branch_labels.py
[2023-05-05T18:22:37.579+0000] {processor.py:743} INFO - Processing file /usr/local/python/3.10.4/lib/python3.10/site-packages/airflow/example_dags/example_branch_labels.py for tasks to queue
[2023-05-05T18:22:37.580+0000] {logging_mixin.py:137} INFO - [2023-05-05T18:22:37.580+0000] {dagbag.py:538} INFO - Filling up the DagBag from /usr/local/python/3.10.4/lib/python3.10/site-packages/airflow/example_dags/example_branch_labels.py
[2023-05-05T18:22:37.598+0000] {processor.py:753} INFO - DAG(s) dict_keys(['example_branch_labels']) retrieved from /usr/local/python/3.10.4/lib/python3.10/site-packages/airflow/example_dags/example_branch_labels.py
[2023-05-05T18:22:37.794+0000] {logging_mixin.py:137} INFO - [2023-05-05T18:22:37.794+0000] {manager.py:504} INFO - Created Permission View: can delete on DAG:example_branch_labels
[2023-05-05T18:22:37.836+0000] {logging_mixin.py:137} INFO - [2023-05-05T18:22:37.836+0000] {manager.py:504} INFO - Created Permission View: can read on DAG:example_branch_labels
[2023-05-05T18:22:37.877+0000] {logging_mixin.py:137} INFO - [2023-05-05T18:22:37.877+0000] {manager.py:504} INFO - Created Permission View: can edit on DAG:example_branch_labels
[2023-05-05T18:22:37.878+0000] {logging_mixin.py:137} INFO - [2023-05-05T18:22:37.878+0000] {dag.py:2690} INFO - Sync 1 DAGs
[2023-05-05T18:22:37.888+0000] {logging_mixin.py:137} INFO - [2023-05-05T18:22:37.888+0000] {dag.py:2711} INFO - Creating ORM DAG for example_branch_labels
[2023-05-05T18:22:37.898+0000] {logging_mixin.py:137} INFO - [2023-05-05T18:22:37.897+0000] {dag.py:3437} INFO - Setting next_dagrun for example_branch_labels to 2023-05-04T00:00:00+00:00, run_after=2023-05-05T00:00:00+00:00
[2023-05-05T18:22:37.957+0000] {processor.py:175} INFO - Processing /usr/local/python/3.10.4/lib/python3.10/site-packages/airflow/example_dags/example_branch_labels.py took 0.382 seconds
[2023-05-05T18:23:36.134+0000] {processor.py:153} INFO - Started process (PID=5342) to work on /usr/local/python/3.10.4/lib/python3.10/site-packages/airflow/example_dags/example_branch_labels.py
[2023-05-05T18:23:36.135+0000] {processor.py:743} INFO - Processing file /usr/local/python/3.10.4/lib/python3.10/site-packages/airflow/example_dags/example_branch_labels.py for tasks to queue
[2023-05-05T18:23:36.136+0000] {logging_mixin.py:137} INFO - [2023-05-05T18:23:36.136+0000] {dagbag.py:538} INFO - Filling up the DagBag from /usr/local/python/3.10.4/lib/python3.10/site-packages/airflow/example_dags/example_branch_labels.py
[2023-05-05T18:23:36.160+0000] {processor.py:753} INFO - DAG(s) dict_keys(['example_branch_labels']) retrieved from /usr/local/python/3.10.4/lib/python3.10/site-packages/airflow/example_dags/example_branch_labels.py
[2023-05-05T18:23:36.337+0000] {logging_mixin.py:137} INFO - [2023-05-05T18:23:36.337+0000] {dag.py:2690} INFO - Sync 1 DAGs
[2023-05-05T18:23:36.357+0000] {logging_mixin.py:137} INFO - [2023-05-05T18:23:36.356+0000] {dag.py:3437} INFO - Setting next_dagrun for example_branch_labels to 2023-05-04T00:00:00+00:00, run_after=2023-05-05T00:00:00+00:00
[2023-05-05T18:23:36.410+0000] {processor.py:175} INFO - Processing /usr/local/python/3.10.4/lib/python3.10/site-packages/airflow/example_dags/example_branch_labels.py took 0.281 seconds
[2023-05-05T18:24:27.246+0000] {processor.py:153} INFO - Started process (PID=5706) to work on /usr/local/python/3.10.4/lib/python3.10/site-packages/airflow/example_dags/example_branch_labels.py
[2023-05-05T18:24:27.248+0000] {processor.py:743} INFO - Processing file /usr/local/python/3.10.4/lib/python3.10/site-packages/airflow/example_dags/example_branch_labels.py for tasks to queue
[2023-05-05T18:24:27.248+0000] {logging_mixin.py:137} INFO - [2023-05-05T18:24:27.248+0000] {dagbag.py:538} INFO - Filling up the DagBag from /usr/local/python/3.10.4/lib/python3.10/site-packages/airflow/example_dags/example_branch_labels.py
[2023-05-05T18:24:27.264+0000] {processor.py:753} INFO - DAG(s) dict_keys(['example_branch_labels']) retrieved from /usr/local/python/3.10.4/lib/python3.10/site-packages/airflow/example_dags/example_branch_labels.py
[2023-05-05T18:24:27.282+0000] {logging_mixin.py:137} INFO - [2023-05-05T18:24:27.282+0000] {dag.py:2690} INFO - Sync 1 DAGs
[2023-05-05T18:24:27.302+0000] {logging_mixin.py:137} INFO - [2023-05-05T18:24:27.302+0000] {dag.py:3437} INFO - Setting next_dagrun for example_branch_labels to 2023-05-04T00:00:00+00:00, run_after=2023-05-05T00:00:00+00:00
[2023-05-05T18:24:27.358+0000] {processor.py:175} INFO - Processing /usr/local/python/3.10.4/lib/python3.10/site-packages/airflow/example_dags/example_branch_labels.py took 0.115 seconds
[2023-05-05T18:25:17.802+0000] {processor.py:153} INFO - Started process (PID=6065) to work on /usr/local/python/3.10.4/lib/python3.10/site-packages/airflow/example_dags/example_branch_labels.py
[2023-05-05T18:25:17.803+0000] {processor.py:743} INFO - Processing file /usr/local/python/3.10.4/lib/python3.10/site-packages/airflow/example_dags/example_branch_labels.py for tasks to queue
[2023-05-05T18:25:17.804+0000] {logging_mixin.py:137} INFO - [2023-05-05T18:25:17.804+0000] {dagbag.py:538} INFO - Filling up the DagBag from /usr/local/python/3.10.4/lib/python3.10/site-packages/airflow/example_dags/example_branch_labels.py
[2023-05-05T18:25:17.824+0000] {processor.py:753} INFO - DAG(s) dict_keys(['example_branch_labels']) retrieved from /usr/local/python/3.10.4/lib/python3.10/site-packages/airflow/example_dags/example_branch_labels.py
[2023-05-05T18:25:17.861+0000] {logging_mixin.py:137} INFO - [2023-05-05T18:25:17.861+0000] {dag.py:2690} INFO - Sync 1 DAGs
[2023-05-05T18:25:17.891+0000] {logging_mixin.py:137} INFO - [2023-05-05T18:25:17.891+0000] {dag.py:3437} INFO - Setting next_dagrun for example_branch_labels to 2023-05-04T00:00:00+00:00, run_after=2023-05-05T00:00:00+00:00
[2023-05-05T18:25:17.946+0000] {processor.py:175} INFO - Processing /usr/local/python/3.10.4/lib/python3.10/site-packages/airflow/example_dags/example_branch_labels.py took 0.147 seconds
[2023-05-05T18:26:04.758+0000] {processor.py:153} INFO - Started process (PID=6375) to work on /usr/local/python/3.10.4/lib/python3.10/site-packages/airflow/example_dags/example_branch_labels.py
[2023-05-05T18:26:04.759+0000] {processor.py:743} INFO - Processing file /usr/local/python/3.10.4/lib/python3.10/site-packages/airflow/example_dags/example_branch_labels.py for tasks to queue
[2023-05-05T18:26:04.759+0000] {logging_mixin.py:137} INFO - [2023-05-05T18:26:04.759+0000] {dagbag.py:538} INFO - Filling up the DagBag from /usr/local/python/3.10.4/lib/python3.10/site-packages/airflow/example_dags/example_branch_labels.py
[2023-05-05T18:26:04.775+0000] {processor.py:753} INFO - DAG(s) dict_keys(['example_branch_labels']) retrieved from /usr/local/python/3.10.4/lib/python3.10/site-packages/airflow/example_dags/example_branch_labels.py
[2023-05-05T18:26:04.806+0000] {logging_mixin.py:137} INFO - [2023-05-05T18:26:04.806+0000] {dag.py:2690} INFO - Sync 1 DAGs
[2023-05-05T18:26:04.831+0000] {logging_mixin.py:137} INFO - [2023-05-05T18:26:04.831+0000] {dag.py:3437} INFO - Setting next_dagrun for example_branch_labels to 2023-05-04T00:00:00+00:00, run_after=2023-05-05T00:00:00+00:00
[2023-05-05T18:26:04.888+0000] {processor.py:175} INFO - Processing /usr/local/python/3.10.4/lib/python3.10/site-packages/airflow/example_dags/example_branch_labels.py took 0.133 seconds
[2023-05-05T18:26:58.177+0000] {processor.py:153} INFO - Started process (PID=6768) to work on /usr/local/python/3.10.4/lib/python3.10/site-packages/airflow/example_dags/example_branch_labels.py
[2023-05-05T18:26:58.178+0000] {processor.py:743} INFO - Processing file /usr/local/python/3.10.4/lib/python3.10/site-packages/airflow/example_dags/example_branch_labels.py for tasks to queue
[2023-05-05T18:26:58.179+0000] {logging_mixin.py:137} INFO - [2023-05-05T18:26:58.179+0000] {dagbag.py:538} INFO - Filling up the DagBag from /usr/local/python/3.10.4/lib/python3.10/site-packages/airflow/example_dags/example_branch_labels.py
[2023-05-05T18:26:58.199+0000] {processor.py:753} INFO - DAG(s) dict_keys(['example_branch_labels']) retrieved from /usr/local/python/3.10.4/lib/python3.10/site-packages/airflow/example_dags/example_branch_labels.py
[2023-05-05T18:26:58.218+0000] {logging_mixin.py:137} INFO - [2023-05-05T18:26:58.218+0000] {dag.py:2690} INFO - Sync 1 DAGs
[2023-05-05T18:26:58.238+0000] {logging_mixin.py:137} INFO - [2023-05-05T18:26:58.238+0000] {dag.py:3437} INFO - Setting next_dagrun for example_branch_labels to 2023-05-04T00:00:00+00:00, run_after=2023-05-05T00:00:00+00:00
[2023-05-05T18:26:58.291+0000] {processor.py:175} INFO - Processing /usr/local/python/3.10.4/lib/python3.10/site-packages/airflow/example_dags/example_branch_labels.py took 0.117 seconds
[2023-05-05T18:27:46.515+0000] {processor.py:153} INFO - Started process (PID=7112) to work on /usr/local/python/3.10.4/lib/python3.10/site-packages/airflow/example_dags/example_branch_labels.py
[2023-05-05T18:27:46.516+0000] {processor.py:743} INFO - Processing file /usr/local/python/3.10.4/lib/python3.10/site-packages/airflow/example_dags/example_branch_labels.py for tasks to queue
[2023-05-05T18:27:46.517+0000] {logging_mixin.py:137} INFO - [2023-05-05T18:27:46.517+0000] {dagbag.py:538} INFO - Filling up the DagBag from /usr/local/python/3.10.4/lib/python3.10/site-packages/airflow/example_dags/example_branch_labels.py
[2023-05-05T18:27:46.533+0000] {processor.py:753} INFO - DAG(s) dict_keys(['example_branch_labels']) retrieved from /usr/local/python/3.10.4/lib/python3.10/site-packages/airflow/example_dags/example_branch_labels.py
[2023-05-05T18:27:46.552+0000] {logging_mixin.py:137} INFO - [2023-05-05T18:27:46.552+0000] {dag.py:2690} INFO - Sync 1 DAGs
[2023-05-05T18:27:46.572+0000] {logging_mixin.py:137} INFO - [2023-05-05T18:27:46.572+0000] {dag.py:3437} INFO - Setting next_dagrun for example_branch_labels to 2023-05-04T00:00:00+00:00, run_after=2023-05-05T00:00:00+00:00
[2023-05-05T18:27:46.626+0000] {processor.py:175} INFO - Processing /usr/local/python/3.10.4/lib/python3.10/site-packages/airflow/example_dags/example_branch_labels.py took 0.115 seconds
[2023-05-05T18:28:36.556+0000] {processor.py:153} INFO - Started process (PID=7997) to work on /usr/local/python/3.10.4/lib/python3.10/site-packages/airflow/example_dags/example_branch_labels.py
[2023-05-05T18:28:36.557+0000] {processor.py:743} INFO - Processing file /usr/local/python/3.10.4/lib/python3.10/site-packages/airflow/example_dags/example_branch_labels.py for tasks to queue
[2023-05-05T18:28:36.558+0000] {logging_mixin.py:137} INFO - [2023-05-05T18:28:36.558+0000] {dagbag.py:538} INFO - Filling up the DagBag from /usr/local/python/3.10.4/lib/python3.10/site-packages/airflow/example_dags/example_branch_labels.py
[2023-05-05T18:28:36.578+0000] {processor.py:753} INFO - DAG(s) dict_keys(['example_branch_labels']) retrieved from /usr/local/python/3.10.4/lib/python3.10/site-packages/airflow/example_dags/example_branch_labels.py
[2023-05-05T18:28:36.597+0000] {logging_mixin.py:137} INFO - [2023-05-05T18:28:36.597+0000] {dag.py:2690} INFO - Sync 1 DAGs
[2023-05-05T18:28:36.617+0000] {logging_mixin.py:137} INFO - [2023-05-05T18:28:36.617+0000] {dag.py:3437} INFO - Setting next_dagrun for example_branch_labels to 2023-05-04T00:00:00+00:00, run_after=2023-05-05T00:00:00+00:00
[2023-05-05T18:28:36.669+0000] {processor.py:175} INFO - Processing /usr/local/python/3.10.4/lib/python3.10/site-packages/airflow/example_dags/example_branch_labels.py took 0.118 seconds
[2023-05-05T18:29:31.157+0000] {processor.py:153} INFO - Started process (PID=8408) to work on /usr/local/python/3.10.4/lib/python3.10/site-packages/airflow/example_dags/example_branch_labels.py
[2023-05-05T18:29:31.158+0000] {processor.py:743} INFO - Processing file /usr/local/python/3.10.4/lib/python3.10/site-packages/airflow/example_dags/example_branch_labels.py for tasks to queue
[2023-05-05T18:29:31.159+0000] {logging_mixin.py:137} INFO - [2023-05-05T18:29:31.159+0000] {dagbag.py:538} INFO - Filling up the DagBag from /usr/local/python/3.10.4/lib/python3.10/site-packages/airflow/example_dags/example_branch_labels.py
[2023-05-05T18:29:31.182+0000] {processor.py:753} INFO - DAG(s) dict_keys(['example_branch_labels']) retrieved from /usr/local/python/3.10.4/lib/python3.10/site-packages/airflow/example_dags/example_branch_labels.py
[2023-05-05T18:29:31.211+0000] {logging_mixin.py:137} INFO - [2023-05-05T18:29:31.211+0000] {dag.py:2690} INFO - Sync 1 DAGs
[2023-05-05T18:29:31.238+0000] {logging_mixin.py:137} INFO - [2023-05-05T18:29:31.238+0000] {dag.py:3437} INFO - Setting next_dagrun for example_branch_labels to 2023-05-04T00:00:00+00:00, run_after=2023-05-05T00:00:00+00:00
[2023-05-05T18:29:31.296+0000] {processor.py:175} INFO - Processing /usr/local/python/3.10.4/lib/python3.10/site-packages/airflow/example_dags/example_branch_labels.py took 0.150 seconds
[2023-05-05T18:30:20.890+0000] {processor.py:153} INFO - Started process (PID=8868) to work on /usr/local/python/3.10.4/lib/python3.10/site-packages/airflow/example_dags/example_branch_labels.py
[2023-05-05T18:30:20.891+0000] {processor.py:743} INFO - Processing file /usr/local/python/3.10.4/lib/python3.10/site-packages/airflow/example_dags/example_branch_labels.py for tasks to queue
[2023-05-05T18:30:20.892+0000] {logging_mixin.py:137} INFO - [2023-05-05T18:30:20.892+0000] {dagbag.py:538} INFO - Filling up the DagBag from /usr/local/python/3.10.4/lib/python3.10/site-packages/airflow/example_dags/example_branch_labels.py
[2023-05-05T18:30:20.907+0000] {processor.py:753} INFO - DAG(s) dict_keys(['example_branch_labels']) retrieved from /usr/local/python/3.10.4/lib/python3.10/site-packages/airflow/example_dags/example_branch_labels.py
[2023-05-05T18:30:20.927+0000] {logging_mixin.py:137} INFO - [2023-05-05T18:30:20.927+0000] {dag.py:2690} INFO - Sync 1 DAGs
[2023-05-05T18:30:20.949+0000] {logging_mixin.py:137} INFO - [2023-05-05T18:30:20.948+0000] {dag.py:3437} INFO - Setting next_dagrun for example_branch_labels to 2023-05-04T00:00:00+00:00, run_after=2023-05-05T00:00:00+00:00
[2023-05-05T18:30:21.004+0000] {processor.py:175} INFO - Processing /usr/local/python/3.10.4/lib/python3.10/site-packages/airflow/example_dags/example_branch_labels.py took 0.117 seconds
[2023-05-05T18:31:11.674+0000] {processor.py:153} INFO - Started process (PID=9283) to work on /usr/local/python/3.10.4/lib/python3.10/site-packages/airflow/example_dags/example_branch_labels.py
[2023-05-05T18:31:11.675+0000] {processor.py:743} INFO - Processing file /usr/local/python/3.10.4/lib/python3.10/site-packages/airflow/example_dags/example_branch_labels.py for tasks to queue
[2023-05-05T18:31:11.676+0000] {logging_mixin.py:137} INFO - [2023-05-05T18:31:11.676+0000] {dagbag.py:538} INFO - Filling up the DagBag from /usr/local/python/3.10.4/lib/python3.10/site-packages/airflow/example_dags/example_branch_labels.py
[2023-05-05T18:31:11.693+0000] {processor.py:753} INFO - DAG(s) dict_keys(['example_branch_labels']) retrieved from /usr/local/python/3.10.4/lib/python3.10/site-packages/airflow/example_dags/example_branch_labels.py
[2023-05-05T18:31:11.723+0000] {logging_mixin.py:137} INFO - [2023-05-05T18:31:11.723+0000] {dag.py:2690} INFO - Sync 1 DAGs
[2023-05-05T18:31:11.761+0000] {logging_mixin.py:137} INFO - [2023-05-05T18:31:11.761+0000] {dag.py:3437} INFO - Setting next_dagrun for example_branch_labels to 2023-05-04T00:00:00+00:00, run_after=2023-05-05T00:00:00+00:00
[2023-05-05T18:31:11.820+0000] {processor.py:175} INFO - Processing /usr/local/python/3.10.4/lib/python3.10/site-packages/airflow/example_dags/example_branch_labels.py took 0.150 seconds
[2023-05-05T18:32:01.779+0000] {processor.py:153} INFO - Started process (PID=9764) to work on /usr/local/python/3.10.4/lib/python3.10/site-packages/airflow/example_dags/example_branch_labels.py
[2023-05-05T18:32:01.780+0000] {processor.py:743} INFO - Processing file /usr/local/python/3.10.4/lib/python3.10/site-packages/airflow/example_dags/example_branch_labels.py for tasks to queue
[2023-05-05T18:32:01.780+0000] {logging_mixin.py:137} INFO - [2023-05-05T18:32:01.780+0000] {dagbag.py:538} INFO - Filling up the DagBag from /usr/local/python/3.10.4/lib/python3.10/site-packages/airflow/example_dags/example_branch_labels.py
[2023-05-05T18:32:01.796+0000] {processor.py:753} INFO - DAG(s) dict_keys(['example_branch_labels']) retrieved from /usr/local/python/3.10.4/lib/python3.10/site-packages/airflow/example_dags/example_branch_labels.py
[2023-05-05T18:32:01.815+0000] {logging_mixin.py:137} INFO - [2023-05-05T18:32:01.815+0000] {dag.py:2690} INFO - Sync 1 DAGs
[2023-05-05T18:32:01.835+0000] {logging_mixin.py:137} INFO - [2023-05-05T18:32:01.835+0000] {dag.py:3437} INFO - Setting next_dagrun for example_branch_labels to 2023-05-04T00:00:00+00:00, run_after=2023-05-05T00:00:00+00:00
[2023-05-05T18:32:01.899+0000] {processor.py:175} INFO - Processing /usr/local/python/3.10.4/lib/python3.10/site-packages/airflow/example_dags/example_branch_labels.py took 0.124 seconds
[2023-05-05T18:32:56.319+0000] {processor.py:153} INFO - Started process (PID=10297) to work on /usr/local/python/3.10.4/lib/python3.10/site-packages/airflow/example_dags/example_branch_labels.py
[2023-05-05T18:32:56.320+0000] {processor.py:743} INFO - Processing file /usr/local/python/3.10.4/lib/python3.10/site-packages/airflow/example_dags/example_branch_labels.py for tasks to queue
[2023-05-05T18:32:56.321+0000] {logging_mixin.py:137} INFO - [2023-05-05T18:32:56.321+0000] {dagbag.py:538} INFO - Filling up the DagBag from /usr/local/python/3.10.4/lib/python3.10/site-packages/airflow/example_dags/example_branch_labels.py
[2023-05-05T18:32:56.344+0000] {processor.py:753} INFO - DAG(s) dict_keys(['example_branch_labels']) retrieved from /usr/local/python/3.10.4/lib/python3.10/site-packages/airflow/example_dags/example_branch_labels.py
[2023-05-05T18:32:56.381+0000] {logging_mixin.py:137} INFO - [2023-05-05T18:32:56.380+0000] {dag.py:2690} INFO - Sync 1 DAGs
[2023-05-05T18:32:56.425+0000] {logging_mixin.py:137} INFO - [2023-05-05T18:32:56.419+0000] {dag.py:3437} INFO - Setting next_dagrun for example_branch_labels to 2023-05-04T00:00:00+00:00, run_after=2023-05-05T00:00:00+00:00
[2023-05-05T18:32:56.490+0000] {processor.py:175} INFO - Processing /usr/local/python/3.10.4/lib/python3.10/site-packages/airflow/example_dags/example_branch_labels.py took 0.175 seconds
[2023-05-05T18:33:46.247+0000] {processor.py:153} INFO - Started process (PID=10730) to work on /usr/local/python/3.10.4/lib/python3.10/site-packages/airflow/example_dags/example_branch_labels.py
[2023-05-05T18:33:46.248+0000] {processor.py:743} INFO - Processing file /usr/local/python/3.10.4/lib/python3.10/site-packages/airflow/example_dags/example_branch_labels.py for tasks to queue
[2023-05-05T18:33:46.249+0000] {logging_mixin.py:137} INFO - [2023-05-05T18:33:46.249+0000] {dagbag.py:538} INFO - Filling up the DagBag from /usr/local/python/3.10.4/lib/python3.10/site-packages/airflow/example_dags/example_branch_labels.py
[2023-05-05T18:33:46.265+0000] {processor.py:753} INFO - DAG(s) dict_keys(['example_branch_labels']) retrieved from /usr/local/python/3.10.4/lib/python3.10/site-packages/airflow/example_dags/example_branch_labels.py
[2023-05-05T18:33:46.285+0000] {logging_mixin.py:137} INFO - [2023-05-05T18:33:46.285+0000] {dag.py:2690} INFO - Sync 1 DAGs
[2023-05-05T18:33:46.305+0000] {logging_mixin.py:137} INFO - [2023-05-05T18:33:46.305+0000] {dag.py:3437} INFO - Setting next_dagrun for example_branch_labels to 2023-05-04T00:00:00+00:00, run_after=2023-05-05T00:00:00+00:00
[2023-05-05T18:33:46.358+0000] {processor.py:175} INFO - Processing /usr/local/python/3.10.4/lib/python3.10/site-packages/airflow/example_dags/example_branch_labels.py took 0.114 seconds
[2023-05-05T18:34:37.347+0000] {processor.py:153} INFO - Started process (PID=11271) to work on /usr/local/python/3.10.4/lib/python3.10/site-packages/airflow/example_dags/example_branch_labels.py
[2023-05-05T18:34:37.349+0000] {processor.py:743} INFO - Processing file /usr/local/python/3.10.4/lib/python3.10/site-packages/airflow/example_dags/example_branch_labels.py for tasks to queue
[2023-05-05T18:34:37.349+0000] {logging_mixin.py:137} INFO - [2023-05-05T18:34:37.349+0000] {dagbag.py:538} INFO - Filling up the DagBag from /usr/local/python/3.10.4/lib/python3.10/site-packages/airflow/example_dags/example_branch_labels.py
[2023-05-05T18:34:37.366+0000] {processor.py:753} INFO - DAG(s) dict_keys(['example_branch_labels']) retrieved from /usr/local/python/3.10.4/lib/python3.10/site-packages/airflow/example_dags/example_branch_labels.py
[2023-05-05T18:34:37.394+0000] {logging_mixin.py:137} INFO - [2023-05-05T18:34:37.394+0000] {dag.py:2690} INFO - Sync 1 DAGs
[2023-05-05T18:34:37.420+0000] {logging_mixin.py:137} INFO - [2023-05-05T18:34:37.420+0000] {dag.py:3437} INFO - Setting next_dagrun for example_branch_labels to 2023-05-04T00:00:00+00:00, run_after=2023-05-05T00:00:00+00:00
[2023-05-05T18:34:37.474+0000] {processor.py:175} INFO - Processing /usr/local/python/3.10.4/lib/python3.10/site-packages/airflow/example_dags/example_branch_labels.py took 0.130 seconds
