[2023-05-05T18:22:18.865+0000] {processor.py:153} INFO - Started process (PID=4798) to work on /usr/local/python/3.10.4/lib/python3.10/site-packages/airflow/example_dags/example_kubernetes_executor.py
[2023-05-05T18:22:18.866+0000] {processor.py:743} INFO - Processing file /usr/local/python/3.10.4/lib/python3.10/site-packages/airflow/example_dags/example_kubernetes_executor.py for tasks to queue
[2023-05-05T18:22:18.867+0000] {logging_mixin.py:137} INFO - [2023-05-05T18:22:18.866+0000] {dagbag.py:538} INFO - Filling up the DagBag from /usr/local/python/3.10.4/lib/python3.10/site-packages/airflow/example_dags/example_kubernetes_executor.py
[2023-05-05T18:22:18.884+0000] {logging_mixin.py:137} INFO - [2023-05-05T18:22:18.884+0000] {example_kubernetes_executor.py:41} WARNING - The example_kubernetes_executor example DAG requires the kubernetes provider. Please install it with: pip install apache-airflow[cncf.kubernetes]
[2023-05-05T18:22:18.884+0000] {processor.py:755} WARNING - No viable dags retrieved from /usr/local/python/3.10.4/lib/python3.10/site-packages/airflow/example_dags/example_kubernetes_executor.py
[2023-05-05T18:22:18.892+0000] {processor.py:175} INFO - Processing /usr/local/python/3.10.4/lib/python3.10/site-packages/airflow/example_dags/example_kubernetes_executor.py took 0.030 seconds
[2023-05-05T18:23:09.556+0000] {processor.py:153} INFO - Started process (PID=5158) to work on /usr/local/python/3.10.4/lib/python3.10/site-packages/airflow/example_dags/example_kubernetes_executor.py
[2023-05-05T18:23:09.557+0000] {processor.py:743} INFO - Processing file /usr/local/python/3.10.4/lib/python3.10/site-packages/airflow/example_dags/example_kubernetes_executor.py for tasks to queue
[2023-05-05T18:23:09.557+0000] {logging_mixin.py:137} INFO - [2023-05-05T18:23:09.557+0000] {dagbag.py:538} INFO - Filling up the DagBag from /usr/local/python/3.10.4/lib/python3.10/site-packages/airflow/example_dags/example_kubernetes_executor.py
[2023-05-05T18:23:09.575+0000] {logging_mixin.py:137} INFO - [2023-05-05T18:23:09.575+0000] {example_kubernetes_executor.py:41} WARNING - The example_kubernetes_executor example DAG requires the kubernetes provider. Please install it with: pip install apache-airflow[cncf.kubernetes]
[2023-05-05T18:23:09.575+0000] {processor.py:755} WARNING - No viable dags retrieved from /usr/local/python/3.10.4/lib/python3.10/site-packages/airflow/example_dags/example_kubernetes_executor.py
[2023-05-05T18:23:09.583+0000] {processor.py:175} INFO - Processing /usr/local/python/3.10.4/lib/python3.10/site-packages/airflow/example_dags/example_kubernetes_executor.py took 0.031 seconds
[2023-05-05T18:24:07.346+0000] {processor.py:153} INFO - Started process (PID=5550) to work on /usr/local/python/3.10.4/lib/python3.10/site-packages/airflow/example_dags/example_kubernetes_executor.py
[2023-05-05T18:24:07.347+0000] {processor.py:743} INFO - Processing file /usr/local/python/3.10.4/lib/python3.10/site-packages/airflow/example_dags/example_kubernetes_executor.py for tasks to queue
[2023-05-05T18:24:07.348+0000] {logging_mixin.py:137} INFO - [2023-05-05T18:24:07.348+0000] {dagbag.py:538} INFO - Filling up the DagBag from /usr/local/python/3.10.4/lib/python3.10/site-packages/airflow/example_dags/example_kubernetes_executor.py
[2023-05-05T18:24:07.365+0000] {logging_mixin.py:137} INFO - [2023-05-05T18:24:07.365+0000] {example_kubernetes_executor.py:41} WARNING - The example_kubernetes_executor example DAG requires the kubernetes provider. Please install it with: pip install apache-airflow[cncf.kubernetes]
[2023-05-05T18:24:07.365+0000] {processor.py:755} WARNING - No viable dags retrieved from /usr/local/python/3.10.4/lib/python3.10/site-packages/airflow/example_dags/example_kubernetes_executor.py
[2023-05-05T18:24:07.373+0000] {processor.py:175} INFO - Processing /usr/local/python/3.10.4/lib/python3.10/site-packages/airflow/example_dags/example_kubernetes_executor.py took 0.030 seconds
[2023-05-05T18:24:48.176+0000] {processor.py:153} INFO - Started process (PID=5861) to work on /usr/local/python/3.10.4/lib/python3.10/site-packages/airflow/example_dags/example_kubernetes_executor.py
[2023-05-05T18:24:48.177+0000] {processor.py:743} INFO - Processing file /usr/local/python/3.10.4/lib/python3.10/site-packages/airflow/example_dags/example_kubernetes_executor.py for tasks to queue
[2023-05-05T18:24:48.178+0000] {logging_mixin.py:137} INFO - [2023-05-05T18:24:48.178+0000] {dagbag.py:538} INFO - Filling up the DagBag from /usr/local/python/3.10.4/lib/python3.10/site-packages/airflow/example_dags/example_kubernetes_executor.py
[2023-05-05T18:24:48.195+0000] {logging_mixin.py:137} INFO - [2023-05-05T18:24:48.195+0000] {example_kubernetes_executor.py:41} WARNING - The example_kubernetes_executor example DAG requires the kubernetes provider. Please install it with: pip install apache-airflow[cncf.kubernetes]
[2023-05-05T18:24:48.195+0000] {processor.py:755} WARNING - No viable dags retrieved from /usr/local/python/3.10.4/lib/python3.10/site-packages/airflow/example_dags/example_kubernetes_executor.py
[2023-05-05T18:24:48.203+0000] {processor.py:175} INFO - Processing /usr/local/python/3.10.4/lib/python3.10/site-packages/airflow/example_dags/example_kubernetes_executor.py took 0.030 seconds
[2023-05-05T18:25:34.313+0000] {processor.py:153} INFO - Started process (PID=6163) to work on /usr/local/python/3.10.4/lib/python3.10/site-packages/airflow/example_dags/example_kubernetes_executor.py
[2023-05-05T18:25:34.314+0000] {processor.py:743} INFO - Processing file /usr/local/python/3.10.4/lib/python3.10/site-packages/airflow/example_dags/example_kubernetes_executor.py for tasks to queue
[2023-05-05T18:25:34.315+0000] {logging_mixin.py:137} INFO - [2023-05-05T18:25:34.315+0000] {dagbag.py:538} INFO - Filling up the DagBag from /usr/local/python/3.10.4/lib/python3.10/site-packages/airflow/example_dags/example_kubernetes_executor.py
[2023-05-05T18:25:34.333+0000] {logging_mixin.py:137} INFO - [2023-05-05T18:25:34.333+0000] {example_kubernetes_executor.py:41} WARNING - The example_kubernetes_executor example DAG requires the kubernetes provider. Please install it with: pip install apache-airflow[cncf.kubernetes]
[2023-05-05T18:25:34.333+0000] {processor.py:755} WARNING - No viable dags retrieved from /usr/local/python/3.10.4/lib/python3.10/site-packages/airflow/example_dags/example_kubernetes_executor.py
[2023-05-05T18:25:34.342+0000] {processor.py:175} INFO - Processing /usr/local/python/3.10.4/lib/python3.10/site-packages/airflow/example_dags/example_kubernetes_executor.py took 0.032 seconds
[2023-05-05T18:26:17.890+0000] {processor.py:153} INFO - Started process (PID=6486) to work on /usr/local/python/3.10.4/lib/python3.10/site-packages/airflow/example_dags/example_kubernetes_executor.py
[2023-05-05T18:26:17.891+0000] {processor.py:743} INFO - Processing file /usr/local/python/3.10.4/lib/python3.10/site-packages/airflow/example_dags/example_kubernetes_executor.py for tasks to queue
[2023-05-05T18:26:17.892+0000] {logging_mixin.py:137} INFO - [2023-05-05T18:26:17.892+0000] {dagbag.py:538} INFO - Filling up the DagBag from /usr/local/python/3.10.4/lib/python3.10/site-packages/airflow/example_dags/example_kubernetes_executor.py
[2023-05-05T18:26:17.912+0000] {logging_mixin.py:137} INFO - [2023-05-05T18:26:17.912+0000] {example_kubernetes_executor.py:41} WARNING - The example_kubernetes_executor example DAG requires the kubernetes provider. Please install it with: pip install apache-airflow[cncf.kubernetes]
[2023-05-05T18:26:17.913+0000] {processor.py:755} WARNING - No viable dags retrieved from /usr/local/python/3.10.4/lib/python3.10/site-packages/airflow/example_dags/example_kubernetes_executor.py
[2023-05-05T18:26:17.921+0000] {processor.py:175} INFO - Processing /usr/local/python/3.10.4/lib/python3.10/site-packages/airflow/example_dags/example_kubernetes_executor.py took 0.035 seconds
[2023-05-05T18:27:07.470+0000] {processor.py:153} INFO - Started process (PID=6833) to work on /usr/local/python/3.10.4/lib/python3.10/site-packages/airflow/example_dags/example_kubernetes_executor.py
[2023-05-05T18:27:07.471+0000] {processor.py:743} INFO - Processing file /usr/local/python/3.10.4/lib/python3.10/site-packages/airflow/example_dags/example_kubernetes_executor.py for tasks to queue
[2023-05-05T18:27:07.472+0000] {logging_mixin.py:137} INFO - [2023-05-05T18:27:07.472+0000] {dagbag.py:538} INFO - Filling up the DagBag from /usr/local/python/3.10.4/lib/python3.10/site-packages/airflow/example_dags/example_kubernetes_executor.py
[2023-05-05T18:27:07.492+0000] {logging_mixin.py:137} INFO - [2023-05-05T18:27:07.491+0000] {example_kubernetes_executor.py:41} WARNING - The example_kubernetes_executor example DAG requires the kubernetes provider. Please install it with: pip install apache-airflow[cncf.kubernetes]
[2023-05-05T18:27:07.492+0000] {processor.py:755} WARNING - No viable dags retrieved from /usr/local/python/3.10.4/lib/python3.10/site-packages/airflow/example_dags/example_kubernetes_executor.py
[2023-05-05T18:27:07.500+0000] {processor.py:175} INFO - Processing /usr/local/python/3.10.4/lib/python3.10/site-packages/airflow/example_dags/example_kubernetes_executor.py took 0.034 seconds
[2023-05-05T18:27:55.585+0000] {processor.py:153} INFO - Started process (PID=7172) to work on /usr/local/python/3.10.4/lib/python3.10/site-packages/airflow/example_dags/example_kubernetes_executor.py
[2023-05-05T18:27:55.586+0000] {processor.py:743} INFO - Processing file /usr/local/python/3.10.4/lib/python3.10/site-packages/airflow/example_dags/example_kubernetes_executor.py for tasks to queue
[2023-05-05T18:27:55.587+0000] {logging_mixin.py:137} INFO - [2023-05-05T18:27:55.587+0000] {dagbag.py:538} INFO - Filling up the DagBag from /usr/local/python/3.10.4/lib/python3.10/site-packages/airflow/example_dags/example_kubernetes_executor.py
[2023-05-05T18:27:55.605+0000] {logging_mixin.py:137} INFO - [2023-05-05T18:27:55.605+0000] {example_kubernetes_executor.py:41} WARNING - The example_kubernetes_executor example DAG requires the kubernetes provider. Please install it with: pip install apache-airflow[cncf.kubernetes]
[2023-05-05T18:27:55.605+0000] {processor.py:755} WARNING - No viable dags retrieved from /usr/local/python/3.10.4/lib/python3.10/site-packages/airflow/example_dags/example_kubernetes_executor.py
[2023-05-05T18:27:55.613+0000] {processor.py:175} INFO - Processing /usr/local/python/3.10.4/lib/python3.10/site-packages/airflow/example_dags/example_kubernetes_executor.py took 0.032 seconds
[2023-05-05T18:28:46.710+0000] {processor.py:153} INFO - Started process (PID=8056) to work on /usr/local/python/3.10.4/lib/python3.10/site-packages/airflow/example_dags/example_kubernetes_executor.py
[2023-05-05T18:28:46.712+0000] {processor.py:743} INFO - Processing file /usr/local/python/3.10.4/lib/python3.10/site-packages/airflow/example_dags/example_kubernetes_executor.py for tasks to queue
[2023-05-05T18:28:46.713+0000] {logging_mixin.py:137} INFO - [2023-05-05T18:28:46.712+0000] {dagbag.py:538} INFO - Filling up the DagBag from /usr/local/python/3.10.4/lib/python3.10/site-packages/airflow/example_dags/example_kubernetes_executor.py
[2023-05-05T18:28:46.730+0000] {logging_mixin.py:137} INFO - [2023-05-05T18:28:46.730+0000] {example_kubernetes_executor.py:41} WARNING - The example_kubernetes_executor example DAG requires the kubernetes provider. Please install it with: pip install apache-airflow[cncf.kubernetes]
[2023-05-05T18:28:46.731+0000] {processor.py:755} WARNING - No viable dags retrieved from /usr/local/python/3.10.4/lib/python3.10/site-packages/airflow/example_dags/example_kubernetes_executor.py
[2023-05-05T18:28:46.739+0000] {processor.py:175} INFO - Processing /usr/local/python/3.10.4/lib/python3.10/site-packages/airflow/example_dags/example_kubernetes_executor.py took 0.032 seconds
[2023-05-05T18:29:27.320+0000] {processor.py:153} INFO - Started process (PID=8367) to work on /usr/local/python/3.10.4/lib/python3.10/site-packages/airflow/example_dags/example_kubernetes_executor.py
[2023-05-05T18:29:27.322+0000] {processor.py:743} INFO - Processing file /usr/local/python/3.10.4/lib/python3.10/site-packages/airflow/example_dags/example_kubernetes_executor.py for tasks to queue
[2023-05-05T18:29:27.322+0000] {logging_mixin.py:137} INFO - [2023-05-05T18:29:27.322+0000] {dagbag.py:538} INFO - Filling up the DagBag from /usr/local/python/3.10.4/lib/python3.10/site-packages/airflow/example_dags/example_kubernetes_executor.py
[2023-05-05T18:29:27.340+0000] {logging_mixin.py:137} INFO - [2023-05-05T18:29:27.340+0000] {example_kubernetes_executor.py:41} WARNING - The example_kubernetes_executor example DAG requires the kubernetes provider. Please install it with: pip install apache-airflow[cncf.kubernetes]
[2023-05-05T18:29:27.340+0000] {processor.py:755} WARNING - No viable dags retrieved from /usr/local/python/3.10.4/lib/python3.10/site-packages/airflow/example_dags/example_kubernetes_executor.py
[2023-05-05T18:29:27.349+0000] {processor.py:175} INFO - Processing /usr/local/python/3.10.4/lib/python3.10/site-packages/airflow/example_dags/example_kubernetes_executor.py took 0.033 seconds
[2023-05-05T18:30:07.044+0000] {processor.py:153} INFO - Started process (PID=8749) to work on /usr/local/python/3.10.4/lib/python3.10/site-packages/airflow/example_dags/example_kubernetes_executor.py
[2023-05-05T18:30:07.045+0000] {processor.py:743} INFO - Processing file /usr/local/python/3.10.4/lib/python3.10/site-packages/airflow/example_dags/example_kubernetes_executor.py for tasks to queue
[2023-05-05T18:30:07.046+0000] {logging_mixin.py:137} INFO - [2023-05-05T18:30:07.046+0000] {dagbag.py:538} INFO - Filling up the DagBag from /usr/local/python/3.10.4/lib/python3.10/site-packages/airflow/example_dags/example_kubernetes_executor.py
[2023-05-05T18:30:07.067+0000] {logging_mixin.py:137} INFO - [2023-05-05T18:30:07.067+0000] {example_kubernetes_executor.py:41} WARNING - The example_kubernetes_executor example DAG requires the kubernetes provider. Please install it with: pip install apache-airflow[cncf.kubernetes]
[2023-05-05T18:30:07.067+0000] {processor.py:755} WARNING - No viable dags retrieved from /usr/local/python/3.10.4/lib/python3.10/site-packages/airflow/example_dags/example_kubernetes_executor.py
[2023-05-05T18:30:07.077+0000] {processor.py:175} INFO - Processing /usr/local/python/3.10.4/lib/python3.10/site-packages/airflow/example_dags/example_kubernetes_executor.py took 0.036 seconds
[2023-05-05T18:30:58.005+0000] {processor.py:153} INFO - Started process (PID=9188) to work on /usr/local/python/3.10.4/lib/python3.10/site-packages/airflow/example_dags/example_kubernetes_executor.py
[2023-05-05T18:30:58.006+0000] {processor.py:743} INFO - Processing file /usr/local/python/3.10.4/lib/python3.10/site-packages/airflow/example_dags/example_kubernetes_executor.py for tasks to queue
[2023-05-05T18:30:58.006+0000] {logging_mixin.py:137} INFO - [2023-05-05T18:30:58.006+0000] {dagbag.py:538} INFO - Filling up the DagBag from /usr/local/python/3.10.4/lib/python3.10/site-packages/airflow/example_dags/example_kubernetes_executor.py
[2023-05-05T18:30:58.024+0000] {logging_mixin.py:137} INFO - [2023-05-05T18:30:58.024+0000] {example_kubernetes_executor.py:41} WARNING - The example_kubernetes_executor example DAG requires the kubernetes provider. Please install it with: pip install apache-airflow[cncf.kubernetes]
[2023-05-05T18:30:58.024+0000] {processor.py:755} WARNING - No viable dags retrieved from /usr/local/python/3.10.4/lib/python3.10/site-packages/airflow/example_dags/example_kubernetes_executor.py
[2023-05-05T18:30:58.032+0000] {processor.py:175} INFO - Processing /usr/local/python/3.10.4/lib/python3.10/site-packages/airflow/example_dags/example_kubernetes_executor.py took 0.031 seconds
[2023-05-05T18:31:47.350+0000] {processor.py:153} INFO - Started process (PID=9649) to work on /usr/local/python/3.10.4/lib/python3.10/site-packages/airflow/example_dags/example_kubernetes_executor.py
[2023-05-05T18:31:47.351+0000] {processor.py:743} INFO - Processing file /usr/local/python/3.10.4/lib/python3.10/site-packages/airflow/example_dags/example_kubernetes_executor.py for tasks to queue
[2023-05-05T18:31:47.352+0000] {logging_mixin.py:137} INFO - [2023-05-05T18:31:47.352+0000] {dagbag.py:538} INFO - Filling up the DagBag from /usr/local/python/3.10.4/lib/python3.10/site-packages/airflow/example_dags/example_kubernetes_executor.py
[2023-05-05T18:31:47.370+0000] {logging_mixin.py:137} INFO - [2023-05-05T18:31:47.370+0000] {example_kubernetes_executor.py:41} WARNING - The example_kubernetes_executor example DAG requires the kubernetes provider. Please install it with: pip install apache-airflow[cncf.kubernetes]
[2023-05-05T18:31:47.371+0000] {processor.py:755} WARNING - No viable dags retrieved from /usr/local/python/3.10.4/lib/python3.10/site-packages/airflow/example_dags/example_kubernetes_executor.py
[2023-05-05T18:31:47.379+0000] {processor.py:175} INFO - Processing /usr/local/python/3.10.4/lib/python3.10/site-packages/airflow/example_dags/example_kubernetes_executor.py took 0.032 seconds
[2023-05-05T18:32:38.938+0000] {processor.py:153} INFO - Started process (PID=10163) to work on /usr/local/python/3.10.4/lib/python3.10/site-packages/airflow/example_dags/example_kubernetes_executor.py
[2023-05-05T18:32:38.939+0000] {processor.py:743} INFO - Processing file /usr/local/python/3.10.4/lib/python3.10/site-packages/airflow/example_dags/example_kubernetes_executor.py for tasks to queue
[2023-05-05T18:32:38.940+0000] {logging_mixin.py:137} INFO - [2023-05-05T18:32:38.940+0000] {dagbag.py:538} INFO - Filling up the DagBag from /usr/local/python/3.10.4/lib/python3.10/site-packages/airflow/example_dags/example_kubernetes_executor.py
[2023-05-05T18:32:38.962+0000] {logging_mixin.py:137} INFO - [2023-05-05T18:32:38.961+0000] {example_kubernetes_executor.py:41} WARNING - The example_kubernetes_executor example DAG requires the kubernetes provider. Please install it with: pip install apache-airflow[cncf.kubernetes]
[2023-05-05T18:32:38.962+0000] {processor.py:755} WARNING - No viable dags retrieved from /usr/local/python/3.10.4/lib/python3.10/site-packages/airflow/example_dags/example_kubernetes_executor.py
[2023-05-05T18:32:38.973+0000] {processor.py:175} INFO - Processing /usr/local/python/3.10.4/lib/python3.10/site-packages/airflow/example_dags/example_kubernetes_executor.py took 0.040 seconds
[2023-05-05T18:33:19.915+0000] {processor.py:153} INFO - Started process (PID=10540) to work on /usr/local/python/3.10.4/lib/python3.10/site-packages/airflow/example_dags/example_kubernetes_executor.py
[2023-05-05T18:33:19.916+0000] {processor.py:743} INFO - Processing file /usr/local/python/3.10.4/lib/python3.10/site-packages/airflow/example_dags/example_kubernetes_executor.py for tasks to queue
[2023-05-05T18:33:19.917+0000] {logging_mixin.py:137} INFO - [2023-05-05T18:33:19.917+0000] {dagbag.py:538} INFO - Filling up the DagBag from /usr/local/python/3.10.4/lib/python3.10/site-packages/airflow/example_dags/example_kubernetes_executor.py
[2023-05-05T18:33:19.938+0000] {logging_mixin.py:137} INFO - [2023-05-05T18:33:19.938+0000] {example_kubernetes_executor.py:41} WARNING - The example_kubernetes_executor example DAG requires the kubernetes provider. Please install it with: pip install apache-airflow[cncf.kubernetes]
[2023-05-05T18:33:19.939+0000] {processor.py:755} WARNING - No viable dags retrieved from /usr/local/python/3.10.4/lib/python3.10/site-packages/airflow/example_dags/example_kubernetes_executor.py
[2023-05-05T18:33:19.950+0000] {processor.py:175} INFO - Processing /usr/local/python/3.10.4/lib/python3.10/site-packages/airflow/example_dags/example_kubernetes_executor.py took 0.040 seconds
[2023-05-05T18:34:11.080+0000] {processor.py:153} INFO - Started process (PID=10990) to work on /usr/local/python/3.10.4/lib/python3.10/site-packages/airflow/example_dags/example_kubernetes_executor.py
[2023-05-05T18:34:11.081+0000] {processor.py:743} INFO - Processing file /usr/local/python/3.10.4/lib/python3.10/site-packages/airflow/example_dags/example_kubernetes_executor.py for tasks to queue
[2023-05-05T18:34:11.082+0000] {logging_mixin.py:137} INFO - [2023-05-05T18:34:11.082+0000] {dagbag.py:538} INFO - Filling up the DagBag from /usr/local/python/3.10.4/lib/python3.10/site-packages/airflow/example_dags/example_kubernetes_executor.py
[2023-05-05T18:34:11.100+0000] {logging_mixin.py:137} INFO - [2023-05-05T18:34:11.100+0000] {example_kubernetes_executor.py:41} WARNING - The example_kubernetes_executor example DAG requires the kubernetes provider. Please install it with: pip install apache-airflow[cncf.kubernetes]
[2023-05-05T18:34:11.100+0000] {processor.py:755} WARNING - No viable dags retrieved from /usr/local/python/3.10.4/lib/python3.10/site-packages/airflow/example_dags/example_kubernetes_executor.py
[2023-05-05T18:34:11.109+0000] {processor.py:175} INFO - Processing /usr/local/python/3.10.4/lib/python3.10/site-packages/airflow/example_dags/example_kubernetes_executor.py took 0.032 seconds
