[2023-05-05T18:22:13.422+0000] {processor.py:153} INFO - Started process (PID=4773) to work on /usr/local/python/3.10.4/lib/python3.10/site-packages/airflow/example_dags/example_latest_only_with_trigger.py
[2023-05-05T18:22:13.423+0000] {processor.py:743} INFO - Processing file /usr/local/python/3.10.4/lib/python3.10/site-packages/airflow/example_dags/example_latest_only_with_trigger.py for tasks to queue
[2023-05-05T18:22:13.424+0000] {logging_mixin.py:137} INFO - [2023-05-05T18:22:13.424+0000] {dagbag.py:538} INFO - Filling up the DagBag from /usr/local/python/3.10.4/lib/python3.10/site-packages/airflow/example_dags/example_latest_only_with_trigger.py
[2023-05-05T18:22:13.439+0000] {processor.py:753} INFO - DAG(s) dict_keys(['latest_only_with_trigger']) retrieved from /usr/local/python/3.10.4/lib/python3.10/site-packages/airflow/example_dags/example_latest_only_with_trigger.py
[2023-05-05T18:22:13.608+0000] {logging_mixin.py:137} INFO - [2023-05-05T18:22:13.608+0000] {manager.py:504} INFO - Created Permission View: can delete on DAG:latest_only_with_trigger
[2023-05-05T18:22:13.650+0000] {logging_mixin.py:137} INFO - [2023-05-05T18:22:13.650+0000] {manager.py:504} INFO - Created Permission View: can read on DAG:latest_only_with_trigger
[2023-05-05T18:22:13.688+0000] {logging_mixin.py:137} INFO - [2023-05-05T18:22:13.688+0000] {manager.py:504} INFO - Created Permission View: can edit on DAG:latest_only_with_trigger
[2023-05-05T18:22:13.689+0000] {logging_mixin.py:137} INFO - [2023-05-05T18:22:13.689+0000] {dag.py:2690} INFO - Sync 1 DAGs
[2023-05-05T18:22:13.698+0000] {logging_mixin.py:137} INFO - [2023-05-05T18:22:13.698+0000] {dag.py:2711} INFO - Creating ORM DAG for latest_only_with_trigger
[2023-05-05T18:22:13.710+0000] {logging_mixin.py:137} INFO - [2023-05-05T18:22:13.710+0000] {dag.py:3437} INFO - Setting next_dagrun for latest_only_with_trigger to 2023-05-05T14:22:13.710308+00:00, run_after=2023-05-05T18:22:13.710308+00:00
[2023-05-05T18:22:13.770+0000] {processor.py:175} INFO - Processing /usr/local/python/3.10.4/lib/python3.10/site-packages/airflow/example_dags/example_latest_only_with_trigger.py took 0.351 seconds
[2023-05-05T18:23:04.383+0000] {processor.py:153} INFO - Started process (PID=5130) to work on /usr/local/python/3.10.4/lib/python3.10/site-packages/airflow/example_dags/example_latest_only_with_trigger.py
[2023-05-05T18:23:04.384+0000] {processor.py:743} INFO - Processing file /usr/local/python/3.10.4/lib/python3.10/site-packages/airflow/example_dags/example_latest_only_with_trigger.py for tasks to queue
[2023-05-05T18:23:04.384+0000] {logging_mixin.py:137} INFO - [2023-05-05T18:23:04.384+0000] {dagbag.py:538} INFO - Filling up the DagBag from /usr/local/python/3.10.4/lib/python3.10/site-packages/airflow/example_dags/example_latest_only_with_trigger.py
[2023-05-05T18:23:04.399+0000] {processor.py:753} INFO - DAG(s) dict_keys(['latest_only_with_trigger']) retrieved from /usr/local/python/3.10.4/lib/python3.10/site-packages/airflow/example_dags/example_latest_only_with_trigger.py
[2023-05-05T18:23:04.418+0000] {logging_mixin.py:137} INFO - [2023-05-05T18:23:04.418+0000] {dag.py:2690} INFO - Sync 1 DAGs
[2023-05-05T18:23:04.442+0000] {logging_mixin.py:137} INFO - [2023-05-05T18:23:04.442+0000] {dag.py:3437} INFO - Setting next_dagrun for latest_only_with_trigger to 2023-05-05T14:23:04.441928+00:00, run_after=2023-05-05T18:23:04.441928+00:00
[2023-05-05T18:23:04.517+0000] {processor.py:175} INFO - Processing /usr/local/python/3.10.4/lib/python3.10/site-packages/airflow/example_dags/example_latest_only_with_trigger.py took 0.138 seconds
[2023-05-05T18:23:53.288+0000] {processor.py:153} INFO - Started process (PID=5460) to work on /usr/local/python/3.10.4/lib/python3.10/site-packages/airflow/example_dags/example_latest_only_with_trigger.py
[2023-05-05T18:23:53.289+0000] {processor.py:743} INFO - Processing file /usr/local/python/3.10.4/lib/python3.10/site-packages/airflow/example_dags/example_latest_only_with_trigger.py for tasks to queue
[2023-05-05T18:23:53.290+0000] {logging_mixin.py:137} INFO - [2023-05-05T18:23:53.290+0000] {dagbag.py:538} INFO - Filling up the DagBag from /usr/local/python/3.10.4/lib/python3.10/site-packages/airflow/example_dags/example_latest_only_with_trigger.py
[2023-05-05T18:23:53.305+0000] {processor.py:753} INFO - DAG(s) dict_keys(['latest_only_with_trigger']) retrieved from /usr/local/python/3.10.4/lib/python3.10/site-packages/airflow/example_dags/example_latest_only_with_trigger.py
[2023-05-05T18:23:53.324+0000] {logging_mixin.py:137} INFO - [2023-05-05T18:23:53.324+0000] {dag.py:2690} INFO - Sync 1 DAGs
[2023-05-05T18:23:53.343+0000] {logging_mixin.py:137} INFO - [2023-05-05T18:23:53.343+0000] {dag.py:3437} INFO - Setting next_dagrun for latest_only_with_trigger to 2023-05-05T14:23:53.342974+00:00, run_after=2023-05-05T18:23:53.342974+00:00
[2023-05-05T18:23:53.395+0000] {processor.py:175} INFO - Processing /usr/local/python/3.10.4/lib/python3.10/site-packages/airflow/example_dags/example_latest_only_with_trigger.py took 0.110 seconds
[2023-05-05T18:24:38.846+0000] {processor.py:153} INFO - Started process (PID=5795) to work on /usr/local/python/3.10.4/lib/python3.10/site-packages/airflow/example_dags/example_latest_only_with_trigger.py
[2023-05-05T18:24:38.847+0000] {processor.py:743} INFO - Processing file /usr/local/python/3.10.4/lib/python3.10/site-packages/airflow/example_dags/example_latest_only_with_trigger.py for tasks to queue
[2023-05-05T18:24:38.848+0000] {logging_mixin.py:137} INFO - [2023-05-05T18:24:38.848+0000] {dagbag.py:538} INFO - Filling up the DagBag from /usr/local/python/3.10.4/lib/python3.10/site-packages/airflow/example_dags/example_latest_only_with_trigger.py
[2023-05-05T18:24:38.864+0000] {processor.py:753} INFO - DAG(s) dict_keys(['latest_only_with_trigger']) retrieved from /usr/local/python/3.10.4/lib/python3.10/site-packages/airflow/example_dags/example_latest_only_with_trigger.py
[2023-05-05T18:24:38.882+0000] {logging_mixin.py:137} INFO - [2023-05-05T18:24:38.882+0000] {dag.py:2690} INFO - Sync 1 DAGs
[2023-05-05T18:24:38.900+0000] {logging_mixin.py:137} INFO - [2023-05-05T18:24:38.899+0000] {dag.py:3437} INFO - Setting next_dagrun for latest_only_with_trigger to 2023-05-05T14:24:38.899683+00:00, run_after=2023-05-05T18:24:38.899683+00:00
[2023-05-05T18:24:38.950+0000] {processor.py:175} INFO - Processing /usr/local/python/3.10.4/lib/python3.10/site-packages/airflow/example_dags/example_latest_only_with_trigger.py took 0.108 seconds
[2023-05-05T18:25:29.262+0000] {processor.py:153} INFO - Started process (PID=6141) to work on /usr/local/python/3.10.4/lib/python3.10/site-packages/airflow/example_dags/example_latest_only_with_trigger.py
[2023-05-05T18:25:29.263+0000] {processor.py:743} INFO - Processing file /usr/local/python/3.10.4/lib/python3.10/site-packages/airflow/example_dags/example_latest_only_with_trigger.py for tasks to queue
[2023-05-05T18:25:29.264+0000] {logging_mixin.py:137} INFO - [2023-05-05T18:25:29.264+0000] {dagbag.py:538} INFO - Filling up the DagBag from /usr/local/python/3.10.4/lib/python3.10/site-packages/airflow/example_dags/example_latest_only_with_trigger.py
[2023-05-05T18:25:29.279+0000] {processor.py:753} INFO - DAG(s) dict_keys(['latest_only_with_trigger']) retrieved from /usr/local/python/3.10.4/lib/python3.10/site-packages/airflow/example_dags/example_latest_only_with_trigger.py
[2023-05-05T18:25:29.297+0000] {logging_mixin.py:137} INFO - [2023-05-05T18:25:29.297+0000] {dag.py:2690} INFO - Sync 1 DAGs
[2023-05-05T18:25:29.316+0000] {logging_mixin.py:137} INFO - [2023-05-05T18:25:29.316+0000] {dag.py:3437} INFO - Setting next_dagrun for latest_only_with_trigger to 2023-05-05T14:25:29.316560+00:00, run_after=2023-05-05T18:25:29.316560+00:00
[2023-05-05T18:25:29.383+0000] {processor.py:175} INFO - Processing /usr/local/python/3.10.4/lib/python3.10/site-packages/airflow/example_dags/example_latest_only_with_trigger.py took 0.125 seconds
[2023-05-05T18:26:13.521+0000] {processor.py:153} INFO - Started process (PID=6442) to work on /usr/local/python/3.10.4/lib/python3.10/site-packages/airflow/example_dags/example_latest_only_with_trigger.py
[2023-05-05T18:26:13.523+0000] {processor.py:743} INFO - Processing file /usr/local/python/3.10.4/lib/python3.10/site-packages/airflow/example_dags/example_latest_only_with_trigger.py for tasks to queue
[2023-05-05T18:26:13.524+0000] {logging_mixin.py:137} INFO - [2023-05-05T18:26:13.523+0000] {dagbag.py:538} INFO - Filling up the DagBag from /usr/local/python/3.10.4/lib/python3.10/site-packages/airflow/example_dags/example_latest_only_with_trigger.py
[2023-05-05T18:26:13.540+0000] {processor.py:753} INFO - DAG(s) dict_keys(['latest_only_with_trigger']) retrieved from /usr/local/python/3.10.4/lib/python3.10/site-packages/airflow/example_dags/example_latest_only_with_trigger.py
[2023-05-05T18:26:13.565+0000] {logging_mixin.py:137} INFO - [2023-05-05T18:26:13.565+0000] {dag.py:2690} INFO - Sync 1 DAGs
[2023-05-05T18:26:13.588+0000] {logging_mixin.py:137} INFO - [2023-05-05T18:26:13.588+0000] {dag.py:3437} INFO - Setting next_dagrun for latest_only_with_trigger to 2023-05-05T14:26:13.587948+00:00, run_after=2023-05-05T18:26:13.587948+00:00
[2023-05-05T18:26:13.641+0000] {processor.py:175} INFO - Processing /usr/local/python/3.10.4/lib/python3.10/site-packages/airflow/example_dags/example_latest_only_with_trigger.py took 0.123 seconds
[2023-05-05T18:26:53.118+0000] {processor.py:153} INFO - Started process (PID=6721) to work on /usr/local/python/3.10.4/lib/python3.10/site-packages/airflow/example_dags/example_latest_only_with_trigger.py
[2023-05-05T18:26:53.119+0000] {processor.py:743} INFO - Processing file /usr/local/python/3.10.4/lib/python3.10/site-packages/airflow/example_dags/example_latest_only_with_trigger.py for tasks to queue
[2023-05-05T18:26:53.120+0000] {logging_mixin.py:137} INFO - [2023-05-05T18:26:53.120+0000] {dagbag.py:538} INFO - Filling up the DagBag from /usr/local/python/3.10.4/lib/python3.10/site-packages/airflow/example_dags/example_latest_only_with_trigger.py
[2023-05-05T18:26:53.135+0000] {processor.py:753} INFO - DAG(s) dict_keys(['latest_only_with_trigger']) retrieved from /usr/local/python/3.10.4/lib/python3.10/site-packages/airflow/example_dags/example_latest_only_with_trigger.py
[2023-05-05T18:26:53.157+0000] {logging_mixin.py:137} INFO - [2023-05-05T18:26:53.157+0000] {dag.py:2690} INFO - Sync 1 DAGs
[2023-05-05T18:26:53.176+0000] {logging_mixin.py:137} INFO - [2023-05-05T18:26:53.176+0000] {dag.py:3437} INFO - Setting next_dagrun for latest_only_with_trigger to 2023-05-05T14:26:53.176091+00:00, run_after=2023-05-05T18:26:53.176091+00:00
[2023-05-05T18:26:53.228+0000] {processor.py:175} INFO - Processing /usr/local/python/3.10.4/lib/python3.10/site-packages/airflow/example_dags/example_latest_only_with_trigger.py took 0.113 seconds
[2023-05-05T18:27:32.012+0000] {processor.py:153} INFO - Started process (PID=7005) to work on /usr/local/python/3.10.4/lib/python3.10/site-packages/airflow/example_dags/example_latest_only_with_trigger.py
[2023-05-05T18:27:32.013+0000] {processor.py:743} INFO - Processing file /usr/local/python/3.10.4/lib/python3.10/site-packages/airflow/example_dags/example_latest_only_with_trigger.py for tasks to queue
[2023-05-05T18:27:32.014+0000] {logging_mixin.py:137} INFO - [2023-05-05T18:27:32.014+0000] {dagbag.py:538} INFO - Filling up the DagBag from /usr/local/python/3.10.4/lib/python3.10/site-packages/airflow/example_dags/example_latest_only_with_trigger.py
[2023-05-05T18:27:32.030+0000] {processor.py:753} INFO - DAG(s) dict_keys(['latest_only_with_trigger']) retrieved from /usr/local/python/3.10.4/lib/python3.10/site-packages/airflow/example_dags/example_latest_only_with_trigger.py
[2023-05-05T18:27:32.048+0000] {logging_mixin.py:137} INFO - [2023-05-05T18:27:32.048+0000] {dag.py:2690} INFO - Sync 1 DAGs
[2023-05-05T18:27:32.068+0000] {logging_mixin.py:137} INFO - [2023-05-05T18:27:32.068+0000] {dag.py:3437} INFO - Setting next_dagrun for latest_only_with_trigger to 2023-05-05T14:27:32.067873+00:00, run_after=2023-05-05T18:27:32.067873+00:00
[2023-05-05T18:27:32.124+0000] {processor.py:175} INFO - Processing /usr/local/python/3.10.4/lib/python3.10/site-packages/airflow/example_dags/example_latest_only_with_trigger.py took 0.115 seconds
[2023-05-05T18:28:20.614+0000] {processor.py:153} INFO - Started process (PID=7894) to work on /usr/local/python/3.10.4/lib/python3.10/site-packages/airflow/example_dags/example_latest_only_with_trigger.py
[2023-05-05T18:28:20.621+0000] {processor.py:743} INFO - Processing file /usr/local/python/3.10.4/lib/python3.10/site-packages/airflow/example_dags/example_latest_only_with_trigger.py for tasks to queue
[2023-05-05T18:28:20.625+0000] {logging_mixin.py:137} INFO - [2023-05-05T18:28:20.624+0000] {dagbag.py:538} INFO - Filling up the DagBag from /usr/local/python/3.10.4/lib/python3.10/site-packages/airflow/example_dags/example_latest_only_with_trigger.py
[2023-05-05T18:28:20.685+0000] {processor.py:753} INFO - DAG(s) dict_keys(['latest_only_with_trigger']) retrieved from /usr/local/python/3.10.4/lib/python3.10/site-packages/airflow/example_dags/example_latest_only_with_trigger.py
[2023-05-05T18:28:20.721+0000] {logging_mixin.py:137} INFO - [2023-05-05T18:28:20.721+0000] {dag.py:2690} INFO - Sync 1 DAGs
[2023-05-05T18:28:20.779+0000] {logging_mixin.py:137} INFO - [2023-05-05T18:28:20.779+0000] {dag.py:3437} INFO - Setting next_dagrun for latest_only_with_trigger to 2023-05-05T14:28:20.778856+00:00, run_after=2023-05-05T18:28:20.778856+00:00
[2023-05-05T18:28:20.883+0000] {processor.py:175} INFO - Processing /usr/local/python/3.10.4/lib/python3.10/site-packages/airflow/example_dags/example_latest_only_with_trigger.py took 0.274 seconds
[2023-05-05T18:29:00.934+0000] {processor.py:153} INFO - Started process (PID=8165) to work on /usr/local/python/3.10.4/lib/python3.10/site-packages/airflow/example_dags/example_latest_only_with_trigger.py
[2023-05-05T18:29:00.935+0000] {processor.py:743} INFO - Processing file /usr/local/python/3.10.4/lib/python3.10/site-packages/airflow/example_dags/example_latest_only_with_trigger.py for tasks to queue
[2023-05-05T18:29:00.936+0000] {logging_mixin.py:137} INFO - [2023-05-05T18:29:00.936+0000] {dagbag.py:538} INFO - Filling up the DagBag from /usr/local/python/3.10.4/lib/python3.10/site-packages/airflow/example_dags/example_latest_only_with_trigger.py
[2023-05-05T18:29:00.950+0000] {processor.py:753} INFO - DAG(s) dict_keys(['latest_only_with_trigger']) retrieved from /usr/local/python/3.10.4/lib/python3.10/site-packages/airflow/example_dags/example_latest_only_with_trigger.py
[2023-05-05T18:29:00.968+0000] {logging_mixin.py:137} INFO - [2023-05-05T18:29:00.968+0000] {dag.py:2690} INFO - Sync 1 DAGs
[2023-05-05T18:29:00.986+0000] {logging_mixin.py:137} INFO - [2023-05-05T18:29:00.986+0000] {dag.py:3437} INFO - Setting next_dagrun for latest_only_with_trigger to 2023-05-05T14:29:00.985864+00:00, run_after=2023-05-05T18:29:00.985864+00:00
[2023-05-05T18:29:01.055+0000] {processor.py:175} INFO - Processing /usr/local/python/3.10.4/lib/python3.10/site-packages/airflow/example_dags/example_latest_only_with_trigger.py took 0.125 seconds
[2023-05-05T18:29:40.216+0000] {processor.py:153} INFO - Started process (PID=8490) to work on /usr/local/python/3.10.4/lib/python3.10/site-packages/airflow/example_dags/example_latest_only_with_trigger.py
[2023-05-05T18:29:40.217+0000] {processor.py:743} INFO - Processing file /usr/local/python/3.10.4/lib/python3.10/site-packages/airflow/example_dags/example_latest_only_with_trigger.py for tasks to queue
[2023-05-05T18:29:40.218+0000] {logging_mixin.py:137} INFO - [2023-05-05T18:29:40.218+0000] {dagbag.py:538} INFO - Filling up the DagBag from /usr/local/python/3.10.4/lib/python3.10/site-packages/airflow/example_dags/example_latest_only_with_trigger.py
[2023-05-05T18:29:40.233+0000] {processor.py:753} INFO - DAG(s) dict_keys(['latest_only_with_trigger']) retrieved from /usr/local/python/3.10.4/lib/python3.10/site-packages/airflow/example_dags/example_latest_only_with_trigger.py
[2023-05-05T18:29:40.251+0000] {logging_mixin.py:137} INFO - [2023-05-05T18:29:40.251+0000] {dag.py:2690} INFO - Sync 1 DAGs
[2023-05-05T18:29:40.270+0000] {logging_mixin.py:137} INFO - [2023-05-05T18:29:40.270+0000] {dag.py:3437} INFO - Setting next_dagrun for latest_only_with_trigger to 2023-05-05T14:29:40.269853+00:00, run_after=2023-05-05T18:29:40.269853+00:00
[2023-05-05T18:29:40.321+0000] {processor.py:175} INFO - Processing /usr/local/python/3.10.4/lib/python3.10/site-packages/airflow/example_dags/example_latest_only_with_trigger.py took 0.108 seconds
[2023-05-05T18:30:18.445+0000] {processor.py:153} INFO - Started process (PID=8860) to work on /usr/local/python/3.10.4/lib/python3.10/site-packages/airflow/example_dags/example_latest_only_with_trigger.py
[2023-05-05T18:30:18.446+0000] {processor.py:743} INFO - Processing file /usr/local/python/3.10.4/lib/python3.10/site-packages/airflow/example_dags/example_latest_only_with_trigger.py for tasks to queue
[2023-05-05T18:30:18.447+0000] {logging_mixin.py:137} INFO - [2023-05-05T18:30:18.447+0000] {dagbag.py:538} INFO - Filling up the DagBag from /usr/local/python/3.10.4/lib/python3.10/site-packages/airflow/example_dags/example_latest_only_with_trigger.py
[2023-05-05T18:30:18.462+0000] {processor.py:753} INFO - DAG(s) dict_keys(['latest_only_with_trigger']) retrieved from /usr/local/python/3.10.4/lib/python3.10/site-packages/airflow/example_dags/example_latest_only_with_trigger.py
[2023-05-05T18:30:18.480+0000] {logging_mixin.py:137} INFO - [2023-05-05T18:30:18.480+0000] {dag.py:2690} INFO - Sync 1 DAGs
[2023-05-05T18:30:18.498+0000] {logging_mixin.py:137} INFO - [2023-05-05T18:30:18.498+0000] {dag.py:3437} INFO - Setting next_dagrun for latest_only_with_trigger to 2023-05-05T14:30:18.498031+00:00, run_after=2023-05-05T18:30:18.498031+00:00
[2023-05-05T18:30:18.558+0000] {processor.py:175} INFO - Processing /usr/local/python/3.10.4/lib/python3.10/site-packages/airflow/example_dags/example_latest_only_with_trigger.py took 0.116 seconds
[2023-05-05T18:30:57.356+0000] {processor.py:153} INFO - Started process (PID=9181) to work on /usr/local/python/3.10.4/lib/python3.10/site-packages/airflow/example_dags/example_latest_only_with_trigger.py
[2023-05-05T18:30:57.357+0000] {processor.py:743} INFO - Processing file /usr/local/python/3.10.4/lib/python3.10/site-packages/airflow/example_dags/example_latest_only_with_trigger.py for tasks to queue
[2023-05-05T18:30:57.358+0000] {logging_mixin.py:137} INFO - [2023-05-05T18:30:57.358+0000] {dagbag.py:538} INFO - Filling up the DagBag from /usr/local/python/3.10.4/lib/python3.10/site-packages/airflow/example_dags/example_latest_only_with_trigger.py
[2023-05-05T18:30:57.373+0000] {processor.py:753} INFO - DAG(s) dict_keys(['latest_only_with_trigger']) retrieved from /usr/local/python/3.10.4/lib/python3.10/site-packages/airflow/example_dags/example_latest_only_with_trigger.py
[2023-05-05T18:30:57.390+0000] {logging_mixin.py:137} INFO - [2023-05-05T18:30:57.390+0000] {dag.py:2690} INFO - Sync 1 DAGs
[2023-05-05T18:30:57.408+0000] {logging_mixin.py:137} INFO - [2023-05-05T18:30:57.408+0000] {dag.py:3437} INFO - Setting next_dagrun for latest_only_with_trigger to 2023-05-05T14:30:57.408018+00:00, run_after=2023-05-05T18:30:57.408018+00:00
[2023-05-05T18:30:57.461+0000] {processor.py:175} INFO - Processing /usr/local/python/3.10.4/lib/python3.10/site-packages/airflow/example_dags/example_latest_only_with_trigger.py took 0.109 seconds
[2023-05-05T18:31:46.757+0000] {processor.py:153} INFO - Started process (PID=9648) to work on /usr/local/python/3.10.4/lib/python3.10/site-packages/airflow/example_dags/example_latest_only_with_trigger.py
[2023-05-05T18:31:46.758+0000] {processor.py:743} INFO - Processing file /usr/local/python/3.10.4/lib/python3.10/site-packages/airflow/example_dags/example_latest_only_with_trigger.py for tasks to queue
[2023-05-05T18:31:46.759+0000] {logging_mixin.py:137} INFO - [2023-05-05T18:31:46.759+0000] {dagbag.py:538} INFO - Filling up the DagBag from /usr/local/python/3.10.4/lib/python3.10/site-packages/airflow/example_dags/example_latest_only_with_trigger.py
[2023-05-05T18:31:46.775+0000] {processor.py:753} INFO - DAG(s) dict_keys(['latest_only_with_trigger']) retrieved from /usr/local/python/3.10.4/lib/python3.10/site-packages/airflow/example_dags/example_latest_only_with_trigger.py
[2023-05-05T18:31:46.794+0000] {logging_mixin.py:137} INFO - [2023-05-05T18:31:46.794+0000] {dag.py:2690} INFO - Sync 1 DAGs
[2023-05-05T18:31:46.813+0000] {logging_mixin.py:137} INFO - [2023-05-05T18:31:46.813+0000] {dag.py:3437} INFO - Setting next_dagrun for latest_only_with_trigger to 2023-05-05T14:31:46.813213+00:00, run_after=2023-05-05T18:31:46.813213+00:00
[2023-05-05T18:31:46.882+0000] {processor.py:175} INFO - Processing /usr/local/python/3.10.4/lib/python3.10/site-packages/airflow/example_dags/example_latest_only_with_trigger.py took 0.129 seconds
[2023-05-05T18:32:37.666+0000] {processor.py:153} INFO - Started process (PID=10162) to work on /usr/local/python/3.10.4/lib/python3.10/site-packages/airflow/example_dags/example_latest_only_with_trigger.py
[2023-05-05T18:32:37.667+0000] {processor.py:743} INFO - Processing file /usr/local/python/3.10.4/lib/python3.10/site-packages/airflow/example_dags/example_latest_only_with_trigger.py for tasks to queue
[2023-05-05T18:32:37.668+0000] {logging_mixin.py:137} INFO - [2023-05-05T18:32:37.668+0000] {dagbag.py:538} INFO - Filling up the DagBag from /usr/local/python/3.10.4/lib/python3.10/site-packages/airflow/example_dags/example_latest_only_with_trigger.py
[2023-05-05T18:32:37.685+0000] {processor.py:753} INFO - DAG(s) dict_keys(['latest_only_with_trigger']) retrieved from /usr/local/python/3.10.4/lib/python3.10/site-packages/airflow/example_dags/example_latest_only_with_trigger.py
[2023-05-05T18:32:37.704+0000] {logging_mixin.py:137} INFO - [2023-05-05T18:32:37.704+0000] {dag.py:2690} INFO - Sync 1 DAGs
[2023-05-05T18:32:37.724+0000] {logging_mixin.py:137} INFO - [2023-05-05T18:32:37.724+0000] {dag.py:3437} INFO - Setting next_dagrun for latest_only_with_trigger to 2023-05-05T14:32:37.724024+00:00, run_after=2023-05-05T18:32:37.724024+00:00
[2023-05-05T18:32:37.780+0000] {processor.py:175} INFO - Processing /usr/local/python/3.10.4/lib/python3.10/site-packages/airflow/example_dags/example_latest_only_with_trigger.py took 0.118 seconds
[2023-05-05T18:33:18.673+0000] {processor.py:153} INFO - Started process (PID=10533) to work on /usr/local/python/3.10.4/lib/python3.10/site-packages/airflow/example_dags/example_latest_only_with_trigger.py
[2023-05-05T18:33:18.674+0000] {processor.py:743} INFO - Processing file /usr/local/python/3.10.4/lib/python3.10/site-packages/airflow/example_dags/example_latest_only_with_trigger.py for tasks to queue
[2023-05-05T18:33:18.675+0000] {logging_mixin.py:137} INFO - [2023-05-05T18:33:18.675+0000] {dagbag.py:538} INFO - Filling up the DagBag from /usr/local/python/3.10.4/lib/python3.10/site-packages/airflow/example_dags/example_latest_only_with_trigger.py
[2023-05-05T18:33:18.692+0000] {processor.py:753} INFO - DAG(s) dict_keys(['latest_only_with_trigger']) retrieved from /usr/local/python/3.10.4/lib/python3.10/site-packages/airflow/example_dags/example_latest_only_with_trigger.py
[2023-05-05T18:33:18.716+0000] {logging_mixin.py:137} INFO - [2023-05-05T18:33:18.714+0000] {dag.py:2690} INFO - Sync 1 DAGs
[2023-05-05T18:33:18.751+0000] {logging_mixin.py:137} INFO - [2023-05-05T18:33:18.751+0000] {dag.py:3437} INFO - Setting next_dagrun for latest_only_with_trigger to 2023-05-05T14:33:18.751193+00:00, run_after=2023-05-05T18:33:18.751193+00:00
[2023-05-05T18:33:18.833+0000] {processor.py:175} INFO - Processing /usr/local/python/3.10.4/lib/python3.10/site-packages/airflow/example_dags/example_latest_only_with_trigger.py took 0.165 seconds
[2023-05-05T18:34:08.446+0000] {processor.py:153} INFO - Started process (PID=10961) to work on /usr/local/python/3.10.4/lib/python3.10/site-packages/airflow/example_dags/example_latest_only_with_trigger.py
[2023-05-05T18:34:08.449+0000] {processor.py:743} INFO - Processing file /usr/local/python/3.10.4/lib/python3.10/site-packages/airflow/example_dags/example_latest_only_with_trigger.py for tasks to queue
[2023-05-05T18:34:08.450+0000] {logging_mixin.py:137} INFO - [2023-05-05T18:34:08.450+0000] {dagbag.py:538} INFO - Filling up the DagBag from /usr/local/python/3.10.4/lib/python3.10/site-packages/airflow/example_dags/example_latest_only_with_trigger.py
[2023-05-05T18:34:08.500+0000] {processor.py:753} INFO - DAG(s) dict_keys(['latest_only_with_trigger']) retrieved from /usr/local/python/3.10.4/lib/python3.10/site-packages/airflow/example_dags/example_latest_only_with_trigger.py
[2023-05-05T18:34:08.538+0000] {logging_mixin.py:137} INFO - [2023-05-05T18:34:08.538+0000] {dag.py:2690} INFO - Sync 1 DAGs
[2023-05-05T18:34:08.567+0000] {logging_mixin.py:137} INFO - [2023-05-05T18:34:08.567+0000] {dag.py:3437} INFO - Setting next_dagrun for latest_only_with_trigger to 2023-05-05T14:34:08.567186+00:00, run_after=2023-05-05T18:34:08.567186+00:00
[2023-05-05T18:34:08.652+0000] {processor.py:175} INFO - Processing /usr/local/python/3.10.4/lib/python3.10/site-packages/airflow/example_dags/example_latest_only_with_trigger.py took 0.214 seconds
