[2023-05-05T18:22:06.432+0000] {processor.py:153} INFO - Started process (PID=4719) to work on /usr/local/python/3.10.4/lib/python3.10/site-packages/airflow/example_dags/example_sensor_decorator.py
[2023-05-05T18:22:06.433+0000] {processor.py:743} INFO - Processing file /usr/local/python/3.10.4/lib/python3.10/site-packages/airflow/example_dags/example_sensor_decorator.py for tasks to queue
[2023-05-05T18:22:06.434+0000] {logging_mixin.py:137} INFO - [2023-05-05T18:22:06.434+0000] {dagbag.py:538} INFO - Filling up the DagBag from /usr/local/python/3.10.4/lib/python3.10/site-packages/airflow/example_dags/example_sensor_decorator.py
[2023-05-05T18:22:06.458+0000] {processor.py:753} INFO - DAG(s) dict_keys(['example_sensor_decorator']) retrieved from /usr/local/python/3.10.4/lib/python3.10/site-packages/airflow/example_dags/example_sensor_decorator.py
[2023-05-05T18:22:06.632+0000] {logging_mixin.py:137} INFO - [2023-05-05T18:22:06.632+0000] {manager.py:504} INFO - Created Permission View: can delete on DAG:example_sensor_decorator
[2023-05-05T18:22:06.698+0000] {logging_mixin.py:137} INFO - [2023-05-05T18:22:06.698+0000] {manager.py:504} INFO - Created Permission View: can read on DAG:example_sensor_decorator
[2023-05-05T18:22:06.741+0000] {logging_mixin.py:137} INFO - [2023-05-05T18:22:06.741+0000] {manager.py:504} INFO - Created Permission View: can edit on DAG:example_sensor_decorator
[2023-05-05T18:22:06.742+0000] {logging_mixin.py:137} INFO - [2023-05-05T18:22:06.742+0000] {dag.py:2690} INFO - Sync 1 DAGs
[2023-05-05T18:22:06.751+0000] {logging_mixin.py:137} INFO - [2023-05-05T18:22:06.751+0000] {dag.py:2711} INFO - Creating ORM DAG for example_sensor_decorator
[2023-05-05T18:22:06.759+0000] {logging_mixin.py:137} INFO - [2023-05-05T18:22:06.759+0000] {dag.py:3437} INFO - Setting next_dagrun for example_sensor_decorator to None, run_after=None
[2023-05-05T18:22:06.819+0000] {processor.py:175} INFO - Processing /usr/local/python/3.10.4/lib/python3.10/site-packages/airflow/example_dags/example_sensor_decorator.py took 0.390 seconds
[2023-05-05T18:22:58.056+0000] {processor.py:153} INFO - Started process (PID=5084) to work on /usr/local/python/3.10.4/lib/python3.10/site-packages/airflow/example_dags/example_sensor_decorator.py
[2023-05-05T18:22:58.057+0000] {processor.py:743} INFO - Processing file /usr/local/python/3.10.4/lib/python3.10/site-packages/airflow/example_dags/example_sensor_decorator.py for tasks to queue
[2023-05-05T18:22:58.058+0000] {logging_mixin.py:137} INFO - [2023-05-05T18:22:58.058+0000] {dagbag.py:538} INFO - Filling up the DagBag from /usr/local/python/3.10.4/lib/python3.10/site-packages/airflow/example_dags/example_sensor_decorator.py
[2023-05-05T18:22:58.082+0000] {processor.py:753} INFO - DAG(s) dict_keys(['example_sensor_decorator']) retrieved from /usr/local/python/3.10.4/lib/python3.10/site-packages/airflow/example_dags/example_sensor_decorator.py
[2023-05-05T18:22:58.103+0000] {logging_mixin.py:137} INFO - [2023-05-05T18:22:58.103+0000] {dag.py:2690} INFO - Sync 1 DAGs
[2023-05-05T18:22:58.121+0000] {logging_mixin.py:137} INFO - [2023-05-05T18:22:58.121+0000] {dag.py:3437} INFO - Setting next_dagrun for example_sensor_decorator to None, run_after=None
[2023-05-05T18:22:58.175+0000] {processor.py:175} INFO - Processing /usr/local/python/3.10.4/lib/python3.10/site-packages/airflow/example_dags/example_sensor_decorator.py took 0.123 seconds
[2023-05-05T18:23:47.979+0000] {processor.py:153} INFO - Started process (PID=5411) to work on /usr/local/python/3.10.4/lib/python3.10/site-packages/airflow/example_dags/example_sensor_decorator.py
[2023-05-05T18:23:47.980+0000] {processor.py:743} INFO - Processing file /usr/local/python/3.10.4/lib/python3.10/site-packages/airflow/example_dags/example_sensor_decorator.py for tasks to queue
[2023-05-05T18:23:47.981+0000] {logging_mixin.py:137} INFO - [2023-05-05T18:23:47.981+0000] {dagbag.py:538} INFO - Filling up the DagBag from /usr/local/python/3.10.4/lib/python3.10/site-packages/airflow/example_dags/example_sensor_decorator.py
[2023-05-05T18:23:48.007+0000] {processor.py:753} INFO - DAG(s) dict_keys(['example_sensor_decorator']) retrieved from /usr/local/python/3.10.4/lib/python3.10/site-packages/airflow/example_dags/example_sensor_decorator.py
[2023-05-05T18:23:48.024+0000] {logging_mixin.py:137} INFO - [2023-05-05T18:23:48.024+0000] {dag.py:2690} INFO - Sync 1 DAGs
[2023-05-05T18:23:48.043+0000] {logging_mixin.py:137} INFO - [2023-05-05T18:23:48.043+0000] {dag.py:3437} INFO - Setting next_dagrun for example_sensor_decorator to None, run_after=None
[2023-05-05T18:23:48.099+0000] {processor.py:175} INFO - Processing /usr/local/python/3.10.4/lib/python3.10/site-packages/airflow/example_dags/example_sensor_decorator.py took 0.124 seconds
[2023-05-05T18:24:33.397+0000] {processor.py:153} INFO - Started process (PID=5751) to work on /usr/local/python/3.10.4/lib/python3.10/site-packages/airflow/example_dags/example_sensor_decorator.py
[2023-05-05T18:24:33.398+0000] {processor.py:743} INFO - Processing file /usr/local/python/3.10.4/lib/python3.10/site-packages/airflow/example_dags/example_sensor_decorator.py for tasks to queue
[2023-05-05T18:24:33.399+0000] {logging_mixin.py:137} INFO - [2023-05-05T18:24:33.399+0000] {dagbag.py:538} INFO - Filling up the DagBag from /usr/local/python/3.10.4/lib/python3.10/site-packages/airflow/example_dags/example_sensor_decorator.py
[2023-05-05T18:24:33.440+0000] {processor.py:753} INFO - DAG(s) dict_keys(['example_sensor_decorator']) retrieved from /usr/local/python/3.10.4/lib/python3.10/site-packages/airflow/example_dags/example_sensor_decorator.py
[2023-05-05T18:24:33.467+0000] {logging_mixin.py:137} INFO - [2023-05-05T18:24:33.466+0000] {dag.py:2690} INFO - Sync 1 DAGs
[2023-05-05T18:24:33.493+0000] {logging_mixin.py:137} INFO - [2023-05-05T18:24:33.493+0000] {dag.py:3437} INFO - Setting next_dagrun for example_sensor_decorator to None, run_after=None
[2023-05-05T18:24:33.559+0000] {processor.py:175} INFO - Processing /usr/local/python/3.10.4/lib/python3.10/site-packages/airflow/example_dags/example_sensor_decorator.py took 0.174 seconds
[2023-05-05T18:25:11.396+0000] {processor.py:153} INFO - Started process (PID=6017) to work on /usr/local/python/3.10.4/lib/python3.10/site-packages/airflow/example_dags/example_sensor_decorator.py
[2023-05-05T18:25:11.397+0000] {processor.py:743} INFO - Processing file /usr/local/python/3.10.4/lib/python3.10/site-packages/airflow/example_dags/example_sensor_decorator.py for tasks to queue
[2023-05-05T18:25:11.398+0000] {logging_mixin.py:137} INFO - [2023-05-05T18:25:11.398+0000] {dagbag.py:538} INFO - Filling up the DagBag from /usr/local/python/3.10.4/lib/python3.10/site-packages/airflow/example_dags/example_sensor_decorator.py
[2023-05-05T18:25:11.423+0000] {processor.py:753} INFO - DAG(s) dict_keys(['example_sensor_decorator']) retrieved from /usr/local/python/3.10.4/lib/python3.10/site-packages/airflow/example_dags/example_sensor_decorator.py
[2023-05-05T18:25:11.442+0000] {logging_mixin.py:137} INFO - [2023-05-05T18:25:11.442+0000] {dag.py:2690} INFO - Sync 1 DAGs
[2023-05-05T18:25:11.462+0000] {logging_mixin.py:137} INFO - [2023-05-05T18:25:11.461+0000] {dag.py:3437} INFO - Setting next_dagrun for example_sensor_decorator to None, run_after=None
[2023-05-05T18:25:11.518+0000] {processor.py:175} INFO - Processing /usr/local/python/3.10.4/lib/python3.10/site-packages/airflow/example_dags/example_sensor_decorator.py took 0.125 seconds
[2023-05-05T18:25:59.513+0000] {processor.py:153} INFO - Started process (PID=6352) to work on /usr/local/python/3.10.4/lib/python3.10/site-packages/airflow/example_dags/example_sensor_decorator.py
[2023-05-05T18:25:59.514+0000] {processor.py:743} INFO - Processing file /usr/local/python/3.10.4/lib/python3.10/site-packages/airflow/example_dags/example_sensor_decorator.py for tasks to queue
[2023-05-05T18:25:59.515+0000] {logging_mixin.py:137} INFO - [2023-05-05T18:25:59.515+0000] {dagbag.py:538} INFO - Filling up the DagBag from /usr/local/python/3.10.4/lib/python3.10/site-packages/airflow/example_dags/example_sensor_decorator.py
[2023-05-05T18:25:59.539+0000] {processor.py:753} INFO - DAG(s) dict_keys(['example_sensor_decorator']) retrieved from /usr/local/python/3.10.4/lib/python3.10/site-packages/airflow/example_dags/example_sensor_decorator.py
[2023-05-05T18:25:59.557+0000] {logging_mixin.py:137} INFO - [2023-05-05T18:25:59.557+0000] {dag.py:2690} INFO - Sync 1 DAGs
[2023-05-05T18:25:59.576+0000] {logging_mixin.py:137} INFO - [2023-05-05T18:25:59.575+0000] {dag.py:3437} INFO - Setting next_dagrun for example_sensor_decorator to None, run_after=None
[2023-05-05T18:25:59.638+0000] {processor.py:175} INFO - Processing /usr/local/python/3.10.4/lib/python3.10/site-packages/airflow/example_dags/example_sensor_decorator.py took 0.128 seconds
[2023-05-05T18:26:40.100+0000] {processor.py:153} INFO - Started process (PID=6641) to work on /usr/local/python/3.10.4/lib/python3.10/site-packages/airflow/example_dags/example_sensor_decorator.py
[2023-05-05T18:26:40.102+0000] {processor.py:743} INFO - Processing file /usr/local/python/3.10.4/lib/python3.10/site-packages/airflow/example_dags/example_sensor_decorator.py for tasks to queue
[2023-05-05T18:26:40.102+0000] {logging_mixin.py:137} INFO - [2023-05-05T18:26:40.102+0000] {dagbag.py:538} INFO - Filling up the DagBag from /usr/local/python/3.10.4/lib/python3.10/site-packages/airflow/example_dags/example_sensor_decorator.py
[2023-05-05T18:26:40.126+0000] {processor.py:753} INFO - DAG(s) dict_keys(['example_sensor_decorator']) retrieved from /usr/local/python/3.10.4/lib/python3.10/site-packages/airflow/example_dags/example_sensor_decorator.py
[2023-05-05T18:26:40.143+0000] {logging_mixin.py:137} INFO - [2023-05-05T18:26:40.143+0000] {dag.py:2690} INFO - Sync 1 DAGs
[2023-05-05T18:26:40.161+0000] {logging_mixin.py:137} INFO - [2023-05-05T18:26:40.161+0000] {dag.py:3437} INFO - Setting next_dagrun for example_sensor_decorator to None, run_after=None
[2023-05-05T18:26:40.212+0000] {processor.py:175} INFO - Processing /usr/local/python/3.10.4/lib/python3.10/site-packages/airflow/example_dags/example_sensor_decorator.py took 0.115 seconds
[2023-05-05T18:27:18.052+0000] {processor.py:153} INFO - Started process (PID=6906) to work on /usr/local/python/3.10.4/lib/python3.10/site-packages/airflow/example_dags/example_sensor_decorator.py
[2023-05-05T18:27:18.054+0000] {processor.py:743} INFO - Processing file /usr/local/python/3.10.4/lib/python3.10/site-packages/airflow/example_dags/example_sensor_decorator.py for tasks to queue
[2023-05-05T18:27:18.054+0000] {logging_mixin.py:137} INFO - [2023-05-05T18:27:18.054+0000] {dagbag.py:538} INFO - Filling up the DagBag from /usr/local/python/3.10.4/lib/python3.10/site-packages/airflow/example_dags/example_sensor_decorator.py
[2023-05-05T18:27:18.078+0000] {processor.py:753} INFO - DAG(s) dict_keys(['example_sensor_decorator']) retrieved from /usr/local/python/3.10.4/lib/python3.10/site-packages/airflow/example_dags/example_sensor_decorator.py
[2023-05-05T18:27:18.096+0000] {logging_mixin.py:137} INFO - [2023-05-05T18:27:18.096+0000] {dag.py:2690} INFO - Sync 1 DAGs
[2023-05-05T18:27:18.115+0000] {logging_mixin.py:137} INFO - [2023-05-05T18:27:18.115+0000] {dag.py:3437} INFO - Setting next_dagrun for example_sensor_decorator to None, run_after=None
[2023-05-05T18:27:18.169+0000] {processor.py:175} INFO - Processing /usr/local/python/3.10.4/lib/python3.10/site-packages/airflow/example_dags/example_sensor_decorator.py took 0.120 seconds
[2023-05-05T18:27:54.344+0000] {processor.py:153} INFO - Started process (PID=7171) to work on /usr/local/python/3.10.4/lib/python3.10/site-packages/airflow/example_dags/example_sensor_decorator.py
[2023-05-05T18:27:54.345+0000] {processor.py:743} INFO - Processing file /usr/local/python/3.10.4/lib/python3.10/site-packages/airflow/example_dags/example_sensor_decorator.py for tasks to queue
[2023-05-05T18:27:54.346+0000] {logging_mixin.py:137} INFO - [2023-05-05T18:27:54.346+0000] {dagbag.py:538} INFO - Filling up the DagBag from /usr/local/python/3.10.4/lib/python3.10/site-packages/airflow/example_dags/example_sensor_decorator.py
[2023-05-05T18:27:54.369+0000] {processor.py:753} INFO - DAG(s) dict_keys(['example_sensor_decorator']) retrieved from /usr/local/python/3.10.4/lib/python3.10/site-packages/airflow/example_dags/example_sensor_decorator.py
[2023-05-05T18:27:54.386+0000] {logging_mixin.py:137} INFO - [2023-05-05T18:27:54.386+0000] {dag.py:2690} INFO - Sync 1 DAGs
[2023-05-05T18:27:54.403+0000] {logging_mixin.py:137} INFO - [2023-05-05T18:27:54.403+0000] {dag.py:3437} INFO - Setting next_dagrun for example_sensor_decorator to None, run_after=None
[2023-05-05T18:27:54.456+0000] {processor.py:175} INFO - Processing /usr/local/python/3.10.4/lib/python3.10/site-packages/airflow/example_dags/example_sensor_decorator.py took 0.116 seconds
[2023-05-05T18:28:32.342+0000] {processor.py:153} INFO - Started process (PID=7972) to work on /usr/local/python/3.10.4/lib/python3.10/site-packages/airflow/example_dags/example_sensor_decorator.py
[2023-05-05T18:28:32.346+0000] {processor.py:743} INFO - Processing file /usr/local/python/3.10.4/lib/python3.10/site-packages/airflow/example_dags/example_sensor_decorator.py for tasks to queue
[2023-05-05T18:28:32.356+0000] {logging_mixin.py:137} INFO - [2023-05-05T18:28:32.356+0000] {dagbag.py:538} INFO - Filling up the DagBag from /usr/local/python/3.10.4/lib/python3.10/site-packages/airflow/example_dags/example_sensor_decorator.py
[2023-05-05T18:28:32.395+0000] {processor.py:753} INFO - DAG(s) dict_keys(['example_sensor_decorator']) retrieved from /usr/local/python/3.10.4/lib/python3.10/site-packages/airflow/example_dags/example_sensor_decorator.py
[2023-05-05T18:28:32.430+0000] {logging_mixin.py:137} INFO - [2023-05-05T18:28:32.430+0000] {dag.py:2690} INFO - Sync 1 DAGs
[2023-05-05T18:28:32.450+0000] {logging_mixin.py:137} INFO - [2023-05-05T18:28:32.450+0000] {dag.py:3437} INFO - Setting next_dagrun for example_sensor_decorator to None, run_after=None
[2023-05-05T18:28:32.503+0000] {processor.py:175} INFO - Processing /usr/local/python/3.10.4/lib/python3.10/site-packages/airflow/example_dags/example_sensor_decorator.py took 0.167 seconds
[2023-05-05T18:29:12.937+0000] {processor.py:153} INFO - Started process (PID=8262) to work on /usr/local/python/3.10.4/lib/python3.10/site-packages/airflow/example_dags/example_sensor_decorator.py
[2023-05-05T18:29:12.938+0000] {processor.py:743} INFO - Processing file /usr/local/python/3.10.4/lib/python3.10/site-packages/airflow/example_dags/example_sensor_decorator.py for tasks to queue
[2023-05-05T18:29:12.939+0000] {logging_mixin.py:137} INFO - [2023-05-05T18:29:12.939+0000] {dagbag.py:538} INFO - Filling up the DagBag from /usr/local/python/3.10.4/lib/python3.10/site-packages/airflow/example_dags/example_sensor_decorator.py
[2023-05-05T18:29:12.963+0000] {processor.py:753} INFO - DAG(s) dict_keys(['example_sensor_decorator']) retrieved from /usr/local/python/3.10.4/lib/python3.10/site-packages/airflow/example_dags/example_sensor_decorator.py
[2023-05-05T18:29:12.980+0000] {logging_mixin.py:137} INFO - [2023-05-05T18:29:12.980+0000] {dag.py:2690} INFO - Sync 1 DAGs
[2023-05-05T18:29:12.997+0000] {logging_mixin.py:137} INFO - [2023-05-05T18:29:12.997+0000] {dag.py:3437} INFO - Setting next_dagrun for example_sensor_decorator to None, run_after=None
[2023-05-05T18:29:13.063+0000] {processor.py:175} INFO - Processing /usr/local/python/3.10.4/lib/python3.10/site-packages/airflow/example_dags/example_sensor_decorator.py took 0.129 seconds
[2023-05-05T18:29:53.304+0000] {processor.py:153} INFO - Started process (PID=8602) to work on /usr/local/python/3.10.4/lib/python3.10/site-packages/airflow/example_dags/example_sensor_decorator.py
[2023-05-05T18:29:53.305+0000] {processor.py:743} INFO - Processing file /usr/local/python/3.10.4/lib/python3.10/site-packages/airflow/example_dags/example_sensor_decorator.py for tasks to queue
[2023-05-05T18:29:53.306+0000] {logging_mixin.py:137} INFO - [2023-05-05T18:29:53.306+0000] {dagbag.py:538} INFO - Filling up the DagBag from /usr/local/python/3.10.4/lib/python3.10/site-packages/airflow/example_dags/example_sensor_decorator.py
[2023-05-05T18:29:53.369+0000] {processor.py:753} INFO - DAG(s) dict_keys(['example_sensor_decorator']) retrieved from /usr/local/python/3.10.4/lib/python3.10/site-packages/airflow/example_dags/example_sensor_decorator.py
[2023-05-05T18:29:53.393+0000] {logging_mixin.py:137} INFO - [2023-05-05T18:29:53.393+0000] {dag.py:2690} INFO - Sync 1 DAGs
[2023-05-05T18:29:53.413+0000] {logging_mixin.py:137} INFO - [2023-05-05T18:29:53.413+0000] {dag.py:3437} INFO - Setting next_dagrun for example_sensor_decorator to None, run_after=None
[2023-05-05T18:29:53.472+0000] {processor.py:175} INFO - Processing /usr/local/python/3.10.4/lib/python3.10/site-packages/airflow/example_dags/example_sensor_decorator.py took 0.171 seconds
[2023-05-05T18:30:40.261+0000] {processor.py:153} INFO - Started process (PID=9008) to work on /usr/local/python/3.10.4/lib/python3.10/site-packages/airflow/example_dags/example_sensor_decorator.py
[2023-05-05T18:30:40.262+0000] {processor.py:743} INFO - Processing file /usr/local/python/3.10.4/lib/python3.10/site-packages/airflow/example_dags/example_sensor_decorator.py for tasks to queue
[2023-05-05T18:30:40.263+0000] {logging_mixin.py:137} INFO - [2023-05-05T18:30:40.263+0000] {dagbag.py:538} INFO - Filling up the DagBag from /usr/local/python/3.10.4/lib/python3.10/site-packages/airflow/example_dags/example_sensor_decorator.py
[2023-05-05T18:30:40.288+0000] {processor.py:753} INFO - DAG(s) dict_keys(['example_sensor_decorator']) retrieved from /usr/local/python/3.10.4/lib/python3.10/site-packages/airflow/example_dags/example_sensor_decorator.py
[2023-05-05T18:30:40.305+0000] {logging_mixin.py:137} INFO - [2023-05-05T18:30:40.305+0000] {dag.py:2690} INFO - Sync 1 DAGs
[2023-05-05T18:30:40.323+0000] {logging_mixin.py:137} INFO - [2023-05-05T18:30:40.323+0000] {dag.py:3437} INFO - Setting next_dagrun for example_sensor_decorator to None, run_after=None
[2023-05-05T18:30:40.385+0000] {processor.py:175} INFO - Processing /usr/local/python/3.10.4/lib/python3.10/site-packages/airflow/example_dags/example_sensor_decorator.py took 0.127 seconds
[2023-05-05T18:31:18.384+0000] {processor.py:153} INFO - Started process (PID=9347) to work on /usr/local/python/3.10.4/lib/python3.10/site-packages/airflow/example_dags/example_sensor_decorator.py
[2023-05-05T18:31:18.385+0000] {processor.py:743} INFO - Processing file /usr/local/python/3.10.4/lib/python3.10/site-packages/airflow/example_dags/example_sensor_decorator.py for tasks to queue
[2023-05-05T18:31:18.386+0000] {logging_mixin.py:137} INFO - [2023-05-05T18:31:18.385+0000] {dagbag.py:538} INFO - Filling up the DagBag from /usr/local/python/3.10.4/lib/python3.10/site-packages/airflow/example_dags/example_sensor_decorator.py
[2023-05-05T18:31:18.410+0000] {processor.py:753} INFO - DAG(s) dict_keys(['example_sensor_decorator']) retrieved from /usr/local/python/3.10.4/lib/python3.10/site-packages/airflow/example_dags/example_sensor_decorator.py
[2023-05-05T18:31:18.428+0000] {logging_mixin.py:137} INFO - [2023-05-05T18:31:18.428+0000] {dag.py:2690} INFO - Sync 1 DAGs
[2023-05-05T18:31:18.446+0000] {logging_mixin.py:137} INFO - [2023-05-05T18:31:18.446+0000] {dag.py:3437} INFO - Setting next_dagrun for example_sensor_decorator to None, run_after=None
[2023-05-05T18:31:18.506+0000] {processor.py:175} INFO - Processing /usr/local/python/3.10.4/lib/python3.10/site-packages/airflow/example_dags/example_sensor_decorator.py took 0.126 seconds
[2023-05-05T18:31:55.799+0000] {processor.py:153} INFO - Started process (PID=9709) to work on /usr/local/python/3.10.4/lib/python3.10/site-packages/airflow/example_dags/example_sensor_decorator.py
[2023-05-05T18:31:55.800+0000] {processor.py:743} INFO - Processing file /usr/local/python/3.10.4/lib/python3.10/site-packages/airflow/example_dags/example_sensor_decorator.py for tasks to queue
[2023-05-05T18:31:55.801+0000] {logging_mixin.py:137} INFO - [2023-05-05T18:31:55.801+0000] {dagbag.py:538} INFO - Filling up the DagBag from /usr/local/python/3.10.4/lib/python3.10/site-packages/airflow/example_dags/example_sensor_decorator.py
[2023-05-05T18:31:55.830+0000] {processor.py:753} INFO - DAG(s) dict_keys(['example_sensor_decorator']) retrieved from /usr/local/python/3.10.4/lib/python3.10/site-packages/airflow/example_dags/example_sensor_decorator.py
[2023-05-05T18:31:55.847+0000] {logging_mixin.py:137} INFO - [2023-05-05T18:31:55.847+0000] {dag.py:2690} INFO - Sync 1 DAGs
[2023-05-05T18:31:55.864+0000] {logging_mixin.py:137} INFO - [2023-05-05T18:31:55.864+0000] {dag.py:3437} INFO - Setting next_dagrun for example_sensor_decorator to None, run_after=None
[2023-05-05T18:31:55.921+0000] {processor.py:175} INFO - Processing /usr/local/python/3.10.4/lib/python3.10/site-packages/airflow/example_dags/example_sensor_decorator.py took 0.125 seconds
[2023-05-05T18:32:34.787+0000] {processor.py:153} INFO - Started process (PID=10128) to work on /usr/local/python/3.10.4/lib/python3.10/site-packages/airflow/example_dags/example_sensor_decorator.py
[2023-05-05T18:32:34.788+0000] {processor.py:743} INFO - Processing file /usr/local/python/3.10.4/lib/python3.10/site-packages/airflow/example_dags/example_sensor_decorator.py for tasks to queue
[2023-05-05T18:32:34.789+0000] {logging_mixin.py:137} INFO - [2023-05-05T18:32:34.789+0000] {dagbag.py:538} INFO - Filling up the DagBag from /usr/local/python/3.10.4/lib/python3.10/site-packages/airflow/example_dags/example_sensor_decorator.py
[2023-05-05T18:32:34.813+0000] {processor.py:753} INFO - DAG(s) dict_keys(['example_sensor_decorator']) retrieved from /usr/local/python/3.10.4/lib/python3.10/site-packages/airflow/example_dags/example_sensor_decorator.py
[2023-05-05T18:32:34.830+0000] {logging_mixin.py:137} INFO - [2023-05-05T18:32:34.830+0000] {dag.py:2690} INFO - Sync 1 DAGs
[2023-05-05T18:32:34.849+0000] {logging_mixin.py:137} INFO - [2023-05-05T18:32:34.849+0000] {dag.py:3437} INFO - Setting next_dagrun for example_sensor_decorator to None, run_after=None
[2023-05-05T18:32:34.901+0000] {processor.py:175} INFO - Processing /usr/local/python/3.10.4/lib/python3.10/site-packages/airflow/example_dags/example_sensor_decorator.py took 0.118 seconds
[2023-05-05T18:33:15.691+0000] {processor.py:153} INFO - Started process (PID=10499) to work on /usr/local/python/3.10.4/lib/python3.10/site-packages/airflow/example_dags/example_sensor_decorator.py
[2023-05-05T18:33:15.692+0000] {processor.py:743} INFO - Processing file /usr/local/python/3.10.4/lib/python3.10/site-packages/airflow/example_dags/example_sensor_decorator.py for tasks to queue
[2023-05-05T18:33:15.693+0000] {logging_mixin.py:137} INFO - [2023-05-05T18:33:15.693+0000] {dagbag.py:538} INFO - Filling up the DagBag from /usr/local/python/3.10.4/lib/python3.10/site-packages/airflow/example_dags/example_sensor_decorator.py
[2023-05-05T18:33:15.725+0000] {processor.py:753} INFO - DAG(s) dict_keys(['example_sensor_decorator']) retrieved from /usr/local/python/3.10.4/lib/python3.10/site-packages/airflow/example_dags/example_sensor_decorator.py
[2023-05-05T18:33:15.750+0000] {logging_mixin.py:137} INFO - [2023-05-05T18:33:15.750+0000] {dag.py:2690} INFO - Sync 1 DAGs
[2023-05-05T18:33:15.779+0000] {logging_mixin.py:137} INFO - [2023-05-05T18:33:15.778+0000] {dag.py:3437} INFO - Setting next_dagrun for example_sensor_decorator to None, run_after=None
[2023-05-05T18:33:15.846+0000] {processor.py:175} INFO - Processing /usr/local/python/3.10.4/lib/python3.10/site-packages/airflow/example_dags/example_sensor_decorator.py took 0.158 seconds
[2023-05-05T18:33:52.974+0000] {processor.py:153} INFO - Started process (PID=10793) to work on /usr/local/python/3.10.4/lib/python3.10/site-packages/airflow/example_dags/example_sensor_decorator.py
[2023-05-05T18:33:52.975+0000] {processor.py:743} INFO - Processing file /usr/local/python/3.10.4/lib/python3.10/site-packages/airflow/example_dags/example_sensor_decorator.py for tasks to queue
[2023-05-05T18:33:52.976+0000] {logging_mixin.py:137} INFO - [2023-05-05T18:33:52.976+0000] {dagbag.py:538} INFO - Filling up the DagBag from /usr/local/python/3.10.4/lib/python3.10/site-packages/airflow/example_dags/example_sensor_decorator.py
[2023-05-05T18:33:53.000+0000] {processor.py:753} INFO - DAG(s) dict_keys(['example_sensor_decorator']) retrieved from /usr/local/python/3.10.4/lib/python3.10/site-packages/airflow/example_dags/example_sensor_decorator.py
[2023-05-05T18:33:53.017+0000] {logging_mixin.py:137} INFO - [2023-05-05T18:33:53.017+0000] {dag.py:2690} INFO - Sync 1 DAGs
[2023-05-05T18:33:53.035+0000] {logging_mixin.py:137} INFO - [2023-05-05T18:33:53.035+0000] {dag.py:3437} INFO - Setting next_dagrun for example_sensor_decorator to None, run_after=None
[2023-05-05T18:33:53.089+0000] {processor.py:175} INFO - Processing /usr/local/python/3.10.4/lib/python3.10/site-packages/airflow/example_dags/example_sensor_decorator.py took 0.118 seconds
[2023-05-05T18:34:30.720+0000] {processor.py:153} INFO - Started process (PID=11226) to work on /usr/local/python/3.10.4/lib/python3.10/site-packages/airflow/example_dags/example_sensor_decorator.py
[2023-05-05T18:34:30.721+0000] {processor.py:743} INFO - Processing file /usr/local/python/3.10.4/lib/python3.10/site-packages/airflow/example_dags/example_sensor_decorator.py for tasks to queue
[2023-05-05T18:34:30.723+0000] {logging_mixin.py:137} INFO - [2023-05-05T18:34:30.723+0000] {dagbag.py:538} INFO - Filling up the DagBag from /usr/local/python/3.10.4/lib/python3.10/site-packages/airflow/example_dags/example_sensor_decorator.py
[2023-05-05T18:34:30.748+0000] {processor.py:753} INFO - DAG(s) dict_keys(['example_sensor_decorator']) retrieved from /usr/local/python/3.10.4/lib/python3.10/site-packages/airflow/example_dags/example_sensor_decorator.py
[2023-05-05T18:34:30.765+0000] {logging_mixin.py:137} INFO - [2023-05-05T18:34:30.765+0000] {dag.py:2690} INFO - Sync 1 DAGs
[2023-05-05T18:34:30.782+0000] {logging_mixin.py:137} INFO - [2023-05-05T18:34:30.782+0000] {dag.py:3437} INFO - Setting next_dagrun for example_sensor_decorator to None, run_after=None
[2023-05-05T18:34:30.845+0000] {processor.py:175} INFO - Processing /usr/local/python/3.10.4/lib/python3.10/site-packages/airflow/example_dags/example_sensor_decorator.py took 0.128 seconds
