[2023-05-05T18:21:55.464+0000] {processor.py:153} INFO - Started process (PID=4644) to work on /usr/local/python/3.10.4/lib/python3.10/site-packages/airflow/example_dags/example_short_circuit_operator.py
[2023-05-05T18:21:55.464+0000] {processor.py:743} INFO - Processing file /usr/local/python/3.10.4/lib/python3.10/site-packages/airflow/example_dags/example_short_circuit_operator.py for tasks to queue
[2023-05-05T18:21:55.465+0000] {logging_mixin.py:137} INFO - [2023-05-05T18:21:55.465+0000] {dagbag.py:538} INFO - Filling up the DagBag from /usr/local/python/3.10.4/lib/python3.10/site-packages/airflow/example_dags/example_short_circuit_operator.py
[2023-05-05T18:21:55.482+0000] {processor.py:753} INFO - DAG(s) dict_keys(['example_short_circuit_operator']) retrieved from /usr/local/python/3.10.4/lib/python3.10/site-packages/airflow/example_dags/example_short_circuit_operator.py
[2023-05-05T18:21:55.657+0000] {logging_mixin.py:137} INFO - [2023-05-05T18:21:55.657+0000] {manager.py:504} INFO - Created Permission View: can delete on DAG:example_short_circuit_operator
[2023-05-05T18:21:55.698+0000] {logging_mixin.py:137} INFO - [2023-05-05T18:21:55.698+0000] {manager.py:504} INFO - Created Permission View: can read on DAG:example_short_circuit_operator
[2023-05-05T18:21:55.737+0000] {logging_mixin.py:137} INFO - [2023-05-05T18:21:55.737+0000] {manager.py:504} INFO - Created Permission View: can edit on DAG:example_short_circuit_operator
[2023-05-05T18:21:55.737+0000] {logging_mixin.py:137} INFO - [2023-05-05T18:21:55.737+0000] {dag.py:2690} INFO - Sync 1 DAGs
[2023-05-05T18:21:55.746+0000] {logging_mixin.py:137} INFO - [2023-05-05T18:21:55.746+0000] {dag.py:2711} INFO - Creating ORM DAG for example_short_circuit_operator
[2023-05-05T18:21:55.754+0000] {logging_mixin.py:137} INFO - [2023-05-05T18:21:55.754+0000] {dag.py:3437} INFO - Setting next_dagrun for example_short_circuit_operator to 2023-05-04T18:21:55.754554+00:00, run_after=2023-05-05T18:21:55.754554+00:00
[2023-05-05T18:21:55.813+0000] {processor.py:175} INFO - Processing /usr/local/python/3.10.4/lib/python3.10/site-packages/airflow/example_dags/example_short_circuit_operator.py took 0.353 seconds
[2023-05-05T18:22:49.056+0000] {processor.py:153} INFO - Started process (PID=5017) to work on /usr/local/python/3.10.4/lib/python3.10/site-packages/airflow/example_dags/example_short_circuit_operator.py
[2023-05-05T18:22:49.057+0000] {processor.py:743} INFO - Processing file /usr/local/python/3.10.4/lib/python3.10/site-packages/airflow/example_dags/example_short_circuit_operator.py for tasks to queue
[2023-05-05T18:22:49.058+0000] {logging_mixin.py:137} INFO - [2023-05-05T18:22:49.058+0000] {dagbag.py:538} INFO - Filling up the DagBag from /usr/local/python/3.10.4/lib/python3.10/site-packages/airflow/example_dags/example_short_circuit_operator.py
[2023-05-05T18:22:49.075+0000] {processor.py:753} INFO - DAG(s) dict_keys(['example_short_circuit_operator']) retrieved from /usr/local/python/3.10.4/lib/python3.10/site-packages/airflow/example_dags/example_short_circuit_operator.py
[2023-05-05T18:22:49.094+0000] {logging_mixin.py:137} INFO - [2023-05-05T18:22:49.094+0000] {dag.py:2690} INFO - Sync 1 DAGs
[2023-05-05T18:22:49.113+0000] {logging_mixin.py:137} INFO - [2023-05-05T18:22:49.113+0000] {dag.py:3437} INFO - Setting next_dagrun for example_short_circuit_operator to 2023-05-04T18:22:49.113356+00:00, run_after=2023-05-05T18:22:49.113356+00:00
[2023-05-05T18:22:49.162+0000] {processor.py:175} INFO - Processing /usr/local/python/3.10.4/lib/python3.10/site-packages/airflow/example_dags/example_short_circuit_operator.py took 0.110 seconds
[2023-05-05T18:23:30.042+0000] {processor.py:153} INFO - Started process (PID=5294) to work on /usr/local/python/3.10.4/lib/python3.10/site-packages/airflow/example_dags/example_short_circuit_operator.py
[2023-05-05T18:23:30.043+0000] {processor.py:743} INFO - Processing file /usr/local/python/3.10.4/lib/python3.10/site-packages/airflow/example_dags/example_short_circuit_operator.py for tasks to queue
[2023-05-05T18:23:30.044+0000] {logging_mixin.py:137} INFO - [2023-05-05T18:23:30.044+0000] {dagbag.py:538} INFO - Filling up the DagBag from /usr/local/python/3.10.4/lib/python3.10/site-packages/airflow/example_dags/example_short_circuit_operator.py
[2023-05-05T18:23:30.060+0000] {processor.py:753} INFO - DAG(s) dict_keys(['example_short_circuit_operator']) retrieved from /usr/local/python/3.10.4/lib/python3.10/site-packages/airflow/example_dags/example_short_circuit_operator.py
[2023-05-05T18:23:30.079+0000] {logging_mixin.py:137} INFO - [2023-05-05T18:23:30.079+0000] {dag.py:2690} INFO - Sync 1 DAGs
[2023-05-05T18:23:30.218+0000] {logging_mixin.py:137} INFO - [2023-05-05T18:23:30.218+0000] {dag.py:3437} INFO - Setting next_dagrun for example_short_circuit_operator to 2023-05-04T18:23:30.218171+00:00, run_after=2023-05-05T18:23:30.218171+00:00
[2023-05-05T18:23:30.276+0000] {processor.py:175} INFO - Processing /usr/local/python/3.10.4/lib/python3.10/site-packages/airflow/example_dags/example_short_circuit_operator.py took 0.238 seconds
[2023-05-05T18:24:16.677+0000] {processor.py:153} INFO - Started process (PID=5613) to work on /usr/local/python/3.10.4/lib/python3.10/site-packages/airflow/example_dags/example_short_circuit_operator.py
[2023-05-05T18:24:16.678+0000] {processor.py:743} INFO - Processing file /usr/local/python/3.10.4/lib/python3.10/site-packages/airflow/example_dags/example_short_circuit_operator.py for tasks to queue
[2023-05-05T18:24:16.679+0000] {logging_mixin.py:137} INFO - [2023-05-05T18:24:16.679+0000] {dagbag.py:538} INFO - Filling up the DagBag from /usr/local/python/3.10.4/lib/python3.10/site-packages/airflow/example_dags/example_short_circuit_operator.py
[2023-05-05T18:24:16.696+0000] {processor.py:753} INFO - DAG(s) dict_keys(['example_short_circuit_operator']) retrieved from /usr/local/python/3.10.4/lib/python3.10/site-packages/airflow/example_dags/example_short_circuit_operator.py
[2023-05-05T18:24:16.715+0000] {logging_mixin.py:137} INFO - [2023-05-05T18:24:16.715+0000] {dag.py:2690} INFO - Sync 1 DAGs
[2023-05-05T18:24:16.734+0000] {logging_mixin.py:137} INFO - [2023-05-05T18:24:16.734+0000] {dag.py:3437} INFO - Setting next_dagrun for example_short_circuit_operator to 2023-05-04T18:24:16.733973+00:00, run_after=2023-05-05T18:24:16.733973+00:00
[2023-05-05T18:24:16.787+0000] {processor.py:175} INFO - Processing /usr/local/python/3.10.4/lib/python3.10/site-packages/airflow/example_dags/example_short_circuit_operator.py took 0.113 seconds
[2023-05-05T18:24:55.856+0000] {processor.py:153} INFO - Started process (PID=5923) to work on /usr/local/python/3.10.4/lib/python3.10/site-packages/airflow/example_dags/example_short_circuit_operator.py
[2023-05-05T18:24:55.857+0000] {processor.py:743} INFO - Processing file /usr/local/python/3.10.4/lib/python3.10/site-packages/airflow/example_dags/example_short_circuit_operator.py for tasks to queue
[2023-05-05T18:24:55.858+0000] {logging_mixin.py:137} INFO - [2023-05-05T18:24:55.858+0000] {dagbag.py:538} INFO - Filling up the DagBag from /usr/local/python/3.10.4/lib/python3.10/site-packages/airflow/example_dags/example_short_circuit_operator.py
[2023-05-05T18:24:55.874+0000] {processor.py:753} INFO - DAG(s) dict_keys(['example_short_circuit_operator']) retrieved from /usr/local/python/3.10.4/lib/python3.10/site-packages/airflow/example_dags/example_short_circuit_operator.py
[2023-05-05T18:24:55.893+0000] {logging_mixin.py:137} INFO - [2023-05-05T18:24:55.893+0000] {dag.py:2690} INFO - Sync 1 DAGs
[2023-05-05T18:24:55.912+0000] {logging_mixin.py:137} INFO - [2023-05-05T18:24:55.912+0000] {dag.py:3437} INFO - Setting next_dagrun for example_short_circuit_operator to 2023-05-04T18:24:55.912600+00:00, run_after=2023-05-05T18:24:55.912600+00:00
[2023-05-05T18:24:55.963+0000] {processor.py:175} INFO - Processing /usr/local/python/3.10.4/lib/python3.10/site-packages/airflow/example_dags/example_short_circuit_operator.py took 0.111 seconds
[2023-05-05T18:25:39.490+0000] {processor.py:153} INFO - Started process (PID=6211) to work on /usr/local/python/3.10.4/lib/python3.10/site-packages/airflow/example_dags/example_short_circuit_operator.py
[2023-05-05T18:25:39.491+0000] {processor.py:743} INFO - Processing file /usr/local/python/3.10.4/lib/python3.10/site-packages/airflow/example_dags/example_short_circuit_operator.py for tasks to queue
[2023-05-05T18:25:39.492+0000] {logging_mixin.py:137} INFO - [2023-05-05T18:25:39.492+0000] {dagbag.py:538} INFO - Filling up the DagBag from /usr/local/python/3.10.4/lib/python3.10/site-packages/airflow/example_dags/example_short_circuit_operator.py
[2023-05-05T18:25:39.508+0000] {processor.py:753} INFO - DAG(s) dict_keys(['example_short_circuit_operator']) retrieved from /usr/local/python/3.10.4/lib/python3.10/site-packages/airflow/example_dags/example_short_circuit_operator.py
[2023-05-05T18:25:39.529+0000] {logging_mixin.py:137} INFO - [2023-05-05T18:25:39.529+0000] {dag.py:2690} INFO - Sync 1 DAGs
[2023-05-05T18:25:39.548+0000] {logging_mixin.py:137} INFO - [2023-05-05T18:25:39.547+0000] {dag.py:3437} INFO - Setting next_dagrun for example_short_circuit_operator to 2023-05-04T18:25:39.547670+00:00, run_after=2023-05-05T18:25:39.547670+00:00
[2023-05-05T18:25:39.598+0000] {processor.py:175} INFO - Processing /usr/local/python/3.10.4/lib/python3.10/site-packages/airflow/example_dags/example_short_circuit_operator.py took 0.111 seconds
[2023-05-05T18:26:21.168+0000] {processor.py:153} INFO - Started process (PID=6502) to work on /usr/local/python/3.10.4/lib/python3.10/site-packages/airflow/example_dags/example_short_circuit_operator.py
[2023-05-05T18:26:21.169+0000] {processor.py:743} INFO - Processing file /usr/local/python/3.10.4/lib/python3.10/site-packages/airflow/example_dags/example_short_circuit_operator.py for tasks to queue
[2023-05-05T18:26:21.170+0000] {logging_mixin.py:137} INFO - [2023-05-05T18:26:21.170+0000] {dagbag.py:538} INFO - Filling up the DagBag from /usr/local/python/3.10.4/lib/python3.10/site-packages/airflow/example_dags/example_short_circuit_operator.py
[2023-05-05T18:26:21.187+0000] {processor.py:753} INFO - DAG(s) dict_keys(['example_short_circuit_operator']) retrieved from /usr/local/python/3.10.4/lib/python3.10/site-packages/airflow/example_dags/example_short_circuit_operator.py
[2023-05-05T18:26:21.206+0000] {logging_mixin.py:137} INFO - [2023-05-05T18:26:21.206+0000] {dag.py:2690} INFO - Sync 1 DAGs
[2023-05-05T18:26:21.224+0000] {logging_mixin.py:137} INFO - [2023-05-05T18:26:21.224+0000] {dag.py:3437} INFO - Setting next_dagrun for example_short_circuit_operator to 2023-05-04T18:26:21.224106+00:00, run_after=2023-05-05T18:26:21.224106+00:00
[2023-05-05T18:26:21.274+0000] {processor.py:175} INFO - Processing /usr/local/python/3.10.4/lib/python3.10/site-packages/airflow/example_dags/example_short_circuit_operator.py took 0.110 seconds
[2023-05-05T18:27:00.902+0000] {processor.py:153} INFO - Started process (PID=6783) to work on /usr/local/python/3.10.4/lib/python3.10/site-packages/airflow/example_dags/example_short_circuit_operator.py
[2023-05-05T18:27:00.903+0000] {processor.py:743} INFO - Processing file /usr/local/python/3.10.4/lib/python3.10/site-packages/airflow/example_dags/example_short_circuit_operator.py for tasks to queue
[2023-05-05T18:27:00.904+0000] {logging_mixin.py:137} INFO - [2023-05-05T18:27:00.904+0000] {dagbag.py:538} INFO - Filling up the DagBag from /usr/local/python/3.10.4/lib/python3.10/site-packages/airflow/example_dags/example_short_circuit_operator.py
[2023-05-05T18:27:00.923+0000] {processor.py:753} INFO - DAG(s) dict_keys(['example_short_circuit_operator']) retrieved from /usr/local/python/3.10.4/lib/python3.10/site-packages/airflow/example_dags/example_short_circuit_operator.py
[2023-05-05T18:27:00.943+0000] {logging_mixin.py:137} INFO - [2023-05-05T18:27:00.943+0000] {dag.py:2690} INFO - Sync 1 DAGs
[2023-05-05T18:27:00.964+0000] {logging_mixin.py:137} INFO - [2023-05-05T18:27:00.964+0000] {dag.py:3437} INFO - Setting next_dagrun for example_short_circuit_operator to 2023-05-04T18:27:00.964036+00:00, run_after=2023-05-05T18:27:00.964036+00:00
[2023-05-05T18:27:01.021+0000] {processor.py:175} INFO - Processing /usr/local/python/3.10.4/lib/python3.10/site-packages/airflow/example_dags/example_short_circuit_operator.py took 0.122 seconds
[2023-05-05T18:27:37.296+0000] {processor.py:153} INFO - Started process (PID=7042) to work on /usr/local/python/3.10.4/lib/python3.10/site-packages/airflow/example_dags/example_short_circuit_operator.py
[2023-05-05T18:27:37.297+0000] {processor.py:743} INFO - Processing file /usr/local/python/3.10.4/lib/python3.10/site-packages/airflow/example_dags/example_short_circuit_operator.py for tasks to queue
[2023-05-05T18:27:37.298+0000] {logging_mixin.py:137} INFO - [2023-05-05T18:27:37.298+0000] {dagbag.py:538} INFO - Filling up the DagBag from /usr/local/python/3.10.4/lib/python3.10/site-packages/airflow/example_dags/example_short_circuit_operator.py
[2023-05-05T18:27:37.316+0000] {processor.py:753} INFO - DAG(s) dict_keys(['example_short_circuit_operator']) retrieved from /usr/local/python/3.10.4/lib/python3.10/site-packages/airflow/example_dags/example_short_circuit_operator.py
[2023-05-05T18:27:37.335+0000] {logging_mixin.py:137} INFO - [2023-05-05T18:27:37.335+0000] {dag.py:2690} INFO - Sync 1 DAGs
[2023-05-05T18:27:37.353+0000] {logging_mixin.py:137} INFO - [2023-05-05T18:27:37.353+0000] {dag.py:3437} INFO - Setting next_dagrun for example_short_circuit_operator to 2023-05-04T18:27:37.353677+00:00, run_after=2023-05-05T18:27:37.353677+00:00
[2023-05-05T18:27:37.405+0000] {processor.py:175} INFO - Processing /usr/local/python/3.10.4/lib/python3.10/site-packages/airflow/example_dags/example_short_circuit_operator.py took 0.112 seconds
[2023-05-05T18:28:13.657+0000] {processor.py:153} INFO - Started process (PID=7533) to work on /usr/local/python/3.10.4/lib/python3.10/site-packages/airflow/example_dags/example_short_circuit_operator.py
[2023-05-05T18:28:13.659+0000] {processor.py:743} INFO - Processing file /usr/local/python/3.10.4/lib/python3.10/site-packages/airflow/example_dags/example_short_circuit_operator.py for tasks to queue
[2023-05-05T18:28:13.660+0000] {logging_mixin.py:137} INFO - [2023-05-05T18:28:13.659+0000] {dagbag.py:538} INFO - Filling up the DagBag from /usr/local/python/3.10.4/lib/python3.10/site-packages/airflow/example_dags/example_short_circuit_operator.py
[2023-05-05T18:28:13.685+0000] {processor.py:753} INFO - DAG(s) dict_keys(['example_short_circuit_operator']) retrieved from /usr/local/python/3.10.4/lib/python3.10/site-packages/airflow/example_dags/example_short_circuit_operator.py
[2023-05-05T18:28:13.713+0000] {logging_mixin.py:137} INFO - [2023-05-05T18:28:13.713+0000] {dag.py:2690} INFO - Sync 1 DAGs
[2023-05-05T18:28:13.769+0000] {logging_mixin.py:137} INFO - [2023-05-05T18:28:13.769+0000] {dag.py:3437} INFO - Setting next_dagrun for example_short_circuit_operator to 2023-05-04T18:28:13.769368+00:00, run_after=2023-05-05T18:28:13.769368+00:00
[2023-05-05T18:28:13.850+0000] {processor.py:175} INFO - Processing /usr/local/python/3.10.4/lib/python3.10/site-packages/airflow/example_dags/example_short_circuit_operator.py took 0.197 seconds
[2023-05-05T18:28:54.215+0000] {processor.py:153} INFO - Started process (PID=8111) to work on /usr/local/python/3.10.4/lib/python3.10/site-packages/airflow/example_dags/example_short_circuit_operator.py
[2023-05-05T18:28:54.216+0000] {processor.py:743} INFO - Processing file /usr/local/python/3.10.4/lib/python3.10/site-packages/airflow/example_dags/example_short_circuit_operator.py for tasks to queue
[2023-05-05T18:28:54.217+0000] {logging_mixin.py:137} INFO - [2023-05-05T18:28:54.216+0000] {dagbag.py:538} INFO - Filling up the DagBag from /usr/local/python/3.10.4/lib/python3.10/site-packages/airflow/example_dags/example_short_circuit_operator.py
[2023-05-05T18:28:54.236+0000] {processor.py:753} INFO - DAG(s) dict_keys(['example_short_circuit_operator']) retrieved from /usr/local/python/3.10.4/lib/python3.10/site-packages/airflow/example_dags/example_short_circuit_operator.py
[2023-05-05T18:28:54.255+0000] {logging_mixin.py:137} INFO - [2023-05-05T18:28:54.255+0000] {dag.py:2690} INFO - Sync 1 DAGs
[2023-05-05T18:28:54.273+0000] {logging_mixin.py:137} INFO - [2023-05-05T18:28:54.273+0000] {dag.py:3437} INFO - Setting next_dagrun for example_short_circuit_operator to 2023-05-04T18:28:54.273172+00:00, run_after=2023-05-05T18:28:54.273172+00:00
[2023-05-05T18:28:54.328+0000] {processor.py:175} INFO - Processing /usr/local/python/3.10.4/lib/python3.10/site-packages/airflow/example_dags/example_short_circuit_operator.py took 0.117 seconds
[2023-05-05T18:29:34.831+0000] {processor.py:153} INFO - Started process (PID=8439) to work on /usr/local/python/3.10.4/lib/python3.10/site-packages/airflow/example_dags/example_short_circuit_operator.py
[2023-05-05T18:29:34.832+0000] {processor.py:743} INFO - Processing file /usr/local/python/3.10.4/lib/python3.10/site-packages/airflow/example_dags/example_short_circuit_operator.py for tasks to queue
[2023-05-05T18:29:34.833+0000] {logging_mixin.py:137} INFO - [2023-05-05T18:29:34.833+0000] {dagbag.py:538} INFO - Filling up the DagBag from /usr/local/python/3.10.4/lib/python3.10/site-packages/airflow/example_dags/example_short_circuit_operator.py
[2023-05-05T18:29:34.850+0000] {processor.py:753} INFO - DAG(s) dict_keys(['example_short_circuit_operator']) retrieved from /usr/local/python/3.10.4/lib/python3.10/site-packages/airflow/example_dags/example_short_circuit_operator.py
[2023-05-05T18:29:34.869+0000] {logging_mixin.py:137} INFO - [2023-05-05T18:29:34.869+0000] {dag.py:2690} INFO - Sync 1 DAGs
[2023-05-05T18:29:34.898+0000] {logging_mixin.py:137} INFO - [2023-05-05T18:29:34.898+0000] {dag.py:3437} INFO - Setting next_dagrun for example_short_circuit_operator to 2023-05-04T18:29:34.898246+00:00, run_after=2023-05-05T18:29:34.898246+00:00
[2023-05-05T18:29:34.954+0000] {processor.py:175} INFO - Processing /usr/local/python/3.10.4/lib/python3.10/site-packages/airflow/example_dags/example_short_circuit_operator.py took 0.126 seconds
[2023-05-05T18:30:12.803+0000] {processor.py:153} INFO - Started process (PID=8815) to work on /usr/local/python/3.10.4/lib/python3.10/site-packages/airflow/example_dags/example_short_circuit_operator.py
[2023-05-05T18:30:12.804+0000] {processor.py:743} INFO - Processing file /usr/local/python/3.10.4/lib/python3.10/site-packages/airflow/example_dags/example_short_circuit_operator.py for tasks to queue
[2023-05-05T18:30:12.805+0000] {logging_mixin.py:137} INFO - [2023-05-05T18:30:12.805+0000] {dagbag.py:538} INFO - Filling up the DagBag from /usr/local/python/3.10.4/lib/python3.10/site-packages/airflow/example_dags/example_short_circuit_operator.py
[2023-05-05T18:30:12.822+0000] {processor.py:753} INFO - DAG(s) dict_keys(['example_short_circuit_operator']) retrieved from /usr/local/python/3.10.4/lib/python3.10/site-packages/airflow/example_dags/example_short_circuit_operator.py
[2023-05-05T18:30:12.841+0000] {logging_mixin.py:137} INFO - [2023-05-05T18:30:12.841+0000] {dag.py:2690} INFO - Sync 1 DAGs
[2023-05-05T18:30:12.860+0000] {logging_mixin.py:137} INFO - [2023-05-05T18:30:12.860+0000] {dag.py:3437} INFO - Setting next_dagrun for example_short_circuit_operator to 2023-05-04T18:30:12.859811+00:00, run_after=2023-05-05T18:30:12.859811+00:00
[2023-05-05T18:30:12.917+0000] {processor.py:175} INFO - Processing /usr/local/python/3.10.4/lib/python3.10/site-packages/airflow/example_dags/example_short_circuit_operator.py took 0.118 seconds
[2023-05-05T18:30:50.167+0000] {processor.py:153} INFO - Started process (PID=9127) to work on /usr/local/python/3.10.4/lib/python3.10/site-packages/airflow/example_dags/example_short_circuit_operator.py
[2023-05-05T18:30:50.169+0000] {processor.py:743} INFO - Processing file /usr/local/python/3.10.4/lib/python3.10/site-packages/airflow/example_dags/example_short_circuit_operator.py for tasks to queue
[2023-05-05T18:30:50.170+0000] {logging_mixin.py:137} INFO - [2023-05-05T18:30:50.170+0000] {dagbag.py:538} INFO - Filling up the DagBag from /usr/local/python/3.10.4/lib/python3.10/site-packages/airflow/example_dags/example_short_circuit_operator.py
[2023-05-05T18:30:50.187+0000] {processor.py:753} INFO - DAG(s) dict_keys(['example_short_circuit_operator']) retrieved from /usr/local/python/3.10.4/lib/python3.10/site-packages/airflow/example_dags/example_short_circuit_operator.py
[2023-05-05T18:30:50.206+0000] {logging_mixin.py:137} INFO - [2023-05-05T18:30:50.206+0000] {dag.py:2690} INFO - Sync 1 DAGs
[2023-05-05T18:30:50.223+0000] {logging_mixin.py:137} INFO - [2023-05-05T18:30:50.223+0000] {dag.py:3437} INFO - Setting next_dagrun for example_short_circuit_operator to 2023-05-04T18:30:50.223621+00:00, run_after=2023-05-05T18:30:50.223621+00:00
[2023-05-05T18:30:50.295+0000] {processor.py:175} INFO - Processing /usr/local/python/3.10.4/lib/python3.10/site-packages/airflow/example_dags/example_short_circuit_operator.py took 0.131 seconds
[2023-05-05T18:31:26.559+0000] {processor.py:153} INFO - Started process (PID=9440) to work on /usr/local/python/3.10.4/lib/python3.10/site-packages/airflow/example_dags/example_short_circuit_operator.py
[2023-05-05T18:31:26.561+0000] {processor.py:743} INFO - Processing file /usr/local/python/3.10.4/lib/python3.10/site-packages/airflow/example_dags/example_short_circuit_operator.py for tasks to queue
[2023-05-05T18:31:26.562+0000] {logging_mixin.py:137} INFO - [2023-05-05T18:31:26.562+0000] {dagbag.py:538} INFO - Filling up the DagBag from /usr/local/python/3.10.4/lib/python3.10/site-packages/airflow/example_dags/example_short_circuit_operator.py
[2023-05-05T18:31:26.584+0000] {processor.py:753} INFO - DAG(s) dict_keys(['example_short_circuit_operator']) retrieved from /usr/local/python/3.10.4/lib/python3.10/site-packages/airflow/example_dags/example_short_circuit_operator.py
[2023-05-05T18:31:26.604+0000] {logging_mixin.py:137} INFO - [2023-05-05T18:31:26.604+0000] {dag.py:2690} INFO - Sync 1 DAGs
[2023-05-05T18:31:26.623+0000] {logging_mixin.py:137} INFO - [2023-05-05T18:31:26.622+0000] {dag.py:3437} INFO - Setting next_dagrun for example_short_circuit_operator to 2023-05-04T18:31:26.622789+00:00, run_after=2023-05-05T18:31:26.622789+00:00
[2023-05-05T18:31:26.678+0000] {processor.py:175} INFO - Processing /usr/local/python/3.10.4/lib/python3.10/site-packages/airflow/example_dags/example_short_circuit_operator.py took 0.124 seconds
[2023-05-05T18:32:05.269+0000] {processor.py:153} INFO - Started process (PID=9843) to work on /usr/local/python/3.10.4/lib/python3.10/site-packages/airflow/example_dags/example_short_circuit_operator.py
[2023-05-05T18:32:05.270+0000] {processor.py:743} INFO - Processing file /usr/local/python/3.10.4/lib/python3.10/site-packages/airflow/example_dags/example_short_circuit_operator.py for tasks to queue
[2023-05-05T18:32:05.271+0000] {logging_mixin.py:137} INFO - [2023-05-05T18:32:05.271+0000] {dagbag.py:538} INFO - Filling up the DagBag from /usr/local/python/3.10.4/lib/python3.10/site-packages/airflow/example_dags/example_short_circuit_operator.py
[2023-05-05T18:32:05.288+0000] {processor.py:753} INFO - DAG(s) dict_keys(['example_short_circuit_operator']) retrieved from /usr/local/python/3.10.4/lib/python3.10/site-packages/airflow/example_dags/example_short_circuit_operator.py
[2023-05-05T18:32:05.307+0000] {logging_mixin.py:137} INFO - [2023-05-05T18:32:05.307+0000] {dag.py:2690} INFO - Sync 1 DAGs
[2023-05-05T18:32:05.326+0000] {logging_mixin.py:137} INFO - [2023-05-05T18:32:05.326+0000] {dag.py:3437} INFO - Setting next_dagrun for example_short_circuit_operator to 2023-05-04T18:32:05.326250+00:00, run_after=2023-05-05T18:32:05.326250+00:00
[2023-05-05T18:32:05.379+0000] {processor.py:175} INFO - Processing /usr/local/python/3.10.4/lib/python3.10/site-packages/airflow/example_dags/example_short_circuit_operator.py took 0.113 seconds
[2023-05-05T18:32:45.702+0000] {processor.py:153} INFO - Started process (PID=10203) to work on /usr/local/python/3.10.4/lib/python3.10/site-packages/airflow/example_dags/example_short_circuit_operator.py
[2023-05-05T18:32:45.708+0000] {processor.py:743} INFO - Processing file /usr/local/python/3.10.4/lib/python3.10/site-packages/airflow/example_dags/example_short_circuit_operator.py for tasks to queue
[2023-05-05T18:32:45.709+0000] {logging_mixin.py:137} INFO - [2023-05-05T18:32:45.709+0000] {dagbag.py:538} INFO - Filling up the DagBag from /usr/local/python/3.10.4/lib/python3.10/site-packages/airflow/example_dags/example_short_circuit_operator.py
[2023-05-05T18:32:45.730+0000] {processor.py:753} INFO - DAG(s) dict_keys(['example_short_circuit_operator']) retrieved from /usr/local/python/3.10.4/lib/python3.10/site-packages/airflow/example_dags/example_short_circuit_operator.py
[2023-05-05T18:32:45.749+0000] {logging_mixin.py:137} INFO - [2023-05-05T18:32:45.749+0000] {dag.py:2690} INFO - Sync 1 DAGs
[2023-05-05T18:32:45.767+0000] {logging_mixin.py:137} INFO - [2023-05-05T18:32:45.767+0000] {dag.py:3437} INFO - Setting next_dagrun for example_short_circuit_operator to 2023-05-04T18:32:45.767613+00:00, run_after=2023-05-05T18:32:45.767613+00:00
[2023-05-05T18:32:45.826+0000] {processor.py:175} INFO - Processing /usr/local/python/3.10.4/lib/python3.10/site-packages/airflow/example_dags/example_short_circuit_operator.py took 0.131 seconds
[2023-05-05T18:33:23.855+0000] {processor.py:153} INFO - Started process (PID=10561) to work on /usr/local/python/3.10.4/lib/python3.10/site-packages/airflow/example_dags/example_short_circuit_operator.py
[2023-05-05T18:33:23.857+0000] {processor.py:743} INFO - Processing file /usr/local/python/3.10.4/lib/python3.10/site-packages/airflow/example_dags/example_short_circuit_operator.py for tasks to queue
[2023-05-05T18:33:23.857+0000] {logging_mixin.py:137} INFO - [2023-05-05T18:33:23.857+0000] {dagbag.py:538} INFO - Filling up the DagBag from /usr/local/python/3.10.4/lib/python3.10/site-packages/airflow/example_dags/example_short_circuit_operator.py
[2023-05-05T18:33:23.876+0000] {processor.py:753} INFO - DAG(s) dict_keys(['example_short_circuit_operator']) retrieved from /usr/local/python/3.10.4/lib/python3.10/site-packages/airflow/example_dags/example_short_circuit_operator.py
[2023-05-05T18:33:23.899+0000] {logging_mixin.py:137} INFO - [2023-05-05T18:33:23.898+0000] {dag.py:2690} INFO - Sync 1 DAGs
[2023-05-05T18:33:23.923+0000] {logging_mixin.py:137} INFO - [2023-05-05T18:33:23.923+0000] {dag.py:3437} INFO - Setting next_dagrun for example_short_circuit_operator to 2023-05-04T18:33:23.922931+00:00, run_after=2023-05-05T18:33:23.922931+00:00
[2023-05-05T18:33:23.976+0000] {processor.py:175} INFO - Processing /usr/local/python/3.10.4/lib/python3.10/site-packages/airflow/example_dags/example_short_circuit_operator.py took 0.125 seconds
[2023-05-05T18:34:01.781+0000] {processor.py:153} INFO - Started process (PID=10913) to work on /usr/local/python/3.10.4/lib/python3.10/site-packages/airflow/example_dags/example_short_circuit_operator.py
[2023-05-05T18:34:01.783+0000] {processor.py:743} INFO - Processing file /usr/local/python/3.10.4/lib/python3.10/site-packages/airflow/example_dags/example_short_circuit_operator.py for tasks to queue
[2023-05-05T18:34:01.784+0000] {logging_mixin.py:137} INFO - [2023-05-05T18:34:01.783+0000] {dagbag.py:538} INFO - Filling up the DagBag from /usr/local/python/3.10.4/lib/python3.10/site-packages/airflow/example_dags/example_short_circuit_operator.py
[2023-05-05T18:34:01.804+0000] {processor.py:753} INFO - DAG(s) dict_keys(['example_short_circuit_operator']) retrieved from /usr/local/python/3.10.4/lib/python3.10/site-packages/airflow/example_dags/example_short_circuit_operator.py
[2023-05-05T18:34:01.824+0000] {logging_mixin.py:137} INFO - [2023-05-05T18:34:01.823+0000] {dag.py:2690} INFO - Sync 1 DAGs
[2023-05-05T18:34:01.842+0000] {logging_mixin.py:137} INFO - [2023-05-05T18:34:01.842+0000] {dag.py:3437} INFO - Setting next_dagrun for example_short_circuit_operator to 2023-05-04T18:34:01.842215+00:00, run_after=2023-05-05T18:34:01.842215+00:00
[2023-05-05T18:34:01.897+0000] {processor.py:175} INFO - Processing /usr/local/python/3.10.4/lib/python3.10/site-packages/airflow/example_dags/example_short_circuit_operator.py took 0.119 seconds
