[2023-05-05T18:21:59.768+0000] {processor.py:153} INFO - Started process (PID=4680) to work on /usr/local/python/3.10.4/lib/python3.10/site-packages/airflow/example_dags/example_task_group_decorator.py
[2023-05-05T18:21:59.768+0000] {processor.py:743} INFO - Processing file /usr/local/python/3.10.4/lib/python3.10/site-packages/airflow/example_dags/example_task_group_decorator.py for tasks to queue
[2023-05-05T18:21:59.769+0000] {logging_mixin.py:137} INFO - [2023-05-05T18:21:59.769+0000] {dagbag.py:538} INFO - Filling up the DagBag from /usr/local/python/3.10.4/lib/python3.10/site-packages/airflow/example_dags/example_task_group_decorator.py
[2023-05-05T18:21:59.798+0000] {processor.py:753} INFO - DAG(s) dict_keys(['example_task_group_decorator']) retrieved from /usr/local/python/3.10.4/lib/python3.10/site-packages/airflow/example_dags/example_task_group_decorator.py
[2023-05-05T18:22:00.030+0000] {logging_mixin.py:137} INFO - [2023-05-05T18:22:00.030+0000] {manager.py:504} INFO - Created Permission View: can delete on DAG:example_task_group_decorator
[2023-05-05T18:22:00.073+0000] {logging_mixin.py:137} INFO - [2023-05-05T18:22:00.072+0000] {manager.py:504} INFO - Created Permission View: can read on DAG:example_task_group_decorator
[2023-05-05T18:22:00.117+0000] {logging_mixin.py:137} INFO - [2023-05-05T18:22:00.117+0000] {manager.py:504} INFO - Created Permission View: can edit on DAG:example_task_group_decorator
[2023-05-05T18:22:00.118+0000] {logging_mixin.py:137} INFO - [2023-05-05T18:22:00.118+0000] {dag.py:2690} INFO - Sync 1 DAGs
[2023-05-05T18:22:00.134+0000] {logging_mixin.py:137} INFO - [2023-05-05T18:22:00.134+0000] {dag.py:2711} INFO - Creating ORM DAG for example_task_group_decorator
[2023-05-05T18:22:00.142+0000] {logging_mixin.py:137} INFO - [2023-05-05T18:22:00.142+0000] {dag.py:3437} INFO - Setting next_dagrun for example_task_group_decorator to 2023-05-04T18:22:00.141839+00:00, run_after=2023-05-05T18:22:00.141839+00:00
[2023-05-05T18:22:00.201+0000] {processor.py:175} INFO - Processing /usr/local/python/3.10.4/lib/python3.10/site-packages/airflow/example_dags/example_task_group_decorator.py took 0.436 seconds
[2023-05-05T18:22:52.228+0000] {processor.py:153} INFO - Started process (PID=5049) to work on /usr/local/python/3.10.4/lib/python3.10/site-packages/airflow/example_dags/example_task_group_decorator.py
[2023-05-05T18:22:52.229+0000] {processor.py:743} INFO - Processing file /usr/local/python/3.10.4/lib/python3.10/site-packages/airflow/example_dags/example_task_group_decorator.py for tasks to queue
[2023-05-05T18:22:52.230+0000] {logging_mixin.py:137} INFO - [2023-05-05T18:22:52.230+0000] {dagbag.py:538} INFO - Filling up the DagBag from /usr/local/python/3.10.4/lib/python3.10/site-packages/airflow/example_dags/example_task_group_decorator.py
[2023-05-05T18:22:52.259+0000] {processor.py:753} INFO - DAG(s) dict_keys(['example_task_group_decorator']) retrieved from /usr/local/python/3.10.4/lib/python3.10/site-packages/airflow/example_dags/example_task_group_decorator.py
[2023-05-05T18:22:52.281+0000] {logging_mixin.py:137} INFO - [2023-05-05T18:22:52.281+0000] {dag.py:2690} INFO - Sync 1 DAGs
[2023-05-05T18:22:52.308+0000] {logging_mixin.py:137} INFO - [2023-05-05T18:22:52.308+0000] {dag.py:3437} INFO - Setting next_dagrun for example_task_group_decorator to 2023-05-04T18:22:52.308199+00:00, run_after=2023-05-05T18:22:52.308199+00:00
[2023-05-05T18:22:52.391+0000] {processor.py:175} INFO - Processing /usr/local/python/3.10.4/lib/python3.10/site-packages/airflow/example_dags/example_task_group_decorator.py took 0.166 seconds
[2023-05-05T18:23:41.420+0000] {processor.py:153} INFO - Started process (PID=5364) to work on /usr/local/python/3.10.4/lib/python3.10/site-packages/airflow/example_dags/example_task_group_decorator.py
[2023-05-05T18:23:41.421+0000] {processor.py:743} INFO - Processing file /usr/local/python/3.10.4/lib/python3.10/site-packages/airflow/example_dags/example_task_group_decorator.py for tasks to queue
[2023-05-05T18:23:41.422+0000] {logging_mixin.py:137} INFO - [2023-05-05T18:23:41.422+0000] {dagbag.py:538} INFO - Filling up the DagBag from /usr/local/python/3.10.4/lib/python3.10/site-packages/airflow/example_dags/example_task_group_decorator.py
[2023-05-05T18:23:41.580+0000] {processor.py:753} INFO - DAG(s) dict_keys(['example_task_group_decorator']) retrieved from /usr/local/python/3.10.4/lib/python3.10/site-packages/airflow/example_dags/example_task_group_decorator.py
[2023-05-05T18:23:41.596+0000] {logging_mixin.py:137} INFO - [2023-05-05T18:23:41.596+0000] {dag.py:2690} INFO - Sync 1 DAGs
[2023-05-05T18:23:41.613+0000] {logging_mixin.py:137} INFO - [2023-05-05T18:23:41.613+0000] {dag.py:3437} INFO - Setting next_dagrun for example_task_group_decorator to 2023-05-04T18:23:41.612992+00:00, run_after=2023-05-05T18:23:41.612992+00:00
[2023-05-05T18:23:41.667+0000] {processor.py:175} INFO - Processing /usr/local/python/3.10.4/lib/python3.10/site-packages/airflow/example_dags/example_task_group_decorator.py took 0.250 seconds
[2023-05-05T18:24:19.396+0000] {processor.py:153} INFO - Started process (PID=5625) to work on /usr/local/python/3.10.4/lib/python3.10/site-packages/airflow/example_dags/example_task_group_decorator.py
[2023-05-05T18:24:19.397+0000] {processor.py:743} INFO - Processing file /usr/local/python/3.10.4/lib/python3.10/site-packages/airflow/example_dags/example_task_group_decorator.py for tasks to queue
[2023-05-05T18:24:19.397+0000] {logging_mixin.py:137} INFO - [2023-05-05T18:24:19.397+0000] {dagbag.py:538} INFO - Filling up the DagBag from /usr/local/python/3.10.4/lib/python3.10/site-packages/airflow/example_dags/example_task_group_decorator.py
[2023-05-05T18:24:19.427+0000] {processor.py:753} INFO - DAG(s) dict_keys(['example_task_group_decorator']) retrieved from /usr/local/python/3.10.4/lib/python3.10/site-packages/airflow/example_dags/example_task_group_decorator.py
[2023-05-05T18:24:19.446+0000] {logging_mixin.py:137} INFO - [2023-05-05T18:24:19.446+0000] {dag.py:2690} INFO - Sync 1 DAGs
[2023-05-05T18:24:19.465+0000] {logging_mixin.py:137} INFO - [2023-05-05T18:24:19.464+0000] {dag.py:3437} INFO - Setting next_dagrun for example_task_group_decorator to 2023-05-04T18:24:19.464680+00:00, run_after=2023-05-05T18:24:19.464680+00:00
[2023-05-05T18:24:19.524+0000] {processor.py:175} INFO - Processing /usr/local/python/3.10.4/lib/python3.10/site-packages/airflow/example_dags/example_task_group_decorator.py took 0.132 seconds
[2023-05-05T18:24:59.565+0000] {processor.py:153} INFO - Started process (PID=5947) to work on /usr/local/python/3.10.4/lib/python3.10/site-packages/airflow/example_dags/example_task_group_decorator.py
[2023-05-05T18:24:59.567+0000] {processor.py:743} INFO - Processing file /usr/local/python/3.10.4/lib/python3.10/site-packages/airflow/example_dags/example_task_group_decorator.py for tasks to queue
[2023-05-05T18:24:59.567+0000] {logging_mixin.py:137} INFO - [2023-05-05T18:24:59.567+0000] {dagbag.py:538} INFO - Filling up the DagBag from /usr/local/python/3.10.4/lib/python3.10/site-packages/airflow/example_dags/example_task_group_decorator.py
[2023-05-05T18:24:59.597+0000] {processor.py:753} INFO - DAG(s) dict_keys(['example_task_group_decorator']) retrieved from /usr/local/python/3.10.4/lib/python3.10/site-packages/airflow/example_dags/example_task_group_decorator.py
[2023-05-05T18:24:59.618+0000] {logging_mixin.py:137} INFO - [2023-05-05T18:24:59.618+0000] {dag.py:2690} INFO - Sync 1 DAGs
[2023-05-05T18:24:59.636+0000] {logging_mixin.py:137} INFO - [2023-05-05T18:24:59.636+0000] {dag.py:3437} INFO - Setting next_dagrun for example_task_group_decorator to 2023-05-04T18:24:59.635868+00:00, run_after=2023-05-05T18:24:59.635868+00:00
[2023-05-05T18:24:59.689+0000] {processor.py:175} INFO - Processing /usr/local/python/3.10.4/lib/python3.10/site-packages/airflow/example_dags/example_task_group_decorator.py took 0.127 seconds
[2023-05-05T18:25:42.329+0000] {processor.py:153} INFO - Started process (PID=6226) to work on /usr/local/python/3.10.4/lib/python3.10/site-packages/airflow/example_dags/example_task_group_decorator.py
[2023-05-05T18:25:42.331+0000] {processor.py:743} INFO - Processing file /usr/local/python/3.10.4/lib/python3.10/site-packages/airflow/example_dags/example_task_group_decorator.py for tasks to queue
[2023-05-05T18:25:42.331+0000] {logging_mixin.py:137} INFO - [2023-05-05T18:25:42.331+0000] {dagbag.py:538} INFO - Filling up the DagBag from /usr/local/python/3.10.4/lib/python3.10/site-packages/airflow/example_dags/example_task_group_decorator.py
[2023-05-05T18:25:42.367+0000] {processor.py:753} INFO - DAG(s) dict_keys(['example_task_group_decorator']) retrieved from /usr/local/python/3.10.4/lib/python3.10/site-packages/airflow/example_dags/example_task_group_decorator.py
[2023-05-05T18:25:42.387+0000] {logging_mixin.py:137} INFO - [2023-05-05T18:25:42.387+0000] {dag.py:2690} INFO - Sync 1 DAGs
[2023-05-05T18:25:42.405+0000] {logging_mixin.py:137} INFO - [2023-05-05T18:25:42.404+0000] {dag.py:3437} INFO - Setting next_dagrun for example_task_group_decorator to 2023-05-04T18:25:42.404681+00:00, run_after=2023-05-05T18:25:42.404681+00:00
[2023-05-05T18:25:42.488+0000] {processor.py:175} INFO - Processing /usr/local/python/3.10.4/lib/python3.10/site-packages/airflow/example_dags/example_task_group_decorator.py took 0.162 seconds
[2023-05-05T18:26:24.659+0000] {processor.py:153} INFO - Started process (PID=6527) to work on /usr/local/python/3.10.4/lib/python3.10/site-packages/airflow/example_dags/example_task_group_decorator.py
[2023-05-05T18:26:24.660+0000] {processor.py:743} INFO - Processing file /usr/local/python/3.10.4/lib/python3.10/site-packages/airflow/example_dags/example_task_group_decorator.py for tasks to queue
[2023-05-05T18:26:24.661+0000] {logging_mixin.py:137} INFO - [2023-05-05T18:26:24.660+0000] {dagbag.py:538} INFO - Filling up the DagBag from /usr/local/python/3.10.4/lib/python3.10/site-packages/airflow/example_dags/example_task_group_decorator.py
[2023-05-05T18:26:24.690+0000] {processor.py:753} INFO - DAG(s) dict_keys(['example_task_group_decorator']) retrieved from /usr/local/python/3.10.4/lib/python3.10/site-packages/airflow/example_dags/example_task_group_decorator.py
[2023-05-05T18:26:24.710+0000] {logging_mixin.py:137} INFO - [2023-05-05T18:26:24.710+0000] {dag.py:2690} INFO - Sync 1 DAGs
[2023-05-05T18:26:24.729+0000] {logging_mixin.py:137} INFO - [2023-05-05T18:26:24.728+0000] {dag.py:3437} INFO - Setting next_dagrun for example_task_group_decorator to 2023-05-04T18:26:24.728698+00:00, run_after=2023-05-05T18:26:24.728698+00:00
[2023-05-05T18:26:24.784+0000] {processor.py:175} INFO - Processing /usr/local/python/3.10.4/lib/python3.10/site-packages/airflow/example_dags/example_task_group_decorator.py took 0.129 seconds
[2023-05-05T18:27:04.522+0000] {processor.py:153} INFO - Started process (PID=6804) to work on /usr/local/python/3.10.4/lib/python3.10/site-packages/airflow/example_dags/example_task_group_decorator.py
[2023-05-05T18:27:04.524+0000] {processor.py:743} INFO - Processing file /usr/local/python/3.10.4/lib/python3.10/site-packages/airflow/example_dags/example_task_group_decorator.py for tasks to queue
[2023-05-05T18:27:04.524+0000] {logging_mixin.py:137} INFO - [2023-05-05T18:27:04.524+0000] {dagbag.py:538} INFO - Filling up the DagBag from /usr/local/python/3.10.4/lib/python3.10/site-packages/airflow/example_dags/example_task_group_decorator.py
[2023-05-05T18:27:04.555+0000] {processor.py:753} INFO - DAG(s) dict_keys(['example_task_group_decorator']) retrieved from /usr/local/python/3.10.4/lib/python3.10/site-packages/airflow/example_dags/example_task_group_decorator.py
[2023-05-05T18:27:04.576+0000] {logging_mixin.py:137} INFO - [2023-05-05T18:27:04.576+0000] {dag.py:2690} INFO - Sync 1 DAGs
[2023-05-05T18:27:04.595+0000] {logging_mixin.py:137} INFO - [2023-05-05T18:27:04.594+0000] {dag.py:3437} INFO - Setting next_dagrun for example_task_group_decorator to 2023-05-04T18:27:04.594760+00:00, run_after=2023-05-05T18:27:04.594760+00:00
[2023-05-05T18:27:04.645+0000] {processor.py:175} INFO - Processing /usr/local/python/3.10.4/lib/python3.10/site-packages/airflow/example_dags/example_task_group_decorator.py took 0.126 seconds
[2023-05-05T18:27:40.998+0000] {processor.py:153} INFO - Started process (PID=7079) to work on /usr/local/python/3.10.4/lib/python3.10/site-packages/airflow/example_dags/example_task_group_decorator.py
[2023-05-05T18:27:40.999+0000] {processor.py:743} INFO - Processing file /usr/local/python/3.10.4/lib/python3.10/site-packages/airflow/example_dags/example_task_group_decorator.py for tasks to queue
[2023-05-05T18:27:41.000+0000] {logging_mixin.py:137} INFO - [2023-05-05T18:27:40.999+0000] {dagbag.py:538} INFO - Filling up the DagBag from /usr/local/python/3.10.4/lib/python3.10/site-packages/airflow/example_dags/example_task_group_decorator.py
[2023-05-05T18:27:41.030+0000] {processor.py:753} INFO - DAG(s) dict_keys(['example_task_group_decorator']) retrieved from /usr/local/python/3.10.4/lib/python3.10/site-packages/airflow/example_dags/example_task_group_decorator.py
[2023-05-05T18:27:41.050+0000] {logging_mixin.py:137} INFO - [2023-05-05T18:27:41.050+0000] {dag.py:2690} INFO - Sync 1 DAGs
[2023-05-05T18:27:41.069+0000] {logging_mixin.py:137} INFO - [2023-05-05T18:27:41.068+0000] {dag.py:3437} INFO - Setting next_dagrun for example_task_group_decorator to 2023-05-04T18:27:41.068776+00:00, run_after=2023-05-05T18:27:41.068776+00:00
[2023-05-05T18:27:41.131+0000] {processor.py:175} INFO - Processing /usr/local/python/3.10.4/lib/python3.10/site-packages/airflow/example_dags/example_task_group_decorator.py took 0.136 seconds
[2023-05-05T18:28:17.241+0000] {processor.py:153} INFO - Started process (PID=7569) to work on /usr/local/python/3.10.4/lib/python3.10/site-packages/airflow/example_dags/example_task_group_decorator.py
[2023-05-05T18:28:17.243+0000] {processor.py:743} INFO - Processing file /usr/local/python/3.10.4/lib/python3.10/site-packages/airflow/example_dags/example_task_group_decorator.py for tasks to queue
[2023-05-05T18:28:17.247+0000] {logging_mixin.py:137} INFO - [2023-05-05T18:28:17.246+0000] {dagbag.py:538} INFO - Filling up the DagBag from /usr/local/python/3.10.4/lib/python3.10/site-packages/airflow/example_dags/example_task_group_decorator.py
[2023-05-05T18:28:17.306+0000] {processor.py:753} INFO - DAG(s) dict_keys(['example_task_group_decorator']) retrieved from /usr/local/python/3.10.4/lib/python3.10/site-packages/airflow/example_dags/example_task_group_decorator.py
[2023-05-05T18:28:17.395+0000] {logging_mixin.py:137} INFO - [2023-05-05T18:28:17.394+0000] {dag.py:2690} INFO - Sync 1 DAGs
[2023-05-05T18:28:17.433+0000] {logging_mixin.py:137} INFO - [2023-05-05T18:28:17.433+0000] {dag.py:3437} INFO - Setting next_dagrun for example_task_group_decorator to 2023-05-04T18:28:17.433198+00:00, run_after=2023-05-05T18:28:17.433198+00:00
[2023-05-05T18:28:17.502+0000] {processor.py:175} INFO - Processing /usr/local/python/3.10.4/lib/python3.10/site-packages/airflow/example_dags/example_task_group_decorator.py took 0.265 seconds
[2023-05-05T18:28:57.166+0000] {processor.py:153} INFO - Started process (PID=8123) to work on /usr/local/python/3.10.4/lib/python3.10/site-packages/airflow/example_dags/example_task_group_decorator.py
[2023-05-05T18:28:57.168+0000] {processor.py:743} INFO - Processing file /usr/local/python/3.10.4/lib/python3.10/site-packages/airflow/example_dags/example_task_group_decorator.py for tasks to queue
[2023-05-05T18:28:57.169+0000] {logging_mixin.py:137} INFO - [2023-05-05T18:28:57.168+0000] {dagbag.py:538} INFO - Filling up the DagBag from /usr/local/python/3.10.4/lib/python3.10/site-packages/airflow/example_dags/example_task_group_decorator.py
[2023-05-05T18:28:57.200+0000] {processor.py:753} INFO - DAG(s) dict_keys(['example_task_group_decorator']) retrieved from /usr/local/python/3.10.4/lib/python3.10/site-packages/airflow/example_dags/example_task_group_decorator.py
[2023-05-05T18:28:57.230+0000] {logging_mixin.py:137} INFO - [2023-05-05T18:28:57.230+0000] {dag.py:2690} INFO - Sync 1 DAGs
[2023-05-05T18:28:57.252+0000] {logging_mixin.py:137} INFO - [2023-05-05T18:28:57.251+0000] {dag.py:3437} INFO - Setting next_dagrun for example_task_group_decorator to 2023-05-04T18:28:57.251700+00:00, run_after=2023-05-05T18:28:57.251700+00:00
[2023-05-05T18:28:57.305+0000] {processor.py:175} INFO - Processing /usr/local/python/3.10.4/lib/python3.10/site-packages/airflow/example_dags/example_task_group_decorator.py took 0.142 seconds
[2023-05-05T18:29:37.321+0000] {processor.py:153} INFO - Started process (PID=8465) to work on /usr/local/python/3.10.4/lib/python3.10/site-packages/airflow/example_dags/example_task_group_decorator.py
[2023-05-05T18:29:37.323+0000] {processor.py:743} INFO - Processing file /usr/local/python/3.10.4/lib/python3.10/site-packages/airflow/example_dags/example_task_group_decorator.py for tasks to queue
[2023-05-05T18:29:37.324+0000] {logging_mixin.py:137} INFO - [2023-05-05T18:29:37.323+0000] {dagbag.py:538} INFO - Filling up the DagBag from /usr/local/python/3.10.4/lib/python3.10/site-packages/airflow/example_dags/example_task_group_decorator.py
[2023-05-05T18:29:37.354+0000] {processor.py:753} INFO - DAG(s) dict_keys(['example_task_group_decorator']) retrieved from /usr/local/python/3.10.4/lib/python3.10/site-packages/airflow/example_dags/example_task_group_decorator.py
[2023-05-05T18:29:37.373+0000] {logging_mixin.py:137} INFO - [2023-05-05T18:29:37.373+0000] {dag.py:2690} INFO - Sync 1 DAGs
[2023-05-05T18:29:37.391+0000] {logging_mixin.py:137} INFO - [2023-05-05T18:29:37.391+0000] {dag.py:3437} INFO - Setting next_dagrun for example_task_group_decorator to 2023-05-04T18:29:37.390944+00:00, run_after=2023-05-05T18:29:37.390944+00:00
[2023-05-05T18:29:37.451+0000] {processor.py:175} INFO - Processing /usr/local/python/3.10.4/lib/python3.10/site-packages/airflow/example_dags/example_task_group_decorator.py took 0.133 seconds
[2023-05-05T18:30:15.593+0000] {processor.py:153} INFO - Started process (PID=8824) to work on /usr/local/python/3.10.4/lib/python3.10/site-packages/airflow/example_dags/example_task_group_decorator.py
[2023-05-05T18:30:15.595+0000] {processor.py:743} INFO - Processing file /usr/local/python/3.10.4/lib/python3.10/site-packages/airflow/example_dags/example_task_group_decorator.py for tasks to queue
[2023-05-05T18:30:15.595+0000] {logging_mixin.py:137} INFO - [2023-05-05T18:30:15.595+0000] {dagbag.py:538} INFO - Filling up the DagBag from /usr/local/python/3.10.4/lib/python3.10/site-packages/airflow/example_dags/example_task_group_decorator.py
[2023-05-05T18:30:15.625+0000] {processor.py:753} INFO - DAG(s) dict_keys(['example_task_group_decorator']) retrieved from /usr/local/python/3.10.4/lib/python3.10/site-packages/airflow/example_dags/example_task_group_decorator.py
[2023-05-05T18:30:15.646+0000] {logging_mixin.py:137} INFO - [2023-05-05T18:30:15.645+0000] {dag.py:2690} INFO - Sync 1 DAGs
[2023-05-05T18:30:15.663+0000] {logging_mixin.py:137} INFO - [2023-05-05T18:30:15.663+0000] {dag.py:3437} INFO - Setting next_dagrun for example_task_group_decorator to 2023-05-04T18:30:15.663102+00:00, run_after=2023-05-05T18:30:15.663102+00:00
[2023-05-05T18:30:15.715+0000] {processor.py:175} INFO - Processing /usr/local/python/3.10.4/lib/python3.10/site-packages/airflow/example_dags/example_task_group_decorator.py took 0.125 seconds
[2023-05-05T18:30:53.197+0000] {processor.py:153} INFO - Started process (PID=9139) to work on /usr/local/python/3.10.4/lib/python3.10/site-packages/airflow/example_dags/example_task_group_decorator.py
[2023-05-05T18:30:53.199+0000] {processor.py:743} INFO - Processing file /usr/local/python/3.10.4/lib/python3.10/site-packages/airflow/example_dags/example_task_group_decorator.py for tasks to queue
[2023-05-05T18:30:53.199+0000] {logging_mixin.py:137} INFO - [2023-05-05T18:30:53.199+0000] {dagbag.py:538} INFO - Filling up the DagBag from /usr/local/python/3.10.4/lib/python3.10/site-packages/airflow/example_dags/example_task_group_decorator.py
[2023-05-05T18:30:53.240+0000] {processor.py:753} INFO - DAG(s) dict_keys(['example_task_group_decorator']) retrieved from /usr/local/python/3.10.4/lib/python3.10/site-packages/airflow/example_dags/example_task_group_decorator.py
[2023-05-05T18:30:53.281+0000] {logging_mixin.py:137} INFO - [2023-05-05T18:30:53.281+0000] {dag.py:2690} INFO - Sync 1 DAGs
[2023-05-05T18:30:53.300+0000] {logging_mixin.py:137} INFO - [2023-05-05T18:30:53.300+0000] {dag.py:3437} INFO - Setting next_dagrun for example_task_group_decorator to 2023-05-04T18:30:53.299961+00:00, run_after=2023-05-05T18:30:53.299961+00:00
[2023-05-05T18:30:53.376+0000] {processor.py:175} INFO - Processing /usr/local/python/3.10.4/lib/python3.10/site-packages/airflow/example_dags/example_task_group_decorator.py took 0.183 seconds
[2023-05-05T18:31:29.739+0000] {processor.py:153} INFO - Started process (PID=9479) to work on /usr/local/python/3.10.4/lib/python3.10/site-packages/airflow/example_dags/example_task_group_decorator.py
[2023-05-05T18:31:29.740+0000] {processor.py:743} INFO - Processing file /usr/local/python/3.10.4/lib/python3.10/site-packages/airflow/example_dags/example_task_group_decorator.py for tasks to queue
[2023-05-05T18:31:29.741+0000] {logging_mixin.py:137} INFO - [2023-05-05T18:31:29.741+0000] {dagbag.py:538} INFO - Filling up the DagBag from /usr/local/python/3.10.4/lib/python3.10/site-packages/airflow/example_dags/example_task_group_decorator.py
[2023-05-05T18:31:29.771+0000] {processor.py:753} INFO - DAG(s) dict_keys(['example_task_group_decorator']) retrieved from /usr/local/python/3.10.4/lib/python3.10/site-packages/airflow/example_dags/example_task_group_decorator.py
[2023-05-05T18:31:29.790+0000] {logging_mixin.py:137} INFO - [2023-05-05T18:31:29.790+0000] {dag.py:2690} INFO - Sync 1 DAGs
[2023-05-05T18:31:29.808+0000] {logging_mixin.py:137} INFO - [2023-05-05T18:31:29.808+0000] {dag.py:3437} INFO - Setting next_dagrun for example_task_group_decorator to 2023-05-04T18:31:29.808011+00:00, run_after=2023-05-05T18:31:29.808011+00:00
[2023-05-05T18:31:29.864+0000] {processor.py:175} INFO - Processing /usr/local/python/3.10.4/lib/python3.10/site-packages/airflow/example_dags/example_task_group_decorator.py took 0.129 seconds
[2023-05-05T18:32:08.935+0000] {processor.py:153} INFO - Started process (PID=9891) to work on /usr/local/python/3.10.4/lib/python3.10/site-packages/airflow/example_dags/example_task_group_decorator.py
[2023-05-05T18:32:08.937+0000] {processor.py:743} INFO - Processing file /usr/local/python/3.10.4/lib/python3.10/site-packages/airflow/example_dags/example_task_group_decorator.py for tasks to queue
[2023-05-05T18:32:08.937+0000] {logging_mixin.py:137} INFO - [2023-05-05T18:32:08.937+0000] {dagbag.py:538} INFO - Filling up the DagBag from /usr/local/python/3.10.4/lib/python3.10/site-packages/airflow/example_dags/example_task_group_decorator.py
[2023-05-05T18:32:08.967+0000] {processor.py:753} INFO - DAG(s) dict_keys(['example_task_group_decorator']) retrieved from /usr/local/python/3.10.4/lib/python3.10/site-packages/airflow/example_dags/example_task_group_decorator.py
[2023-05-05T18:32:08.987+0000] {logging_mixin.py:137} INFO - [2023-05-05T18:32:08.987+0000] {dag.py:2690} INFO - Sync 1 DAGs
[2023-05-05T18:32:09.005+0000] {logging_mixin.py:137} INFO - [2023-05-05T18:32:09.005+0000] {dag.py:3437} INFO - Setting next_dagrun for example_task_group_decorator to 2023-05-04T18:32:09.005579+00:00, run_after=2023-05-05T18:32:09.005579+00:00
[2023-05-05T18:32:09.062+0000] {processor.py:175} INFO - Processing /usr/local/python/3.10.4/lib/python3.10/site-packages/airflow/example_dags/example_task_group_decorator.py took 0.132 seconds
[2023-05-05T18:32:48.634+0000] {processor.py:153} INFO - Started process (PID=10235) to work on /usr/local/python/3.10.4/lib/python3.10/site-packages/airflow/example_dags/example_task_group_decorator.py
[2023-05-05T18:32:48.635+0000] {processor.py:743} INFO - Processing file /usr/local/python/3.10.4/lib/python3.10/site-packages/airflow/example_dags/example_task_group_decorator.py for tasks to queue
[2023-05-05T18:32:48.636+0000] {logging_mixin.py:137} INFO - [2023-05-05T18:32:48.636+0000] {dagbag.py:538} INFO - Filling up the DagBag from /usr/local/python/3.10.4/lib/python3.10/site-packages/airflow/example_dags/example_task_group_decorator.py
[2023-05-05T18:32:48.668+0000] {processor.py:753} INFO - DAG(s) dict_keys(['example_task_group_decorator']) retrieved from /usr/local/python/3.10.4/lib/python3.10/site-packages/airflow/example_dags/example_task_group_decorator.py
[2023-05-05T18:32:48.688+0000] {logging_mixin.py:137} INFO - [2023-05-05T18:32:48.688+0000] {dag.py:2690} INFO - Sync 1 DAGs
[2023-05-05T18:32:48.706+0000] {logging_mixin.py:137} INFO - [2023-05-05T18:32:48.706+0000] {dag.py:3437} INFO - Setting next_dagrun for example_task_group_decorator to 2023-05-04T18:32:48.706180+00:00, run_after=2023-05-05T18:32:48.706180+00:00
[2023-05-05T18:32:48.759+0000] {processor.py:175} INFO - Processing /usr/local/python/3.10.4/lib/python3.10/site-packages/airflow/example_dags/example_task_group_decorator.py took 0.129 seconds
[2023-05-05T18:33:26.922+0000] {processor.py:153} INFO - Started process (PID=10577) to work on /usr/local/python/3.10.4/lib/python3.10/site-packages/airflow/example_dags/example_task_group_decorator.py
[2023-05-05T18:33:26.923+0000] {processor.py:743} INFO - Processing file /usr/local/python/3.10.4/lib/python3.10/site-packages/airflow/example_dags/example_task_group_decorator.py for tasks to queue
[2023-05-05T18:33:26.924+0000] {logging_mixin.py:137} INFO - [2023-05-05T18:33:26.924+0000] {dagbag.py:538} INFO - Filling up the DagBag from /usr/local/python/3.10.4/lib/python3.10/site-packages/airflow/example_dags/example_task_group_decorator.py
[2023-05-05T18:33:26.955+0000] {processor.py:753} INFO - DAG(s) dict_keys(['example_task_group_decorator']) retrieved from /usr/local/python/3.10.4/lib/python3.10/site-packages/airflow/example_dags/example_task_group_decorator.py
[2023-05-05T18:33:26.975+0000] {logging_mixin.py:137} INFO - [2023-05-05T18:33:26.975+0000] {dag.py:2690} INFO - Sync 1 DAGs
[2023-05-05T18:33:26.993+0000] {logging_mixin.py:137} INFO - [2023-05-05T18:33:26.993+0000] {dag.py:3437} INFO - Setting next_dagrun for example_task_group_decorator to 2023-05-04T18:33:26.993199+00:00, run_after=2023-05-05T18:33:26.993199+00:00
[2023-05-05T18:33:27.054+0000] {processor.py:175} INFO - Processing /usr/local/python/3.10.4/lib/python3.10/site-packages/airflow/example_dags/example_task_group_decorator.py took 0.135 seconds
[2023-05-05T18:34:04.607+0000] {processor.py:153} INFO - Started process (PID=10940) to work on /usr/local/python/3.10.4/lib/python3.10/site-packages/airflow/example_dags/example_task_group_decorator.py
[2023-05-05T18:34:04.608+0000] {processor.py:743} INFO - Processing file /usr/local/python/3.10.4/lib/python3.10/site-packages/airflow/example_dags/example_task_group_decorator.py for tasks to queue
[2023-05-05T18:34:04.609+0000] {logging_mixin.py:137} INFO - [2023-05-05T18:34:04.609+0000] {dagbag.py:538} INFO - Filling up the DagBag from /usr/local/python/3.10.4/lib/python3.10/site-packages/airflow/example_dags/example_task_group_decorator.py
[2023-05-05T18:34:04.640+0000] {processor.py:753} INFO - DAG(s) dict_keys(['example_task_group_decorator']) retrieved from /usr/local/python/3.10.4/lib/python3.10/site-packages/airflow/example_dags/example_task_group_decorator.py
[2023-05-05T18:34:04.661+0000] {logging_mixin.py:137} INFO - [2023-05-05T18:34:04.660+0000] {dag.py:2690} INFO - Sync 1 DAGs
[2023-05-05T18:34:04.679+0000] {logging_mixin.py:137} INFO - [2023-05-05T18:34:04.679+0000] {dag.py:3437} INFO - Setting next_dagrun for example_task_group_decorator to 2023-05-04T18:34:04.679026+00:00, run_after=2023-05-05T18:34:04.679026+00:00
[2023-05-05T18:34:04.735+0000] {processor.py:175} INFO - Processing /usr/local/python/3.10.4/lib/python3.10/site-packages/airflow/example_dags/example_task_group_decorator.py took 0.132 seconds
