[2023-05-05T18:22:29.945+0000] {processor.py:153} INFO - Started process (PID=4876) to work on /usr/local/python/3.10.4/lib/python3.10/site-packages/airflow/example_dags/example_branch_operator.py
[2023-05-05T18:22:29.949+0000] {processor.py:743} INFO - Processing file /usr/local/python/3.10.4/lib/python3.10/site-packages/airflow/example_dags/example_branch_operator.py for tasks to queue
[2023-05-05T18:22:29.951+0000] {logging_mixin.py:137} INFO - [2023-05-05T18:22:29.950+0000] {dagbag.py:538} INFO - Filling up the DagBag from /usr/local/python/3.10.4/lib/python3.10/site-packages/airflow/example_dags/example_branch_operator.py
[2023-05-05T18:22:29.988+0000] {processor.py:753} INFO - DAG(s) dict_keys(['example_branch_operator']) retrieved from /usr/local/python/3.10.4/lib/python3.10/site-packages/airflow/example_dags/example_branch_operator.py
[2023-05-05T18:22:30.200+0000] {logging_mixin.py:137} INFO - [2023-05-05T18:22:30.199+0000] {manager.py:504} INFO - Created Permission View: can delete on DAG:example_branch_operator
[2023-05-05T18:22:30.240+0000] {logging_mixin.py:137} INFO - [2023-05-05T18:22:30.240+0000] {manager.py:504} INFO - Created Permission View: can read on DAG:example_branch_operator
[2023-05-05T18:22:30.279+0000] {logging_mixin.py:137} INFO - [2023-05-05T18:22:30.279+0000] {manager.py:504} INFO - Created Permission View: can edit on DAG:example_branch_operator
[2023-05-05T18:22:30.279+0000] {logging_mixin.py:137} INFO - [2023-05-05T18:22:30.279+0000] {dag.py:2690} INFO - Sync 1 DAGs
[2023-05-05T18:22:30.297+0000] {logging_mixin.py:137} INFO - [2023-05-05T18:22:30.297+0000] {dag.py:2711} INFO - Creating ORM DAG for example_branch_operator
[2023-05-05T18:22:30.312+0000] {logging_mixin.py:137} INFO - [2023-05-05T18:22:30.312+0000] {dag.py:3437} INFO - Setting next_dagrun for example_branch_operator to 2023-05-04T00:00:00+00:00, run_after=2023-05-05T00:00:00+00:00
[2023-05-05T18:22:30.376+0000] {processor.py:175} INFO - Processing /usr/local/python/3.10.4/lib/python3.10/site-packages/airflow/example_dags/example_branch_operator.py took 0.440 seconds
[2023-05-05T18:23:18.538+0000] {processor.py:153} INFO - Started process (PID=5214) to work on /usr/local/python/3.10.4/lib/python3.10/site-packages/airflow/example_dags/example_branch_operator.py
[2023-05-05T18:23:18.539+0000] {processor.py:743} INFO - Processing file /usr/local/python/3.10.4/lib/python3.10/site-packages/airflow/example_dags/example_branch_operator.py for tasks to queue
[2023-05-05T18:23:18.540+0000] {logging_mixin.py:137} INFO - [2023-05-05T18:23:18.539+0000] {dagbag.py:538} INFO - Filling up the DagBag from /usr/local/python/3.10.4/lib/python3.10/site-packages/airflow/example_dags/example_branch_operator.py
[2023-05-05T18:23:18.563+0000] {processor.py:753} INFO - DAG(s) dict_keys(['example_branch_operator']) retrieved from /usr/local/python/3.10.4/lib/python3.10/site-packages/airflow/example_dags/example_branch_operator.py
[2023-05-05T18:23:18.595+0000] {logging_mixin.py:137} INFO - [2023-05-05T18:23:18.595+0000] {dag.py:2690} INFO - Sync 1 DAGs
[2023-05-05T18:23:18.631+0000] {logging_mixin.py:137} INFO - [2023-05-05T18:23:18.631+0000] {dag.py:3437} INFO - Setting next_dagrun for example_branch_operator to 2023-05-04T00:00:00+00:00, run_after=2023-05-05T00:00:00+00:00
[2023-05-05T18:23:18.825+0000] {processor.py:175} INFO - Processing /usr/local/python/3.10.4/lib/python3.10/site-packages/airflow/example_dags/example_branch_operator.py took 0.291 seconds
[2023-05-05T18:24:14.234+0000] {processor.py:153} INFO - Started process (PID=5599) to work on /usr/local/python/3.10.4/lib/python3.10/site-packages/airflow/example_dags/example_branch_operator.py
[2023-05-05T18:24:14.236+0000] {processor.py:743} INFO - Processing file /usr/local/python/3.10.4/lib/python3.10/site-packages/airflow/example_dags/example_branch_operator.py for tasks to queue
[2023-05-05T18:24:14.236+0000] {logging_mixin.py:137} INFO - [2023-05-05T18:24:14.236+0000] {dagbag.py:538} INFO - Filling up the DagBag from /usr/local/python/3.10.4/lib/python3.10/site-packages/airflow/example_dags/example_branch_operator.py
[2023-05-05T18:24:14.257+0000] {processor.py:753} INFO - DAG(s) dict_keys(['example_branch_operator']) retrieved from /usr/local/python/3.10.4/lib/python3.10/site-packages/airflow/example_dags/example_branch_operator.py
[2023-05-05T18:24:14.281+0000] {logging_mixin.py:137} INFO - [2023-05-05T18:24:14.281+0000] {dag.py:2690} INFO - Sync 1 DAGs
[2023-05-05T18:24:14.303+0000] {logging_mixin.py:137} INFO - [2023-05-05T18:24:14.303+0000] {dag.py:3437} INFO - Setting next_dagrun for example_branch_operator to 2023-05-04T00:00:00+00:00, run_after=2023-05-05T00:00:00+00:00
[2023-05-05T18:24:14.359+0000] {processor.py:175} INFO - Processing /usr/local/python/3.10.4/lib/python3.10/site-packages/airflow/example_dags/example_branch_operator.py took 0.128 seconds
[2023-05-05T18:25:03.638+0000] {processor.py:153} INFO - Started process (PID=5969) to work on /usr/local/python/3.10.4/lib/python3.10/site-packages/airflow/example_dags/example_branch_operator.py
[2023-05-05T18:25:03.639+0000] {processor.py:743} INFO - Processing file /usr/local/python/3.10.4/lib/python3.10/site-packages/airflow/example_dags/example_branch_operator.py for tasks to queue
[2023-05-05T18:25:03.640+0000] {logging_mixin.py:137} INFO - [2023-05-05T18:25:03.640+0000] {dagbag.py:538} INFO - Filling up the DagBag from /usr/local/python/3.10.4/lib/python3.10/site-packages/airflow/example_dags/example_branch_operator.py
[2023-05-05T18:25:03.659+0000] {processor.py:753} INFO - DAG(s) dict_keys(['example_branch_operator']) retrieved from /usr/local/python/3.10.4/lib/python3.10/site-packages/airflow/example_dags/example_branch_operator.py
[2023-05-05T18:25:03.679+0000] {logging_mixin.py:137} INFO - [2023-05-05T18:25:03.678+0000] {dag.py:2690} INFO - Sync 1 DAGs
[2023-05-05T18:25:03.699+0000] {logging_mixin.py:137} INFO - [2023-05-05T18:25:03.699+0000] {dag.py:3437} INFO - Setting next_dagrun for example_branch_operator to 2023-05-04T00:00:00+00:00, run_after=2023-05-05T00:00:00+00:00
[2023-05-05T18:25:03.754+0000] {processor.py:175} INFO - Processing /usr/local/python/3.10.4/lib/python3.10/site-packages/airflow/example_dags/example_branch_operator.py took 0.120 seconds
[2023-05-05T18:25:49.492+0000] {processor.py:153} INFO - Started process (PID=6282) to work on /usr/local/python/3.10.4/lib/python3.10/site-packages/airflow/example_dags/example_branch_operator.py
[2023-05-05T18:25:49.493+0000] {processor.py:743} INFO - Processing file /usr/local/python/3.10.4/lib/python3.10/site-packages/airflow/example_dags/example_branch_operator.py for tasks to queue
[2023-05-05T18:25:49.494+0000] {logging_mixin.py:137} INFO - [2023-05-05T18:25:49.493+0000] {dagbag.py:538} INFO - Filling up the DagBag from /usr/local/python/3.10.4/lib/python3.10/site-packages/airflow/example_dags/example_branch_operator.py
[2023-05-05T18:25:49.513+0000] {processor.py:753} INFO - DAG(s) dict_keys(['example_branch_operator']) retrieved from /usr/local/python/3.10.4/lib/python3.10/site-packages/airflow/example_dags/example_branch_operator.py
[2023-05-05T18:25:49.533+0000] {logging_mixin.py:137} INFO - [2023-05-05T18:25:49.533+0000] {dag.py:2690} INFO - Sync 1 DAGs
[2023-05-05T18:25:49.560+0000] {logging_mixin.py:137} INFO - [2023-05-05T18:25:49.559+0000] {dag.py:3437} INFO - Setting next_dagrun for example_branch_operator to 2023-05-04T00:00:00+00:00, run_after=2023-05-05T00:00:00+00:00
[2023-05-05T18:25:49.614+0000] {processor.py:175} INFO - Processing /usr/local/python/3.10.4/lib/python3.10/site-packages/airflow/example_dags/example_branch_operator.py took 0.126 seconds
[2023-05-05T18:26:32.672+0000] {processor.py:153} INFO - Started process (PID=6593) to work on /usr/local/python/3.10.4/lib/python3.10/site-packages/airflow/example_dags/example_branch_operator.py
[2023-05-05T18:26:32.673+0000] {processor.py:743} INFO - Processing file /usr/local/python/3.10.4/lib/python3.10/site-packages/airflow/example_dags/example_branch_operator.py for tasks to queue
[2023-05-05T18:26:32.674+0000] {logging_mixin.py:137} INFO - [2023-05-05T18:26:32.674+0000] {dagbag.py:538} INFO - Filling up the DagBag from /usr/local/python/3.10.4/lib/python3.10/site-packages/airflow/example_dags/example_branch_operator.py
[2023-05-05T18:26:32.712+0000] {processor.py:753} INFO - DAG(s) dict_keys(['example_branch_operator']) retrieved from /usr/local/python/3.10.4/lib/python3.10/site-packages/airflow/example_dags/example_branch_operator.py
[2023-05-05T18:26:32.755+0000] {logging_mixin.py:137} INFO - [2023-05-05T18:26:32.755+0000] {dag.py:2690} INFO - Sync 1 DAGs
[2023-05-05T18:26:32.832+0000] {logging_mixin.py:137} INFO - [2023-05-05T18:26:32.831+0000] {dag.py:3437} INFO - Setting next_dagrun for example_branch_operator to 2023-05-04T00:00:00+00:00, run_after=2023-05-05T00:00:00+00:00
[2023-05-05T18:26:32.904+0000] {processor.py:175} INFO - Processing /usr/local/python/3.10.4/lib/python3.10/site-packages/airflow/example_dags/example_branch_operator.py took 0.237 seconds
[2023-05-05T18:27:23.094+0000] {processor.py:153} INFO - Started process (PID=6934) to work on /usr/local/python/3.10.4/lib/python3.10/site-packages/airflow/example_dags/example_branch_operator.py
[2023-05-05T18:27:23.095+0000] {processor.py:743} INFO - Processing file /usr/local/python/3.10.4/lib/python3.10/site-packages/airflow/example_dags/example_branch_operator.py for tasks to queue
[2023-05-05T18:27:23.096+0000] {logging_mixin.py:137} INFO - [2023-05-05T18:27:23.096+0000] {dagbag.py:538} INFO - Filling up the DagBag from /usr/local/python/3.10.4/lib/python3.10/site-packages/airflow/example_dags/example_branch_operator.py
[2023-05-05T18:27:23.115+0000] {processor.py:753} INFO - DAG(s) dict_keys(['example_branch_operator']) retrieved from /usr/local/python/3.10.4/lib/python3.10/site-packages/airflow/example_dags/example_branch_operator.py
[2023-05-05T18:27:23.133+0000] {logging_mixin.py:137} INFO - [2023-05-05T18:27:23.133+0000] {dag.py:2690} INFO - Sync 1 DAGs
[2023-05-05T18:27:23.153+0000] {logging_mixin.py:137} INFO - [2023-05-05T18:27:23.153+0000] {dag.py:3437} INFO - Setting next_dagrun for example_branch_operator to 2023-05-04T00:00:00+00:00, run_after=2023-05-05T00:00:00+00:00
[2023-05-05T18:27:23.209+0000] {processor.py:175} INFO - Processing /usr/local/python/3.10.4/lib/python3.10/site-packages/airflow/example_dags/example_branch_operator.py took 0.118 seconds
[2023-05-05T18:28:11.254+0000] {processor.py:153} INFO - Started process (PID=7525) to work on /usr/local/python/3.10.4/lib/python3.10/site-packages/airflow/example_dags/example_branch_operator.py
[2023-05-05T18:28:11.255+0000] {processor.py:743} INFO - Processing file /usr/local/python/3.10.4/lib/python3.10/site-packages/airflow/example_dags/example_branch_operator.py for tasks to queue
[2023-05-05T18:28:11.256+0000] {logging_mixin.py:137} INFO - [2023-05-05T18:28:11.255+0000] {dagbag.py:538} INFO - Filling up the DagBag from /usr/local/python/3.10.4/lib/python3.10/site-packages/airflow/example_dags/example_branch_operator.py
[2023-05-05T18:28:11.274+0000] {processor.py:753} INFO - DAG(s) dict_keys(['example_branch_operator']) retrieved from /usr/local/python/3.10.4/lib/python3.10/site-packages/airflow/example_dags/example_branch_operator.py
[2023-05-05T18:28:11.294+0000] {logging_mixin.py:137} INFO - [2023-05-05T18:28:11.294+0000] {dag.py:2690} INFO - Sync 1 DAGs
[2023-05-05T18:28:11.313+0000] {logging_mixin.py:137} INFO - [2023-05-05T18:28:11.313+0000] {dag.py:3437} INFO - Setting next_dagrun for example_branch_operator to 2023-05-04T00:00:00+00:00, run_after=2023-05-05T00:00:00+00:00
[2023-05-05T18:28:11.363+0000] {processor.py:175} INFO - Processing /usr/local/python/3.10.4/lib/python3.10/site-packages/airflow/example_dags/example_branch_operator.py took 0.113 seconds
[2023-05-05T18:29:03.471+0000] {processor.py:153} INFO - Started process (PID=8173) to work on /usr/local/python/3.10.4/lib/python3.10/site-packages/airflow/example_dags/example_branch_operator.py
[2023-05-05T18:29:03.472+0000] {processor.py:743} INFO - Processing file /usr/local/python/3.10.4/lib/python3.10/site-packages/airflow/example_dags/example_branch_operator.py for tasks to queue
[2023-05-05T18:29:03.473+0000] {logging_mixin.py:137} INFO - [2023-05-05T18:29:03.473+0000] {dagbag.py:538} INFO - Filling up the DagBag from /usr/local/python/3.10.4/lib/python3.10/site-packages/airflow/example_dags/example_branch_operator.py
[2023-05-05T18:29:03.491+0000] {processor.py:753} INFO - DAG(s) dict_keys(['example_branch_operator']) retrieved from /usr/local/python/3.10.4/lib/python3.10/site-packages/airflow/example_dags/example_branch_operator.py
[2023-05-05T18:29:03.510+0000] {logging_mixin.py:137} INFO - [2023-05-05T18:29:03.510+0000] {dag.py:2690} INFO - Sync 1 DAGs
[2023-05-05T18:29:03.531+0000] {logging_mixin.py:137} INFO - [2023-05-05T18:29:03.531+0000] {dag.py:3437} INFO - Setting next_dagrun for example_branch_operator to 2023-05-04T00:00:00+00:00, run_after=2023-05-05T00:00:00+00:00
[2023-05-05T18:29:03.603+0000] {processor.py:175} INFO - Processing /usr/local/python/3.10.4/lib/python3.10/site-packages/airflow/example_dags/example_branch_operator.py took 0.135 seconds
[2023-05-05T18:29:46.535+0000] {processor.py:153} INFO - Started process (PID=8548) to work on /usr/local/python/3.10.4/lib/python3.10/site-packages/airflow/example_dags/example_branch_operator.py
[2023-05-05T18:29:46.536+0000] {processor.py:743} INFO - Processing file /usr/local/python/3.10.4/lib/python3.10/site-packages/airflow/example_dags/example_branch_operator.py for tasks to queue
[2023-05-05T18:29:46.537+0000] {logging_mixin.py:137} INFO - [2023-05-05T18:29:46.537+0000] {dagbag.py:538} INFO - Filling up the DagBag from /usr/local/python/3.10.4/lib/python3.10/site-packages/airflow/example_dags/example_branch_operator.py
[2023-05-05T18:29:46.555+0000] {processor.py:753} INFO - DAG(s) dict_keys(['example_branch_operator']) retrieved from /usr/local/python/3.10.4/lib/python3.10/site-packages/airflow/example_dags/example_branch_operator.py
[2023-05-05T18:29:46.581+0000] {logging_mixin.py:137} INFO - [2023-05-05T18:29:46.581+0000] {dag.py:2690} INFO - Sync 1 DAGs
[2023-05-05T18:29:46.600+0000] {logging_mixin.py:137} INFO - [2023-05-05T18:29:46.600+0000] {dag.py:3437} INFO - Setting next_dagrun for example_branch_operator to 2023-05-04T00:00:00+00:00, run_after=2023-05-05T00:00:00+00:00
[2023-05-05T18:29:46.650+0000] {processor.py:175} INFO - Processing /usr/local/python/3.10.4/lib/python3.10/site-packages/airflow/example_dags/example_branch_operator.py took 0.118 seconds
[2023-05-05T18:30:34.977+0000] {processor.py:153} INFO - Started process (PID=8985) to work on /usr/local/python/3.10.4/lib/python3.10/site-packages/airflow/example_dags/example_branch_operator.py
[2023-05-05T18:30:34.978+0000] {processor.py:743} INFO - Processing file /usr/local/python/3.10.4/lib/python3.10/site-packages/airflow/example_dags/example_branch_operator.py for tasks to queue
[2023-05-05T18:30:34.979+0000] {logging_mixin.py:137} INFO - [2023-05-05T18:30:34.979+0000] {dagbag.py:538} INFO - Filling up the DagBag from /usr/local/python/3.10.4/lib/python3.10/site-packages/airflow/example_dags/example_branch_operator.py
[2023-05-05T18:30:34.998+0000] {processor.py:753} INFO - DAG(s) dict_keys(['example_branch_operator']) retrieved from /usr/local/python/3.10.4/lib/python3.10/site-packages/airflow/example_dags/example_branch_operator.py
[2023-05-05T18:30:35.017+0000] {logging_mixin.py:137} INFO - [2023-05-05T18:30:35.017+0000] {dag.py:2690} INFO - Sync 1 DAGs
[2023-05-05T18:30:35.037+0000] {logging_mixin.py:137} INFO - [2023-05-05T18:30:35.037+0000] {dag.py:3437} INFO - Setting next_dagrun for example_branch_operator to 2023-05-04T00:00:00+00:00, run_after=2023-05-05T00:00:00+00:00
[2023-05-05T18:30:35.094+0000] {processor.py:175} INFO - Processing /usr/local/python/3.10.4/lib/python3.10/site-packages/airflow/example_dags/example_branch_operator.py took 0.121 seconds
[2023-05-05T18:31:24.141+0000] {processor.py:153} INFO - Started process (PID=9416) to work on /usr/local/python/3.10.4/lib/python3.10/site-packages/airflow/example_dags/example_branch_operator.py
[2023-05-05T18:31:24.144+0000] {processor.py:743} INFO - Processing file /usr/local/python/3.10.4/lib/python3.10/site-packages/airflow/example_dags/example_branch_operator.py for tasks to queue
[2023-05-05T18:31:24.145+0000] {logging_mixin.py:137} INFO - [2023-05-05T18:31:24.145+0000] {dagbag.py:538} INFO - Filling up the DagBag from /usr/local/python/3.10.4/lib/python3.10/site-packages/airflow/example_dags/example_branch_operator.py
[2023-05-05T18:31:24.178+0000] {processor.py:753} INFO - DAG(s) dict_keys(['example_branch_operator']) retrieved from /usr/local/python/3.10.4/lib/python3.10/site-packages/airflow/example_dags/example_branch_operator.py
[2023-05-05T18:31:24.201+0000] {logging_mixin.py:137} INFO - [2023-05-05T18:31:24.201+0000] {dag.py:2690} INFO - Sync 1 DAGs
[2023-05-05T18:31:24.228+0000] {logging_mixin.py:137} INFO - [2023-05-05T18:31:24.227+0000] {dag.py:3437} INFO - Setting next_dagrun for example_branch_operator to 2023-05-04T00:00:00+00:00, run_after=2023-05-05T00:00:00+00:00
[2023-05-05T18:31:24.280+0000] {processor.py:175} INFO - Processing /usr/local/python/3.10.4/lib/python3.10/site-packages/airflow/example_dags/example_branch_operator.py took 0.144 seconds
[2023-05-05T18:32:14.556+0000] {processor.py:153} INFO - Started process (PID=9933) to work on /usr/local/python/3.10.4/lib/python3.10/site-packages/airflow/example_dags/example_branch_operator.py
[2023-05-05T18:32:14.557+0000] {processor.py:743} INFO - Processing file /usr/local/python/3.10.4/lib/python3.10/site-packages/airflow/example_dags/example_branch_operator.py for tasks to queue
[2023-05-05T18:32:14.558+0000] {logging_mixin.py:137} INFO - [2023-05-05T18:32:14.558+0000] {dagbag.py:538} INFO - Filling up the DagBag from /usr/local/python/3.10.4/lib/python3.10/site-packages/airflow/example_dags/example_branch_operator.py
[2023-05-05T18:32:14.576+0000] {processor.py:753} INFO - DAG(s) dict_keys(['example_branch_operator']) retrieved from /usr/local/python/3.10.4/lib/python3.10/site-packages/airflow/example_dags/example_branch_operator.py
[2023-05-05T18:32:14.595+0000] {logging_mixin.py:137} INFO - [2023-05-05T18:32:14.595+0000] {dag.py:2690} INFO - Sync 1 DAGs
[2023-05-05T18:32:14.617+0000] {logging_mixin.py:137} INFO - [2023-05-05T18:32:14.617+0000] {dag.py:3437} INFO - Setting next_dagrun for example_branch_operator to 2023-05-04T00:00:00+00:00, run_after=2023-05-05T00:00:00+00:00
[2023-05-05T18:32:14.678+0000] {processor.py:175} INFO - Processing /usr/local/python/3.10.4/lib/python3.10/site-packages/airflow/example_dags/example_branch_operator.py took 0.126 seconds
[2023-05-05T18:32:55.299+0000] {processor.py:153} INFO - Started process (PID=10287) to work on /usr/local/python/3.10.4/lib/python3.10/site-packages/airflow/example_dags/example_branch_operator.py
[2023-05-05T18:32:55.301+0000] {processor.py:743} INFO - Processing file /usr/local/python/3.10.4/lib/python3.10/site-packages/airflow/example_dags/example_branch_operator.py for tasks to queue
[2023-05-05T18:32:55.302+0000] {logging_mixin.py:137} INFO - [2023-05-05T18:32:55.302+0000] {dagbag.py:538} INFO - Filling up the DagBag from /usr/local/python/3.10.4/lib/python3.10/site-packages/airflow/example_dags/example_branch_operator.py
[2023-05-05T18:32:55.322+0000] {processor.py:753} INFO - DAG(s) dict_keys(['example_branch_operator']) retrieved from /usr/local/python/3.10.4/lib/python3.10/site-packages/airflow/example_dags/example_branch_operator.py
[2023-05-05T18:32:55.346+0000] {logging_mixin.py:137} INFO - [2023-05-05T18:32:55.346+0000] {dag.py:2690} INFO - Sync 1 DAGs
[2023-05-05T18:32:55.368+0000] {logging_mixin.py:137} INFO - [2023-05-05T18:32:55.368+0000] {dag.py:3437} INFO - Setting next_dagrun for example_branch_operator to 2023-05-04T00:00:00+00:00, run_after=2023-05-05T00:00:00+00:00
[2023-05-05T18:32:55.420+0000] {processor.py:175} INFO - Processing /usr/local/python/3.10.4/lib/python3.10/site-packages/airflow/example_dags/example_branch_operator.py took 0.124 seconds
[2023-05-05T18:33:45.006+0000] {processor.py:153} INFO - Started process (PID=10723) to work on /usr/local/python/3.10.4/lib/python3.10/site-packages/airflow/example_dags/example_branch_operator.py
[2023-05-05T18:33:45.007+0000] {processor.py:743} INFO - Processing file /usr/local/python/3.10.4/lib/python3.10/site-packages/airflow/example_dags/example_branch_operator.py for tasks to queue
[2023-05-05T18:33:45.008+0000] {logging_mixin.py:137} INFO - [2023-05-05T18:33:45.008+0000] {dagbag.py:538} INFO - Filling up the DagBag from /usr/local/python/3.10.4/lib/python3.10/site-packages/airflow/example_dags/example_branch_operator.py
[2023-05-05T18:33:45.026+0000] {processor.py:753} INFO - DAG(s) dict_keys(['example_branch_operator']) retrieved from /usr/local/python/3.10.4/lib/python3.10/site-packages/airflow/example_dags/example_branch_operator.py
[2023-05-05T18:33:45.045+0000] {logging_mixin.py:137} INFO - [2023-05-05T18:33:45.045+0000] {dag.py:2690} INFO - Sync 1 DAGs
[2023-05-05T18:33:45.066+0000] {logging_mixin.py:137} INFO - [2023-05-05T18:33:45.066+0000] {dag.py:3437} INFO - Setting next_dagrun for example_branch_operator to 2023-05-04T00:00:00+00:00, run_after=2023-05-05T00:00:00+00:00
[2023-05-05T18:33:45.121+0000] {processor.py:175} INFO - Processing /usr/local/python/3.10.4/lib/python3.10/site-packages/airflow/example_dags/example_branch_operator.py took 0.118 seconds
[2023-05-05T18:34:36.028+0000] {processor.py:153} INFO - Started process (PID=11267) to work on /usr/local/python/3.10.4/lib/python3.10/site-packages/airflow/example_dags/example_branch_operator.py
[2023-05-05T18:34:36.029+0000] {processor.py:743} INFO - Processing file /usr/local/python/3.10.4/lib/python3.10/site-packages/airflow/example_dags/example_branch_operator.py for tasks to queue
[2023-05-05T18:34:36.030+0000] {logging_mixin.py:137} INFO - [2023-05-05T18:34:36.030+0000] {dagbag.py:538} INFO - Filling up the DagBag from /usr/local/python/3.10.4/lib/python3.10/site-packages/airflow/example_dags/example_branch_operator.py
[2023-05-05T18:34:36.049+0000] {processor.py:753} INFO - DAG(s) dict_keys(['example_branch_operator']) retrieved from /usr/local/python/3.10.4/lib/python3.10/site-packages/airflow/example_dags/example_branch_operator.py
[2023-05-05T18:34:36.068+0000] {logging_mixin.py:137} INFO - [2023-05-05T18:34:36.068+0000] {dag.py:2690} INFO - Sync 1 DAGs
[2023-05-05T18:34:36.087+0000] {logging_mixin.py:137} INFO - [2023-05-05T18:34:36.087+0000] {dag.py:3437} INFO - Setting next_dagrun for example_branch_operator to 2023-05-04T00:00:00+00:00, run_after=2023-05-05T00:00:00+00:00
[2023-05-05T18:34:36.141+0000] {processor.py:175} INFO - Processing /usr/local/python/3.10.4/lib/python3.10/site-packages/airflow/example_dags/example_branch_operator.py took 0.117 seconds
