[2023-05-05T18:22:28.455+0000] {processor.py:153} INFO - Started process (PID=4869) to work on /usr/local/python/3.10.4/lib/python3.10/site-packages/airflow/example_dags/example_bash_operator.py
[2023-05-05T18:22:28.456+0000] {processor.py:743} INFO - Processing file /usr/local/python/3.10.4/lib/python3.10/site-packages/airflow/example_dags/example_bash_operator.py for tasks to queue
[2023-05-05T18:22:28.456+0000] {logging_mixin.py:137} INFO - [2023-05-05T18:22:28.456+0000] {dagbag.py:538} INFO - Filling up the DagBag from /usr/local/python/3.10.4/lib/python3.10/site-packages/airflow/example_dags/example_bash_operator.py
[2023-05-05T18:22:28.481+0000] {processor.py:753} INFO - DAG(s) dict_keys(['example_bash_operator']) retrieved from /usr/local/python/3.10.4/lib/python3.10/site-packages/airflow/example_dags/example_bash_operator.py
[2023-05-05T18:22:28.666+0000] {logging_mixin.py:137} INFO - [2023-05-05T18:22:28.665+0000] {manager.py:504} INFO - Created Permission View: can delete on DAG:example_bash_operator
[2023-05-05T18:22:28.709+0000] {logging_mixin.py:137} INFO - [2023-05-05T18:22:28.709+0000] {manager.py:504} INFO - Created Permission View: can read on DAG:example_bash_operator
[2023-05-05T18:22:28.752+0000] {logging_mixin.py:137} INFO - [2023-05-05T18:22:28.752+0000] {manager.py:504} INFO - Created Permission View: can edit on DAG:example_bash_operator
[2023-05-05T18:22:28.752+0000] {logging_mixin.py:137} INFO - [2023-05-05T18:22:28.752+0000] {dag.py:2690} INFO - Sync 1 DAGs
[2023-05-05T18:22:28.762+0000] {logging_mixin.py:137} INFO - [2023-05-05T18:22:28.762+0000] {dag.py:2711} INFO - Creating ORM DAG for example_bash_operator
[2023-05-05T18:22:28.771+0000] {logging_mixin.py:137} INFO - [2023-05-05T18:22:28.771+0000] {dag.py:3437} INFO - Setting next_dagrun for example_bash_operator to 2023-05-04T00:00:00+00:00, run_after=2023-05-05T00:00:00+00:00
[2023-05-05T18:22:28.843+0000] {processor.py:175} INFO - Processing /usr/local/python/3.10.4/lib/python3.10/site-packages/airflow/example_dags/example_bash_operator.py took 0.392 seconds
[2023-05-05T18:23:17.277+0000] {processor.py:153} INFO - Started process (PID=5207) to work on /usr/local/python/3.10.4/lib/python3.10/site-packages/airflow/example_dags/example_bash_operator.py
[2023-05-05T18:23:17.278+0000] {processor.py:743} INFO - Processing file /usr/local/python/3.10.4/lib/python3.10/site-packages/airflow/example_dags/example_bash_operator.py for tasks to queue
[2023-05-05T18:23:17.279+0000] {logging_mixin.py:137} INFO - [2023-05-05T18:23:17.279+0000] {dagbag.py:538} INFO - Filling up the DagBag from /usr/local/python/3.10.4/lib/python3.10/site-packages/airflow/example_dags/example_bash_operator.py
[2023-05-05T18:23:17.301+0000] {processor.py:753} INFO - DAG(s) dict_keys(['example_bash_operator']) retrieved from /usr/local/python/3.10.4/lib/python3.10/site-packages/airflow/example_dags/example_bash_operator.py
[2023-05-05T18:23:17.331+0000] {logging_mixin.py:137} INFO - [2023-05-05T18:23:17.331+0000] {dag.py:2690} INFO - Sync 1 DAGs
[2023-05-05T18:23:17.510+0000] {logging_mixin.py:137} INFO - [2023-05-05T18:23:17.510+0000] {dag.py:3437} INFO - Setting next_dagrun for example_bash_operator to 2023-05-04T00:00:00+00:00, run_after=2023-05-05T00:00:00+00:00
[2023-05-05T18:23:17.563+0000] {processor.py:175} INFO - Processing /usr/local/python/3.10.4/lib/python3.10/site-packages/airflow/example_dags/example_bash_operator.py took 0.290 seconds
[2023-05-05T18:24:13.467+0000] {processor.py:153} INFO - Started process (PID=5598) to work on /usr/local/python/3.10.4/lib/python3.10/site-packages/airflow/example_dags/example_bash_operator.py
[2023-05-05T18:24:13.469+0000] {processor.py:743} INFO - Processing file /usr/local/python/3.10.4/lib/python3.10/site-packages/airflow/example_dags/example_bash_operator.py for tasks to queue
[2023-05-05T18:24:13.469+0000] {logging_mixin.py:137} INFO - [2023-05-05T18:24:13.469+0000] {dagbag.py:538} INFO - Filling up the DagBag from /usr/local/python/3.10.4/lib/python3.10/site-packages/airflow/example_dags/example_bash_operator.py
[2023-05-05T18:24:13.492+0000] {processor.py:753} INFO - DAG(s) dict_keys(['example_bash_operator']) retrieved from /usr/local/python/3.10.4/lib/python3.10/site-packages/airflow/example_dags/example_bash_operator.py
[2023-05-05T18:24:13.521+0000] {logging_mixin.py:137} INFO - [2023-05-05T18:24:13.521+0000] {dag.py:2690} INFO - Sync 1 DAGs
[2023-05-05T18:24:13.540+0000] {logging_mixin.py:137} INFO - [2023-05-05T18:24:13.540+0000] {dag.py:3437} INFO - Setting next_dagrun for example_bash_operator to 2023-05-04T00:00:00+00:00, run_after=2023-05-05T00:00:00+00:00
[2023-05-05T18:24:13.595+0000] {processor.py:175} INFO - Processing /usr/local/python/3.10.4/lib/python3.10/site-packages/airflow/example_dags/example_bash_operator.py took 0.131 seconds
[2023-05-05T18:25:02.379+0000] {processor.py:153} INFO - Started process (PID=5956) to work on /usr/local/python/3.10.4/lib/python3.10/site-packages/airflow/example_dags/example_bash_operator.py
[2023-05-05T18:25:02.380+0000] {processor.py:743} INFO - Processing file /usr/local/python/3.10.4/lib/python3.10/site-packages/airflow/example_dags/example_bash_operator.py for tasks to queue
[2023-05-05T18:25:02.381+0000] {logging_mixin.py:137} INFO - [2023-05-05T18:25:02.381+0000] {dagbag.py:538} INFO - Filling up the DagBag from /usr/local/python/3.10.4/lib/python3.10/site-packages/airflow/example_dags/example_bash_operator.py
[2023-05-05T18:25:02.403+0000] {processor.py:753} INFO - DAG(s) dict_keys(['example_bash_operator']) retrieved from /usr/local/python/3.10.4/lib/python3.10/site-packages/airflow/example_dags/example_bash_operator.py
[2023-05-05T18:25:02.433+0000] {logging_mixin.py:137} INFO - [2023-05-05T18:25:02.433+0000] {dag.py:2690} INFO - Sync 1 DAGs
[2023-05-05T18:25:02.453+0000] {logging_mixin.py:137} INFO - [2023-05-05T18:25:02.452+0000] {dag.py:3437} INFO - Setting next_dagrun for example_bash_operator to 2023-05-04T00:00:00+00:00, run_after=2023-05-05T00:00:00+00:00
[2023-05-05T18:25:02.508+0000] {processor.py:175} INFO - Processing /usr/local/python/3.10.4/lib/python3.10/site-packages/airflow/example_dags/example_bash_operator.py took 0.133 seconds
[2023-05-05T18:25:48.906+0000] {processor.py:153} INFO - Started process (PID=6275) to work on /usr/local/python/3.10.4/lib/python3.10/site-packages/airflow/example_dags/example_bash_operator.py
[2023-05-05T18:25:48.907+0000] {processor.py:743} INFO - Processing file /usr/local/python/3.10.4/lib/python3.10/site-packages/airflow/example_dags/example_bash_operator.py for tasks to queue
[2023-05-05T18:25:48.908+0000] {logging_mixin.py:137} INFO - [2023-05-05T18:25:48.908+0000] {dagbag.py:538} INFO - Filling up the DagBag from /usr/local/python/3.10.4/lib/python3.10/site-packages/airflow/example_dags/example_bash_operator.py
[2023-05-05T18:25:48.933+0000] {processor.py:753} INFO - DAG(s) dict_keys(['example_bash_operator']) retrieved from /usr/local/python/3.10.4/lib/python3.10/site-packages/airflow/example_dags/example_bash_operator.py
[2023-05-05T18:25:48.964+0000] {logging_mixin.py:137} INFO - [2023-05-05T18:25:48.963+0000] {dag.py:2690} INFO - Sync 1 DAGs
[2023-05-05T18:25:48.984+0000] {logging_mixin.py:137} INFO - [2023-05-05T18:25:48.984+0000] {dag.py:3437} INFO - Setting next_dagrun for example_bash_operator to 2023-05-04T00:00:00+00:00, run_after=2023-05-05T00:00:00+00:00
[2023-05-05T18:25:49.043+0000] {processor.py:175} INFO - Processing /usr/local/python/3.10.4/lib/python3.10/site-packages/airflow/example_dags/example_bash_operator.py took 0.140 seconds
[2023-05-05T18:26:32.298+0000] {processor.py:153} INFO - Started process (PID=6580) to work on /usr/local/python/3.10.4/lib/python3.10/site-packages/airflow/example_dags/example_bash_operator.py
[2023-05-05T18:26:32.299+0000] {processor.py:743} INFO - Processing file /usr/local/python/3.10.4/lib/python3.10/site-packages/airflow/example_dags/example_bash_operator.py for tasks to queue
[2023-05-05T18:26:32.300+0000] {logging_mixin.py:137} INFO - [2023-05-05T18:26:32.300+0000] {dagbag.py:538} INFO - Filling up the DagBag from /usr/local/python/3.10.4/lib/python3.10/site-packages/airflow/example_dags/example_bash_operator.py
[2023-05-05T18:26:32.323+0000] {processor.py:753} INFO - DAG(s) dict_keys(['example_bash_operator']) retrieved from /usr/local/python/3.10.4/lib/python3.10/site-packages/airflow/example_dags/example_bash_operator.py
[2023-05-05T18:26:32.352+0000] {logging_mixin.py:137} INFO - [2023-05-05T18:26:32.352+0000] {dag.py:2690} INFO - Sync 1 DAGs
[2023-05-05T18:26:32.371+0000] {logging_mixin.py:137} INFO - [2023-05-05T18:26:32.371+0000] {dag.py:3437} INFO - Setting next_dagrun for example_bash_operator to 2023-05-04T00:00:00+00:00, run_after=2023-05-05T00:00:00+00:00
[2023-05-05T18:26:32.424+0000] {processor.py:175} INFO - Processing /usr/local/python/3.10.4/lib/python3.10/site-packages/airflow/example_dags/example_bash_operator.py took 0.129 seconds
[2023-05-05T18:27:21.795+0000] {processor.py:153} INFO - Started process (PID=6927) to work on /usr/local/python/3.10.4/lib/python3.10/site-packages/airflow/example_dags/example_bash_operator.py
[2023-05-05T18:27:21.796+0000] {processor.py:743} INFO - Processing file /usr/local/python/3.10.4/lib/python3.10/site-packages/airflow/example_dags/example_bash_operator.py for tasks to queue
[2023-05-05T18:27:21.797+0000] {logging_mixin.py:137} INFO - [2023-05-05T18:27:21.797+0000] {dagbag.py:538} INFO - Filling up the DagBag from /usr/local/python/3.10.4/lib/python3.10/site-packages/airflow/example_dags/example_bash_operator.py
[2023-05-05T18:27:21.820+0000] {processor.py:753} INFO - DAG(s) dict_keys(['example_bash_operator']) retrieved from /usr/local/python/3.10.4/lib/python3.10/site-packages/airflow/example_dags/example_bash_operator.py
[2023-05-05T18:27:21.850+0000] {logging_mixin.py:137} INFO - [2023-05-05T18:27:21.849+0000] {dag.py:2690} INFO - Sync 1 DAGs
[2023-05-05T18:27:21.869+0000] {logging_mixin.py:137} INFO - [2023-05-05T18:27:21.869+0000] {dag.py:3437} INFO - Setting next_dagrun for example_bash_operator to 2023-05-04T00:00:00+00:00, run_after=2023-05-05T00:00:00+00:00
[2023-05-05T18:27:21.922+0000] {processor.py:175} INFO - Processing /usr/local/python/3.10.4/lib/python3.10/site-packages/airflow/example_dags/example_bash_operator.py took 0.130 seconds
[2023-05-05T18:28:09.984+0000] {processor.py:153} INFO - Started process (PID=7517) to work on /usr/local/python/3.10.4/lib/python3.10/site-packages/airflow/example_dags/example_bash_operator.py
[2023-05-05T18:28:09.985+0000] {processor.py:743} INFO - Processing file /usr/local/python/3.10.4/lib/python3.10/site-packages/airflow/example_dags/example_bash_operator.py for tasks to queue
[2023-05-05T18:28:09.986+0000] {logging_mixin.py:137} INFO - [2023-05-05T18:28:09.986+0000] {dagbag.py:538} INFO - Filling up the DagBag from /usr/local/python/3.10.4/lib/python3.10/site-packages/airflow/example_dags/example_bash_operator.py
[2023-05-05T18:28:10.016+0000] {processor.py:753} INFO - DAG(s) dict_keys(['example_bash_operator']) retrieved from /usr/local/python/3.10.4/lib/python3.10/site-packages/airflow/example_dags/example_bash_operator.py
[2023-05-05T18:28:10.047+0000] {logging_mixin.py:137} INFO - [2023-05-05T18:28:10.047+0000] {dag.py:2690} INFO - Sync 1 DAGs
[2023-05-05T18:28:10.067+0000] {logging_mixin.py:137} INFO - [2023-05-05T18:28:10.067+0000] {dag.py:3437} INFO - Setting next_dagrun for example_bash_operator to 2023-05-04T00:00:00+00:00, run_after=2023-05-05T00:00:00+00:00
[2023-05-05T18:28:10.131+0000] {processor.py:175} INFO - Processing /usr/local/python/3.10.4/lib/python3.10/site-packages/airflow/example_dags/example_bash_operator.py took 0.152 seconds
[2023-05-05T18:29:02.213+0000] {processor.py:153} INFO - Started process (PID=8172) to work on /usr/local/python/3.10.4/lib/python3.10/site-packages/airflow/example_dags/example_bash_operator.py
[2023-05-05T18:29:02.214+0000] {processor.py:743} INFO - Processing file /usr/local/python/3.10.4/lib/python3.10/site-packages/airflow/example_dags/example_bash_operator.py for tasks to queue
[2023-05-05T18:29:02.215+0000] {logging_mixin.py:137} INFO - [2023-05-05T18:29:02.215+0000] {dagbag.py:538} INFO - Filling up the DagBag from /usr/local/python/3.10.4/lib/python3.10/site-packages/airflow/example_dags/example_bash_operator.py
[2023-05-05T18:29:02.237+0000] {processor.py:753} INFO - DAG(s) dict_keys(['example_bash_operator']) retrieved from /usr/local/python/3.10.4/lib/python3.10/site-packages/airflow/example_dags/example_bash_operator.py
[2023-05-05T18:29:02.265+0000] {logging_mixin.py:137} INFO - [2023-05-05T18:29:02.265+0000] {dag.py:2690} INFO - Sync 1 DAGs
[2023-05-05T18:29:02.285+0000] {logging_mixin.py:137} INFO - [2023-05-05T18:29:02.285+0000] {dag.py:3437} INFO - Setting next_dagrun for example_bash_operator to 2023-05-04T00:00:00+00:00, run_after=2023-05-05T00:00:00+00:00
[2023-05-05T18:29:02.339+0000] {processor.py:175} INFO - Processing /usr/local/python/3.10.4/lib/python3.10/site-packages/airflow/example_dags/example_bash_operator.py took 0.129 seconds
[2023-05-05T18:29:45.276+0000] {processor.py:153} INFO - Started process (PID=8540) to work on /usr/local/python/3.10.4/lib/python3.10/site-packages/airflow/example_dags/example_bash_operator.py
[2023-05-05T18:29:45.277+0000] {processor.py:743} INFO - Processing file /usr/local/python/3.10.4/lib/python3.10/site-packages/airflow/example_dags/example_bash_operator.py for tasks to queue
[2023-05-05T18:29:45.278+0000] {logging_mixin.py:137} INFO - [2023-05-05T18:29:45.278+0000] {dagbag.py:538} INFO - Filling up the DagBag from /usr/local/python/3.10.4/lib/python3.10/site-packages/airflow/example_dags/example_bash_operator.py
[2023-05-05T18:29:45.300+0000] {processor.py:753} INFO - DAG(s) dict_keys(['example_bash_operator']) retrieved from /usr/local/python/3.10.4/lib/python3.10/site-packages/airflow/example_dags/example_bash_operator.py
[2023-05-05T18:29:45.330+0000] {logging_mixin.py:137} INFO - [2023-05-05T18:29:45.330+0000] {dag.py:2690} INFO - Sync 1 DAGs
[2023-05-05T18:29:45.364+0000] {logging_mixin.py:137} INFO - [2023-05-05T18:29:45.364+0000] {dag.py:3437} INFO - Setting next_dagrun for example_bash_operator to 2023-05-04T00:00:00+00:00, run_after=2023-05-05T00:00:00+00:00
[2023-05-05T18:29:45.418+0000] {processor.py:175} INFO - Processing /usr/local/python/3.10.4/lib/python3.10/site-packages/airflow/example_dags/example_bash_operator.py took 0.146 seconds
[2023-05-05T18:30:33.733+0000] {processor.py:153} INFO - Started process (PID=8978) to work on /usr/local/python/3.10.4/lib/python3.10/site-packages/airflow/example_dags/example_bash_operator.py
[2023-05-05T18:30:33.734+0000] {processor.py:743} INFO - Processing file /usr/local/python/3.10.4/lib/python3.10/site-packages/airflow/example_dags/example_bash_operator.py for tasks to queue
[2023-05-05T18:30:33.735+0000] {logging_mixin.py:137} INFO - [2023-05-05T18:30:33.735+0000] {dagbag.py:538} INFO - Filling up the DagBag from /usr/local/python/3.10.4/lib/python3.10/site-packages/airflow/example_dags/example_bash_operator.py
[2023-05-05T18:30:33.758+0000] {processor.py:753} INFO - DAG(s) dict_keys(['example_bash_operator']) retrieved from /usr/local/python/3.10.4/lib/python3.10/site-packages/airflow/example_dags/example_bash_operator.py
[2023-05-05T18:30:33.788+0000] {logging_mixin.py:137} INFO - [2023-05-05T18:30:33.788+0000] {dag.py:2690} INFO - Sync 1 DAGs
[2023-05-05T18:30:33.808+0000] {logging_mixin.py:137} INFO - [2023-05-05T18:30:33.808+0000] {dag.py:3437} INFO - Setting next_dagrun for example_bash_operator to 2023-05-04T00:00:00+00:00, run_after=2023-05-05T00:00:00+00:00
[2023-05-05T18:30:33.866+0000] {processor.py:175} INFO - Processing /usr/local/python/3.10.4/lib/python3.10/site-packages/airflow/example_dags/example_bash_operator.py took 0.137 seconds
[2023-05-05T18:31:23.311+0000] {processor.py:153} INFO - Started process (PID=9400) to work on /usr/local/python/3.10.4/lib/python3.10/site-packages/airflow/example_dags/example_bash_operator.py
[2023-05-05T18:31:23.312+0000] {processor.py:743} INFO - Processing file /usr/local/python/3.10.4/lib/python3.10/site-packages/airflow/example_dags/example_bash_operator.py for tasks to queue
[2023-05-05T18:31:23.313+0000] {logging_mixin.py:137} INFO - [2023-05-05T18:31:23.312+0000] {dagbag.py:538} INFO - Filling up the DagBag from /usr/local/python/3.10.4/lib/python3.10/site-packages/airflow/example_dags/example_bash_operator.py
[2023-05-05T18:31:23.336+0000] {processor.py:753} INFO - DAG(s) dict_keys(['example_bash_operator']) retrieved from /usr/local/python/3.10.4/lib/python3.10/site-packages/airflow/example_dags/example_bash_operator.py
[2023-05-05T18:31:23.365+0000] {logging_mixin.py:137} INFO - [2023-05-05T18:31:23.365+0000] {dag.py:2690} INFO - Sync 1 DAGs
[2023-05-05T18:31:23.384+0000] {logging_mixin.py:137} INFO - [2023-05-05T18:31:23.384+0000] {dag.py:3437} INFO - Setting next_dagrun for example_bash_operator to 2023-05-04T00:00:00+00:00, run_after=2023-05-05T00:00:00+00:00
[2023-05-05T18:31:23.433+0000] {processor.py:175} INFO - Processing /usr/local/python/3.10.4/lib/python3.10/site-packages/airflow/example_dags/example_bash_operator.py took 0.126 seconds
[2023-05-05T18:32:13.563+0000] {processor.py:153} INFO - Started process (PID=9932) to work on /usr/local/python/3.10.4/lib/python3.10/site-packages/airflow/example_dags/example_bash_operator.py
[2023-05-05T18:32:13.564+0000] {processor.py:743} INFO - Processing file /usr/local/python/3.10.4/lib/python3.10/site-packages/airflow/example_dags/example_bash_operator.py for tasks to queue
[2023-05-05T18:32:13.565+0000] {logging_mixin.py:137} INFO - [2023-05-05T18:32:13.565+0000] {dagbag.py:538} INFO - Filling up the DagBag from /usr/local/python/3.10.4/lib/python3.10/site-packages/airflow/example_dags/example_bash_operator.py
[2023-05-05T18:32:13.588+0000] {processor.py:753} INFO - DAG(s) dict_keys(['example_bash_operator']) retrieved from /usr/local/python/3.10.4/lib/python3.10/site-packages/airflow/example_dags/example_bash_operator.py
[2023-05-05T18:32:13.618+0000] {logging_mixin.py:137} INFO - [2023-05-05T18:32:13.617+0000] {dag.py:2690} INFO - Sync 1 DAGs
[2023-05-05T18:32:13.637+0000] {logging_mixin.py:137} INFO - [2023-05-05T18:32:13.637+0000] {dag.py:3437} INFO - Setting next_dagrun for example_bash_operator to 2023-05-04T00:00:00+00:00, run_after=2023-05-05T00:00:00+00:00
[2023-05-05T18:32:13.689+0000] {processor.py:175} INFO - Processing /usr/local/python/3.10.4/lib/python3.10/site-packages/airflow/example_dags/example_bash_operator.py took 0.129 seconds
[2023-05-05T18:32:54.845+0000] {processor.py:153} INFO - Started process (PID=10286) to work on /usr/local/python/3.10.4/lib/python3.10/site-packages/airflow/example_dags/example_bash_operator.py
[2023-05-05T18:32:54.846+0000] {processor.py:743} INFO - Processing file /usr/local/python/3.10.4/lib/python3.10/site-packages/airflow/example_dags/example_bash_operator.py for tasks to queue
[2023-05-05T18:32:54.847+0000] {logging_mixin.py:137} INFO - [2023-05-05T18:32:54.847+0000] {dagbag.py:538} INFO - Filling up the DagBag from /usr/local/python/3.10.4/lib/python3.10/site-packages/airflow/example_dags/example_bash_operator.py
[2023-05-05T18:32:54.871+0000] {processor.py:753} INFO - DAG(s) dict_keys(['example_bash_operator']) retrieved from /usr/local/python/3.10.4/lib/python3.10/site-packages/airflow/example_dags/example_bash_operator.py
[2023-05-05T18:32:54.904+0000] {logging_mixin.py:137} INFO - [2023-05-05T18:32:54.903+0000] {dag.py:2690} INFO - Sync 1 DAGs
[2023-05-05T18:32:54.924+0000] {logging_mixin.py:137} INFO - [2023-05-05T18:32:54.924+0000] {dag.py:3437} INFO - Setting next_dagrun for example_bash_operator to 2023-05-04T00:00:00+00:00, run_after=2023-05-05T00:00:00+00:00
[2023-05-05T18:32:54.979+0000] {processor.py:175} INFO - Processing /usr/local/python/3.10.4/lib/python3.10/site-packages/airflow/example_dags/example_bash_operator.py took 0.137 seconds
[2023-05-05T18:33:43.702+0000] {processor.py:153} INFO - Started process (PID=10722) to work on /usr/local/python/3.10.4/lib/python3.10/site-packages/airflow/example_dags/example_bash_operator.py
[2023-05-05T18:33:43.703+0000] {processor.py:743} INFO - Processing file /usr/local/python/3.10.4/lib/python3.10/site-packages/airflow/example_dags/example_bash_operator.py for tasks to queue
[2023-05-05T18:33:43.704+0000] {logging_mixin.py:137} INFO - [2023-05-05T18:33:43.704+0000] {dagbag.py:538} INFO - Filling up the DagBag from /usr/local/python/3.10.4/lib/python3.10/site-packages/airflow/example_dags/example_bash_operator.py
[2023-05-05T18:33:43.736+0000] {processor.py:753} INFO - DAG(s) dict_keys(['example_bash_operator']) retrieved from /usr/local/python/3.10.4/lib/python3.10/site-packages/airflow/example_dags/example_bash_operator.py
[2023-05-05T18:33:43.765+0000] {logging_mixin.py:137} INFO - [2023-05-05T18:33:43.765+0000] {dag.py:2690} INFO - Sync 1 DAGs
[2023-05-05T18:33:43.786+0000] {logging_mixin.py:137} INFO - [2023-05-05T18:33:43.786+0000] {dag.py:3437} INFO - Setting next_dagrun for example_bash_operator to 2023-05-04T00:00:00+00:00, run_after=2023-05-05T00:00:00+00:00
[2023-05-05T18:33:43.845+0000] {processor.py:175} INFO - Processing /usr/local/python/3.10.4/lib/python3.10/site-packages/airflow/example_dags/example_bash_operator.py took 0.146 seconds
[2023-05-05T18:34:35.140+0000] {processor.py:153} INFO - Started process (PID=11251) to work on /usr/local/python/3.10.4/lib/python3.10/site-packages/airflow/example_dags/example_bash_operator.py
[2023-05-05T18:34:35.141+0000] {processor.py:743} INFO - Processing file /usr/local/python/3.10.4/lib/python3.10/site-packages/airflow/example_dags/example_bash_operator.py for tasks to queue
[2023-05-05T18:34:35.142+0000] {logging_mixin.py:137} INFO - [2023-05-05T18:34:35.142+0000] {dagbag.py:538} INFO - Filling up the DagBag from /usr/local/python/3.10.4/lib/python3.10/site-packages/airflow/example_dags/example_bash_operator.py
[2023-05-05T18:34:35.165+0000] {processor.py:753} INFO - DAG(s) dict_keys(['example_bash_operator']) retrieved from /usr/local/python/3.10.4/lib/python3.10/site-packages/airflow/example_dags/example_bash_operator.py
[2023-05-05T18:34:35.195+0000] {logging_mixin.py:137} INFO - [2023-05-05T18:34:35.195+0000] {dag.py:2690} INFO - Sync 1 DAGs
[2023-05-05T18:34:35.215+0000] {logging_mixin.py:137} INFO - [2023-05-05T18:34:35.215+0000] {dag.py:3437} INFO - Setting next_dagrun for example_bash_operator to 2023-05-04T00:00:00+00:00, run_after=2023-05-05T00:00:00+00:00
[2023-05-05T18:34:35.274+0000] {processor.py:175} INFO - Processing /usr/local/python/3.10.4/lib/python3.10/site-packages/airflow/example_dags/example_bash_operator.py took 0.137 seconds
