[2023-05-05T18:22:35.099+0000] {processor.py:153} INFO - Started process (PID=4921) to work on /usr/local/python/3.10.4/lib/python3.10/site-packages/airflow/example_dags/example_branch_operator_decorator.py
[2023-05-05T18:22:35.103+0000] {processor.py:743} INFO - Processing file /usr/local/python/3.10.4/lib/python3.10/site-packages/airflow/example_dags/example_branch_operator_decorator.py for tasks to queue
[2023-05-05T18:22:35.105+0000] {logging_mixin.py:137} INFO - [2023-05-05T18:22:35.105+0000] {dagbag.py:538} INFO - Filling up the DagBag from /usr/local/python/3.10.4/lib/python3.10/site-packages/airflow/example_dags/example_branch_operator_decorator.py
[2023-05-05T18:22:35.139+0000] {processor.py:753} INFO - DAG(s) dict_keys(['example_branch_python_operator_decorator']) retrieved from /usr/local/python/3.10.4/lib/python3.10/site-packages/airflow/example_dags/example_branch_operator_decorator.py
[2023-05-05T18:22:35.323+0000] {logging_mixin.py:137} INFO - [2023-05-05T18:22:35.323+0000] {manager.py:504} INFO - Created Permission View: can delete on DAG:example_branch_python_operator_decorator
[2023-05-05T18:22:35.375+0000] {logging_mixin.py:137} INFO - [2023-05-05T18:22:35.375+0000] {manager.py:504} INFO - Created Permission View: can read on DAG:example_branch_python_operator_decorator
[2023-05-05T18:22:35.419+0000] {logging_mixin.py:137} INFO - [2023-05-05T18:22:35.418+0000] {manager.py:504} INFO - Created Permission View: can edit on DAG:example_branch_python_operator_decorator
[2023-05-05T18:22:35.419+0000] {logging_mixin.py:137} INFO - [2023-05-05T18:22:35.419+0000] {dag.py:2690} INFO - Sync 1 DAGs
[2023-05-05T18:22:35.429+0000] {logging_mixin.py:137} INFO - [2023-05-05T18:22:35.428+0000] {dag.py:2711} INFO - Creating ORM DAG for example_branch_python_operator_decorator
[2023-05-05T18:22:35.438+0000] {logging_mixin.py:137} INFO - [2023-05-05T18:22:35.438+0000] {dag.py:3437} INFO - Setting next_dagrun for example_branch_python_operator_decorator to 2023-05-04T00:00:00+00:00, run_after=2023-05-05T00:00:00+00:00
[2023-05-05T18:22:35.648+0000] {processor.py:175} INFO - Processing /usr/local/python/3.10.4/lib/python3.10/site-packages/airflow/example_dags/example_branch_operator_decorator.py took 0.557 seconds
[2023-05-05T18:23:33.434+0000] {processor.py:153} INFO - Started process (PID=5322) to work on /usr/local/python/3.10.4/lib/python3.10/site-packages/airflow/example_dags/example_branch_operator_decorator.py
[2023-05-05T18:23:33.435+0000] {processor.py:743} INFO - Processing file /usr/local/python/3.10.4/lib/python3.10/site-packages/airflow/example_dags/example_branch_operator_decorator.py for tasks to queue
[2023-05-05T18:23:33.436+0000] {logging_mixin.py:137} INFO - [2023-05-05T18:23:33.436+0000] {dagbag.py:538} INFO - Filling up the DagBag from /usr/local/python/3.10.4/lib/python3.10/site-packages/airflow/example_dags/example_branch_operator_decorator.py
[2023-05-05T18:23:33.463+0000] {processor.py:753} INFO - DAG(s) dict_keys(['example_branch_python_operator_decorator']) retrieved from /usr/local/python/3.10.4/lib/python3.10/site-packages/airflow/example_dags/example_branch_operator_decorator.py
[2023-05-05T18:23:33.607+0000] {logging_mixin.py:137} INFO - [2023-05-05T18:23:33.606+0000] {dag.py:2690} INFO - Sync 1 DAGs
[2023-05-05T18:23:33.625+0000] {logging_mixin.py:137} INFO - [2023-05-05T18:23:33.625+0000] {dag.py:3437} INFO - Setting next_dagrun for example_branch_python_operator_decorator to 2023-05-04T00:00:00+00:00, run_after=2023-05-05T00:00:00+00:00
[2023-05-05T18:23:33.678+0000] {processor.py:175} INFO - Processing /usr/local/python/3.10.4/lib/python3.10/site-packages/airflow/example_dags/example_branch_operator_decorator.py took 0.247 seconds
[2023-05-05T18:24:24.703+0000] {processor.py:153} INFO - Started process (PID=5689) to work on /usr/local/python/3.10.4/lib/python3.10/site-packages/airflow/example_dags/example_branch_operator_decorator.py
[2023-05-05T18:24:24.704+0000] {processor.py:743} INFO - Processing file /usr/local/python/3.10.4/lib/python3.10/site-packages/airflow/example_dags/example_branch_operator_decorator.py for tasks to queue
[2023-05-05T18:24:24.705+0000] {logging_mixin.py:137} INFO - [2023-05-05T18:24:24.705+0000] {dagbag.py:538} INFO - Filling up the DagBag from /usr/local/python/3.10.4/lib/python3.10/site-packages/airflow/example_dags/example_branch_operator_decorator.py
[2023-05-05T18:24:24.735+0000] {processor.py:753} INFO - DAG(s) dict_keys(['example_branch_python_operator_decorator']) retrieved from /usr/local/python/3.10.4/lib/python3.10/site-packages/airflow/example_dags/example_branch_operator_decorator.py
[2023-05-05T18:24:24.756+0000] {logging_mixin.py:137} INFO - [2023-05-05T18:24:24.755+0000] {dag.py:2690} INFO - Sync 1 DAGs
[2023-05-05T18:24:24.775+0000] {logging_mixin.py:137} INFO - [2023-05-05T18:24:24.775+0000] {dag.py:3437} INFO - Setting next_dagrun for example_branch_python_operator_decorator to 2023-05-04T00:00:00+00:00, run_after=2023-05-05T00:00:00+00:00
[2023-05-05T18:24:24.828+0000] {processor.py:175} INFO - Processing /usr/local/python/3.10.4/lib/python3.10/site-packages/airflow/example_dags/example_branch_operator_decorator.py took 0.128 seconds
[2023-05-05T18:25:15.261+0000] {processor.py:153} INFO - Started process (PID=6057) to work on /usr/local/python/3.10.4/lib/python3.10/site-packages/airflow/example_dags/example_branch_operator_decorator.py
[2023-05-05T18:25:15.262+0000] {processor.py:743} INFO - Processing file /usr/local/python/3.10.4/lib/python3.10/site-packages/airflow/example_dags/example_branch_operator_decorator.py for tasks to queue
[2023-05-05T18:25:15.263+0000] {logging_mixin.py:137} INFO - [2023-05-05T18:25:15.263+0000] {dagbag.py:538} INFO - Filling up the DagBag from /usr/local/python/3.10.4/lib/python3.10/site-packages/airflow/example_dags/example_branch_operator_decorator.py
[2023-05-05T18:25:15.292+0000] {processor.py:753} INFO - DAG(s) dict_keys(['example_branch_python_operator_decorator']) retrieved from /usr/local/python/3.10.4/lib/python3.10/site-packages/airflow/example_dags/example_branch_operator_decorator.py
[2023-05-05T18:25:15.312+0000] {logging_mixin.py:137} INFO - [2023-05-05T18:25:15.312+0000] {dag.py:2690} INFO - Sync 1 DAGs
[2023-05-05T18:25:15.332+0000] {logging_mixin.py:137} INFO - [2023-05-05T18:25:15.332+0000] {dag.py:3437} INFO - Setting next_dagrun for example_branch_python_operator_decorator to 2023-05-04T00:00:00+00:00, run_after=2023-05-05T00:00:00+00:00
[2023-05-05T18:25:15.385+0000] {processor.py:175} INFO - Processing /usr/local/python/3.10.4/lib/python3.10/site-packages/airflow/example_dags/example_branch_operator_decorator.py took 0.127 seconds
[2023-05-05T18:26:03.251+0000] {processor.py:153} INFO - Started process (PID=6367) to work on /usr/local/python/3.10.4/lib/python3.10/site-packages/airflow/example_dags/example_branch_operator_decorator.py
[2023-05-05T18:26:03.253+0000] {processor.py:743} INFO - Processing file /usr/local/python/3.10.4/lib/python3.10/site-packages/airflow/example_dags/example_branch_operator_decorator.py for tasks to queue
[2023-05-05T18:26:03.253+0000] {logging_mixin.py:137} INFO - [2023-05-05T18:26:03.253+0000] {dagbag.py:538} INFO - Filling up the DagBag from /usr/local/python/3.10.4/lib/python3.10/site-packages/airflow/example_dags/example_branch_operator_decorator.py
[2023-05-05T18:26:03.282+0000] {processor.py:753} INFO - DAG(s) dict_keys(['example_branch_python_operator_decorator']) retrieved from /usr/local/python/3.10.4/lib/python3.10/site-packages/airflow/example_dags/example_branch_operator_decorator.py
[2023-05-05T18:26:03.305+0000] {logging_mixin.py:137} INFO - [2023-05-05T18:26:03.305+0000] {dag.py:2690} INFO - Sync 1 DAGs
[2023-05-05T18:26:03.326+0000] {logging_mixin.py:137} INFO - [2023-05-05T18:26:03.326+0000] {dag.py:3437} INFO - Setting next_dagrun for example_branch_python_operator_decorator to 2023-05-04T00:00:00+00:00, run_after=2023-05-05T00:00:00+00:00
[2023-05-05T18:26:03.379+0000] {processor.py:175} INFO - Processing /usr/local/python/3.10.4/lib/python3.10/site-packages/airflow/example_dags/example_branch_operator_decorator.py took 0.131 seconds
[2023-05-05T18:26:45.272+0000] {processor.py:153} INFO - Started process (PID=6670) to work on /usr/local/python/3.10.4/lib/python3.10/site-packages/airflow/example_dags/example_branch_operator_decorator.py
[2023-05-05T18:26:45.274+0000] {processor.py:743} INFO - Processing file /usr/local/python/3.10.4/lib/python3.10/site-packages/airflow/example_dags/example_branch_operator_decorator.py for tasks to queue
[2023-05-05T18:26:45.275+0000] {logging_mixin.py:137} INFO - [2023-05-05T18:26:45.275+0000] {dagbag.py:538} INFO - Filling up the DagBag from /usr/local/python/3.10.4/lib/python3.10/site-packages/airflow/example_dags/example_branch_operator_decorator.py
[2023-05-05T18:26:45.316+0000] {processor.py:753} INFO - DAG(s) dict_keys(['example_branch_python_operator_decorator']) retrieved from /usr/local/python/3.10.4/lib/python3.10/site-packages/airflow/example_dags/example_branch_operator_decorator.py
[2023-05-05T18:26:45.337+0000] {logging_mixin.py:137} INFO - [2023-05-05T18:26:45.336+0000] {dag.py:2690} INFO - Sync 1 DAGs
[2023-05-05T18:26:45.356+0000] {logging_mixin.py:137} INFO - [2023-05-05T18:26:45.356+0000] {dag.py:3437} INFO - Setting next_dagrun for example_branch_python_operator_decorator to 2023-05-04T00:00:00+00:00, run_after=2023-05-05T00:00:00+00:00
[2023-05-05T18:26:45.407+0000] {processor.py:175} INFO - Processing /usr/local/python/3.10.4/lib/python3.10/site-packages/airflow/example_dags/example_branch_operator_decorator.py took 0.139 seconds
[2023-05-05T18:27:35.290+0000] {processor.py:153} INFO - Started process (PID=7025) to work on /usr/local/python/3.10.4/lib/python3.10/site-packages/airflow/example_dags/example_branch_operator_decorator.py
[2023-05-05T18:27:35.291+0000] {processor.py:743} INFO - Processing file /usr/local/python/3.10.4/lib/python3.10/site-packages/airflow/example_dags/example_branch_operator_decorator.py for tasks to queue
[2023-05-05T18:27:35.292+0000] {logging_mixin.py:137} INFO - [2023-05-05T18:27:35.292+0000] {dagbag.py:538} INFO - Filling up the DagBag from /usr/local/python/3.10.4/lib/python3.10/site-packages/airflow/example_dags/example_branch_operator_decorator.py
[2023-05-05T18:27:35.319+0000] {processor.py:753} INFO - DAG(s) dict_keys(['example_branch_python_operator_decorator']) retrieved from /usr/local/python/3.10.4/lib/python3.10/site-packages/airflow/example_dags/example_branch_operator_decorator.py
[2023-05-05T18:27:35.339+0000] {logging_mixin.py:137} INFO - [2023-05-05T18:27:35.339+0000] {dag.py:2690} INFO - Sync 1 DAGs
[2023-05-05T18:27:35.361+0000] {logging_mixin.py:137} INFO - [2023-05-05T18:27:35.360+0000] {dag.py:3437} INFO - Setting next_dagrun for example_branch_python_operator_decorator to 2023-05-04T00:00:00+00:00, run_after=2023-05-05T00:00:00+00:00
[2023-05-05T18:27:35.415+0000] {processor.py:175} INFO - Processing /usr/local/python/3.10.4/lib/python3.10/site-packages/airflow/example_dags/example_branch_operator_decorator.py took 0.128 seconds
[2023-05-05T18:28:24.032+0000] {processor.py:153} INFO - Started process (PID=7920) to work on /usr/local/python/3.10.4/lib/python3.10/site-packages/airflow/example_dags/example_branch_operator_decorator.py
[2023-05-05T18:28:24.034+0000] {processor.py:743} INFO - Processing file /usr/local/python/3.10.4/lib/python3.10/site-packages/airflow/example_dags/example_branch_operator_decorator.py for tasks to queue
[2023-05-05T18:28:24.035+0000] {logging_mixin.py:137} INFO - [2023-05-05T18:28:24.034+0000] {dagbag.py:538} INFO - Filling up the DagBag from /usr/local/python/3.10.4/lib/python3.10/site-packages/airflow/example_dags/example_branch_operator_decorator.py
[2023-05-05T18:28:24.062+0000] {processor.py:753} INFO - DAG(s) dict_keys(['example_branch_python_operator_decorator']) retrieved from /usr/local/python/3.10.4/lib/python3.10/site-packages/airflow/example_dags/example_branch_operator_decorator.py
[2023-05-05T18:28:24.081+0000] {logging_mixin.py:137} INFO - [2023-05-05T18:28:24.081+0000] {dag.py:2690} INFO - Sync 1 DAGs
[2023-05-05T18:28:24.101+0000] {logging_mixin.py:137} INFO - [2023-05-05T18:28:24.100+0000] {dag.py:3437} INFO - Setting next_dagrun for example_branch_python_operator_decorator to 2023-05-04T00:00:00+00:00, run_after=2023-05-05T00:00:00+00:00
[2023-05-05T18:28:24.153+0000] {processor.py:175} INFO - Processing /usr/local/python/3.10.4/lib/python3.10/site-packages/airflow/example_dags/example_branch_operator_decorator.py took 0.124 seconds
[2023-05-05T18:29:16.917+0000] {processor.py:153} INFO - Started process (PID=8296) to work on /usr/local/python/3.10.4/lib/python3.10/site-packages/airflow/example_dags/example_branch_operator_decorator.py
[2023-05-05T18:29:16.918+0000] {processor.py:743} INFO - Processing file /usr/local/python/3.10.4/lib/python3.10/site-packages/airflow/example_dags/example_branch_operator_decorator.py for tasks to queue
[2023-05-05T18:29:16.919+0000] {logging_mixin.py:137} INFO - [2023-05-05T18:29:16.919+0000] {dagbag.py:538} INFO - Filling up the DagBag from /usr/local/python/3.10.4/lib/python3.10/site-packages/airflow/example_dags/example_branch_operator_decorator.py
[2023-05-05T18:29:16.948+0000] {processor.py:753} INFO - DAG(s) dict_keys(['example_branch_python_operator_decorator']) retrieved from /usr/local/python/3.10.4/lib/python3.10/site-packages/airflow/example_dags/example_branch_operator_decorator.py
[2023-05-05T18:29:16.966+0000] {logging_mixin.py:137} INFO - [2023-05-05T18:29:16.966+0000] {dag.py:2690} INFO - Sync 1 DAGs
[2023-05-05T18:29:16.985+0000] {logging_mixin.py:137} INFO - [2023-05-05T18:29:16.985+0000] {dag.py:3437} INFO - Setting next_dagrun for example_branch_python_operator_decorator to 2023-05-04T00:00:00+00:00, run_after=2023-05-05T00:00:00+00:00
[2023-05-05T18:29:17.041+0000] {processor.py:175} INFO - Processing /usr/local/python/3.10.4/lib/python3.10/site-packages/airflow/example_dags/example_branch_operator_decorator.py took 0.127 seconds
[2023-05-05T18:30:09.106+0000] {processor.py:153} INFO - Started process (PID=8760) to work on /usr/local/python/3.10.4/lib/python3.10/site-packages/airflow/example_dags/example_branch_operator_decorator.py
[2023-05-05T18:30:09.108+0000] {processor.py:743} INFO - Processing file /usr/local/python/3.10.4/lib/python3.10/site-packages/airflow/example_dags/example_branch_operator_decorator.py for tasks to queue
[2023-05-05T18:30:09.109+0000] {logging_mixin.py:137} INFO - [2023-05-05T18:30:09.109+0000] {dagbag.py:538} INFO - Filling up the DagBag from /usr/local/python/3.10.4/lib/python3.10/site-packages/airflow/example_dags/example_branch_operator_decorator.py
[2023-05-05T18:30:09.138+0000] {processor.py:753} INFO - DAG(s) dict_keys(['example_branch_python_operator_decorator']) retrieved from /usr/local/python/3.10.4/lib/python3.10/site-packages/airflow/example_dags/example_branch_operator_decorator.py
[2023-05-05T18:30:09.158+0000] {logging_mixin.py:137} INFO - [2023-05-05T18:30:09.158+0000] {dag.py:2690} INFO - Sync 1 DAGs
[2023-05-05T18:30:09.178+0000] {logging_mixin.py:137} INFO - [2023-05-05T18:30:09.178+0000] {dag.py:3437} INFO - Setting next_dagrun for example_branch_python_operator_decorator to 2023-05-04T00:00:00+00:00, run_after=2023-05-05T00:00:00+00:00
[2023-05-05T18:30:09.232+0000] {processor.py:175} INFO - Processing /usr/local/python/3.10.4/lib/python3.10/site-packages/airflow/example_dags/example_branch_operator_decorator.py took 0.129 seconds
[2023-05-05T18:31:00.409+0000] {processor.py:153} INFO - Started process (PID=9202) to work on /usr/local/python/3.10.4/lib/python3.10/site-packages/airflow/example_dags/example_branch_operator_decorator.py
[2023-05-05T18:31:00.410+0000] {processor.py:743} INFO - Processing file /usr/local/python/3.10.4/lib/python3.10/site-packages/airflow/example_dags/example_branch_operator_decorator.py for tasks to queue
[2023-05-05T18:31:00.411+0000] {logging_mixin.py:137} INFO - [2023-05-05T18:31:00.411+0000] {dagbag.py:538} INFO - Filling up the DagBag from /usr/local/python/3.10.4/lib/python3.10/site-packages/airflow/example_dags/example_branch_operator_decorator.py
[2023-05-05T18:31:00.439+0000] {processor.py:753} INFO - DAG(s) dict_keys(['example_branch_python_operator_decorator']) retrieved from /usr/local/python/3.10.4/lib/python3.10/site-packages/airflow/example_dags/example_branch_operator_decorator.py
[2023-05-05T18:31:00.458+0000] {logging_mixin.py:137} INFO - [2023-05-05T18:31:00.458+0000] {dag.py:2690} INFO - Sync 1 DAGs
[2023-05-05T18:31:00.478+0000] {logging_mixin.py:137} INFO - [2023-05-05T18:31:00.478+0000] {dag.py:3437} INFO - Setting next_dagrun for example_branch_python_operator_decorator to 2023-05-04T00:00:00+00:00, run_after=2023-05-05T00:00:00+00:00
[2023-05-05T18:31:00.540+0000] {processor.py:175} INFO - Processing /usr/local/python/3.10.4/lib/python3.10/site-packages/airflow/example_dags/example_branch_operator_decorator.py took 0.134 seconds
[2023-05-05T18:31:49.021+0000] {processor.py:153} INFO - Started process (PID=9657) to work on /usr/local/python/3.10.4/lib/python3.10/site-packages/airflow/example_dags/example_branch_operator_decorator.py
[2023-05-05T18:31:49.022+0000] {processor.py:743} INFO - Processing file /usr/local/python/3.10.4/lib/python3.10/site-packages/airflow/example_dags/example_branch_operator_decorator.py for tasks to queue
[2023-05-05T18:31:49.023+0000] {logging_mixin.py:137} INFO - [2023-05-05T18:31:49.023+0000] {dagbag.py:538} INFO - Filling up the DagBag from /usr/local/python/3.10.4/lib/python3.10/site-packages/airflow/example_dags/example_branch_operator_decorator.py
[2023-05-05T18:31:49.054+0000] {processor.py:753} INFO - DAG(s) dict_keys(['example_branch_python_operator_decorator']) retrieved from /usr/local/python/3.10.4/lib/python3.10/site-packages/airflow/example_dags/example_branch_operator_decorator.py
[2023-05-05T18:31:49.076+0000] {logging_mixin.py:137} INFO - [2023-05-05T18:31:49.076+0000] {dag.py:2690} INFO - Sync 1 DAGs
[2023-05-05T18:31:49.097+0000] {logging_mixin.py:137} INFO - [2023-05-05T18:31:49.097+0000] {dag.py:3437} INFO - Setting next_dagrun for example_branch_python_operator_decorator to 2023-05-04T00:00:00+00:00, run_after=2023-05-05T00:00:00+00:00
[2023-05-05T18:31:49.171+0000] {processor.py:175} INFO - Processing /usr/local/python/3.10.4/lib/python3.10/site-packages/airflow/example_dags/example_branch_operator_decorator.py took 0.154 seconds
[2023-05-05T18:32:42.941+0000] {processor.py:153} INFO - Started process (PID=10185) to work on /usr/local/python/3.10.4/lib/python3.10/site-packages/airflow/example_dags/example_branch_operator_decorator.py
[2023-05-05T18:32:42.942+0000] {processor.py:743} INFO - Processing file /usr/local/python/3.10.4/lib/python3.10/site-packages/airflow/example_dags/example_branch_operator_decorator.py for tasks to queue
[2023-05-05T18:32:42.943+0000] {logging_mixin.py:137} INFO - [2023-05-05T18:32:42.943+0000] {dagbag.py:538} INFO - Filling up the DagBag from /usr/local/python/3.10.4/lib/python3.10/site-packages/airflow/example_dags/example_branch_operator_decorator.py
[2023-05-05T18:32:42.970+0000] {processor.py:753} INFO - DAG(s) dict_keys(['example_branch_python_operator_decorator']) retrieved from /usr/local/python/3.10.4/lib/python3.10/site-packages/airflow/example_dags/example_branch_operator_decorator.py
[2023-05-05T18:32:42.989+0000] {logging_mixin.py:137} INFO - [2023-05-05T18:32:42.989+0000] {dag.py:2690} INFO - Sync 1 DAGs
[2023-05-05T18:32:43.009+0000] {logging_mixin.py:137} INFO - [2023-05-05T18:32:43.009+0000] {dag.py:3437} INFO - Setting next_dagrun for example_branch_python_operator_decorator to 2023-05-04T00:00:00+00:00, run_after=2023-05-05T00:00:00+00:00
[2023-05-05T18:32:43.061+0000] {processor.py:175} INFO - Processing /usr/local/python/3.10.4/lib/python3.10/site-packages/airflow/example_dags/example_branch_operator_decorator.py took 0.124 seconds
[2023-05-05T18:33:33.128+0000] {processor.py:153} INFO - Started process (PID=10629) to work on /usr/local/python/3.10.4/lib/python3.10/site-packages/airflow/example_dags/example_branch_operator_decorator.py
[2023-05-05T18:33:33.129+0000] {processor.py:743} INFO - Processing file /usr/local/python/3.10.4/lib/python3.10/site-packages/airflow/example_dags/example_branch_operator_decorator.py for tasks to queue
[2023-05-05T18:33:33.130+0000] {logging_mixin.py:137} INFO - [2023-05-05T18:33:33.129+0000] {dagbag.py:538} INFO - Filling up the DagBag from /usr/local/python/3.10.4/lib/python3.10/site-packages/airflow/example_dags/example_branch_operator_decorator.py
[2023-05-05T18:33:33.158+0000] {processor.py:753} INFO - DAG(s) dict_keys(['example_branch_python_operator_decorator']) retrieved from /usr/local/python/3.10.4/lib/python3.10/site-packages/airflow/example_dags/example_branch_operator_decorator.py
[2023-05-05T18:33:33.177+0000] {logging_mixin.py:137} INFO - [2023-05-05T18:33:33.177+0000] {dag.py:2690} INFO - Sync 1 DAGs
[2023-05-05T18:33:33.197+0000] {logging_mixin.py:137} INFO - [2023-05-05T18:33:33.197+0000] {dag.py:3437} INFO - Setting next_dagrun for example_branch_python_operator_decorator to 2023-05-04T00:00:00+00:00, run_after=2023-05-05T00:00:00+00:00
[2023-05-05T18:33:33.259+0000] {processor.py:175} INFO - Processing /usr/local/python/3.10.4/lib/python3.10/site-packages/airflow/example_dags/example_branch_operator_decorator.py took 0.135 seconds
[2023-05-05T18:34:24.800+0000] {processor.py:153} INFO - Started process (PID=11150) to work on /usr/local/python/3.10.4/lib/python3.10/site-packages/airflow/example_dags/example_branch_operator_decorator.py
[2023-05-05T18:34:24.801+0000] {processor.py:743} INFO - Processing file /usr/local/python/3.10.4/lib/python3.10/site-packages/airflow/example_dags/example_branch_operator_decorator.py for tasks to queue
[2023-05-05T18:34:24.802+0000] {logging_mixin.py:137} INFO - [2023-05-05T18:34:24.802+0000] {dagbag.py:538} INFO - Filling up the DagBag from /usr/local/python/3.10.4/lib/python3.10/site-packages/airflow/example_dags/example_branch_operator_decorator.py
[2023-05-05T18:34:24.834+0000] {processor.py:753} INFO - DAG(s) dict_keys(['example_branch_python_operator_decorator']) retrieved from /usr/local/python/3.10.4/lib/python3.10/site-packages/airflow/example_dags/example_branch_operator_decorator.py
[2023-05-05T18:34:24.855+0000] {logging_mixin.py:137} INFO - [2023-05-05T18:34:24.855+0000] {dag.py:2690} INFO - Sync 1 DAGs
[2023-05-05T18:34:24.876+0000] {logging_mixin.py:137} INFO - [2023-05-05T18:34:24.876+0000] {dag.py:3437} INFO - Setting next_dagrun for example_branch_python_operator_decorator to 2023-05-04T00:00:00+00:00, run_after=2023-05-05T00:00:00+00:00
[2023-05-05T18:34:24.954+0000] {processor.py:175} INFO - Processing /usr/local/python/3.10.4/lib/python3.10/site-packages/airflow/example_dags/example_branch_operator_decorator.py took 0.157 seconds
