[2023-05-05T18:22:36.730+0000] {processor.py:153} INFO - Started process (PID=4935) to work on /usr/local/python/3.10.4/lib/python3.10/site-packages/airflow/example_dags/example_branch_day_of_week_operator.py
[2023-05-05T18:22:36.731+0000] {processor.py:743} INFO - Processing file /usr/local/python/3.10.4/lib/python3.10/site-packages/airflow/example_dags/example_branch_day_of_week_operator.py for tasks to queue
[2023-05-05T18:22:36.732+0000] {logging_mixin.py:137} INFO - [2023-05-05T18:22:36.732+0000] {dagbag.py:538} INFO - Filling up the DagBag from /usr/local/python/3.10.4/lib/python3.10/site-packages/airflow/example_dags/example_branch_day_of_week_operator.py
[2023-05-05T18:22:36.750+0000] {processor.py:753} INFO - DAG(s) dict_keys(['example_weekday_branch_operator']) retrieved from /usr/local/python/3.10.4/lib/python3.10/site-packages/airflow/example_dags/example_branch_day_of_week_operator.py
[2023-05-05T18:22:36.932+0000] {logging_mixin.py:137} INFO - [2023-05-05T18:22:36.932+0000] {manager.py:504} INFO - Created Permission View: can delete on DAG:example_weekday_branch_operator
[2023-05-05T18:22:36.975+0000] {logging_mixin.py:137} INFO - [2023-05-05T18:22:36.975+0000] {manager.py:504} INFO - Created Permission View: can read on DAG:example_weekday_branch_operator
[2023-05-05T18:22:37.017+0000] {logging_mixin.py:137} INFO - [2023-05-05T18:22:37.017+0000] {manager.py:504} INFO - Created Permission View: can edit on DAG:example_weekday_branch_operator
[2023-05-05T18:22:37.017+0000] {logging_mixin.py:137} INFO - [2023-05-05T18:22:37.017+0000] {dag.py:2690} INFO - Sync 1 DAGs
[2023-05-05T18:22:37.026+0000] {logging_mixin.py:137} INFO - [2023-05-05T18:22:37.026+0000] {dag.py:2711} INFO - Creating ORM DAG for example_weekday_branch_operator
[2023-05-05T18:22:37.037+0000] {logging_mixin.py:137} INFO - [2023-05-05T18:22:37.037+0000] {dag.py:3437} INFO - Setting next_dagrun for example_weekday_branch_operator to 2023-05-04T00:00:00+00:00, run_after=2023-05-05T00:00:00+00:00
[2023-05-05T18:22:37.096+0000] {processor.py:175} INFO - Processing /usr/local/python/3.10.4/lib/python3.10/site-packages/airflow/example_dags/example_branch_day_of_week_operator.py took 0.369 seconds
[2023-05-05T18:23:34.773+0000] {processor.py:153} INFO - Started process (PID=5335) to work on /usr/local/python/3.10.4/lib/python3.10/site-packages/airflow/example_dags/example_branch_day_of_week_operator.py
[2023-05-05T18:23:34.774+0000] {processor.py:743} INFO - Processing file /usr/local/python/3.10.4/lib/python3.10/site-packages/airflow/example_dags/example_branch_day_of_week_operator.py for tasks to queue
[2023-05-05T18:23:34.774+0000] {logging_mixin.py:137} INFO - [2023-05-05T18:23:34.774+0000] {dagbag.py:538} INFO - Filling up the DagBag from /usr/local/python/3.10.4/lib/python3.10/site-packages/airflow/example_dags/example_branch_day_of_week_operator.py
[2023-05-05T18:23:34.791+0000] {processor.py:753} INFO - DAG(s) dict_keys(['example_weekday_branch_operator']) retrieved from /usr/local/python/3.10.4/lib/python3.10/site-packages/airflow/example_dags/example_branch_day_of_week_operator.py
[2023-05-05T18:23:34.935+0000] {logging_mixin.py:137} INFO - [2023-05-05T18:23:34.935+0000] {dag.py:2690} INFO - Sync 1 DAGs
[2023-05-05T18:23:34.952+0000] {logging_mixin.py:137} INFO - [2023-05-05T18:23:34.952+0000] {dag.py:3437} INFO - Setting next_dagrun for example_weekday_branch_operator to 2023-05-04T00:00:00+00:00, run_after=2023-05-05T00:00:00+00:00
[2023-05-05T18:23:35.023+0000] {processor.py:175} INFO - Processing /usr/local/python/3.10.4/lib/python3.10/site-packages/airflow/example_dags/example_branch_day_of_week_operator.py took 0.254 seconds
[2023-05-05T18:24:25.986+0000] {processor.py:153} INFO - Started process (PID=5696) to work on /usr/local/python/3.10.4/lib/python3.10/site-packages/airflow/example_dags/example_branch_day_of_week_operator.py
[2023-05-05T18:24:25.987+0000] {processor.py:743} INFO - Processing file /usr/local/python/3.10.4/lib/python3.10/site-packages/airflow/example_dags/example_branch_day_of_week_operator.py for tasks to queue
[2023-05-05T18:24:25.988+0000] {logging_mixin.py:137} INFO - [2023-05-05T18:24:25.988+0000] {dagbag.py:538} INFO - Filling up the DagBag from /usr/local/python/3.10.4/lib/python3.10/site-packages/airflow/example_dags/example_branch_day_of_week_operator.py
[2023-05-05T18:24:26.005+0000] {processor.py:753} INFO - DAG(s) dict_keys(['example_weekday_branch_operator']) retrieved from /usr/local/python/3.10.4/lib/python3.10/site-packages/airflow/example_dags/example_branch_day_of_week_operator.py
[2023-05-05T18:24:26.028+0000] {logging_mixin.py:137} INFO - [2023-05-05T18:24:26.028+0000] {dag.py:2690} INFO - Sync 1 DAGs
[2023-05-05T18:24:26.059+0000] {logging_mixin.py:137} INFO - [2023-05-05T18:24:26.058+0000] {dag.py:3437} INFO - Setting next_dagrun for example_weekday_branch_operator to 2023-05-04T00:00:00+00:00, run_after=2023-05-05T00:00:00+00:00
[2023-05-05T18:24:26.112+0000] {processor.py:175} INFO - Processing /usr/local/python/3.10.4/lib/python3.10/site-packages/airflow/example_dags/example_branch_day_of_week_operator.py took 0.130 seconds
[2023-05-05T18:25:16.520+0000] {processor.py:153} INFO - Started process (PID=6064) to work on /usr/local/python/3.10.4/lib/python3.10/site-packages/airflow/example_dags/example_branch_day_of_week_operator.py
[2023-05-05T18:25:16.521+0000] {processor.py:743} INFO - Processing file /usr/local/python/3.10.4/lib/python3.10/site-packages/airflow/example_dags/example_branch_day_of_week_operator.py for tasks to queue
[2023-05-05T18:25:16.522+0000] {logging_mixin.py:137} INFO - [2023-05-05T18:25:16.522+0000] {dagbag.py:538} INFO - Filling up the DagBag from /usr/local/python/3.10.4/lib/python3.10/site-packages/airflow/example_dags/example_branch_day_of_week_operator.py
[2023-05-05T18:25:16.539+0000] {processor.py:753} INFO - DAG(s) dict_keys(['example_weekday_branch_operator']) retrieved from /usr/local/python/3.10.4/lib/python3.10/site-packages/airflow/example_dags/example_branch_day_of_week_operator.py
[2023-05-05T18:25:16.558+0000] {logging_mixin.py:137} INFO - [2023-05-05T18:25:16.558+0000] {dag.py:2690} INFO - Sync 1 DAGs
[2023-05-05T18:25:16.578+0000] {logging_mixin.py:137} INFO - [2023-05-05T18:25:16.578+0000] {dag.py:3437} INFO - Setting next_dagrun for example_weekday_branch_operator to 2023-05-04T00:00:00+00:00, run_after=2023-05-05T00:00:00+00:00
[2023-05-05T18:25:16.632+0000] {processor.py:175} INFO - Processing /usr/local/python/3.10.4/lib/python3.10/site-packages/airflow/example_dags/example_branch_day_of_week_operator.py took 0.115 seconds
[2023-05-05T18:26:03.491+0000] {processor.py:153} INFO - Started process (PID=6368) to work on /usr/local/python/3.10.4/lib/python3.10/site-packages/airflow/example_dags/example_branch_day_of_week_operator.py
[2023-05-05T18:26:03.493+0000] {processor.py:743} INFO - Processing file /usr/local/python/3.10.4/lib/python3.10/site-packages/airflow/example_dags/example_branch_day_of_week_operator.py for tasks to queue
[2023-05-05T18:26:03.493+0000] {logging_mixin.py:137} INFO - [2023-05-05T18:26:03.493+0000] {dagbag.py:538} INFO - Filling up the DagBag from /usr/local/python/3.10.4/lib/python3.10/site-packages/airflow/example_dags/example_branch_day_of_week_operator.py
[2023-05-05T18:26:03.514+0000] {processor.py:753} INFO - DAG(s) dict_keys(['example_weekday_branch_operator']) retrieved from /usr/local/python/3.10.4/lib/python3.10/site-packages/airflow/example_dags/example_branch_day_of_week_operator.py
[2023-05-05T18:26:03.532+0000] {logging_mixin.py:137} INFO - [2023-05-05T18:26:03.532+0000] {dag.py:2690} INFO - Sync 1 DAGs
[2023-05-05T18:26:03.552+0000] {logging_mixin.py:137} INFO - [2023-05-05T18:26:03.552+0000] {dag.py:3437} INFO - Setting next_dagrun for example_weekday_branch_operator to 2023-05-04T00:00:00+00:00, run_after=2023-05-05T00:00:00+00:00
[2023-05-05T18:26:03.603+0000] {processor.py:175} INFO - Processing /usr/local/python/3.10.4/lib/python3.10/site-packages/airflow/example_dags/example_branch_day_of_week_operator.py took 0.115 seconds
[2023-05-05T18:26:46.251+0000] {processor.py:153} INFO - Started process (PID=6671) to work on /usr/local/python/3.10.4/lib/python3.10/site-packages/airflow/example_dags/example_branch_day_of_week_operator.py
[2023-05-05T18:26:46.252+0000] {processor.py:743} INFO - Processing file /usr/local/python/3.10.4/lib/python3.10/site-packages/airflow/example_dags/example_branch_day_of_week_operator.py for tasks to queue
[2023-05-05T18:26:46.253+0000] {logging_mixin.py:137} INFO - [2023-05-05T18:26:46.253+0000] {dagbag.py:538} INFO - Filling up the DagBag from /usr/local/python/3.10.4/lib/python3.10/site-packages/airflow/example_dags/example_branch_day_of_week_operator.py
[2023-05-05T18:26:46.270+0000] {processor.py:753} INFO - DAG(s) dict_keys(['example_weekday_branch_operator']) retrieved from /usr/local/python/3.10.4/lib/python3.10/site-packages/airflow/example_dags/example_branch_day_of_week_operator.py
[2023-05-05T18:26:46.289+0000] {logging_mixin.py:137} INFO - [2023-05-05T18:26:46.289+0000] {dag.py:2690} INFO - Sync 1 DAGs
[2023-05-05T18:26:46.308+0000] {logging_mixin.py:137} INFO - [2023-05-05T18:26:46.308+0000] {dag.py:3437} INFO - Setting next_dagrun for example_weekday_branch_operator to 2023-05-04T00:00:00+00:00, run_after=2023-05-05T00:00:00+00:00
[2023-05-05T18:26:46.400+0000] {processor.py:175} INFO - Processing /usr/local/python/3.10.4/lib/python3.10/site-packages/airflow/example_dags/example_branch_day_of_week_operator.py took 0.153 seconds
[2023-05-05T18:27:35.795+0000] {processor.py:153} INFO - Started process (PID=7034) to work on /usr/local/python/3.10.4/lib/python3.10/site-packages/airflow/example_dags/example_branch_day_of_week_operator.py
[2023-05-05T18:27:35.796+0000] {processor.py:743} INFO - Processing file /usr/local/python/3.10.4/lib/python3.10/site-packages/airflow/example_dags/example_branch_day_of_week_operator.py for tasks to queue
[2023-05-05T18:27:35.797+0000] {logging_mixin.py:137} INFO - [2023-05-05T18:27:35.797+0000] {dagbag.py:538} INFO - Filling up the DagBag from /usr/local/python/3.10.4/lib/python3.10/site-packages/airflow/example_dags/example_branch_day_of_week_operator.py
[2023-05-05T18:27:35.814+0000] {processor.py:753} INFO - DAG(s) dict_keys(['example_weekday_branch_operator']) retrieved from /usr/local/python/3.10.4/lib/python3.10/site-packages/airflow/example_dags/example_branch_day_of_week_operator.py
[2023-05-05T18:27:35.834+0000] {logging_mixin.py:137} INFO - [2023-05-05T18:27:35.834+0000] {dag.py:2690} INFO - Sync 1 DAGs
[2023-05-05T18:27:35.854+0000] {logging_mixin.py:137} INFO - [2023-05-05T18:27:35.854+0000] {dag.py:3437} INFO - Setting next_dagrun for example_weekday_branch_operator to 2023-05-04T00:00:00+00:00, run_after=2023-05-05T00:00:00+00:00
[2023-05-05T18:27:35.906+0000] {processor.py:175} INFO - Processing /usr/local/python/3.10.4/lib/python3.10/site-packages/airflow/example_dags/example_branch_day_of_week_operator.py took 0.115 seconds
[2023-05-05T18:28:24.483+0000] {processor.py:153} INFO - Started process (PID=7921) to work on /usr/local/python/3.10.4/lib/python3.10/site-packages/airflow/example_dags/example_branch_day_of_week_operator.py
[2023-05-05T18:28:24.485+0000] {processor.py:743} INFO - Processing file /usr/local/python/3.10.4/lib/python3.10/site-packages/airflow/example_dags/example_branch_day_of_week_operator.py for tasks to queue
[2023-05-05T18:28:24.486+0000] {logging_mixin.py:137} INFO - [2023-05-05T18:28:24.485+0000] {dagbag.py:538} INFO - Filling up the DagBag from /usr/local/python/3.10.4/lib/python3.10/site-packages/airflow/example_dags/example_branch_day_of_week_operator.py
[2023-05-05T18:28:24.503+0000] {processor.py:753} INFO - DAG(s) dict_keys(['example_weekday_branch_operator']) retrieved from /usr/local/python/3.10.4/lib/python3.10/site-packages/airflow/example_dags/example_branch_day_of_week_operator.py
[2023-05-05T18:28:24.523+0000] {logging_mixin.py:137} INFO - [2023-05-05T18:28:24.523+0000] {dag.py:2690} INFO - Sync 1 DAGs
[2023-05-05T18:28:24.543+0000] {logging_mixin.py:137} INFO - [2023-05-05T18:28:24.543+0000] {dag.py:3437} INFO - Setting next_dagrun for example_weekday_branch_operator to 2023-05-04T00:00:00+00:00, run_after=2023-05-05T00:00:00+00:00
[2023-05-05T18:28:24.592+0000] {processor.py:175} INFO - Processing /usr/local/python/3.10.4/lib/python3.10/site-packages/airflow/example_dags/example_branch_day_of_week_operator.py took 0.112 seconds
[2023-05-05T18:29:18.222+0000] {processor.py:153} INFO - Started process (PID=8303) to work on /usr/local/python/3.10.4/lib/python3.10/site-packages/airflow/example_dags/example_branch_day_of_week_operator.py
[2023-05-05T18:29:18.223+0000] {processor.py:743} INFO - Processing file /usr/local/python/3.10.4/lib/python3.10/site-packages/airflow/example_dags/example_branch_day_of_week_operator.py for tasks to queue
[2023-05-05T18:29:18.224+0000] {logging_mixin.py:137} INFO - [2023-05-05T18:29:18.223+0000] {dagbag.py:538} INFO - Filling up the DagBag from /usr/local/python/3.10.4/lib/python3.10/site-packages/airflow/example_dags/example_branch_day_of_week_operator.py
[2023-05-05T18:29:18.241+0000] {processor.py:753} INFO - DAG(s) dict_keys(['example_weekday_branch_operator']) retrieved from /usr/local/python/3.10.4/lib/python3.10/site-packages/airflow/example_dags/example_branch_day_of_week_operator.py
[2023-05-05T18:29:18.260+0000] {logging_mixin.py:137} INFO - [2023-05-05T18:29:18.260+0000] {dag.py:2690} INFO - Sync 1 DAGs
[2023-05-05T18:29:18.281+0000] {logging_mixin.py:137} INFO - [2023-05-05T18:29:18.281+0000] {dag.py:3437} INFO - Setting next_dagrun for example_weekday_branch_operator to 2023-05-04T00:00:00+00:00, run_after=2023-05-05T00:00:00+00:00
[2023-05-05T18:29:18.333+0000] {processor.py:175} INFO - Processing /usr/local/python/3.10.4/lib/python3.10/site-packages/airflow/example_dags/example_branch_day_of_week_operator.py took 0.115 seconds
[2023-05-05T18:30:10.409+0000] {processor.py:153} INFO - Started process (PID=8767) to work on /usr/local/python/3.10.4/lib/python3.10/site-packages/airflow/example_dags/example_branch_day_of_week_operator.py
[2023-05-05T18:30:10.410+0000] {processor.py:743} INFO - Processing file /usr/local/python/3.10.4/lib/python3.10/site-packages/airflow/example_dags/example_branch_day_of_week_operator.py for tasks to queue
[2023-05-05T18:30:10.411+0000] {logging_mixin.py:137} INFO - [2023-05-05T18:30:10.410+0000] {dagbag.py:538} INFO - Filling up the DagBag from /usr/local/python/3.10.4/lib/python3.10/site-packages/airflow/example_dags/example_branch_day_of_week_operator.py
[2023-05-05T18:30:10.428+0000] {processor.py:753} INFO - DAG(s) dict_keys(['example_weekday_branch_operator']) retrieved from /usr/local/python/3.10.4/lib/python3.10/site-packages/airflow/example_dags/example_branch_day_of_week_operator.py
[2023-05-05T18:30:10.447+0000] {logging_mixin.py:137} INFO - [2023-05-05T18:30:10.446+0000] {dag.py:2690} INFO - Sync 1 DAGs
[2023-05-05T18:30:10.473+0000] {logging_mixin.py:137} INFO - [2023-05-05T18:30:10.473+0000] {dag.py:3437} INFO - Setting next_dagrun for example_weekday_branch_operator to 2023-05-04T00:00:00+00:00, run_after=2023-05-05T00:00:00+00:00
[2023-05-05T18:30:10.526+0000] {processor.py:175} INFO - Processing /usr/local/python/3.10.4/lib/python3.10/site-packages/airflow/example_dags/example_branch_day_of_week_operator.py took 0.121 seconds
[2023-05-05T18:31:01.341+0000] {processor.py:153} INFO - Started process (PID=9206) to work on /usr/local/python/3.10.4/lib/python3.10/site-packages/airflow/example_dags/example_branch_day_of_week_operator.py
[2023-05-05T18:31:01.343+0000] {processor.py:743} INFO - Processing file /usr/local/python/3.10.4/lib/python3.10/site-packages/airflow/example_dags/example_branch_day_of_week_operator.py for tasks to queue
[2023-05-05T18:31:01.344+0000] {logging_mixin.py:137} INFO - [2023-05-05T18:31:01.343+0000] {dagbag.py:538} INFO - Filling up the DagBag from /usr/local/python/3.10.4/lib/python3.10/site-packages/airflow/example_dags/example_branch_day_of_week_operator.py
[2023-05-05T18:31:01.361+0000] {processor.py:753} INFO - DAG(s) dict_keys(['example_weekday_branch_operator']) retrieved from /usr/local/python/3.10.4/lib/python3.10/site-packages/airflow/example_dags/example_branch_day_of_week_operator.py
[2023-05-05T18:31:01.380+0000] {logging_mixin.py:137} INFO - [2023-05-05T18:31:01.380+0000] {dag.py:2690} INFO - Sync 1 DAGs
[2023-05-05T18:31:01.399+0000] {logging_mixin.py:137} INFO - [2023-05-05T18:31:01.399+0000] {dag.py:3437} INFO - Setting next_dagrun for example_weekday_branch_operator to 2023-05-04T00:00:00+00:00, run_after=2023-05-05T00:00:00+00:00
[2023-05-05T18:31:01.452+0000] {processor.py:175} INFO - Processing /usr/local/python/3.10.4/lib/python3.10/site-packages/airflow/example_dags/example_branch_day_of_week_operator.py took 0.117 seconds
[2023-05-05T18:31:50.263+0000] {processor.py:153} INFO - Started process (PID=9664) to work on /usr/local/python/3.10.4/lib/python3.10/site-packages/airflow/example_dags/example_branch_day_of_week_operator.py
[2023-05-05T18:31:50.265+0000] {processor.py:743} INFO - Processing file /usr/local/python/3.10.4/lib/python3.10/site-packages/airflow/example_dags/example_branch_day_of_week_operator.py for tasks to queue
[2023-05-05T18:31:50.265+0000] {logging_mixin.py:137} INFO - [2023-05-05T18:31:50.265+0000] {dagbag.py:538} INFO - Filling up the DagBag from /usr/local/python/3.10.4/lib/python3.10/site-packages/airflow/example_dags/example_branch_day_of_week_operator.py
[2023-05-05T18:31:50.283+0000] {processor.py:753} INFO - DAG(s) dict_keys(['example_weekday_branch_operator']) retrieved from /usr/local/python/3.10.4/lib/python3.10/site-packages/airflow/example_dags/example_branch_day_of_week_operator.py
[2023-05-05T18:31:50.302+0000] {logging_mixin.py:137} INFO - [2023-05-05T18:31:50.302+0000] {dag.py:2690} INFO - Sync 1 DAGs
[2023-05-05T18:31:50.325+0000] {logging_mixin.py:137} INFO - [2023-05-05T18:31:50.324+0000] {dag.py:3437} INFO - Setting next_dagrun for example_weekday_branch_operator to 2023-05-04T00:00:00+00:00, run_after=2023-05-05T00:00:00+00:00
[2023-05-05T18:31:50.379+0000] {processor.py:175} INFO - Processing /usr/local/python/3.10.4/lib/python3.10/site-packages/airflow/example_dags/example_branch_day_of_week_operator.py took 0.119 seconds
[2023-05-05T18:32:44.208+0000] {processor.py:153} INFO - Started process (PID=10198) to work on /usr/local/python/3.10.4/lib/python3.10/site-packages/airflow/example_dags/example_branch_day_of_week_operator.py
[2023-05-05T18:32:44.209+0000] {processor.py:743} INFO - Processing file /usr/local/python/3.10.4/lib/python3.10/site-packages/airflow/example_dags/example_branch_day_of_week_operator.py for tasks to queue
[2023-05-05T18:32:44.210+0000] {logging_mixin.py:137} INFO - [2023-05-05T18:32:44.210+0000] {dagbag.py:538} INFO - Filling up the DagBag from /usr/local/python/3.10.4/lib/python3.10/site-packages/airflow/example_dags/example_branch_day_of_week_operator.py
[2023-05-05T18:32:44.227+0000] {processor.py:753} INFO - DAG(s) dict_keys(['example_weekday_branch_operator']) retrieved from /usr/local/python/3.10.4/lib/python3.10/site-packages/airflow/example_dags/example_branch_day_of_week_operator.py
[2023-05-05T18:32:44.249+0000] {logging_mixin.py:137} INFO - [2023-05-05T18:32:44.249+0000] {dag.py:2690} INFO - Sync 1 DAGs
[2023-05-05T18:32:44.268+0000] {logging_mixin.py:137} INFO - [2023-05-05T18:32:44.268+0000] {dag.py:3437} INFO - Setting next_dagrun for example_weekday_branch_operator to 2023-05-04T00:00:00+00:00, run_after=2023-05-05T00:00:00+00:00
[2023-05-05T18:32:44.322+0000] {processor.py:175} INFO - Processing /usr/local/python/3.10.4/lib/python3.10/site-packages/airflow/example_dags/example_branch_day_of_week_operator.py took 0.118 seconds
[2023-05-05T18:33:34.433+0000] {processor.py:153} INFO - Started process (PID=10636) to work on /usr/local/python/3.10.4/lib/python3.10/site-packages/airflow/example_dags/example_branch_day_of_week_operator.py
[2023-05-05T18:33:34.434+0000] {processor.py:743} INFO - Processing file /usr/local/python/3.10.4/lib/python3.10/site-packages/airflow/example_dags/example_branch_day_of_week_operator.py for tasks to queue
[2023-05-05T18:33:34.435+0000] {logging_mixin.py:137} INFO - [2023-05-05T18:33:34.435+0000] {dagbag.py:538} INFO - Filling up the DagBag from /usr/local/python/3.10.4/lib/python3.10/site-packages/airflow/example_dags/example_branch_day_of_week_operator.py
[2023-05-05T18:33:34.452+0000] {processor.py:753} INFO - DAG(s) dict_keys(['example_weekday_branch_operator']) retrieved from /usr/local/python/3.10.4/lib/python3.10/site-packages/airflow/example_dags/example_branch_day_of_week_operator.py
[2023-05-05T18:33:34.471+0000] {logging_mixin.py:137} INFO - [2023-05-05T18:33:34.471+0000] {dag.py:2690} INFO - Sync 1 DAGs
[2023-05-05T18:33:34.492+0000] {logging_mixin.py:137} INFO - [2023-05-05T18:33:34.492+0000] {dag.py:3437} INFO - Setting next_dagrun for example_weekday_branch_operator to 2023-05-04T00:00:00+00:00, run_after=2023-05-05T00:00:00+00:00
[2023-05-05T18:33:34.554+0000] {processor.py:175} INFO - Processing /usr/local/python/3.10.4/lib/python3.10/site-packages/airflow/example_dags/example_branch_day_of_week_operator.py took 0.124 seconds
[2023-05-05T18:34:25.436+0000] {processor.py:153} INFO - Started process (PID=11166) to work on /usr/local/python/3.10.4/lib/python3.10/site-packages/airflow/example_dags/example_branch_day_of_week_operator.py
[2023-05-05T18:34:25.438+0000] {processor.py:743} INFO - Processing file /usr/local/python/3.10.4/lib/python3.10/site-packages/airflow/example_dags/example_branch_day_of_week_operator.py for tasks to queue
[2023-05-05T18:34:25.439+0000] {logging_mixin.py:137} INFO - [2023-05-05T18:34:25.439+0000] {dagbag.py:538} INFO - Filling up the DagBag from /usr/local/python/3.10.4/lib/python3.10/site-packages/airflow/example_dags/example_branch_day_of_week_operator.py
[2023-05-05T18:34:25.457+0000] {processor.py:753} INFO - DAG(s) dict_keys(['example_weekday_branch_operator']) retrieved from /usr/local/python/3.10.4/lib/python3.10/site-packages/airflow/example_dags/example_branch_day_of_week_operator.py
[2023-05-05T18:34:25.479+0000] {logging_mixin.py:137} INFO - [2023-05-05T18:34:25.479+0000] {dag.py:2690} INFO - Sync 1 DAGs
[2023-05-05T18:34:25.500+0000] {logging_mixin.py:137} INFO - [2023-05-05T18:34:25.500+0000] {dag.py:3437} INFO - Setting next_dagrun for example_weekday_branch_operator to 2023-05-04T00:00:00+00:00, run_after=2023-05-05T00:00:00+00:00
[2023-05-05T18:34:25.557+0000] {processor.py:175} INFO - Processing /usr/local/python/3.10.4/lib/python3.10/site-packages/airflow/example_dags/example_branch_day_of_week_operator.py took 0.125 seconds
