[2023-05-05T18:22:20.020+0000] {processor.py:153} INFO - Started process (PID=4814) to work on /usr/local/python/3.10.4/lib/python3.10/site-packages/airflow/example_dags/example_trigger_target_dag.py
[2023-05-05T18:22:20.021+0000] {processor.py:743} INFO - Processing file /usr/local/python/3.10.4/lib/python3.10/site-packages/airflow/example_dags/example_trigger_target_dag.py for tasks to queue
[2023-05-05T18:22:20.022+0000] {logging_mixin.py:137} INFO - [2023-05-05T18:22:20.022+0000] {dagbag.py:538} INFO - Filling up the DagBag from /usr/local/python/3.10.4/lib/python3.10/site-packages/airflow/example_dags/example_trigger_target_dag.py
[2023-05-05T18:22:20.171+0000] {processor.py:753} INFO - DAG(s) dict_keys(['example_trigger_target_dag']) retrieved from /usr/local/python/3.10.4/lib/python3.10/site-packages/airflow/example_dags/example_trigger_target_dag.py
[2023-05-05T18:22:20.398+0000] {logging_mixin.py:137} INFO - [2023-05-05T18:22:20.398+0000] {manager.py:504} INFO - Created Permission View: can delete on DAG:example_trigger_target_dag
[2023-05-05T18:22:20.438+0000] {logging_mixin.py:137} INFO - [2023-05-05T18:22:20.438+0000] {manager.py:504} INFO - Created Permission View: can read on DAG:example_trigger_target_dag
[2023-05-05T18:22:20.478+0000] {logging_mixin.py:137} INFO - [2023-05-05T18:22:20.478+0000] {manager.py:504} INFO - Created Permission View: can edit on DAG:example_trigger_target_dag
[2023-05-05T18:22:20.478+0000] {logging_mixin.py:137} INFO - [2023-05-05T18:22:20.478+0000] {dag.py:2690} INFO - Sync 1 DAGs
[2023-05-05T18:22:20.488+0000] {logging_mixin.py:137} INFO - [2023-05-05T18:22:20.488+0000] {dag.py:2711} INFO - Creating ORM DAG for example_trigger_target_dag
[2023-05-05T18:22:20.496+0000] {logging_mixin.py:137} INFO - [2023-05-05T18:22:20.495+0000] {dag.py:3437} INFO - Setting next_dagrun for example_trigger_target_dag to None, run_after=None
[2023-05-05T18:22:20.547+0000] {processor.py:175} INFO - Processing /usr/local/python/3.10.4/lib/python3.10/site-packages/airflow/example_dags/example_trigger_target_dag.py took 0.531 seconds
[2023-05-05T18:23:10.712+0000] {processor.py:153} INFO - Started process (PID=5159) to work on /usr/local/python/3.10.4/lib/python3.10/site-packages/airflow/example_dags/example_trigger_target_dag.py
[2023-05-05T18:23:10.714+0000] {processor.py:743} INFO - Processing file /usr/local/python/3.10.4/lib/python3.10/site-packages/airflow/example_dags/example_trigger_target_dag.py for tasks to queue
[2023-05-05T18:23:10.714+0000] {logging_mixin.py:137} INFO - [2023-05-05T18:23:10.714+0000] {dagbag.py:538} INFO - Filling up the DagBag from /usr/local/python/3.10.4/lib/python3.10/site-packages/airflow/example_dags/example_trigger_target_dag.py
[2023-05-05T18:23:10.738+0000] {processor.py:753} INFO - DAG(s) dict_keys(['example_trigger_target_dag']) retrieved from /usr/local/python/3.10.4/lib/python3.10/site-packages/airflow/example_dags/example_trigger_target_dag.py
[2023-05-05T18:23:10.756+0000] {logging_mixin.py:137} INFO - [2023-05-05T18:23:10.756+0000] {dag.py:2690} INFO - Sync 1 DAGs
[2023-05-05T18:23:10.773+0000] {logging_mixin.py:137} INFO - [2023-05-05T18:23:10.773+0000] {dag.py:3437} INFO - Setting next_dagrun for example_trigger_target_dag to None, run_after=None
[2023-05-05T18:23:10.980+0000] {processor.py:175} INFO - Processing /usr/local/python/3.10.4/lib/python3.10/site-packages/airflow/example_dags/example_trigger_target_dag.py took 0.272 seconds
[2023-05-05T18:24:08.486+0000] {processor.py:153} INFO - Started process (PID=5551) to work on /usr/local/python/3.10.4/lib/python3.10/site-packages/airflow/example_dags/example_trigger_target_dag.py
[2023-05-05T18:24:08.487+0000] {processor.py:743} INFO - Processing file /usr/local/python/3.10.4/lib/python3.10/site-packages/airflow/example_dags/example_trigger_target_dag.py for tasks to queue
[2023-05-05T18:24:08.487+0000] {logging_mixin.py:137} INFO - [2023-05-05T18:24:08.487+0000] {dagbag.py:538} INFO - Filling up the DagBag from /usr/local/python/3.10.4/lib/python3.10/site-packages/airflow/example_dags/example_trigger_target_dag.py
[2023-05-05T18:24:08.512+0000] {processor.py:753} INFO - DAG(s) dict_keys(['example_trigger_target_dag']) retrieved from /usr/local/python/3.10.4/lib/python3.10/site-packages/airflow/example_dags/example_trigger_target_dag.py
[2023-05-05T18:24:08.530+0000] {logging_mixin.py:137} INFO - [2023-05-05T18:24:08.530+0000] {dag.py:2690} INFO - Sync 1 DAGs
[2023-05-05T18:24:08.548+0000] {logging_mixin.py:137} INFO - [2023-05-05T18:24:08.548+0000] {dag.py:3437} INFO - Setting next_dagrun for example_trigger_target_dag to None, run_after=None
[2023-05-05T18:24:08.604+0000] {processor.py:175} INFO - Processing /usr/local/python/3.10.4/lib/python3.10/site-packages/airflow/example_dags/example_trigger_target_dag.py took 0.122 seconds
[2023-05-05T18:24:48.638+0000] {processor.py:153} INFO - Started process (PID=5865) to work on /usr/local/python/3.10.4/lib/python3.10/site-packages/airflow/example_dags/example_trigger_target_dag.py
[2023-05-05T18:24:48.640+0000] {processor.py:743} INFO - Processing file /usr/local/python/3.10.4/lib/python3.10/site-packages/airflow/example_dags/example_trigger_target_dag.py for tasks to queue
[2023-05-05T18:24:48.640+0000] {logging_mixin.py:137} INFO - [2023-05-05T18:24:48.640+0000] {dagbag.py:538} INFO - Filling up the DagBag from /usr/local/python/3.10.4/lib/python3.10/site-packages/airflow/example_dags/example_trigger_target_dag.py
[2023-05-05T18:24:48.679+0000] {processor.py:753} INFO - DAG(s) dict_keys(['example_trigger_target_dag']) retrieved from /usr/local/python/3.10.4/lib/python3.10/site-packages/airflow/example_dags/example_trigger_target_dag.py
[2023-05-05T18:24:48.707+0000] {logging_mixin.py:137} INFO - [2023-05-05T18:24:48.707+0000] {dag.py:2690} INFO - Sync 1 DAGs
[2023-05-05T18:24:48.737+0000] {logging_mixin.py:137} INFO - [2023-05-05T18:24:48.737+0000] {dag.py:3437} INFO - Setting next_dagrun for example_trigger_target_dag to None, run_after=None
[2023-05-05T18:24:48.792+0000] {processor.py:175} INFO - Processing /usr/local/python/3.10.4/lib/python3.10/site-packages/airflow/example_dags/example_trigger_target_dag.py took 0.157 seconds
[2023-05-05T18:25:35.469+0000] {processor.py:153} INFO - Started process (PID=6195) to work on /usr/local/python/3.10.4/lib/python3.10/site-packages/airflow/example_dags/example_trigger_target_dag.py
[2023-05-05T18:25:35.471+0000] {processor.py:743} INFO - Processing file /usr/local/python/3.10.4/lib/python3.10/site-packages/airflow/example_dags/example_trigger_target_dag.py for tasks to queue
[2023-05-05T18:25:35.471+0000] {logging_mixin.py:137} INFO - [2023-05-05T18:25:35.471+0000] {dagbag.py:538} INFO - Filling up the DagBag from /usr/local/python/3.10.4/lib/python3.10/site-packages/airflow/example_dags/example_trigger_target_dag.py
[2023-05-05T18:25:35.495+0000] {processor.py:753} INFO - DAG(s) dict_keys(['example_trigger_target_dag']) retrieved from /usr/local/python/3.10.4/lib/python3.10/site-packages/airflow/example_dags/example_trigger_target_dag.py
[2023-05-05T18:25:35.513+0000] {logging_mixin.py:137} INFO - [2023-05-05T18:25:35.513+0000] {dag.py:2690} INFO - Sync 1 DAGs
[2023-05-05T18:25:35.533+0000] {logging_mixin.py:137} INFO - [2023-05-05T18:25:35.532+0000] {dag.py:3437} INFO - Setting next_dagrun for example_trigger_target_dag to None, run_after=None
[2023-05-05T18:25:35.617+0000] {processor.py:175} INFO - Processing /usr/local/python/3.10.4/lib/python3.10/site-packages/airflow/example_dags/example_trigger_target_dag.py took 0.151 seconds
[2023-05-05T18:26:19.029+0000] {processor.py:153} INFO - Started process (PID=6493) to work on /usr/local/python/3.10.4/lib/python3.10/site-packages/airflow/example_dags/example_trigger_target_dag.py
[2023-05-05T18:26:19.031+0000] {processor.py:743} INFO - Processing file /usr/local/python/3.10.4/lib/python3.10/site-packages/airflow/example_dags/example_trigger_target_dag.py for tasks to queue
[2023-05-05T18:26:19.031+0000] {logging_mixin.py:137} INFO - [2023-05-05T18:26:19.031+0000] {dagbag.py:538} INFO - Filling up the DagBag from /usr/local/python/3.10.4/lib/python3.10/site-packages/airflow/example_dags/example_trigger_target_dag.py
[2023-05-05T18:26:19.056+0000] {processor.py:753} INFO - DAG(s) dict_keys(['example_trigger_target_dag']) retrieved from /usr/local/python/3.10.4/lib/python3.10/site-packages/airflow/example_dags/example_trigger_target_dag.py
[2023-05-05T18:26:19.075+0000] {logging_mixin.py:137} INFO - [2023-05-05T18:26:19.075+0000] {dag.py:2690} INFO - Sync 1 DAGs
[2023-05-05T18:26:19.093+0000] {logging_mixin.py:137} INFO - [2023-05-05T18:26:19.092+0000] {dag.py:3437} INFO - Setting next_dagrun for example_trigger_target_dag to None, run_after=None
[2023-05-05T18:26:19.149+0000] {processor.py:175} INFO - Processing /usr/local/python/3.10.4/lib/python3.10/site-packages/airflow/example_dags/example_trigger_target_dag.py took 0.123 seconds
[2023-05-05T18:27:08.629+0000] {processor.py:153} INFO - Started process (PID=6840) to work on /usr/local/python/3.10.4/lib/python3.10/site-packages/airflow/example_dags/example_trigger_target_dag.py
[2023-05-05T18:27:08.630+0000] {processor.py:743} INFO - Processing file /usr/local/python/3.10.4/lib/python3.10/site-packages/airflow/example_dags/example_trigger_target_dag.py for tasks to queue
[2023-05-05T18:27:08.631+0000] {logging_mixin.py:137} INFO - [2023-05-05T18:27:08.631+0000] {dagbag.py:538} INFO - Filling up the DagBag from /usr/local/python/3.10.4/lib/python3.10/site-packages/airflow/example_dags/example_trigger_target_dag.py
[2023-05-05T18:27:08.654+0000] {processor.py:753} INFO - DAG(s) dict_keys(['example_trigger_target_dag']) retrieved from /usr/local/python/3.10.4/lib/python3.10/site-packages/airflow/example_dags/example_trigger_target_dag.py
[2023-05-05T18:27:08.674+0000] {logging_mixin.py:137} INFO - [2023-05-05T18:27:08.674+0000] {dag.py:2690} INFO - Sync 1 DAGs
[2023-05-05T18:27:08.691+0000] {logging_mixin.py:137} INFO - [2023-05-05T18:27:08.691+0000] {dag.py:3437} INFO - Setting next_dagrun for example_trigger_target_dag to None, run_after=None
[2023-05-05T18:27:08.741+0000] {processor.py:175} INFO - Processing /usr/local/python/3.10.4/lib/python3.10/site-packages/airflow/example_dags/example_trigger_target_dag.py took 0.116 seconds
[2023-05-05T18:27:56.745+0000] {processor.py:153} INFO - Started process (PID=7180) to work on /usr/local/python/3.10.4/lib/python3.10/site-packages/airflow/example_dags/example_trigger_target_dag.py
[2023-05-05T18:27:56.746+0000] {processor.py:743} INFO - Processing file /usr/local/python/3.10.4/lib/python3.10/site-packages/airflow/example_dags/example_trigger_target_dag.py for tasks to queue
[2023-05-05T18:27:56.747+0000] {logging_mixin.py:137} INFO - [2023-05-05T18:27:56.747+0000] {dagbag.py:538} INFO - Filling up the DagBag from /usr/local/python/3.10.4/lib/python3.10/site-packages/airflow/example_dags/example_trigger_target_dag.py
[2023-05-05T18:27:56.772+0000] {processor.py:753} INFO - DAG(s) dict_keys(['example_trigger_target_dag']) retrieved from /usr/local/python/3.10.4/lib/python3.10/site-packages/airflow/example_dags/example_trigger_target_dag.py
[2023-05-05T18:27:56.792+0000] {logging_mixin.py:137} INFO - [2023-05-05T18:27:56.792+0000] {dag.py:2690} INFO - Sync 1 DAGs
[2023-05-05T18:27:56.812+0000] {logging_mixin.py:137} INFO - [2023-05-05T18:27:56.812+0000] {dag.py:3437} INFO - Setting next_dagrun for example_trigger_target_dag to None, run_after=None
[2023-05-05T18:27:56.865+0000] {processor.py:175} INFO - Processing /usr/local/python/3.10.4/lib/python3.10/site-packages/airflow/example_dags/example_trigger_target_dag.py took 0.123 seconds
[2023-05-05T18:28:47.877+0000] {processor.py:153} INFO - Started process (PID=8063) to work on /usr/local/python/3.10.4/lib/python3.10/site-packages/airflow/example_dags/example_trigger_target_dag.py
[2023-05-05T18:28:47.878+0000] {processor.py:743} INFO - Processing file /usr/local/python/3.10.4/lib/python3.10/site-packages/airflow/example_dags/example_trigger_target_dag.py for tasks to queue
[2023-05-05T18:28:47.879+0000] {logging_mixin.py:137} INFO - [2023-05-05T18:28:47.879+0000] {dagbag.py:538} INFO - Filling up the DagBag from /usr/local/python/3.10.4/lib/python3.10/site-packages/airflow/example_dags/example_trigger_target_dag.py
[2023-05-05T18:28:47.903+0000] {processor.py:753} INFO - DAG(s) dict_keys(['example_trigger_target_dag']) retrieved from /usr/local/python/3.10.4/lib/python3.10/site-packages/airflow/example_dags/example_trigger_target_dag.py
[2023-05-05T18:28:47.922+0000] {logging_mixin.py:137} INFO - [2023-05-05T18:28:47.922+0000] {dag.py:2690} INFO - Sync 1 DAGs
[2023-05-05T18:28:47.940+0000] {logging_mixin.py:137} INFO - [2023-05-05T18:28:47.940+0000] {dag.py:3437} INFO - Setting next_dagrun for example_trigger_target_dag to None, run_after=None
[2023-05-05T18:28:47.990+0000] {processor.py:175} INFO - Processing /usr/local/python/3.10.4/lib/python3.10/site-packages/airflow/example_dags/example_trigger_target_dag.py took 0.117 seconds
[2023-05-05T18:29:28.588+0000] {processor.py:153} INFO - Started process (PID=8374) to work on /usr/local/python/3.10.4/lib/python3.10/site-packages/airflow/example_dags/example_trigger_target_dag.py
[2023-05-05T18:29:28.589+0000] {processor.py:743} INFO - Processing file /usr/local/python/3.10.4/lib/python3.10/site-packages/airflow/example_dags/example_trigger_target_dag.py for tasks to queue
[2023-05-05T18:29:28.589+0000] {logging_mixin.py:137} INFO - [2023-05-05T18:29:28.589+0000] {dagbag.py:538} INFO - Filling up the DagBag from /usr/local/python/3.10.4/lib/python3.10/site-packages/airflow/example_dags/example_trigger_target_dag.py
[2023-05-05T18:29:28.613+0000] {processor.py:753} INFO - DAG(s) dict_keys(['example_trigger_target_dag']) retrieved from /usr/local/python/3.10.4/lib/python3.10/site-packages/airflow/example_dags/example_trigger_target_dag.py
[2023-05-05T18:29:28.631+0000] {logging_mixin.py:137} INFO - [2023-05-05T18:29:28.630+0000] {dag.py:2690} INFO - Sync 1 DAGs
[2023-05-05T18:29:28.649+0000] {logging_mixin.py:137} INFO - [2023-05-05T18:29:28.649+0000] {dag.py:3437} INFO - Setting next_dagrun for example_trigger_target_dag to None, run_after=None
[2023-05-05T18:29:28.710+0000] {processor.py:175} INFO - Processing /usr/local/python/3.10.4/lib/python3.10/site-packages/airflow/example_dags/example_trigger_target_dag.py took 0.126 seconds
[2023-05-05T18:30:07.865+0000] {processor.py:153} INFO - Started process (PID=8753) to work on /usr/local/python/3.10.4/lib/python3.10/site-packages/airflow/example_dags/example_trigger_target_dag.py
[2023-05-05T18:30:07.868+0000] {processor.py:743} INFO - Processing file /usr/local/python/3.10.4/lib/python3.10/site-packages/airflow/example_dags/example_trigger_target_dag.py for tasks to queue
[2023-05-05T18:30:07.869+0000] {logging_mixin.py:137} INFO - [2023-05-05T18:30:07.869+0000] {dagbag.py:538} INFO - Filling up the DagBag from /usr/local/python/3.10.4/lib/python3.10/site-packages/airflow/example_dags/example_trigger_target_dag.py
[2023-05-05T18:30:07.904+0000] {processor.py:753} INFO - DAG(s) dict_keys(['example_trigger_target_dag']) retrieved from /usr/local/python/3.10.4/lib/python3.10/site-packages/airflow/example_dags/example_trigger_target_dag.py
[2023-05-05T18:30:07.924+0000] {logging_mixin.py:137} INFO - [2023-05-05T18:30:07.924+0000] {dag.py:2690} INFO - Sync 1 DAGs
[2023-05-05T18:30:07.945+0000] {logging_mixin.py:137} INFO - [2023-05-05T18:30:07.945+0000] {dag.py:3437} INFO - Setting next_dagrun for example_trigger_target_dag to None, run_after=None
[2023-05-05T18:30:08.003+0000] {processor.py:175} INFO - Processing /usr/local/python/3.10.4/lib/python3.10/site-packages/airflow/example_dags/example_trigger_target_dag.py took 0.144 seconds
[2023-05-05T18:30:59.146+0000] {processor.py:153} INFO - Started process (PID=9189) to work on /usr/local/python/3.10.4/lib/python3.10/site-packages/airflow/example_dags/example_trigger_target_dag.py
[2023-05-05T18:30:59.147+0000] {processor.py:743} INFO - Processing file /usr/local/python/3.10.4/lib/python3.10/site-packages/airflow/example_dags/example_trigger_target_dag.py for tasks to queue
[2023-05-05T18:30:59.148+0000] {logging_mixin.py:137} INFO - [2023-05-05T18:30:59.148+0000] {dagbag.py:538} INFO - Filling up the DagBag from /usr/local/python/3.10.4/lib/python3.10/site-packages/airflow/example_dags/example_trigger_target_dag.py
[2023-05-05T18:30:59.174+0000] {processor.py:753} INFO - DAG(s) dict_keys(['example_trigger_target_dag']) retrieved from /usr/local/python/3.10.4/lib/python3.10/site-packages/airflow/example_dags/example_trigger_target_dag.py
[2023-05-05T18:30:59.192+0000] {logging_mixin.py:137} INFO - [2023-05-05T18:30:59.192+0000] {dag.py:2690} INFO - Sync 1 DAGs
[2023-05-05T18:30:59.210+0000] {logging_mixin.py:137} INFO - [2023-05-05T18:30:59.210+0000] {dag.py:3437} INFO - Setting next_dagrun for example_trigger_target_dag to None, run_after=None
[2023-05-05T18:30:59.268+0000] {processor.py:175} INFO - Processing /usr/local/python/3.10.4/lib/python3.10/site-packages/airflow/example_dags/example_trigger_target_dag.py took 0.125 seconds
[2023-05-05T18:31:48.201+0000] {processor.py:153} INFO - Started process (PID=9656) to work on /usr/local/python/3.10.4/lib/python3.10/site-packages/airflow/example_dags/example_trigger_target_dag.py
[2023-05-05T18:31:48.202+0000] {processor.py:743} INFO - Processing file /usr/local/python/3.10.4/lib/python3.10/site-packages/airflow/example_dags/example_trigger_target_dag.py for tasks to queue
[2023-05-05T18:31:48.203+0000] {logging_mixin.py:137} INFO - [2023-05-05T18:31:48.203+0000] {dagbag.py:538} INFO - Filling up the DagBag from /usr/local/python/3.10.4/lib/python3.10/site-packages/airflow/example_dags/example_trigger_target_dag.py
[2023-05-05T18:31:48.229+0000] {processor.py:753} INFO - DAG(s) dict_keys(['example_trigger_target_dag']) retrieved from /usr/local/python/3.10.4/lib/python3.10/site-packages/airflow/example_dags/example_trigger_target_dag.py
[2023-05-05T18:31:48.248+0000] {logging_mixin.py:137} INFO - [2023-05-05T18:31:48.248+0000] {dag.py:2690} INFO - Sync 1 DAGs
[2023-05-05T18:31:48.267+0000] {logging_mixin.py:137} INFO - [2023-05-05T18:31:48.267+0000] {dag.py:3437} INFO - Setting next_dagrun for example_trigger_target_dag to None, run_after=None
[2023-05-05T18:31:48.325+0000] {processor.py:175} INFO - Processing /usr/local/python/3.10.4/lib/python3.10/site-packages/airflow/example_dags/example_trigger_target_dag.py took 0.128 seconds
[2023-05-05T18:32:40.060+0000] {processor.py:153} INFO - Started process (PID=10176) to work on /usr/local/python/3.10.4/lib/python3.10/site-packages/airflow/example_dags/example_trigger_target_dag.py
[2023-05-05T18:32:40.061+0000] {processor.py:743} INFO - Processing file /usr/local/python/3.10.4/lib/python3.10/site-packages/airflow/example_dags/example_trigger_target_dag.py for tasks to queue
[2023-05-05T18:32:40.062+0000] {logging_mixin.py:137} INFO - [2023-05-05T18:32:40.062+0000] {dagbag.py:538} INFO - Filling up the DagBag from /usr/local/python/3.10.4/lib/python3.10/site-packages/airflow/example_dags/example_trigger_target_dag.py
[2023-05-05T18:32:40.087+0000] {processor.py:753} INFO - DAG(s) dict_keys(['example_trigger_target_dag']) retrieved from /usr/local/python/3.10.4/lib/python3.10/site-packages/airflow/example_dags/example_trigger_target_dag.py
[2023-05-05T18:32:40.105+0000] {logging_mixin.py:137} INFO - [2023-05-05T18:32:40.105+0000] {dag.py:2690} INFO - Sync 1 DAGs
[2023-05-05T18:32:40.124+0000] {logging_mixin.py:137} INFO - [2023-05-05T18:32:40.124+0000] {dag.py:3437} INFO - Setting next_dagrun for example_trigger_target_dag to None, run_after=None
[2023-05-05T18:32:40.197+0000] {processor.py:175} INFO - Processing /usr/local/python/3.10.4/lib/python3.10/site-packages/airflow/example_dags/example_trigger_target_dag.py took 0.141 seconds
[2023-05-05T18:33:21.053+0000] {processor.py:153} INFO - Started process (PID=10552) to work on /usr/local/python/3.10.4/lib/python3.10/site-packages/airflow/example_dags/example_trigger_target_dag.py
[2023-05-05T18:33:21.054+0000] {processor.py:743} INFO - Processing file /usr/local/python/3.10.4/lib/python3.10/site-packages/airflow/example_dags/example_trigger_target_dag.py for tasks to queue
[2023-05-05T18:33:21.055+0000] {logging_mixin.py:137} INFO - [2023-05-05T18:33:21.055+0000] {dagbag.py:538} INFO - Filling up the DagBag from /usr/local/python/3.10.4/lib/python3.10/site-packages/airflow/example_dags/example_trigger_target_dag.py
[2023-05-05T18:33:21.081+0000] {processor.py:753} INFO - DAG(s) dict_keys(['example_trigger_target_dag']) retrieved from /usr/local/python/3.10.4/lib/python3.10/site-packages/airflow/example_dags/example_trigger_target_dag.py
[2023-05-05T18:33:21.103+0000] {logging_mixin.py:137} INFO - [2023-05-05T18:33:21.103+0000] {dag.py:2690} INFO - Sync 1 DAGs
[2023-05-05T18:33:21.124+0000] {logging_mixin.py:137} INFO - [2023-05-05T18:33:21.124+0000] {dag.py:3437} INFO - Setting next_dagrun for example_trigger_target_dag to None, run_after=None
[2023-05-05T18:33:21.179+0000] {processor.py:175} INFO - Processing /usr/local/python/3.10.4/lib/python3.10/site-packages/airflow/example_dags/example_trigger_target_dag.py took 0.129 seconds
[2023-05-05T18:34:11.389+0000] {processor.py:153} INFO - Started process (PID=11006) to work on /usr/local/python/3.10.4/lib/python3.10/site-packages/airflow/example_dags/example_trigger_target_dag.py
[2023-05-05T18:34:11.390+0000] {processor.py:743} INFO - Processing file /usr/local/python/3.10.4/lib/python3.10/site-packages/airflow/example_dags/example_trigger_target_dag.py for tasks to queue
[2023-05-05T18:34:11.391+0000] {logging_mixin.py:137} INFO - [2023-05-05T18:34:11.390+0000] {dagbag.py:538} INFO - Filling up the DagBag from /usr/local/python/3.10.4/lib/python3.10/site-packages/airflow/example_dags/example_trigger_target_dag.py
[2023-05-05T18:34:11.418+0000] {processor.py:753} INFO - DAG(s) dict_keys(['example_trigger_target_dag']) retrieved from /usr/local/python/3.10.4/lib/python3.10/site-packages/airflow/example_dags/example_trigger_target_dag.py
[2023-05-05T18:34:11.440+0000] {logging_mixin.py:137} INFO - [2023-05-05T18:34:11.439+0000] {dag.py:2690} INFO - Sync 1 DAGs
[2023-05-05T18:34:11.461+0000] {logging_mixin.py:137} INFO - [2023-05-05T18:34:11.461+0000] {dag.py:3437} INFO - Setting next_dagrun for example_trigger_target_dag to None, run_after=None
[2023-05-05T18:34:11.518+0000] {processor.py:175} INFO - Processing /usr/local/python/3.10.4/lib/python3.10/site-packages/airflow/example_dags/example_trigger_target_dag.py took 0.134 seconds
