[2023-05-05T18:21:56.965+0000] {processor.py:153} INFO - Started process (PID=4651) to work on /usr/local/python/3.10.4/lib/python3.10/site-packages/airflow/example_dags/example_external_task_marker_dag.py
[2023-05-05T18:21:56.966+0000] {processor.py:743} INFO - Processing file /usr/local/python/3.10.4/lib/python3.10/site-packages/airflow/example_dags/example_external_task_marker_dag.py for tasks to queue
[2023-05-05T18:21:56.967+0000] {logging_mixin.py:137} INFO - [2023-05-05T18:21:56.967+0000] {dagbag.py:538} INFO - Filling up the DagBag from /usr/local/python/3.10.4/lib/python3.10/site-packages/airflow/example_dags/example_external_task_marker_dag.py
[2023-05-05T18:21:56.983+0000] {processor.py:753} INFO - DAG(s) dict_keys(['example_external_task_marker_child', 'example_external_task_marker_parent']) retrieved from /usr/local/python/3.10.4/lib/python3.10/site-packages/airflow/example_dags/example_external_task_marker_dag.py
[2023-05-05T18:21:57.154+0000] {logging_mixin.py:137} INFO - [2023-05-05T18:21:57.154+0000] {manager.py:504} INFO - Created Permission View: can delete on DAG:example_external_task_marker_child
[2023-05-05T18:21:57.218+0000] {logging_mixin.py:137} INFO - [2023-05-05T18:21:57.217+0000] {manager.py:504} INFO - Created Permission View: can read on DAG:example_external_task_marker_child
[2023-05-05T18:21:57.261+0000] {logging_mixin.py:137} INFO - [2023-05-05T18:21:57.261+0000] {manager.py:504} INFO - Created Permission View: can edit on DAG:example_external_task_marker_child
[2023-05-05T18:21:57.352+0000] {logging_mixin.py:137} INFO - [2023-05-05T18:21:57.352+0000] {manager.py:504} INFO - Created Permission View: can delete on DAG:example_external_task_marker_parent
[2023-05-05T18:21:57.393+0000] {logging_mixin.py:137} INFO - [2023-05-05T18:21:57.392+0000] {manager.py:504} INFO - Created Permission View: can read on DAG:example_external_task_marker_parent
[2023-05-05T18:21:57.435+0000] {logging_mixin.py:137} INFO - [2023-05-05T18:21:57.435+0000] {manager.py:504} INFO - Created Permission View: can edit on DAG:example_external_task_marker_parent
[2023-05-05T18:21:57.435+0000] {logging_mixin.py:137} INFO - [2023-05-05T18:21:57.435+0000] {dag.py:2690} INFO - Sync 2 DAGs
[2023-05-05T18:21:57.444+0000] {logging_mixin.py:137} INFO - [2023-05-05T18:21:57.444+0000] {dag.py:2711} INFO - Creating ORM DAG for example_external_task_marker_parent
[2023-05-05T18:21:57.445+0000] {logging_mixin.py:137} INFO - [2023-05-05T18:21:57.444+0000] {dag.py:2711} INFO - Creating ORM DAG for example_external_task_marker_child
[2023-05-05T18:21:57.452+0000] {logging_mixin.py:137} INFO - [2023-05-05T18:21:57.452+0000] {dag.py:3437} INFO - Setting next_dagrun for example_external_task_marker_child to None, run_after=None
[2023-05-05T18:21:57.453+0000] {logging_mixin.py:137} INFO - [2023-05-05T18:21:57.453+0000] {dag.py:3437} INFO - Setting next_dagrun for example_external_task_marker_parent to None, run_after=None
[2023-05-05T18:21:57.517+0000] {processor.py:175} INFO - Processing /usr/local/python/3.10.4/lib/python3.10/site-packages/airflow/example_dags/example_external_task_marker_dag.py took 0.555 seconds
[2023-05-05T18:22:49.753+0000] {processor.py:153} INFO - Started process (PID=5018) to work on /usr/local/python/3.10.4/lib/python3.10/site-packages/airflow/example_dags/example_external_task_marker_dag.py
[2023-05-05T18:22:49.754+0000] {processor.py:743} INFO - Processing file /usr/local/python/3.10.4/lib/python3.10/site-packages/airflow/example_dags/example_external_task_marker_dag.py for tasks to queue
[2023-05-05T18:22:49.755+0000] {logging_mixin.py:137} INFO - [2023-05-05T18:22:49.755+0000] {dagbag.py:538} INFO - Filling up the DagBag from /usr/local/python/3.10.4/lib/python3.10/site-packages/airflow/example_dags/example_external_task_marker_dag.py
[2023-05-05T18:22:49.770+0000] {processor.py:753} INFO - DAG(s) dict_keys(['example_external_task_marker_parent', 'example_external_task_marker_child']) retrieved from /usr/local/python/3.10.4/lib/python3.10/site-packages/airflow/example_dags/example_external_task_marker_dag.py
[2023-05-05T18:22:49.789+0000] {logging_mixin.py:137} INFO - [2023-05-05T18:22:49.789+0000] {dag.py:2690} INFO - Sync 2 DAGs
[2023-05-05T18:22:49.807+0000] {logging_mixin.py:137} INFO - [2023-05-05T18:22:49.807+0000] {dag.py:3437} INFO - Setting next_dagrun for example_external_task_marker_child to None, run_after=None
[2023-05-05T18:22:49.810+0000] {logging_mixin.py:137} INFO - [2023-05-05T18:22:49.810+0000] {dag.py:3437} INFO - Setting next_dagrun for example_external_task_marker_parent to None, run_after=None
[2023-05-05T18:22:49.859+0000] {processor.py:175} INFO - Processing /usr/local/python/3.10.4/lib/python3.10/site-packages/airflow/example_dags/example_external_task_marker_dag.py took 0.109 seconds
[2023-05-05T18:23:38.819+0000] {processor.py:153} INFO - Started process (PID=5350) to work on /usr/local/python/3.10.4/lib/python3.10/site-packages/airflow/example_dags/example_external_task_marker_dag.py
[2023-05-05T18:23:38.820+0000] {processor.py:743} INFO - Processing file /usr/local/python/3.10.4/lib/python3.10/site-packages/airflow/example_dags/example_external_task_marker_dag.py for tasks to queue
[2023-05-05T18:23:38.821+0000] {logging_mixin.py:137} INFO - [2023-05-05T18:23:38.821+0000] {dagbag.py:538} INFO - Filling up the DagBag from /usr/local/python/3.10.4/lib/python3.10/site-packages/airflow/example_dags/example_external_task_marker_dag.py
[2023-05-05T18:23:38.836+0000] {processor.py:753} INFO - DAG(s) dict_keys(['example_external_task_marker_parent', 'example_external_task_marker_child']) retrieved from /usr/local/python/3.10.4/lib/python3.10/site-packages/airflow/example_dags/example_external_task_marker_dag.py
[2023-05-05T18:23:38.978+0000] {logging_mixin.py:137} INFO - [2023-05-05T18:23:38.978+0000] {dag.py:2690} INFO - Sync 2 DAGs
[2023-05-05T18:23:38.994+0000] {logging_mixin.py:137} INFO - [2023-05-05T18:23:38.993+0000] {dag.py:3437} INFO - Setting next_dagrun for example_external_task_marker_child to None, run_after=None
[2023-05-05T18:23:38.996+0000] {logging_mixin.py:137} INFO - [2023-05-05T18:23:38.996+0000] {dag.py:3437} INFO - Setting next_dagrun for example_external_task_marker_parent to None, run_after=None
[2023-05-05T18:23:39.048+0000] {processor.py:175} INFO - Processing /usr/local/python/3.10.4/lib/python3.10/site-packages/airflow/example_dags/example_external_task_marker_dag.py took 0.232 seconds
[2023-05-05T18:24:17.917+0000] {processor.py:153} INFO - Started process (PID=5623) to work on /usr/local/python/3.10.4/lib/python3.10/site-packages/airflow/example_dags/example_external_task_marker_dag.py
[2023-05-05T18:24:17.918+0000] {processor.py:743} INFO - Processing file /usr/local/python/3.10.4/lib/python3.10/site-packages/airflow/example_dags/example_external_task_marker_dag.py for tasks to queue
[2023-05-05T18:24:17.919+0000] {logging_mixin.py:137} INFO - [2023-05-05T18:24:17.919+0000] {dagbag.py:538} INFO - Filling up the DagBag from /usr/local/python/3.10.4/lib/python3.10/site-packages/airflow/example_dags/example_external_task_marker_dag.py
[2023-05-05T18:24:17.935+0000] {processor.py:753} INFO - DAG(s) dict_keys(['example_external_task_marker_child', 'example_external_task_marker_parent']) retrieved from /usr/local/python/3.10.4/lib/python3.10/site-packages/airflow/example_dags/example_external_task_marker_dag.py
[2023-05-05T18:24:17.955+0000] {logging_mixin.py:137} INFO - [2023-05-05T18:24:17.955+0000] {dag.py:2690} INFO - Sync 2 DAGs
[2023-05-05T18:24:17.975+0000] {logging_mixin.py:137} INFO - [2023-05-05T18:24:17.975+0000] {dag.py:3437} INFO - Setting next_dagrun for example_external_task_marker_child to None, run_after=None
[2023-05-05T18:24:17.978+0000] {logging_mixin.py:137} INFO - [2023-05-05T18:24:17.978+0000] {dag.py:3437} INFO - Setting next_dagrun for example_external_task_marker_parent to None, run_after=None
[2023-05-05T18:24:18.036+0000] {processor.py:175} INFO - Processing /usr/local/python/3.10.4/lib/python3.10/site-packages/airflow/example_dags/example_external_task_marker_dag.py took 0.123 seconds
[2023-05-05T18:24:57.147+0000] {processor.py:153} INFO - Started process (PID=5930) to work on /usr/local/python/3.10.4/lib/python3.10/site-packages/airflow/example_dags/example_external_task_marker_dag.py
[2023-05-05T18:24:57.148+0000] {processor.py:743} INFO - Processing file /usr/local/python/3.10.4/lib/python3.10/site-packages/airflow/example_dags/example_external_task_marker_dag.py for tasks to queue
[2023-05-05T18:24:57.149+0000] {logging_mixin.py:137} INFO - [2023-05-05T18:24:57.149+0000] {dagbag.py:538} INFO - Filling up the DagBag from /usr/local/python/3.10.4/lib/python3.10/site-packages/airflow/example_dags/example_external_task_marker_dag.py
[2023-05-05T18:24:57.164+0000] {processor.py:753} INFO - DAG(s) dict_keys(['example_external_task_marker_child', 'example_external_task_marker_parent']) retrieved from /usr/local/python/3.10.4/lib/python3.10/site-packages/airflow/example_dags/example_external_task_marker_dag.py
[2023-05-05T18:24:57.183+0000] {logging_mixin.py:137} INFO - [2023-05-05T18:24:57.183+0000] {dag.py:2690} INFO - Sync 2 DAGs
[2023-05-05T18:24:57.201+0000] {logging_mixin.py:137} INFO - [2023-05-05T18:24:57.201+0000] {dag.py:3437} INFO - Setting next_dagrun for example_external_task_marker_child to None, run_after=None
[2023-05-05T18:24:57.204+0000] {logging_mixin.py:137} INFO - [2023-05-05T18:24:57.204+0000] {dag.py:3437} INFO - Setting next_dagrun for example_external_task_marker_parent to None, run_after=None
[2023-05-05T18:24:57.258+0000] {processor.py:175} INFO - Processing /usr/local/python/3.10.4/lib/python3.10/site-packages/airflow/example_dags/example_external_task_marker_dag.py took 0.114 seconds
[2023-05-05T18:25:40.736+0000] {processor.py:153} INFO - Started process (PID=6218) to work on /usr/local/python/3.10.4/lib/python3.10/site-packages/airflow/example_dags/example_external_task_marker_dag.py
[2023-05-05T18:25:40.738+0000] {processor.py:743} INFO - Processing file /usr/local/python/3.10.4/lib/python3.10/site-packages/airflow/example_dags/example_external_task_marker_dag.py for tasks to queue
[2023-05-05T18:25:40.739+0000] {logging_mixin.py:137} INFO - [2023-05-05T18:25:40.739+0000] {dagbag.py:538} INFO - Filling up the DagBag from /usr/local/python/3.10.4/lib/python3.10/site-packages/airflow/example_dags/example_external_task_marker_dag.py
[2023-05-05T18:25:40.770+0000] {processor.py:753} INFO - DAG(s) dict_keys(['example_external_task_marker_child', 'example_external_task_marker_parent']) retrieved from /usr/local/python/3.10.4/lib/python3.10/site-packages/airflow/example_dags/example_external_task_marker_dag.py
[2023-05-05T18:25:40.797+0000] {logging_mixin.py:137} INFO - [2023-05-05T18:25:40.797+0000] {dag.py:2690} INFO - Sync 2 DAGs
[2023-05-05T18:25:40.816+0000] {logging_mixin.py:137} INFO - [2023-05-05T18:25:40.816+0000] {dag.py:3437} INFO - Setting next_dagrun for example_external_task_marker_child to None, run_after=None
[2023-05-05T18:25:40.819+0000] {logging_mixin.py:137} INFO - [2023-05-05T18:25:40.819+0000] {dag.py:3437} INFO - Setting next_dagrun for example_external_task_marker_parent to None, run_after=None
[2023-05-05T18:25:40.873+0000] {processor.py:175} INFO - Processing /usr/local/python/3.10.4/lib/python3.10/site-packages/airflow/example_dags/example_external_task_marker_dag.py took 0.143 seconds
[2023-05-05T18:26:22.426+0000] {processor.py:153} INFO - Started process (PID=6516) to work on /usr/local/python/3.10.4/lib/python3.10/site-packages/airflow/example_dags/example_external_task_marker_dag.py
[2023-05-05T18:26:22.427+0000] {processor.py:743} INFO - Processing file /usr/local/python/3.10.4/lib/python3.10/site-packages/airflow/example_dags/example_external_task_marker_dag.py for tasks to queue
[2023-05-05T18:26:22.428+0000] {logging_mixin.py:137} INFO - [2023-05-05T18:26:22.428+0000] {dagbag.py:538} INFO - Filling up the DagBag from /usr/local/python/3.10.4/lib/python3.10/site-packages/airflow/example_dags/example_external_task_marker_dag.py
[2023-05-05T18:26:22.443+0000] {processor.py:753} INFO - DAG(s) dict_keys(['example_external_task_marker_parent', 'example_external_task_marker_child']) retrieved from /usr/local/python/3.10.4/lib/python3.10/site-packages/airflow/example_dags/example_external_task_marker_dag.py
[2023-05-05T18:26:22.462+0000] {logging_mixin.py:137} INFO - [2023-05-05T18:26:22.462+0000] {dag.py:2690} INFO - Sync 2 DAGs
[2023-05-05T18:26:22.481+0000] {logging_mixin.py:137} INFO - [2023-05-05T18:26:22.480+0000] {dag.py:3437} INFO - Setting next_dagrun for example_external_task_marker_child to None, run_after=None
[2023-05-05T18:26:22.483+0000] {logging_mixin.py:137} INFO - [2023-05-05T18:26:22.483+0000] {dag.py:3437} INFO - Setting next_dagrun for example_external_task_marker_parent to None, run_after=None
[2023-05-05T18:26:22.531+0000] {processor.py:175} INFO - Processing /usr/local/python/3.10.4/lib/python3.10/site-packages/airflow/example_dags/example_external_task_marker_dag.py took 0.108 seconds
[2023-05-05T18:27:02.186+0000] {processor.py:153} INFO - Started process (PID=6790) to work on /usr/local/python/3.10.4/lib/python3.10/site-packages/airflow/example_dags/example_external_task_marker_dag.py
[2023-05-05T18:27:02.187+0000] {processor.py:743} INFO - Processing file /usr/local/python/3.10.4/lib/python3.10/site-packages/airflow/example_dags/example_external_task_marker_dag.py for tasks to queue
[2023-05-05T18:27:02.188+0000] {logging_mixin.py:137} INFO - [2023-05-05T18:27:02.188+0000] {dagbag.py:538} INFO - Filling up the DagBag from /usr/local/python/3.10.4/lib/python3.10/site-packages/airflow/example_dags/example_external_task_marker_dag.py
[2023-05-05T18:27:02.203+0000] {processor.py:753} INFO - DAG(s) dict_keys(['example_external_task_marker_parent', 'example_external_task_marker_child']) retrieved from /usr/local/python/3.10.4/lib/python3.10/site-packages/airflow/example_dags/example_external_task_marker_dag.py
[2023-05-05T18:27:02.228+0000] {logging_mixin.py:137} INFO - [2023-05-05T18:27:02.228+0000] {dag.py:2690} INFO - Sync 2 DAGs
[2023-05-05T18:27:02.247+0000] {logging_mixin.py:137} INFO - [2023-05-05T18:27:02.246+0000] {dag.py:3437} INFO - Setting next_dagrun for example_external_task_marker_child to None, run_after=None
[2023-05-05T18:27:02.249+0000] {logging_mixin.py:137} INFO - [2023-05-05T18:27:02.249+0000] {dag.py:3437} INFO - Setting next_dagrun for example_external_task_marker_parent to None, run_after=None
[2023-05-05T18:27:02.304+0000] {processor.py:175} INFO - Processing /usr/local/python/3.10.4/lib/python3.10/site-packages/airflow/example_dags/example_external_task_marker_dag.py took 0.121 seconds
[2023-05-05T18:27:38.580+0000] {processor.py:153} INFO - Started process (PID=7062) to work on /usr/local/python/3.10.4/lib/python3.10/site-packages/airflow/example_dags/example_external_task_marker_dag.py
[2023-05-05T18:27:38.581+0000] {processor.py:743} INFO - Processing file /usr/local/python/3.10.4/lib/python3.10/site-packages/airflow/example_dags/example_external_task_marker_dag.py for tasks to queue
[2023-05-05T18:27:38.582+0000] {logging_mixin.py:137} INFO - [2023-05-05T18:27:38.581+0000] {dagbag.py:538} INFO - Filling up the DagBag from /usr/local/python/3.10.4/lib/python3.10/site-packages/airflow/example_dags/example_external_task_marker_dag.py
[2023-05-05T18:27:38.597+0000] {processor.py:753} INFO - DAG(s) dict_keys(['example_external_task_marker_child', 'example_external_task_marker_parent']) retrieved from /usr/local/python/3.10.4/lib/python3.10/site-packages/airflow/example_dags/example_external_task_marker_dag.py
[2023-05-05T18:27:38.618+0000] {logging_mixin.py:137} INFO - [2023-05-05T18:27:38.618+0000] {dag.py:2690} INFO - Sync 2 DAGs
[2023-05-05T18:27:38.636+0000] {logging_mixin.py:137} INFO - [2023-05-05T18:27:38.636+0000] {dag.py:3437} INFO - Setting next_dagrun for example_external_task_marker_child to None, run_after=None
[2023-05-05T18:27:38.639+0000] {logging_mixin.py:137} INFO - [2023-05-05T18:27:38.639+0000] {dag.py:3437} INFO - Setting next_dagrun for example_external_task_marker_parent to None, run_after=None
[2023-05-05T18:27:38.690+0000] {processor.py:175} INFO - Processing /usr/local/python/3.10.4/lib/python3.10/site-packages/airflow/example_dags/example_external_task_marker_dag.py took 0.114 seconds
[2023-05-05T18:28:14.803+0000] {processor.py:153} INFO - Started process (PID=7560) to work on /usr/local/python/3.10.4/lib/python3.10/site-packages/airflow/example_dags/example_external_task_marker_dag.py
[2023-05-05T18:28:14.804+0000] {processor.py:743} INFO - Processing file /usr/local/python/3.10.4/lib/python3.10/site-packages/airflow/example_dags/example_external_task_marker_dag.py for tasks to queue
[2023-05-05T18:28:14.805+0000] {logging_mixin.py:137} INFO - [2023-05-05T18:28:14.805+0000] {dagbag.py:538} INFO - Filling up the DagBag from /usr/local/python/3.10.4/lib/python3.10/site-packages/airflow/example_dags/example_external_task_marker_dag.py
[2023-05-05T18:28:14.820+0000] {processor.py:753} INFO - DAG(s) dict_keys(['example_external_task_marker_parent', 'example_external_task_marker_child']) retrieved from /usr/local/python/3.10.4/lib/python3.10/site-packages/airflow/example_dags/example_external_task_marker_dag.py
[2023-05-05T18:28:14.843+0000] {logging_mixin.py:137} INFO - [2023-05-05T18:28:14.842+0000] {dag.py:2690} INFO - Sync 2 DAGs
[2023-05-05T18:28:14.862+0000] {logging_mixin.py:137} INFO - [2023-05-05T18:28:14.862+0000] {dag.py:3437} INFO - Setting next_dagrun for example_external_task_marker_child to None, run_after=None
[2023-05-05T18:28:14.871+0000] {logging_mixin.py:137} INFO - [2023-05-05T18:28:14.871+0000] {dag.py:3437} INFO - Setting next_dagrun for example_external_task_marker_parent to None, run_after=None
[2023-05-05T18:28:14.926+0000] {processor.py:175} INFO - Processing /usr/local/python/3.10.4/lib/python3.10/site-packages/airflow/example_dags/example_external_task_marker_dag.py took 0.126 seconds
[2023-05-05T18:28:55.475+0000] {processor.py:153} INFO - Started process (PID=8118) to work on /usr/local/python/3.10.4/lib/python3.10/site-packages/airflow/example_dags/example_external_task_marker_dag.py
[2023-05-05T18:28:55.476+0000] {processor.py:743} INFO - Processing file /usr/local/python/3.10.4/lib/python3.10/site-packages/airflow/example_dags/example_external_task_marker_dag.py for tasks to queue
[2023-05-05T18:28:55.477+0000] {logging_mixin.py:137} INFO - [2023-05-05T18:28:55.477+0000] {dagbag.py:538} INFO - Filling up the DagBag from /usr/local/python/3.10.4/lib/python3.10/site-packages/airflow/example_dags/example_external_task_marker_dag.py
[2023-05-05T18:28:55.492+0000] {processor.py:753} INFO - DAG(s) dict_keys(['example_external_task_marker_child', 'example_external_task_marker_parent']) retrieved from /usr/local/python/3.10.4/lib/python3.10/site-packages/airflow/example_dags/example_external_task_marker_dag.py
[2023-05-05T18:28:55.512+0000] {logging_mixin.py:137} INFO - [2023-05-05T18:28:55.512+0000] {dag.py:2690} INFO - Sync 2 DAGs
[2023-05-05T18:28:55.530+0000] {logging_mixin.py:137} INFO - [2023-05-05T18:28:55.530+0000] {dag.py:3437} INFO - Setting next_dagrun for example_external_task_marker_child to None, run_after=None
[2023-05-05T18:28:55.533+0000] {logging_mixin.py:137} INFO - [2023-05-05T18:28:55.533+0000] {dag.py:3437} INFO - Setting next_dagrun for example_external_task_marker_parent to None, run_after=None
[2023-05-05T18:28:55.583+0000] {processor.py:175} INFO - Processing /usr/local/python/3.10.4/lib/python3.10/site-packages/airflow/example_dags/example_external_task_marker_dag.py took 0.111 seconds
[2023-05-05T18:29:36.096+0000] {processor.py:153} INFO - Started process (PID=8454) to work on /usr/local/python/3.10.4/lib/python3.10/site-packages/airflow/example_dags/example_external_task_marker_dag.py
[2023-05-05T18:29:36.097+0000] {processor.py:743} INFO - Processing file /usr/local/python/3.10.4/lib/python3.10/site-packages/airflow/example_dags/example_external_task_marker_dag.py for tasks to queue
[2023-05-05T18:29:36.098+0000] {logging_mixin.py:137} INFO - [2023-05-05T18:29:36.098+0000] {dagbag.py:538} INFO - Filling up the DagBag from /usr/local/python/3.10.4/lib/python3.10/site-packages/airflow/example_dags/example_external_task_marker_dag.py
[2023-05-05T18:29:36.114+0000] {processor.py:753} INFO - DAG(s) dict_keys(['example_external_task_marker_parent', 'example_external_task_marker_child']) retrieved from /usr/local/python/3.10.4/lib/python3.10/site-packages/airflow/example_dags/example_external_task_marker_dag.py
[2023-05-05T18:29:36.134+0000] {logging_mixin.py:137} INFO - [2023-05-05T18:29:36.134+0000] {dag.py:2690} INFO - Sync 2 DAGs
[2023-05-05T18:29:36.153+0000] {logging_mixin.py:137} INFO - [2023-05-05T18:29:36.153+0000] {dag.py:3437} INFO - Setting next_dagrun for example_external_task_marker_child to None, run_after=None
[2023-05-05T18:29:36.156+0000] {logging_mixin.py:137} INFO - [2023-05-05T18:29:36.156+0000] {dag.py:3437} INFO - Setting next_dagrun for example_external_task_marker_parent to None, run_after=None
[2023-05-05T18:29:36.204+0000] {processor.py:175} INFO - Processing /usr/local/python/3.10.4/lib/python3.10/site-packages/airflow/example_dags/example_external_task_marker_dag.py took 0.113 seconds
[2023-05-05T18:30:14.059+0000] {processor.py:153} INFO - Started process (PID=8817) to work on /usr/local/python/3.10.4/lib/python3.10/site-packages/airflow/example_dags/example_external_task_marker_dag.py
[2023-05-05T18:30:14.076+0000] {processor.py:743} INFO - Processing file /usr/local/python/3.10.4/lib/python3.10/site-packages/airflow/example_dags/example_external_task_marker_dag.py for tasks to queue
[2023-05-05T18:30:14.079+0000] {logging_mixin.py:137} INFO - [2023-05-05T18:30:14.079+0000] {dagbag.py:538} INFO - Filling up the DagBag from /usr/local/python/3.10.4/lib/python3.10/site-packages/airflow/example_dags/example_external_task_marker_dag.py
[2023-05-05T18:30:14.115+0000] {processor.py:753} INFO - DAG(s) dict_keys(['example_external_task_marker_parent', 'example_external_task_marker_child']) retrieved from /usr/local/python/3.10.4/lib/python3.10/site-packages/airflow/example_dags/example_external_task_marker_dag.py
[2023-05-05T18:30:14.156+0000] {logging_mixin.py:137} INFO - [2023-05-05T18:30:14.155+0000] {dag.py:2690} INFO - Sync 2 DAGs
[2023-05-05T18:30:14.174+0000] {logging_mixin.py:137} INFO - [2023-05-05T18:30:14.174+0000] {dag.py:3437} INFO - Setting next_dagrun for example_external_task_marker_child to None, run_after=None
[2023-05-05T18:30:14.177+0000] {logging_mixin.py:137} INFO - [2023-05-05T18:30:14.177+0000] {dag.py:3437} INFO - Setting next_dagrun for example_external_task_marker_parent to None, run_after=None
[2023-05-05T18:30:14.228+0000] {processor.py:175} INFO - Processing /usr/local/python/3.10.4/lib/python3.10/site-packages/airflow/example_dags/example_external_task_marker_dag.py took 0.173 seconds
[2023-05-05T18:30:50.702+0000] {processor.py:153} INFO - Started process (PID=9128) to work on /usr/local/python/3.10.4/lib/python3.10/site-packages/airflow/example_dags/example_external_task_marker_dag.py
[2023-05-05T18:30:50.703+0000] {processor.py:743} INFO - Processing file /usr/local/python/3.10.4/lib/python3.10/site-packages/airflow/example_dags/example_external_task_marker_dag.py for tasks to queue
[2023-05-05T18:30:50.704+0000] {logging_mixin.py:137} INFO - [2023-05-05T18:30:50.704+0000] {dagbag.py:538} INFO - Filling up the DagBag from /usr/local/python/3.10.4/lib/python3.10/site-packages/airflow/example_dags/example_external_task_marker_dag.py
[2023-05-05T18:30:50.720+0000] {processor.py:753} INFO - DAG(s) dict_keys(['example_external_task_marker_child', 'example_external_task_marker_parent']) retrieved from /usr/local/python/3.10.4/lib/python3.10/site-packages/airflow/example_dags/example_external_task_marker_dag.py
[2023-05-05T18:30:50.740+0000] {logging_mixin.py:137} INFO - [2023-05-05T18:30:50.739+0000] {dag.py:2690} INFO - Sync 2 DAGs
[2023-05-05T18:30:50.757+0000] {logging_mixin.py:137} INFO - [2023-05-05T18:30:50.757+0000] {dag.py:3437} INFO - Setting next_dagrun for example_external_task_marker_child to None, run_after=None
[2023-05-05T18:30:50.760+0000] {logging_mixin.py:137} INFO - [2023-05-05T18:30:50.760+0000] {dag.py:3437} INFO - Setting next_dagrun for example_external_task_marker_parent to None, run_after=None
[2023-05-05T18:30:50.818+0000] {processor.py:175} INFO - Processing /usr/local/python/3.10.4/lib/python3.10/site-packages/airflow/example_dags/example_external_task_marker_dag.py took 0.120 seconds
[2023-05-05T18:31:27.293+0000] {processor.py:153} INFO - Started process (PID=9456) to work on /usr/local/python/3.10.4/lib/python3.10/site-packages/airflow/example_dags/example_external_task_marker_dag.py
[2023-05-05T18:31:27.294+0000] {processor.py:743} INFO - Processing file /usr/local/python/3.10.4/lib/python3.10/site-packages/airflow/example_dags/example_external_task_marker_dag.py for tasks to queue
[2023-05-05T18:31:27.295+0000] {logging_mixin.py:137} INFO - [2023-05-05T18:31:27.295+0000] {dagbag.py:538} INFO - Filling up the DagBag from /usr/local/python/3.10.4/lib/python3.10/site-packages/airflow/example_dags/example_external_task_marker_dag.py
[2023-05-05T18:31:27.313+0000] {processor.py:753} INFO - DAG(s) dict_keys(['example_external_task_marker_child', 'example_external_task_marker_parent']) retrieved from /usr/local/python/3.10.4/lib/python3.10/site-packages/airflow/example_dags/example_external_task_marker_dag.py
[2023-05-05T18:31:27.332+0000] {logging_mixin.py:137} INFO - [2023-05-05T18:31:27.332+0000] {dag.py:2690} INFO - Sync 2 DAGs
[2023-05-05T18:31:27.350+0000] {logging_mixin.py:137} INFO - [2023-05-05T18:31:27.350+0000] {dag.py:3437} INFO - Setting next_dagrun for example_external_task_marker_child to None, run_after=None
[2023-05-05T18:31:27.353+0000] {logging_mixin.py:137} INFO - [2023-05-05T18:31:27.352+0000] {dag.py:3437} INFO - Setting next_dagrun for example_external_task_marker_parent to None, run_after=None
[2023-05-05T18:31:27.404+0000] {processor.py:175} INFO - Processing /usr/local/python/3.10.4/lib/python3.10/site-packages/airflow/example_dags/example_external_task_marker_dag.py took 0.117 seconds
[2023-05-05T18:32:06.532+0000] {processor.py:153} INFO - Started process (PID=9853) to work on /usr/local/python/3.10.4/lib/python3.10/site-packages/airflow/example_dags/example_external_task_marker_dag.py
[2023-05-05T18:32:06.533+0000] {processor.py:743} INFO - Processing file /usr/local/python/3.10.4/lib/python3.10/site-packages/airflow/example_dags/example_external_task_marker_dag.py for tasks to queue
[2023-05-05T18:32:06.534+0000] {logging_mixin.py:137} INFO - [2023-05-05T18:32:06.534+0000] {dagbag.py:538} INFO - Filling up the DagBag from /usr/local/python/3.10.4/lib/python3.10/site-packages/airflow/example_dags/example_external_task_marker_dag.py
[2023-05-05T18:32:06.549+0000] {processor.py:753} INFO - DAG(s) dict_keys(['example_external_task_marker_parent', 'example_external_task_marker_child']) retrieved from /usr/local/python/3.10.4/lib/python3.10/site-packages/airflow/example_dags/example_external_task_marker_dag.py
[2023-05-05T18:32:06.569+0000] {logging_mixin.py:137} INFO - [2023-05-05T18:32:06.569+0000] {dag.py:2690} INFO - Sync 2 DAGs
[2023-05-05T18:32:06.591+0000] {logging_mixin.py:137} INFO - [2023-05-05T18:32:06.590+0000] {dag.py:3437} INFO - Setting next_dagrun for example_external_task_marker_child to None, run_after=None
[2023-05-05T18:32:06.595+0000] {logging_mixin.py:137} INFO - [2023-05-05T18:32:06.594+0000] {dag.py:3437} INFO - Setting next_dagrun for example_external_task_marker_parent to None, run_after=None
[2023-05-05T18:32:06.647+0000] {processor.py:175} INFO - Processing /usr/local/python/3.10.4/lib/python3.10/site-packages/airflow/example_dags/example_external_task_marker_dag.py took 0.119 seconds
[2023-05-05T18:32:47.049+0000] {processor.py:153} INFO - Started process (PID=10227) to work on /usr/local/python/3.10.4/lib/python3.10/site-packages/airflow/example_dags/example_external_task_marker_dag.py
[2023-05-05T18:32:47.050+0000] {processor.py:743} INFO - Processing file /usr/local/python/3.10.4/lib/python3.10/site-packages/airflow/example_dags/example_external_task_marker_dag.py for tasks to queue
[2023-05-05T18:32:47.051+0000] {logging_mixin.py:137} INFO - [2023-05-05T18:32:47.051+0000] {dagbag.py:538} INFO - Filling up the DagBag from /usr/local/python/3.10.4/lib/python3.10/site-packages/airflow/example_dags/example_external_task_marker_dag.py
[2023-05-05T18:32:47.066+0000] {processor.py:753} INFO - DAG(s) dict_keys(['example_external_task_marker_child', 'example_external_task_marker_parent']) retrieved from /usr/local/python/3.10.4/lib/python3.10/site-packages/airflow/example_dags/example_external_task_marker_dag.py
[2023-05-05T18:32:47.086+0000] {logging_mixin.py:137} INFO - [2023-05-05T18:32:47.086+0000] {dag.py:2690} INFO - Sync 2 DAGs
[2023-05-05T18:32:47.106+0000] {logging_mixin.py:137} INFO - [2023-05-05T18:32:47.106+0000] {dag.py:3437} INFO - Setting next_dagrun for example_external_task_marker_child to None, run_after=None
[2023-05-05T18:32:47.109+0000] {logging_mixin.py:137} INFO - [2023-05-05T18:32:47.109+0000] {dag.py:3437} INFO - Setting next_dagrun for example_external_task_marker_parent to None, run_after=None
[2023-05-05T18:32:47.163+0000] {processor.py:175} INFO - Processing /usr/local/python/3.10.4/lib/python3.10/site-packages/airflow/example_dags/example_external_task_marker_dag.py took 0.117 seconds
[2023-05-05T18:33:25.099+0000] {processor.py:153} INFO - Started process (PID=10568) to work on /usr/local/python/3.10.4/lib/python3.10/site-packages/airflow/example_dags/example_external_task_marker_dag.py
[2023-05-05T18:33:25.101+0000] {processor.py:743} INFO - Processing file /usr/local/python/3.10.4/lib/python3.10/site-packages/airflow/example_dags/example_external_task_marker_dag.py for tasks to queue
[2023-05-05T18:33:25.102+0000] {logging_mixin.py:137} INFO - [2023-05-05T18:33:25.101+0000] {dagbag.py:538} INFO - Filling up the DagBag from /usr/local/python/3.10.4/lib/python3.10/site-packages/airflow/example_dags/example_external_task_marker_dag.py
[2023-05-05T18:33:25.118+0000] {processor.py:753} INFO - DAG(s) dict_keys(['example_external_task_marker_child', 'example_external_task_marker_parent']) retrieved from /usr/local/python/3.10.4/lib/python3.10/site-packages/airflow/example_dags/example_external_task_marker_dag.py
[2023-05-05T18:33:25.139+0000] {logging_mixin.py:137} INFO - [2023-05-05T18:33:25.139+0000] {dag.py:2690} INFO - Sync 2 DAGs
[2023-05-05T18:33:25.157+0000] {logging_mixin.py:137} INFO - [2023-05-05T18:33:25.157+0000] {dag.py:3437} INFO - Setting next_dagrun for example_external_task_marker_child to None, run_after=None
[2023-05-05T18:33:25.160+0000] {logging_mixin.py:137} INFO - [2023-05-05T18:33:25.160+0000] {dag.py:3437} INFO - Setting next_dagrun for example_external_task_marker_parent to None, run_after=None
[2023-05-05T18:33:25.235+0000] {processor.py:175} INFO - Processing /usr/local/python/3.10.4/lib/python3.10/site-packages/airflow/example_dags/example_external_task_marker_dag.py took 0.139 seconds
[2023-05-05T18:34:03.044+0000] {processor.py:153} INFO - Started process (PID=10932) to work on /usr/local/python/3.10.4/lib/python3.10/site-packages/airflow/example_dags/example_external_task_marker_dag.py
[2023-05-05T18:34:03.045+0000] {processor.py:743} INFO - Processing file /usr/local/python/3.10.4/lib/python3.10/site-packages/airflow/example_dags/example_external_task_marker_dag.py for tasks to queue
[2023-05-05T18:34:03.046+0000] {logging_mixin.py:137} INFO - [2023-05-05T18:34:03.046+0000] {dagbag.py:538} INFO - Filling up the DagBag from /usr/local/python/3.10.4/lib/python3.10/site-packages/airflow/example_dags/example_external_task_marker_dag.py
[2023-05-05T18:34:03.061+0000] {processor.py:753} INFO - DAG(s) dict_keys(['example_external_task_marker_child', 'example_external_task_marker_parent']) retrieved from /usr/local/python/3.10.4/lib/python3.10/site-packages/airflow/example_dags/example_external_task_marker_dag.py
[2023-05-05T18:34:03.081+0000] {logging_mixin.py:137} INFO - [2023-05-05T18:34:03.081+0000] {dag.py:2690} INFO - Sync 2 DAGs
[2023-05-05T18:34:03.099+0000] {logging_mixin.py:137} INFO - [2023-05-05T18:34:03.099+0000] {dag.py:3437} INFO - Setting next_dagrun for example_external_task_marker_child to None, run_after=None
[2023-05-05T18:34:03.102+0000] {logging_mixin.py:137} INFO - [2023-05-05T18:34:03.102+0000] {dag.py:3437} INFO - Setting next_dagrun for example_external_task_marker_parent to None, run_after=None
[2023-05-05T18:34:03.159+0000] {processor.py:175} INFO - Processing /usr/local/python/3.10.4/lib/python3.10/site-packages/airflow/example_dags/example_external_task_marker_dag.py took 0.119 seconds
