[2023-05-05T18:22:07.932+0000] {processor.py:153} INFO - Started process (PID=4726) to work on /usr/local/python/3.10.4/lib/python3.10/site-packages/airflow/example_dags/example_dynamic_task_mapping.py
[2023-05-05T18:22:07.933+0000] {processor.py:743} INFO - Processing file /usr/local/python/3.10.4/lib/python3.10/site-packages/airflow/example_dags/example_dynamic_task_mapping.py for tasks to queue
[2023-05-05T18:22:07.934+0000] {logging_mixin.py:137} INFO - [2023-05-05T18:22:07.933+0000] {dagbag.py:538} INFO - Filling up the DagBag from /usr/local/python/3.10.4/lib/python3.10/site-packages/airflow/example_dags/example_dynamic_task_mapping.py
[2023-05-05T18:22:07.957+0000] {processor.py:753} INFO - DAG(s) dict_keys(['example_dynamic_task_mapping']) retrieved from /usr/local/python/3.10.4/lib/python3.10/site-packages/airflow/example_dags/example_dynamic_task_mapping.py
[2023-05-05T18:22:08.135+0000] {logging_mixin.py:137} INFO - [2023-05-05T18:22:08.135+0000] {manager.py:504} INFO - Created Permission View: can delete on DAG:example_dynamic_task_mapping
[2023-05-05T18:22:08.179+0000] {logging_mixin.py:137} INFO - [2023-05-05T18:22:08.179+0000] {manager.py:504} INFO - Created Permission View: can read on DAG:example_dynamic_task_mapping
[2023-05-05T18:22:08.226+0000] {logging_mixin.py:137} INFO - [2023-05-05T18:22:08.226+0000] {manager.py:504} INFO - Created Permission View: can edit on DAG:example_dynamic_task_mapping
[2023-05-05T18:22:08.226+0000] {logging_mixin.py:137} INFO - [2023-05-05T18:22:08.226+0000] {dag.py:2690} INFO - Sync 1 DAGs
[2023-05-05T18:22:08.236+0000] {logging_mixin.py:137} INFO - [2023-05-05T18:22:08.235+0000] {dag.py:2711} INFO - Creating ORM DAG for example_dynamic_task_mapping
[2023-05-05T18:22:08.244+0000] {logging_mixin.py:137} INFO - [2023-05-05T18:22:08.244+0000] {dag.py:3437} INFO - Setting next_dagrun for example_dynamic_task_mapping to 2022-03-04T00:00:00+00:00, run_after=2022-03-05T00:00:00+00:00
[2023-05-05T18:22:08.295+0000] {processor.py:175} INFO - Processing /usr/local/python/3.10.4/lib/python3.10/site-packages/airflow/example_dags/example_dynamic_task_mapping.py took 0.367 seconds
[2023-05-05T18:22:59.318+0000] {processor.py:153} INFO - Started process (PID=5091) to work on /usr/local/python/3.10.4/lib/python3.10/site-packages/airflow/example_dags/example_dynamic_task_mapping.py
[2023-05-05T18:22:59.319+0000] {processor.py:743} INFO - Processing file /usr/local/python/3.10.4/lib/python3.10/site-packages/airflow/example_dags/example_dynamic_task_mapping.py for tasks to queue
[2023-05-05T18:22:59.320+0000] {logging_mixin.py:137} INFO - [2023-05-05T18:22:59.320+0000] {dagbag.py:538} INFO - Filling up the DagBag from /usr/local/python/3.10.4/lib/python3.10/site-packages/airflow/example_dags/example_dynamic_task_mapping.py
[2023-05-05T18:22:59.343+0000] {processor.py:753} INFO - DAG(s) dict_keys(['example_dynamic_task_mapping']) retrieved from /usr/local/python/3.10.4/lib/python3.10/site-packages/airflow/example_dags/example_dynamic_task_mapping.py
[2023-05-05T18:22:59.360+0000] {logging_mixin.py:137} INFO - [2023-05-05T18:22:59.360+0000] {dag.py:2690} INFO - Sync 1 DAGs
[2023-05-05T18:22:59.379+0000] {logging_mixin.py:137} INFO - [2023-05-05T18:22:59.379+0000] {dag.py:3437} INFO - Setting next_dagrun for example_dynamic_task_mapping to 2022-03-04T00:00:00+00:00, run_after=2022-03-05T00:00:00+00:00
[2023-05-05T18:22:59.429+0000] {processor.py:175} INFO - Processing /usr/local/python/3.10.4/lib/python3.10/site-packages/airflow/example_dags/example_dynamic_task_mapping.py took 0.114 seconds
[2023-05-05T18:23:49.182+0000] {processor.py:153} INFO - Started process (PID=5418) to work on /usr/local/python/3.10.4/lib/python3.10/site-packages/airflow/example_dags/example_dynamic_task_mapping.py
[2023-05-05T18:23:49.183+0000] {processor.py:743} INFO - Processing file /usr/local/python/3.10.4/lib/python3.10/site-packages/airflow/example_dags/example_dynamic_task_mapping.py for tasks to queue
[2023-05-05T18:23:49.184+0000] {logging_mixin.py:137} INFO - [2023-05-05T18:23:49.183+0000] {dagbag.py:538} INFO - Filling up the DagBag from /usr/local/python/3.10.4/lib/python3.10/site-packages/airflow/example_dags/example_dynamic_task_mapping.py
[2023-05-05T18:23:49.208+0000] {processor.py:753} INFO - DAG(s) dict_keys(['example_dynamic_task_mapping']) retrieved from /usr/local/python/3.10.4/lib/python3.10/site-packages/airflow/example_dags/example_dynamic_task_mapping.py
[2023-05-05T18:23:49.225+0000] {logging_mixin.py:137} INFO - [2023-05-05T18:23:49.225+0000] {dag.py:2690} INFO - Sync 1 DAGs
[2023-05-05T18:23:49.244+0000] {logging_mixin.py:137} INFO - [2023-05-05T18:23:49.244+0000] {dag.py:3437} INFO - Setting next_dagrun for example_dynamic_task_mapping to 2022-03-04T00:00:00+00:00, run_after=2022-03-05T00:00:00+00:00
[2023-05-05T18:23:49.296+0000] {processor.py:175} INFO - Processing /usr/local/python/3.10.4/lib/python3.10/site-packages/airflow/example_dags/example_dynamic_task_mapping.py took 0.118 seconds
[2023-05-05T18:24:34.639+0000] {processor.py:153} INFO - Started process (PID=5770) to work on /usr/local/python/3.10.4/lib/python3.10/site-packages/airflow/example_dags/example_dynamic_task_mapping.py
[2023-05-05T18:24:34.640+0000] {processor.py:743} INFO - Processing file /usr/local/python/3.10.4/lib/python3.10/site-packages/airflow/example_dags/example_dynamic_task_mapping.py for tasks to queue
[2023-05-05T18:24:34.641+0000] {logging_mixin.py:137} INFO - [2023-05-05T18:24:34.641+0000] {dagbag.py:538} INFO - Filling up the DagBag from /usr/local/python/3.10.4/lib/python3.10/site-packages/airflow/example_dags/example_dynamic_task_mapping.py
[2023-05-05T18:24:34.665+0000] {processor.py:753} INFO - DAG(s) dict_keys(['example_dynamic_task_mapping']) retrieved from /usr/local/python/3.10.4/lib/python3.10/site-packages/airflow/example_dags/example_dynamic_task_mapping.py
[2023-05-05T18:24:34.682+0000] {logging_mixin.py:137} INFO - [2023-05-05T18:24:34.682+0000] {dag.py:2690} INFO - Sync 1 DAGs
[2023-05-05T18:24:34.700+0000] {logging_mixin.py:137} INFO - [2023-05-05T18:24:34.700+0000] {dag.py:3437} INFO - Setting next_dagrun for example_dynamic_task_mapping to 2022-03-04T00:00:00+00:00, run_after=2022-03-05T00:00:00+00:00
[2023-05-05T18:24:34.752+0000] {processor.py:175} INFO - Processing /usr/local/python/3.10.4/lib/python3.10/site-packages/airflow/example_dags/example_dynamic_task_mapping.py took 0.117 seconds
[2023-05-05T18:25:12.752+0000] {processor.py:153} INFO - Started process (PID=6024) to work on /usr/local/python/3.10.4/lib/python3.10/site-packages/airflow/example_dags/example_dynamic_task_mapping.py
[2023-05-05T18:25:12.754+0000] {processor.py:743} INFO - Processing file /usr/local/python/3.10.4/lib/python3.10/site-packages/airflow/example_dags/example_dynamic_task_mapping.py for tasks to queue
[2023-05-05T18:25:12.755+0000] {logging_mixin.py:137} INFO - [2023-05-05T18:25:12.755+0000] {dagbag.py:538} INFO - Filling up the DagBag from /usr/local/python/3.10.4/lib/python3.10/site-packages/airflow/example_dags/example_dynamic_task_mapping.py
[2023-05-05T18:25:12.782+0000] {processor.py:753} INFO - DAG(s) dict_keys(['example_dynamic_task_mapping']) retrieved from /usr/local/python/3.10.4/lib/python3.10/site-packages/airflow/example_dags/example_dynamic_task_mapping.py
[2023-05-05T18:25:12.819+0000] {logging_mixin.py:137} INFO - [2023-05-05T18:25:12.819+0000] {dag.py:2690} INFO - Sync 1 DAGs
[2023-05-05T18:25:12.838+0000] {logging_mixin.py:137} INFO - [2023-05-05T18:25:12.838+0000] {dag.py:3437} INFO - Setting next_dagrun for example_dynamic_task_mapping to 2022-03-04T00:00:00+00:00, run_after=2022-03-05T00:00:00+00:00
[2023-05-05T18:25:12.888+0000] {processor.py:175} INFO - Processing /usr/local/python/3.10.4/lib/python3.10/site-packages/airflow/example_dags/example_dynamic_task_mapping.py took 0.141 seconds
[2023-05-05T18:26:00.753+0000] {processor.py:153} INFO - Started process (PID=6353) to work on /usr/local/python/3.10.4/lib/python3.10/site-packages/airflow/example_dags/example_dynamic_task_mapping.py
[2023-05-05T18:26:00.754+0000] {processor.py:743} INFO - Processing file /usr/local/python/3.10.4/lib/python3.10/site-packages/airflow/example_dags/example_dynamic_task_mapping.py for tasks to queue
[2023-05-05T18:26:00.755+0000] {logging_mixin.py:137} INFO - [2023-05-05T18:26:00.754+0000] {dagbag.py:538} INFO - Filling up the DagBag from /usr/local/python/3.10.4/lib/python3.10/site-packages/airflow/example_dags/example_dynamic_task_mapping.py
[2023-05-05T18:26:00.780+0000] {processor.py:753} INFO - DAG(s) dict_keys(['example_dynamic_task_mapping']) retrieved from /usr/local/python/3.10.4/lib/python3.10/site-packages/airflow/example_dags/example_dynamic_task_mapping.py
[2023-05-05T18:26:00.797+0000] {logging_mixin.py:137} INFO - [2023-05-05T18:26:00.797+0000] {dag.py:2690} INFO - Sync 1 DAGs
[2023-05-05T18:26:00.817+0000] {logging_mixin.py:137} INFO - [2023-05-05T18:26:00.817+0000] {dag.py:3437} INFO - Setting next_dagrun for example_dynamic_task_mapping to 2022-03-04T00:00:00+00:00, run_after=2022-03-05T00:00:00+00:00
[2023-05-05T18:26:00.867+0000] {processor.py:175} INFO - Processing /usr/local/python/3.10.4/lib/python3.10/site-packages/airflow/example_dags/example_dynamic_task_mapping.py took 0.118 seconds
[2023-05-05T18:26:41.381+0000] {processor.py:153} INFO - Started process (PID=6648) to work on /usr/local/python/3.10.4/lib/python3.10/site-packages/airflow/example_dags/example_dynamic_task_mapping.py
[2023-05-05T18:26:41.382+0000] {processor.py:743} INFO - Processing file /usr/local/python/3.10.4/lib/python3.10/site-packages/airflow/example_dags/example_dynamic_task_mapping.py for tasks to queue
[2023-05-05T18:26:41.383+0000] {logging_mixin.py:137} INFO - [2023-05-05T18:26:41.383+0000] {dagbag.py:538} INFO - Filling up the DagBag from /usr/local/python/3.10.4/lib/python3.10/site-packages/airflow/example_dags/example_dynamic_task_mapping.py
[2023-05-05T18:26:41.408+0000] {processor.py:753} INFO - DAG(s) dict_keys(['example_dynamic_task_mapping']) retrieved from /usr/local/python/3.10.4/lib/python3.10/site-packages/airflow/example_dags/example_dynamic_task_mapping.py
[2023-05-05T18:26:41.425+0000] {logging_mixin.py:137} INFO - [2023-05-05T18:26:41.425+0000] {dag.py:2690} INFO - Sync 1 DAGs
[2023-05-05T18:26:41.443+0000] {logging_mixin.py:137} INFO - [2023-05-05T18:26:41.443+0000] {dag.py:3437} INFO - Setting next_dagrun for example_dynamic_task_mapping to 2022-03-04T00:00:00+00:00, run_after=2022-03-05T00:00:00+00:00
[2023-05-05T18:26:41.492+0000] {processor.py:175} INFO - Processing /usr/local/python/3.10.4/lib/python3.10/site-packages/airflow/example_dags/example_dynamic_task_mapping.py took 0.114 seconds
[2023-05-05T18:27:19.292+0000] {processor.py:153} INFO - Started process (PID=6913) to work on /usr/local/python/3.10.4/lib/python3.10/site-packages/airflow/example_dags/example_dynamic_task_mapping.py
[2023-05-05T18:27:19.293+0000] {processor.py:743} INFO - Processing file /usr/local/python/3.10.4/lib/python3.10/site-packages/airflow/example_dags/example_dynamic_task_mapping.py for tasks to queue
[2023-05-05T18:27:19.294+0000] {logging_mixin.py:137} INFO - [2023-05-05T18:27:19.293+0000] {dagbag.py:538} INFO - Filling up the DagBag from /usr/local/python/3.10.4/lib/python3.10/site-packages/airflow/example_dags/example_dynamic_task_mapping.py
[2023-05-05T18:27:19.319+0000] {processor.py:753} INFO - DAG(s) dict_keys(['example_dynamic_task_mapping']) retrieved from /usr/local/python/3.10.4/lib/python3.10/site-packages/airflow/example_dags/example_dynamic_task_mapping.py
[2023-05-05T18:27:19.338+0000] {logging_mixin.py:137} INFO - [2023-05-05T18:27:19.338+0000] {dag.py:2690} INFO - Sync 1 DAGs
[2023-05-05T18:27:19.356+0000] {logging_mixin.py:137} INFO - [2023-05-05T18:27:19.356+0000] {dag.py:3437} INFO - Setting next_dagrun for example_dynamic_task_mapping to 2022-03-04T00:00:00+00:00, run_after=2022-03-05T00:00:00+00:00
[2023-05-05T18:27:19.413+0000] {processor.py:175} INFO - Processing /usr/local/python/3.10.4/lib/python3.10/site-packages/airflow/example_dags/example_dynamic_task_mapping.py took 0.125 seconds
[2023-05-05T18:28:05.771+0000] {processor.py:153} INFO - Started process (PID=7488) to work on /usr/local/python/3.10.4/lib/python3.10/site-packages/airflow/example_dags/example_dynamic_task_mapping.py
[2023-05-05T18:28:05.772+0000] {processor.py:743} INFO - Processing file /usr/local/python/3.10.4/lib/python3.10/site-packages/airflow/example_dags/example_dynamic_task_mapping.py for tasks to queue
[2023-05-05T18:28:05.773+0000] {logging_mixin.py:137} INFO - [2023-05-05T18:28:05.773+0000] {dagbag.py:538} INFO - Filling up the DagBag from /usr/local/python/3.10.4/lib/python3.10/site-packages/airflow/example_dags/example_dynamic_task_mapping.py
[2023-05-05T18:28:05.797+0000] {processor.py:753} INFO - DAG(s) dict_keys(['example_dynamic_task_mapping']) retrieved from /usr/local/python/3.10.4/lib/python3.10/site-packages/airflow/example_dags/example_dynamic_task_mapping.py
[2023-05-05T18:28:05.815+0000] {logging_mixin.py:137} INFO - [2023-05-05T18:28:05.815+0000] {dag.py:2690} INFO - Sync 1 DAGs
[2023-05-05T18:28:05.834+0000] {logging_mixin.py:137} INFO - [2023-05-05T18:28:05.833+0000] {dag.py:3437} INFO - Setting next_dagrun for example_dynamic_task_mapping to 2022-03-04T00:00:00+00:00, run_after=2022-03-05T00:00:00+00:00
[2023-05-05T18:28:05.883+0000] {processor.py:175} INFO - Processing /usr/local/python/3.10.4/lib/python3.10/site-packages/airflow/example_dags/example_dynamic_task_mapping.py took 0.115 seconds
[2023-05-05T18:28:43.846+0000] {processor.py:153} INFO - Started process (PID=8047) to work on /usr/local/python/3.10.4/lib/python3.10/site-packages/airflow/example_dags/example_dynamic_task_mapping.py
[2023-05-05T18:28:43.847+0000] {processor.py:743} INFO - Processing file /usr/local/python/3.10.4/lib/python3.10/site-packages/airflow/example_dags/example_dynamic_task_mapping.py for tasks to queue
[2023-05-05T18:28:43.848+0000] {logging_mixin.py:137} INFO - [2023-05-05T18:28:43.848+0000] {dagbag.py:538} INFO - Filling up the DagBag from /usr/local/python/3.10.4/lib/python3.10/site-packages/airflow/example_dags/example_dynamic_task_mapping.py
[2023-05-05T18:28:43.873+0000] {processor.py:753} INFO - DAG(s) dict_keys(['example_dynamic_task_mapping']) retrieved from /usr/local/python/3.10.4/lib/python3.10/site-packages/airflow/example_dags/example_dynamic_task_mapping.py
[2023-05-05T18:28:43.891+0000] {logging_mixin.py:137} INFO - [2023-05-05T18:28:43.891+0000] {dag.py:2690} INFO - Sync 1 DAGs
[2023-05-05T18:28:43.911+0000] {logging_mixin.py:137} INFO - [2023-05-05T18:28:43.911+0000] {dag.py:3437} INFO - Setting next_dagrun for example_dynamic_task_mapping to 2022-03-04T00:00:00+00:00, run_after=2022-03-05T00:00:00+00:00
[2023-05-05T18:28:43.963+0000] {processor.py:175} INFO - Processing /usr/local/python/3.10.4/lib/python3.10/site-packages/airflow/example_dags/example_dynamic_task_mapping.py took 0.120 seconds
[2023-05-05T18:29:24.492+0000] {processor.py:153} INFO - Started process (PID=8352) to work on /usr/local/python/3.10.4/lib/python3.10/site-packages/airflow/example_dags/example_dynamic_task_mapping.py
[2023-05-05T18:29:24.501+0000] {processor.py:743} INFO - Processing file /usr/local/python/3.10.4/lib/python3.10/site-packages/airflow/example_dags/example_dynamic_task_mapping.py for tasks to queue
[2023-05-05T18:29:24.502+0000] {logging_mixin.py:137} INFO - [2023-05-05T18:29:24.502+0000] {dagbag.py:538} INFO - Filling up the DagBag from /usr/local/python/3.10.4/lib/python3.10/site-packages/airflow/example_dags/example_dynamic_task_mapping.py
[2023-05-05T18:29:24.545+0000] {processor.py:753} INFO - DAG(s) dict_keys(['example_dynamic_task_mapping']) retrieved from /usr/local/python/3.10.4/lib/python3.10/site-packages/airflow/example_dags/example_dynamic_task_mapping.py
[2023-05-05T18:29:24.563+0000] {logging_mixin.py:137} INFO - [2023-05-05T18:29:24.563+0000] {dag.py:2690} INFO - Sync 1 DAGs
[2023-05-05T18:29:24.582+0000] {logging_mixin.py:137} INFO - [2023-05-05T18:29:24.582+0000] {dag.py:3437} INFO - Setting next_dagrun for example_dynamic_task_mapping to 2022-03-04T00:00:00+00:00, run_after=2022-03-05T00:00:00+00:00
[2023-05-05T18:29:24.634+0000] {processor.py:175} INFO - Processing /usr/local/python/3.10.4/lib/python3.10/site-packages/airflow/example_dags/example_dynamic_task_mapping.py took 0.148 seconds
[2023-05-05T18:30:03.891+0000] {processor.py:153} INFO - Started process (PID=8710) to work on /usr/local/python/3.10.4/lib/python3.10/site-packages/airflow/example_dags/example_dynamic_task_mapping.py
[2023-05-05T18:30:03.893+0000] {processor.py:743} INFO - Processing file /usr/local/python/3.10.4/lib/python3.10/site-packages/airflow/example_dags/example_dynamic_task_mapping.py for tasks to queue
[2023-05-05T18:30:03.894+0000] {logging_mixin.py:137} INFO - [2023-05-05T18:30:03.894+0000] {dagbag.py:538} INFO - Filling up the DagBag from /usr/local/python/3.10.4/lib/python3.10/site-packages/airflow/example_dags/example_dynamic_task_mapping.py
[2023-05-05T18:30:03.951+0000] {processor.py:753} INFO - DAG(s) dict_keys(['example_dynamic_task_mapping']) retrieved from /usr/local/python/3.10.4/lib/python3.10/site-packages/airflow/example_dags/example_dynamic_task_mapping.py
[2023-05-05T18:30:03.979+0000] {logging_mixin.py:137} INFO - [2023-05-05T18:30:03.979+0000] {dag.py:2690} INFO - Sync 1 DAGs
[2023-05-05T18:30:04.005+0000] {logging_mixin.py:137} INFO - [2023-05-05T18:30:04.005+0000] {dag.py:3437} INFO - Setting next_dagrun for example_dynamic_task_mapping to 2022-03-04T00:00:00+00:00, run_after=2022-03-05T00:00:00+00:00
[2023-05-05T18:30:04.055+0000] {processor.py:175} INFO - Processing /usr/local/python/3.10.4/lib/python3.10/site-packages/airflow/example_dags/example_dynamic_task_mapping.py took 0.168 seconds
[2023-05-05T18:30:41.570+0000] {processor.py:153} INFO - Started process (PID=9018) to work on /usr/local/python/3.10.4/lib/python3.10/site-packages/airflow/example_dags/example_dynamic_task_mapping.py
[2023-05-05T18:30:41.571+0000] {processor.py:743} INFO - Processing file /usr/local/python/3.10.4/lib/python3.10/site-packages/airflow/example_dags/example_dynamic_task_mapping.py for tasks to queue
[2023-05-05T18:30:41.572+0000] {logging_mixin.py:137} INFO - [2023-05-05T18:30:41.572+0000] {dagbag.py:538} INFO - Filling up the DagBag from /usr/local/python/3.10.4/lib/python3.10/site-packages/airflow/example_dags/example_dynamic_task_mapping.py
[2023-05-05T18:30:41.596+0000] {processor.py:753} INFO - DAG(s) dict_keys(['example_dynamic_task_mapping']) retrieved from /usr/local/python/3.10.4/lib/python3.10/site-packages/airflow/example_dags/example_dynamic_task_mapping.py
[2023-05-05T18:30:41.614+0000] {logging_mixin.py:137} INFO - [2023-05-05T18:30:41.614+0000] {dag.py:2690} INFO - Sync 1 DAGs
[2023-05-05T18:30:41.631+0000] {logging_mixin.py:137} INFO - [2023-05-05T18:30:41.631+0000] {dag.py:3437} INFO - Setting next_dagrun for example_dynamic_task_mapping to 2022-03-04T00:00:00+00:00, run_after=2022-03-05T00:00:00+00:00
[2023-05-05T18:30:41.685+0000] {processor.py:175} INFO - Processing /usr/local/python/3.10.4/lib/python3.10/site-packages/airflow/example_dags/example_dynamic_task_mapping.py took 0.118 seconds
[2023-05-05T18:31:19.626+0000] {processor.py:153} INFO - Started process (PID=9354) to work on /usr/local/python/3.10.4/lib/python3.10/site-packages/airflow/example_dags/example_dynamic_task_mapping.py
[2023-05-05T18:31:19.627+0000] {processor.py:743} INFO - Processing file /usr/local/python/3.10.4/lib/python3.10/site-packages/airflow/example_dags/example_dynamic_task_mapping.py for tasks to queue
[2023-05-05T18:31:19.628+0000] {logging_mixin.py:137} INFO - [2023-05-05T18:31:19.628+0000] {dagbag.py:538} INFO - Filling up the DagBag from /usr/local/python/3.10.4/lib/python3.10/site-packages/airflow/example_dags/example_dynamic_task_mapping.py
[2023-05-05T18:31:19.652+0000] {processor.py:753} INFO - DAG(s) dict_keys(['example_dynamic_task_mapping']) retrieved from /usr/local/python/3.10.4/lib/python3.10/site-packages/airflow/example_dags/example_dynamic_task_mapping.py
[2023-05-05T18:31:19.670+0000] {logging_mixin.py:137} INFO - [2023-05-05T18:31:19.670+0000] {dag.py:2690} INFO - Sync 1 DAGs
[2023-05-05T18:31:19.688+0000] {logging_mixin.py:137} INFO - [2023-05-05T18:31:19.688+0000] {dag.py:3437} INFO - Setting next_dagrun for example_dynamic_task_mapping to 2022-03-04T00:00:00+00:00, run_after=2022-03-05T00:00:00+00:00
[2023-05-05T18:31:19.740+0000] {processor.py:175} INFO - Processing /usr/local/python/3.10.4/lib/python3.10/site-packages/airflow/example_dags/example_dynamic_task_mapping.py took 0.118 seconds
[2023-05-05T18:31:57.084+0000] {processor.py:153} INFO - Started process (PID=9726) to work on /usr/local/python/3.10.4/lib/python3.10/site-packages/airflow/example_dags/example_dynamic_task_mapping.py
[2023-05-05T18:31:57.085+0000] {processor.py:743} INFO - Processing file /usr/local/python/3.10.4/lib/python3.10/site-packages/airflow/example_dags/example_dynamic_task_mapping.py for tasks to queue
[2023-05-05T18:31:57.086+0000] {logging_mixin.py:137} INFO - [2023-05-05T18:31:57.085+0000] {dagbag.py:538} INFO - Filling up the DagBag from /usr/local/python/3.10.4/lib/python3.10/site-packages/airflow/example_dags/example_dynamic_task_mapping.py
[2023-05-05T18:31:57.116+0000] {processor.py:753} INFO - DAG(s) dict_keys(['example_dynamic_task_mapping']) retrieved from /usr/local/python/3.10.4/lib/python3.10/site-packages/airflow/example_dags/example_dynamic_task_mapping.py
[2023-05-05T18:31:57.138+0000] {logging_mixin.py:137} INFO - [2023-05-05T18:31:57.137+0000] {dag.py:2690} INFO - Sync 1 DAGs
[2023-05-05T18:31:57.158+0000] {logging_mixin.py:137} INFO - [2023-05-05T18:31:57.158+0000] {dag.py:3437} INFO - Setting next_dagrun for example_dynamic_task_mapping to 2022-03-04T00:00:00+00:00, run_after=2022-03-05T00:00:00+00:00
[2023-05-05T18:31:57.213+0000] {processor.py:175} INFO - Processing /usr/local/python/3.10.4/lib/python3.10/site-packages/airflow/example_dags/example_dynamic_task_mapping.py took 0.132 seconds
[2023-05-05T18:32:35.116+0000] {processor.py:153} INFO - Started process (PID=10129) to work on /usr/local/python/3.10.4/lib/python3.10/site-packages/airflow/example_dags/example_dynamic_task_mapping.py
[2023-05-05T18:32:35.118+0000] {processor.py:743} INFO - Processing file /usr/local/python/3.10.4/lib/python3.10/site-packages/airflow/example_dags/example_dynamic_task_mapping.py for tasks to queue
[2023-05-05T18:32:35.120+0000] {logging_mixin.py:137} INFO - [2023-05-05T18:32:35.119+0000] {dagbag.py:538} INFO - Filling up the DagBag from /usr/local/python/3.10.4/lib/python3.10/site-packages/airflow/example_dags/example_dynamic_task_mapping.py
[2023-05-05T18:32:35.148+0000] {processor.py:753} INFO - DAG(s) dict_keys(['example_dynamic_task_mapping']) retrieved from /usr/local/python/3.10.4/lib/python3.10/site-packages/airflow/example_dags/example_dynamic_task_mapping.py
[2023-05-05T18:32:35.171+0000] {logging_mixin.py:137} INFO - [2023-05-05T18:32:35.171+0000] {dag.py:2690} INFO - Sync 1 DAGs
[2023-05-05T18:32:35.191+0000] {logging_mixin.py:137} INFO - [2023-05-05T18:32:35.191+0000] {dag.py:3437} INFO - Setting next_dagrun for example_dynamic_task_mapping to 2022-03-04T00:00:00+00:00, run_after=2022-03-05T00:00:00+00:00
[2023-05-05T18:32:35.241+0000] {processor.py:175} INFO - Processing /usr/local/python/3.10.4/lib/python3.10/site-packages/airflow/example_dags/example_dynamic_task_mapping.py took 0.131 seconds
[2023-05-05T18:33:16.942+0000] {processor.py:153} INFO - Started process (PID=10506) to work on /usr/local/python/3.10.4/lib/python3.10/site-packages/airflow/example_dags/example_dynamic_task_mapping.py
[2023-05-05T18:33:16.945+0000] {processor.py:743} INFO - Processing file /usr/local/python/3.10.4/lib/python3.10/site-packages/airflow/example_dags/example_dynamic_task_mapping.py for tasks to queue
[2023-05-05T18:33:16.946+0000] {logging_mixin.py:137} INFO - [2023-05-05T18:33:16.946+0000] {dagbag.py:538} INFO - Filling up the DagBag from /usr/local/python/3.10.4/lib/python3.10/site-packages/airflow/example_dags/example_dynamic_task_mapping.py
[2023-05-05T18:33:16.980+0000] {processor.py:753} INFO - DAG(s) dict_keys(['example_dynamic_task_mapping']) retrieved from /usr/local/python/3.10.4/lib/python3.10/site-packages/airflow/example_dags/example_dynamic_task_mapping.py
[2023-05-05T18:33:17.002+0000] {logging_mixin.py:137} INFO - [2023-05-05T18:33:17.002+0000] {dag.py:2690} INFO - Sync 1 DAGs
[2023-05-05T18:33:17.031+0000] {logging_mixin.py:137} INFO - [2023-05-05T18:33:17.031+0000] {dag.py:3437} INFO - Setting next_dagrun for example_dynamic_task_mapping to 2022-03-04T00:00:00+00:00, run_after=2022-03-05T00:00:00+00:00
[2023-05-05T18:33:17.112+0000] {processor.py:175} INFO - Processing /usr/local/python/3.10.4/lib/python3.10/site-packages/airflow/example_dags/example_dynamic_task_mapping.py took 0.178 seconds
[2023-05-05T18:33:54.033+0000] {processor.py:153} INFO - Started process (PID=10809) to work on /usr/local/python/3.10.4/lib/python3.10/site-packages/airflow/example_dags/example_dynamic_task_mapping.py
[2023-05-05T18:33:54.035+0000] {processor.py:743} INFO - Processing file /usr/local/python/3.10.4/lib/python3.10/site-packages/airflow/example_dags/example_dynamic_task_mapping.py for tasks to queue
[2023-05-05T18:33:54.035+0000] {logging_mixin.py:137} INFO - [2023-05-05T18:33:54.035+0000] {dagbag.py:538} INFO - Filling up the DagBag from /usr/local/python/3.10.4/lib/python3.10/site-packages/airflow/example_dags/example_dynamic_task_mapping.py
[2023-05-05T18:33:54.060+0000] {processor.py:753} INFO - DAG(s) dict_keys(['example_dynamic_task_mapping']) retrieved from /usr/local/python/3.10.4/lib/python3.10/site-packages/airflow/example_dags/example_dynamic_task_mapping.py
[2023-05-05T18:33:54.078+0000] {logging_mixin.py:137} INFO - [2023-05-05T18:33:54.078+0000] {dag.py:2690} INFO - Sync 1 DAGs
[2023-05-05T18:33:54.096+0000] {logging_mixin.py:137} INFO - [2023-05-05T18:33:54.096+0000] {dag.py:3437} INFO - Setting next_dagrun for example_dynamic_task_mapping to 2022-03-04T00:00:00+00:00, run_after=2022-03-05T00:00:00+00:00
[2023-05-05T18:33:54.155+0000] {processor.py:175} INFO - Processing /usr/local/python/3.10.4/lib/python3.10/site-packages/airflow/example_dags/example_dynamic_task_mapping.py took 0.125 seconds
[2023-05-05T18:34:32.048+0000] {processor.py:153} INFO - Started process (PID=11233) to work on /usr/local/python/3.10.4/lib/python3.10/site-packages/airflow/example_dags/example_dynamic_task_mapping.py
[2023-05-05T18:34:32.049+0000] {processor.py:743} INFO - Processing file /usr/local/python/3.10.4/lib/python3.10/site-packages/airflow/example_dags/example_dynamic_task_mapping.py for tasks to queue
[2023-05-05T18:34:32.050+0000] {logging_mixin.py:137} INFO - [2023-05-05T18:34:32.050+0000] {dagbag.py:538} INFO - Filling up the DagBag from /usr/local/python/3.10.4/lib/python3.10/site-packages/airflow/example_dags/example_dynamic_task_mapping.py
[2023-05-05T18:34:32.075+0000] {processor.py:753} INFO - DAG(s) dict_keys(['example_dynamic_task_mapping']) retrieved from /usr/local/python/3.10.4/lib/python3.10/site-packages/airflow/example_dags/example_dynamic_task_mapping.py
[2023-05-05T18:34:32.093+0000] {logging_mixin.py:137} INFO - [2023-05-05T18:34:32.092+0000] {dag.py:2690} INFO - Sync 1 DAGs
[2023-05-05T18:34:32.110+0000] {logging_mixin.py:137} INFO - [2023-05-05T18:34:32.110+0000] {dag.py:3437} INFO - Setting next_dagrun for example_dynamic_task_mapping to 2022-03-04T00:00:00+00:00, run_after=2022-03-05T00:00:00+00:00
[2023-05-05T18:34:32.175+0000] {processor.py:175} INFO - Processing /usr/local/python/3.10.4/lib/python3.10/site-packages/airflow/example_dags/example_dynamic_task_mapping.py took 0.130 seconds
