[2023-05-05T18:22:17.356+0000] {processor.py:153} INFO - Started process (PID=4797) to work on /usr/local/python/3.10.4/lib/python3.10/site-packages/airflow/example_dags/example_trigger_controller_dag.py
[2023-05-05T18:22:17.357+0000] {processor.py:743} INFO - Processing file /usr/local/python/3.10.4/lib/python3.10/site-packages/airflow/example_dags/example_trigger_controller_dag.py for tasks to queue
[2023-05-05T18:22:17.358+0000] {logging_mixin.py:137} INFO - [2023-05-05T18:22:17.358+0000] {dagbag.py:538} INFO - Filling up the DagBag from /usr/local/python/3.10.4/lib/python3.10/site-packages/airflow/example_dags/example_trigger_controller_dag.py
[2023-05-05T18:22:17.370+0000] {processor.py:753} INFO - DAG(s) dict_keys(['example_trigger_controller_dag']) retrieved from /usr/local/python/3.10.4/lib/python3.10/site-packages/airflow/example_dags/example_trigger_controller_dag.py
[2023-05-05T18:22:17.536+0000] {logging_mixin.py:137} INFO - [2023-05-05T18:22:17.536+0000] {manager.py:504} INFO - Created Permission View: can delete on DAG:example_trigger_controller_dag
[2023-05-05T18:22:17.579+0000] {logging_mixin.py:137} INFO - [2023-05-05T18:22:17.579+0000] {manager.py:504} INFO - Created Permission View: can read on DAG:example_trigger_controller_dag
[2023-05-05T18:22:17.624+0000] {logging_mixin.py:137} INFO - [2023-05-05T18:22:17.624+0000] {manager.py:504} INFO - Created Permission View: can edit on DAG:example_trigger_controller_dag
[2023-05-05T18:22:17.624+0000] {logging_mixin.py:137} INFO - [2023-05-05T18:22:17.624+0000] {dag.py:2690} INFO - Sync 1 DAGs
[2023-05-05T18:22:17.633+0000] {logging_mixin.py:137} INFO - [2023-05-05T18:22:17.633+0000] {dag.py:2711} INFO - Creating ORM DAG for example_trigger_controller_dag
[2023-05-05T18:22:17.643+0000] {logging_mixin.py:137} INFO - [2023-05-05T18:22:17.643+0000] {dag.py:3437} INFO - Setting next_dagrun for example_trigger_controller_dag to 2021-01-01T00:00:00+00:00, run_after=2021-01-01T00:00:00+00:00
[2023-05-05T18:22:17.700+0000] {processor.py:175} INFO - Processing /usr/local/python/3.10.4/lib/python3.10/site-packages/airflow/example_dags/example_trigger_controller_dag.py took 0.347 seconds
[2023-05-05T18:23:08.296+0000] {processor.py:153} INFO - Started process (PID=5151) to work on /usr/local/python/3.10.4/lib/python3.10/site-packages/airflow/example_dags/example_trigger_controller_dag.py
[2023-05-05T18:23:08.298+0000] {processor.py:743} INFO - Processing file /usr/local/python/3.10.4/lib/python3.10/site-packages/airflow/example_dags/example_trigger_controller_dag.py for tasks to queue
[2023-05-05T18:23:08.298+0000] {logging_mixin.py:137} INFO - [2023-05-05T18:23:08.298+0000] {dagbag.py:538} INFO - Filling up the DagBag from /usr/local/python/3.10.4/lib/python3.10/site-packages/airflow/example_dags/example_trigger_controller_dag.py
[2023-05-05T18:23:08.313+0000] {processor.py:753} INFO - DAG(s) dict_keys(['example_trigger_controller_dag']) retrieved from /usr/local/python/3.10.4/lib/python3.10/site-packages/airflow/example_dags/example_trigger_controller_dag.py
[2023-05-05T18:23:08.338+0000] {logging_mixin.py:137} INFO - [2023-05-05T18:23:08.338+0000] {dag.py:2690} INFO - Sync 1 DAGs
[2023-05-05T18:23:08.356+0000] {logging_mixin.py:137} INFO - [2023-05-05T18:23:08.356+0000] {dag.py:3437} INFO - Setting next_dagrun for example_trigger_controller_dag to 2021-01-01T00:00:00+00:00, run_after=2021-01-01T00:00:00+00:00
[2023-05-05T18:23:08.408+0000] {processor.py:175} INFO - Processing /usr/local/python/3.10.4/lib/python3.10/site-packages/airflow/example_dags/example_trigger_controller_dag.py took 0.115 seconds
[2023-05-05T18:23:57.122+0000] {processor.py:153} INFO - Started process (PID=5481) to work on /usr/local/python/3.10.4/lib/python3.10/site-packages/airflow/example_dags/example_trigger_controller_dag.py
[2023-05-05T18:23:57.123+0000] {processor.py:743} INFO - Processing file /usr/local/python/3.10.4/lib/python3.10/site-packages/airflow/example_dags/example_trigger_controller_dag.py for tasks to queue
[2023-05-05T18:23:57.124+0000] {logging_mixin.py:137} INFO - [2023-05-05T18:23:57.124+0000] {dagbag.py:538} INFO - Filling up the DagBag from /usr/local/python/3.10.4/lib/python3.10/site-packages/airflow/example_dags/example_trigger_controller_dag.py
[2023-05-05T18:23:57.136+0000] {processor.py:753} INFO - DAG(s) dict_keys(['example_trigger_controller_dag']) retrieved from /usr/local/python/3.10.4/lib/python3.10/site-packages/airflow/example_dags/example_trigger_controller_dag.py
[2023-05-05T18:23:57.154+0000] {logging_mixin.py:137} INFO - [2023-05-05T18:23:57.154+0000] {dag.py:2690} INFO - Sync 1 DAGs
[2023-05-05T18:23:57.174+0000] {logging_mixin.py:137} INFO - [2023-05-05T18:23:57.174+0000] {dag.py:3437} INFO - Setting next_dagrun for example_trigger_controller_dag to 2021-01-01T00:00:00+00:00, run_after=2021-01-01T00:00:00+00:00
[2023-05-05T18:23:57.227+0000] {processor.py:175} INFO - Processing /usr/local/python/3.10.4/lib/python3.10/site-packages/airflow/example_dags/example_trigger_controller_dag.py took 0.109 seconds
[2023-05-05T18:24:41.697+0000] {processor.py:153} INFO - Started process (PID=5804) to work on /usr/local/python/3.10.4/lib/python3.10/site-packages/airflow/example_dags/example_trigger_controller_dag.py
[2023-05-05T18:24:41.698+0000] {processor.py:743} INFO - Processing file /usr/local/python/3.10.4/lib/python3.10/site-packages/airflow/example_dags/example_trigger_controller_dag.py for tasks to queue
[2023-05-05T18:24:41.699+0000] {logging_mixin.py:137} INFO - [2023-05-05T18:24:41.699+0000] {dagbag.py:538} INFO - Filling up the DagBag from /usr/local/python/3.10.4/lib/python3.10/site-packages/airflow/example_dags/example_trigger_controller_dag.py
[2023-05-05T18:24:41.715+0000] {processor.py:753} INFO - DAG(s) dict_keys(['example_trigger_controller_dag']) retrieved from /usr/local/python/3.10.4/lib/python3.10/site-packages/airflow/example_dags/example_trigger_controller_dag.py
[2023-05-05T18:24:41.735+0000] {logging_mixin.py:137} INFO - [2023-05-05T18:24:41.735+0000] {dag.py:2690} INFO - Sync 1 DAGs
[2023-05-05T18:24:41.755+0000] {logging_mixin.py:137} INFO - [2023-05-05T18:24:41.755+0000] {dag.py:3437} INFO - Setting next_dagrun for example_trigger_controller_dag to 2021-01-01T00:00:00+00:00, run_after=2021-01-01T00:00:00+00:00
[2023-05-05T18:24:41.811+0000] {processor.py:175} INFO - Processing /usr/local/python/3.10.4/lib/python3.10/site-packages/airflow/example_dags/example_trigger_controller_dag.py took 0.118 seconds
[2023-05-05T18:25:33.048+0000] {processor.py:153} INFO - Started process (PID=6162) to work on /usr/local/python/3.10.4/lib/python3.10/site-packages/airflow/example_dags/example_trigger_controller_dag.py
[2023-05-05T18:25:33.049+0000] {processor.py:743} INFO - Processing file /usr/local/python/3.10.4/lib/python3.10/site-packages/airflow/example_dags/example_trigger_controller_dag.py for tasks to queue
[2023-05-05T18:25:33.050+0000] {logging_mixin.py:137} INFO - [2023-05-05T18:25:33.050+0000] {dagbag.py:538} INFO - Filling up the DagBag from /usr/local/python/3.10.4/lib/python3.10/site-packages/airflow/example_dags/example_trigger_controller_dag.py
[2023-05-05T18:25:33.063+0000] {processor.py:753} INFO - DAG(s) dict_keys(['example_trigger_controller_dag']) retrieved from /usr/local/python/3.10.4/lib/python3.10/site-packages/airflow/example_dags/example_trigger_controller_dag.py
[2023-05-05T18:25:33.081+0000] {logging_mixin.py:137} INFO - [2023-05-05T18:25:33.081+0000] {dag.py:2690} INFO - Sync 1 DAGs
[2023-05-05T18:25:33.099+0000] {logging_mixin.py:137} INFO - [2023-05-05T18:25:33.099+0000] {dag.py:3437} INFO - Setting next_dagrun for example_trigger_controller_dag to 2021-01-01T00:00:00+00:00, run_after=2021-01-01T00:00:00+00:00
[2023-05-05T18:25:33.158+0000] {processor.py:175} INFO - Processing /usr/local/python/3.10.4/lib/python3.10/site-packages/airflow/example_dags/example_trigger_controller_dag.py took 0.113 seconds
[2023-05-05T18:26:16.625+0000] {processor.py:153} INFO - Started process (PID=6476) to work on /usr/local/python/3.10.4/lib/python3.10/site-packages/airflow/example_dags/example_trigger_controller_dag.py
[2023-05-05T18:26:16.626+0000] {processor.py:743} INFO - Processing file /usr/local/python/3.10.4/lib/python3.10/site-packages/airflow/example_dags/example_trigger_controller_dag.py for tasks to queue
[2023-05-05T18:26:16.627+0000] {logging_mixin.py:137} INFO - [2023-05-05T18:26:16.627+0000] {dagbag.py:538} INFO - Filling up the DagBag from /usr/local/python/3.10.4/lib/python3.10/site-packages/airflow/example_dags/example_trigger_controller_dag.py
[2023-05-05T18:26:16.640+0000] {processor.py:753} INFO - DAG(s) dict_keys(['example_trigger_controller_dag']) retrieved from /usr/local/python/3.10.4/lib/python3.10/site-packages/airflow/example_dags/example_trigger_controller_dag.py
[2023-05-05T18:26:16.659+0000] {logging_mixin.py:137} INFO - [2023-05-05T18:26:16.659+0000] {dag.py:2690} INFO - Sync 1 DAGs
[2023-05-05T18:26:16.677+0000] {logging_mixin.py:137} INFO - [2023-05-05T18:26:16.677+0000] {dag.py:3437} INFO - Setting next_dagrun for example_trigger_controller_dag to 2021-01-01T00:00:00+00:00, run_after=2021-01-01T00:00:00+00:00
[2023-05-05T18:26:16.727+0000] {processor.py:175} INFO - Processing /usr/local/python/3.10.4/lib/python3.10/site-packages/airflow/example_dags/example_trigger_controller_dag.py took 0.106 seconds
[2023-05-05T18:26:56.910+0000] {processor.py:153} INFO - Started process (PID=6743) to work on /usr/local/python/3.10.4/lib/python3.10/site-packages/airflow/example_dags/example_trigger_controller_dag.py
[2023-05-05T18:26:56.912+0000] {processor.py:743} INFO - Processing file /usr/local/python/3.10.4/lib/python3.10/site-packages/airflow/example_dags/example_trigger_controller_dag.py for tasks to queue
[2023-05-05T18:26:56.913+0000] {logging_mixin.py:137} INFO - [2023-05-05T18:26:56.913+0000] {dagbag.py:538} INFO - Filling up the DagBag from /usr/local/python/3.10.4/lib/python3.10/site-packages/airflow/example_dags/example_trigger_controller_dag.py
[2023-05-05T18:26:56.942+0000] {processor.py:753} INFO - DAG(s) dict_keys(['example_trigger_controller_dag']) retrieved from /usr/local/python/3.10.4/lib/python3.10/site-packages/airflow/example_dags/example_trigger_controller_dag.py
[2023-05-05T18:26:56.966+0000] {logging_mixin.py:137} INFO - [2023-05-05T18:26:56.966+0000] {dag.py:2690} INFO - Sync 1 DAGs
[2023-05-05T18:26:56.999+0000] {logging_mixin.py:137} INFO - [2023-05-05T18:26:56.998+0000] {dag.py:3437} INFO - Setting next_dagrun for example_trigger_controller_dag to 2021-01-01T00:00:00+00:00, run_after=2021-01-01T00:00:00+00:00
[2023-05-05T18:26:57.055+0000] {processor.py:175} INFO - Processing /usr/local/python/3.10.4/lib/python3.10/site-packages/airflow/example_dags/example_trigger_controller_dag.py took 0.149 seconds
[2023-05-05T18:27:45.551+0000] {processor.py:153} INFO - Started process (PID=7105) to work on /usr/local/python/3.10.4/lib/python3.10/site-packages/airflow/example_dags/example_trigger_controller_dag.py
[2023-05-05T18:27:45.552+0000] {processor.py:743} INFO - Processing file /usr/local/python/3.10.4/lib/python3.10/site-packages/airflow/example_dags/example_trigger_controller_dag.py for tasks to queue
[2023-05-05T18:27:45.553+0000] {logging_mixin.py:137} INFO - [2023-05-05T18:27:45.553+0000] {dagbag.py:538} INFO - Filling up the DagBag from /usr/local/python/3.10.4/lib/python3.10/site-packages/airflow/example_dags/example_trigger_controller_dag.py
[2023-05-05T18:27:45.566+0000] {processor.py:753} INFO - DAG(s) dict_keys(['example_trigger_controller_dag']) retrieved from /usr/local/python/3.10.4/lib/python3.10/site-packages/airflow/example_dags/example_trigger_controller_dag.py
[2023-05-05T18:27:45.591+0000] {logging_mixin.py:137} INFO - [2023-05-05T18:27:45.591+0000] {dag.py:2690} INFO - Sync 1 DAGs
[2023-05-05T18:27:45.610+0000] {logging_mixin.py:137} INFO - [2023-05-05T18:27:45.610+0000] {dag.py:3437} INFO - Setting next_dagrun for example_trigger_controller_dag to 2021-01-01T00:00:00+00:00, run_after=2021-01-01T00:00:00+00:00
[2023-05-05T18:27:45.663+0000] {processor.py:175} INFO - Processing /usr/local/python/3.10.4/lib/python3.10/site-packages/airflow/example_dags/example_trigger_controller_dag.py took 0.116 seconds
[2023-05-05T18:28:35.314+0000] {processor.py:153} INFO - Started process (PID=7992) to work on /usr/local/python/3.10.4/lib/python3.10/site-packages/airflow/example_dags/example_trigger_controller_dag.py
[2023-05-05T18:28:35.315+0000] {processor.py:743} INFO - Processing file /usr/local/python/3.10.4/lib/python3.10/site-packages/airflow/example_dags/example_trigger_controller_dag.py for tasks to queue
[2023-05-05T18:28:35.316+0000] {logging_mixin.py:137} INFO - [2023-05-05T18:28:35.316+0000] {dagbag.py:538} INFO - Filling up the DagBag from /usr/local/python/3.10.4/lib/python3.10/site-packages/airflow/example_dags/example_trigger_controller_dag.py
[2023-05-05T18:28:35.329+0000] {processor.py:753} INFO - DAG(s) dict_keys(['example_trigger_controller_dag']) retrieved from /usr/local/python/3.10.4/lib/python3.10/site-packages/airflow/example_dags/example_trigger_controller_dag.py
[2023-05-05T18:28:35.347+0000] {logging_mixin.py:137} INFO - [2023-05-05T18:28:35.347+0000] {dag.py:2690} INFO - Sync 1 DAGs
[2023-05-05T18:28:35.365+0000] {logging_mixin.py:137} INFO - [2023-05-05T18:28:35.365+0000] {dag.py:3437} INFO - Setting next_dagrun for example_trigger_controller_dag to 2021-01-01T00:00:00+00:00, run_after=2021-01-01T00:00:00+00:00
[2023-05-05T18:28:35.416+0000] {processor.py:175} INFO - Processing /usr/local/python/3.10.4/lib/python3.10/site-packages/airflow/example_dags/example_trigger_controller_dag.py took 0.106 seconds
[2023-05-05T18:29:15.991+0000] {processor.py:153} INFO - Started process (PID=8289) to work on /usr/local/python/3.10.4/lib/python3.10/site-packages/airflow/example_dags/example_trigger_controller_dag.py
[2023-05-05T18:29:15.993+0000] {processor.py:743} INFO - Processing file /usr/local/python/3.10.4/lib/python3.10/site-packages/airflow/example_dags/example_trigger_controller_dag.py for tasks to queue
[2023-05-05T18:29:15.993+0000] {logging_mixin.py:137} INFO - [2023-05-05T18:29:15.993+0000] {dagbag.py:538} INFO - Filling up the DagBag from /usr/local/python/3.10.4/lib/python3.10/site-packages/airflow/example_dags/example_trigger_controller_dag.py
[2023-05-05T18:29:16.007+0000] {processor.py:753} INFO - DAG(s) dict_keys(['example_trigger_controller_dag']) retrieved from /usr/local/python/3.10.4/lib/python3.10/site-packages/airflow/example_dags/example_trigger_controller_dag.py
[2023-05-05T18:29:16.035+0000] {logging_mixin.py:137} INFO - [2023-05-05T18:29:16.035+0000] {dag.py:2690} INFO - Sync 1 DAGs
[2023-05-05T18:29:16.079+0000] {logging_mixin.py:137} INFO - [2023-05-05T18:29:16.078+0000] {dag.py:3437} INFO - Setting next_dagrun for example_trigger_controller_dag to 2021-01-01T00:00:00+00:00, run_after=2021-01-01T00:00:00+00:00
[2023-05-05T18:29:16.137+0000] {processor.py:175} INFO - Processing /usr/local/python/3.10.4/lib/python3.10/site-packages/airflow/example_dags/example_trigger_controller_dag.py took 0.150 seconds
[2023-05-05T18:29:56.803+0000] {processor.py:153} INFO - Started process (PID=8626) to work on /usr/local/python/3.10.4/lib/python3.10/site-packages/airflow/example_dags/example_trigger_controller_dag.py
[2023-05-05T18:29:56.804+0000] {processor.py:743} INFO - Processing file /usr/local/python/3.10.4/lib/python3.10/site-packages/airflow/example_dags/example_trigger_controller_dag.py for tasks to queue
[2023-05-05T18:29:56.805+0000] {logging_mixin.py:137} INFO - [2023-05-05T18:29:56.805+0000] {dagbag.py:538} INFO - Filling up the DagBag from /usr/local/python/3.10.4/lib/python3.10/site-packages/airflow/example_dags/example_trigger_controller_dag.py
[2023-05-05T18:29:56.823+0000] {processor.py:753} INFO - DAG(s) dict_keys(['example_trigger_controller_dag']) retrieved from /usr/local/python/3.10.4/lib/python3.10/site-packages/airflow/example_dags/example_trigger_controller_dag.py
[2023-05-05T18:29:56.842+0000] {logging_mixin.py:137} INFO - [2023-05-05T18:29:56.841+0000] {dag.py:2690} INFO - Sync 1 DAGs
[2023-05-05T18:29:56.859+0000] {logging_mixin.py:137} INFO - [2023-05-05T18:29:56.859+0000] {dag.py:3437} INFO - Setting next_dagrun for example_trigger_controller_dag to 2021-01-01T00:00:00+00:00, run_after=2021-01-01T00:00:00+00:00
[2023-05-05T18:29:56.912+0000] {processor.py:175} INFO - Processing /usr/local/python/3.10.4/lib/python3.10/site-packages/airflow/example_dags/example_trigger_controller_dag.py took 0.112 seconds
[2023-05-05T18:30:46.722+0000] {processor.py:153} INFO - Started process (PID=9092) to work on /usr/local/python/3.10.4/lib/python3.10/site-packages/airflow/example_dags/example_trigger_controller_dag.py
[2023-05-05T18:30:46.723+0000] {processor.py:743} INFO - Processing file /usr/local/python/3.10.4/lib/python3.10/site-packages/airflow/example_dags/example_trigger_controller_dag.py for tasks to queue
[2023-05-05T18:30:46.724+0000] {logging_mixin.py:137} INFO - [2023-05-05T18:30:46.724+0000] {dagbag.py:538} INFO - Filling up the DagBag from /usr/local/python/3.10.4/lib/python3.10/site-packages/airflow/example_dags/example_trigger_controller_dag.py
[2023-05-05T18:30:46.737+0000] {processor.py:753} INFO - DAG(s) dict_keys(['example_trigger_controller_dag']) retrieved from /usr/local/python/3.10.4/lib/python3.10/site-packages/airflow/example_dags/example_trigger_controller_dag.py
[2023-05-05T18:30:46.756+0000] {logging_mixin.py:137} INFO - [2023-05-05T18:30:46.755+0000] {dag.py:2690} INFO - Sync 1 DAGs
[2023-05-05T18:30:46.773+0000] {logging_mixin.py:137} INFO - [2023-05-05T18:30:46.773+0000] {dag.py:3437} INFO - Setting next_dagrun for example_trigger_controller_dag to 2021-01-01T00:00:00+00:00, run_after=2021-01-01T00:00:00+00:00
[2023-05-05T18:30:46.825+0000] {processor.py:175} INFO - Processing /usr/local/python/3.10.4/lib/python3.10/site-packages/airflow/example_dags/example_trigger_controller_dag.py took 0.106 seconds
[2023-05-05T18:31:35.144+0000] {processor.py:153} INFO - Started process (PID=9539) to work on /usr/local/python/3.10.4/lib/python3.10/site-packages/airflow/example_dags/example_trigger_controller_dag.py
[2023-05-05T18:31:35.146+0000] {processor.py:743} INFO - Processing file /usr/local/python/3.10.4/lib/python3.10/site-packages/airflow/example_dags/example_trigger_controller_dag.py for tasks to queue
[2023-05-05T18:31:35.147+0000] {logging_mixin.py:137} INFO - [2023-05-05T18:31:35.147+0000] {dagbag.py:538} INFO - Filling up the DagBag from /usr/local/python/3.10.4/lib/python3.10/site-packages/airflow/example_dags/example_trigger_controller_dag.py
[2023-05-05T18:31:35.171+0000] {processor.py:753} INFO - DAG(s) dict_keys(['example_trigger_controller_dag']) retrieved from /usr/local/python/3.10.4/lib/python3.10/site-packages/airflow/example_dags/example_trigger_controller_dag.py
[2023-05-05T18:31:35.211+0000] {logging_mixin.py:137} INFO - [2023-05-05T18:31:35.211+0000] {dag.py:2690} INFO - Sync 1 DAGs
[2023-05-05T18:31:35.232+0000] {logging_mixin.py:137} INFO - [2023-05-05T18:31:35.232+0000] {dag.py:3437} INFO - Setting next_dagrun for example_trigger_controller_dag to 2021-01-01T00:00:00+00:00, run_after=2021-01-01T00:00:00+00:00
[2023-05-05T18:31:35.297+0000] {processor.py:175} INFO - Processing /usr/local/python/3.10.4/lib/python3.10/site-packages/airflow/example_dags/example_trigger_controller_dag.py took 0.157 seconds
[2023-05-05T18:32:26.083+0000] {processor.py:153} INFO - Started process (PID=10084) to work on /usr/local/python/3.10.4/lib/python3.10/site-packages/airflow/example_dags/example_trigger_controller_dag.py
[2023-05-05T18:32:26.091+0000] {processor.py:743} INFO - Processing file /usr/local/python/3.10.4/lib/python3.10/site-packages/airflow/example_dags/example_trigger_controller_dag.py for tasks to queue
[2023-05-05T18:32:26.092+0000] {logging_mixin.py:137} INFO - [2023-05-05T18:32:26.092+0000] {dagbag.py:538} INFO - Filling up the DagBag from /usr/local/python/3.10.4/lib/python3.10/site-packages/airflow/example_dags/example_trigger_controller_dag.py
[2023-05-05T18:32:26.106+0000] {processor.py:753} INFO - DAG(s) dict_keys(['example_trigger_controller_dag']) retrieved from /usr/local/python/3.10.4/lib/python3.10/site-packages/airflow/example_dags/example_trigger_controller_dag.py
[2023-05-05T18:32:26.126+0000] {logging_mixin.py:137} INFO - [2023-05-05T18:32:26.126+0000] {dag.py:2690} INFO - Sync 1 DAGs
[2023-05-05T18:32:26.144+0000] {logging_mixin.py:137} INFO - [2023-05-05T18:32:26.144+0000] {dag.py:3437} INFO - Setting next_dagrun for example_trigger_controller_dag to 2021-01-01T00:00:00+00:00, run_after=2021-01-01T00:00:00+00:00
[2023-05-05T18:32:26.196+0000] {processor.py:175} INFO - Processing /usr/local/python/3.10.4/lib/python3.10/site-packages/airflow/example_dags/example_trigger_controller_dag.py took 0.116 seconds
[2023-05-05T18:33:07.992+0000] {processor.py:153} INFO - Started process (PID=10413) to work on /usr/local/python/3.10.4/lib/python3.10/site-packages/airflow/example_dags/example_trigger_controller_dag.py
[2023-05-05T18:33:07.993+0000] {processor.py:743} INFO - Processing file /usr/local/python/3.10.4/lib/python3.10/site-packages/airflow/example_dags/example_trigger_controller_dag.py for tasks to queue
[2023-05-05T18:33:07.994+0000] {logging_mixin.py:137} INFO - [2023-05-05T18:33:07.994+0000] {dagbag.py:538} INFO - Filling up the DagBag from /usr/local/python/3.10.4/lib/python3.10/site-packages/airflow/example_dags/example_trigger_controller_dag.py
[2023-05-05T18:33:08.007+0000] {processor.py:753} INFO - DAG(s) dict_keys(['example_trigger_controller_dag']) retrieved from /usr/local/python/3.10.4/lib/python3.10/site-packages/airflow/example_dags/example_trigger_controller_dag.py
[2023-05-05T18:33:08.025+0000] {logging_mixin.py:137} INFO - [2023-05-05T18:33:08.025+0000] {dag.py:2690} INFO - Sync 1 DAGs
[2023-05-05T18:33:08.043+0000] {logging_mixin.py:137} INFO - [2023-05-05T18:33:08.043+0000] {dag.py:3437} INFO - Setting next_dagrun for example_trigger_controller_dag to 2021-01-01T00:00:00+00:00, run_after=2021-01-01T00:00:00+00:00
[2023-05-05T18:33:08.100+0000] {processor.py:175} INFO - Processing /usr/local/python/3.10.4/lib/python3.10/site-packages/airflow/example_dags/example_trigger_controller_dag.py took 0.112 seconds
[2023-05-05T18:33:57.404+0000] {processor.py:153} INFO - Started process (PID=10836) to work on /usr/local/python/3.10.4/lib/python3.10/site-packages/airflow/example_dags/example_trigger_controller_dag.py
[2023-05-05T18:33:57.405+0000] {processor.py:743} INFO - Processing file /usr/local/python/3.10.4/lib/python3.10/site-packages/airflow/example_dags/example_trigger_controller_dag.py for tasks to queue
[2023-05-05T18:33:57.406+0000] {logging_mixin.py:137} INFO - [2023-05-05T18:33:57.405+0000] {dagbag.py:538} INFO - Filling up the DagBag from /usr/local/python/3.10.4/lib/python3.10/site-packages/airflow/example_dags/example_trigger_controller_dag.py
[2023-05-05T18:33:57.418+0000] {processor.py:753} INFO - DAG(s) dict_keys(['example_trigger_controller_dag']) retrieved from /usr/local/python/3.10.4/lib/python3.10/site-packages/airflow/example_dags/example_trigger_controller_dag.py
[2023-05-05T18:33:57.437+0000] {logging_mixin.py:137} INFO - [2023-05-05T18:33:57.437+0000] {dag.py:2690} INFO - Sync 1 DAGs
[2023-05-05T18:33:57.456+0000] {logging_mixin.py:137} INFO - [2023-05-05T18:33:57.456+0000] {dag.py:3437} INFO - Setting next_dagrun for example_trigger_controller_dag to 2021-01-01T00:00:00+00:00, run_after=2021-01-01T00:00:00+00:00
[2023-05-05T18:33:57.520+0000] {processor.py:175} INFO - Processing /usr/local/python/3.10.4/lib/python3.10/site-packages/airflow/example_dags/example_trigger_controller_dag.py took 0.120 seconds
