[2023-05-05T18:22:21.675+0000] {processor.py:153} INFO - Started process (PID=4839) to work on /usr/local/python/3.10.4/lib/python3.10/site-packages/airflow/example_dags/example_python_operator.py
[2023-05-05T18:22:21.676+0000] {processor.py:743} INFO - Processing file /usr/local/python/3.10.4/lib/python3.10/site-packages/airflow/example_dags/example_python_operator.py for tasks to queue
[2023-05-05T18:22:21.676+0000] {logging_mixin.py:137} INFO - [2023-05-05T18:22:21.676+0000] {dagbag.py:538} INFO - Filling up the DagBag from /usr/local/python/3.10.4/lib/python3.10/site-packages/airflow/example_dags/example_python_operator.py
[2023-05-05T18:22:21.697+0000] {logging_mixin.py:137} INFO - [2023-05-05T18:22:21.697+0000] {taskmixin.py:205} WARNING - Dependency <Task(_PythonDecoratedOperator): print_the_context>, log_sql_query already registered for DAG: example_python_operator
[2023-05-05T18:22:21.697+0000] {logging_mixin.py:137} INFO - [2023-05-05T18:22:21.697+0000] {taskmixin.py:205} WARNING - Dependency <Task(_PythonDecoratedOperator): log_sql_query>, print_the_context already registered for DAG: example_python_operator
[2023-05-05T18:22:21.698+0000] {logging_mixin.py:137} INFO - [2023-05-05T18:22:21.698+0000] {taskmixin.py:205} WARNING - Dependency <Task(_PythonDecoratedOperator): print_the_context>, log_sql_query already registered for DAG: example_python_operator
[2023-05-05T18:22:21.698+0000] {logging_mixin.py:137} INFO - [2023-05-05T18:22:21.698+0000] {taskmixin.py:205} WARNING - Dependency <Task(_PythonDecoratedOperator): log_sql_query>, print_the_context already registered for DAG: example_python_operator
[2023-05-05T18:22:21.699+0000] {logging_mixin.py:137} INFO - [2023-05-05T18:22:21.699+0000] {taskmixin.py:205} WARNING - Dependency <Task(_PythonDecoratedOperator): print_the_context>, log_sql_query already registered for DAG: example_python_operator
[2023-05-05T18:22:21.699+0000] {logging_mixin.py:137} INFO - [2023-05-05T18:22:21.699+0000] {taskmixin.py:205} WARNING - Dependency <Task(_PythonDecoratedOperator): log_sql_query>, print_the_context already registered for DAG: example_python_operator
[2023-05-05T18:22:21.700+0000] {logging_mixin.py:137} INFO - [2023-05-05T18:22:21.700+0000] {taskmixin.py:205} WARNING - Dependency <Task(_PythonDecoratedOperator): print_the_context>, log_sql_query already registered for DAG: example_python_operator
[2023-05-05T18:22:21.700+0000] {logging_mixin.py:137} INFO - [2023-05-05T18:22:21.700+0000] {taskmixin.py:205} WARNING - Dependency <Task(_PythonDecoratedOperator): log_sql_query>, print_the_context already registered for DAG: example_python_operator
[2023-05-05T18:22:21.709+0000] {processor.py:753} INFO - DAG(s) dict_keys(['example_python_operator']) retrieved from /usr/local/python/3.10.4/lib/python3.10/site-packages/airflow/example_dags/example_python_operator.py
[2023-05-05T18:22:21.885+0000] {logging_mixin.py:137} INFO - [2023-05-05T18:22:21.885+0000] {manager.py:504} INFO - Created Permission View: can delete on DAG:example_python_operator
[2023-05-05T18:22:21.931+0000] {logging_mixin.py:137} INFO - [2023-05-05T18:22:21.931+0000] {manager.py:504} INFO - Created Permission View: can read on DAG:example_python_operator
[2023-05-05T18:22:21.971+0000] {logging_mixin.py:137} INFO - [2023-05-05T18:22:21.971+0000] {manager.py:504} INFO - Created Permission View: can edit on DAG:example_python_operator
[2023-05-05T18:22:21.971+0000] {logging_mixin.py:137} INFO - [2023-05-05T18:22:21.971+0000] {dag.py:2690} INFO - Sync 1 DAGs
[2023-05-05T18:22:21.989+0000] {logging_mixin.py:137} INFO - [2023-05-05T18:22:21.989+0000] {dag.py:2711} INFO - Creating ORM DAG for example_python_operator
[2023-05-05T18:22:21.998+0000] {logging_mixin.py:137} INFO - [2023-05-05T18:22:21.998+0000] {dag.py:3437} INFO - Setting next_dagrun for example_python_operator to None, run_after=None
[2023-05-05T18:22:22.064+0000] {processor.py:175} INFO - Processing /usr/local/python/3.10.4/lib/python3.10/site-packages/airflow/example_dags/example_python_operator.py took 0.392 seconds
[2023-05-05T18:23:12.116+0000] {processor.py:153} INFO - Started process (PID=5185) to work on /usr/local/python/3.10.4/lib/python3.10/site-packages/airflow/example_dags/example_python_operator.py
[2023-05-05T18:23:12.117+0000] {processor.py:743} INFO - Processing file /usr/local/python/3.10.4/lib/python3.10/site-packages/airflow/example_dags/example_python_operator.py for tasks to queue
[2023-05-05T18:23:12.118+0000] {logging_mixin.py:137} INFO - [2023-05-05T18:23:12.118+0000] {dagbag.py:538} INFO - Filling up the DagBag from /usr/local/python/3.10.4/lib/python3.10/site-packages/airflow/example_dags/example_python_operator.py
[2023-05-05T18:23:12.137+0000] {logging_mixin.py:137} INFO - [2023-05-05T18:23:12.137+0000] {taskmixin.py:205} WARNING - Dependency <Task(_PythonDecoratedOperator): print_the_context>, log_sql_query already registered for DAG: example_python_operator
[2023-05-05T18:23:12.137+0000] {logging_mixin.py:137} INFO - [2023-05-05T18:23:12.137+0000] {taskmixin.py:205} WARNING - Dependency <Task(_PythonDecoratedOperator): log_sql_query>, print_the_context already registered for DAG: example_python_operator
[2023-05-05T18:23:12.138+0000] {logging_mixin.py:137} INFO - [2023-05-05T18:23:12.138+0000] {taskmixin.py:205} WARNING - Dependency <Task(_PythonDecoratedOperator): print_the_context>, log_sql_query already registered for DAG: example_python_operator
[2023-05-05T18:23:12.138+0000] {logging_mixin.py:137} INFO - [2023-05-05T18:23:12.138+0000] {taskmixin.py:205} WARNING - Dependency <Task(_PythonDecoratedOperator): log_sql_query>, print_the_context already registered for DAG: example_python_operator
[2023-05-05T18:23:12.139+0000] {logging_mixin.py:137} INFO - [2023-05-05T18:23:12.139+0000] {taskmixin.py:205} WARNING - Dependency <Task(_PythonDecoratedOperator): print_the_context>, log_sql_query already registered for DAG: example_python_operator
[2023-05-05T18:23:12.139+0000] {logging_mixin.py:137} INFO - [2023-05-05T18:23:12.139+0000] {taskmixin.py:205} WARNING - Dependency <Task(_PythonDecoratedOperator): log_sql_query>, print_the_context already registered for DAG: example_python_operator
[2023-05-05T18:23:12.140+0000] {logging_mixin.py:137} INFO - [2023-05-05T18:23:12.140+0000] {taskmixin.py:205} WARNING - Dependency <Task(_PythonDecoratedOperator): print_the_context>, log_sql_query already registered for DAG: example_python_operator
[2023-05-05T18:23:12.140+0000] {logging_mixin.py:137} INFO - [2023-05-05T18:23:12.140+0000] {taskmixin.py:205} WARNING - Dependency <Task(_PythonDecoratedOperator): log_sql_query>, print_the_context already registered for DAG: example_python_operator
[2023-05-05T18:23:12.148+0000] {processor.py:753} INFO - DAG(s) dict_keys(['example_python_operator']) retrieved from /usr/local/python/3.10.4/lib/python3.10/site-packages/airflow/example_dags/example_python_operator.py
[2023-05-05T18:23:12.168+0000] {logging_mixin.py:137} INFO - [2023-05-05T18:23:12.168+0000] {dag.py:2690} INFO - Sync 1 DAGs
[2023-05-05T18:23:12.186+0000] {logging_mixin.py:137} INFO - [2023-05-05T18:23:12.186+0000] {dag.py:3437} INFO - Setting next_dagrun for example_python_operator to None, run_after=None
[2023-05-05T18:23:12.365+0000] {processor.py:175} INFO - Processing /usr/local/python/3.10.4/lib/python3.10/site-packages/airflow/example_dags/example_python_operator.py took 0.252 seconds
[2023-05-05T18:24:08.930+0000] {processor.py:153} INFO - Started process (PID=5552) to work on /usr/local/python/3.10.4/lib/python3.10/site-packages/airflow/example_dags/example_python_operator.py
[2023-05-05T18:24:08.931+0000] {processor.py:743} INFO - Processing file /usr/local/python/3.10.4/lib/python3.10/site-packages/airflow/example_dags/example_python_operator.py for tasks to queue
[2023-05-05T18:24:08.932+0000] {logging_mixin.py:137} INFO - [2023-05-05T18:24:08.931+0000] {dagbag.py:538} INFO - Filling up the DagBag from /usr/local/python/3.10.4/lib/python3.10/site-packages/airflow/example_dags/example_python_operator.py
[2023-05-05T18:24:08.951+0000] {logging_mixin.py:137} INFO - [2023-05-05T18:24:08.951+0000] {taskmixin.py:205} WARNING - Dependency <Task(_PythonDecoratedOperator): print_the_context>, log_sql_query already registered for DAG: example_python_operator
[2023-05-05T18:24:08.952+0000] {logging_mixin.py:137} INFO - [2023-05-05T18:24:08.951+0000] {taskmixin.py:205} WARNING - Dependency <Task(_PythonDecoratedOperator): log_sql_query>, print_the_context already registered for DAG: example_python_operator
[2023-05-05T18:24:08.952+0000] {logging_mixin.py:137} INFO - [2023-05-05T18:24:08.952+0000] {taskmixin.py:205} WARNING - Dependency <Task(_PythonDecoratedOperator): print_the_context>, log_sql_query already registered for DAG: example_python_operator
[2023-05-05T18:24:08.952+0000] {logging_mixin.py:137} INFO - [2023-05-05T18:24:08.952+0000] {taskmixin.py:205} WARNING - Dependency <Task(_PythonDecoratedOperator): log_sql_query>, print_the_context already registered for DAG: example_python_operator
[2023-05-05T18:24:08.953+0000] {logging_mixin.py:137} INFO - [2023-05-05T18:24:08.953+0000] {taskmixin.py:205} WARNING - Dependency <Task(_PythonDecoratedOperator): print_the_context>, log_sql_query already registered for DAG: example_python_operator
[2023-05-05T18:24:08.953+0000] {logging_mixin.py:137} INFO - [2023-05-05T18:24:08.953+0000] {taskmixin.py:205} WARNING - Dependency <Task(_PythonDecoratedOperator): log_sql_query>, print_the_context already registered for DAG: example_python_operator
[2023-05-05T18:24:08.954+0000] {logging_mixin.py:137} INFO - [2023-05-05T18:24:08.954+0000] {taskmixin.py:205} WARNING - Dependency <Task(_PythonDecoratedOperator): print_the_context>, log_sql_query already registered for DAG: example_python_operator
[2023-05-05T18:24:08.954+0000] {logging_mixin.py:137} INFO - [2023-05-05T18:24:08.954+0000] {taskmixin.py:205} WARNING - Dependency <Task(_PythonDecoratedOperator): log_sql_query>, print_the_context already registered for DAG: example_python_operator
[2023-05-05T18:24:08.962+0000] {processor.py:753} INFO - DAG(s) dict_keys(['example_python_operator']) retrieved from /usr/local/python/3.10.4/lib/python3.10/site-packages/airflow/example_dags/example_python_operator.py
[2023-05-05T18:24:08.981+0000] {logging_mixin.py:137} INFO - [2023-05-05T18:24:08.981+0000] {dag.py:2690} INFO - Sync 1 DAGs
[2023-05-05T18:24:08.999+0000] {logging_mixin.py:137} INFO - [2023-05-05T18:24:08.998+0000] {dag.py:3437} INFO - Setting next_dagrun for example_python_operator to None, run_after=None
[2023-05-05T18:24:09.052+0000] {processor.py:175} INFO - Processing /usr/local/python/3.10.4/lib/python3.10/site-packages/airflow/example_dags/example_python_operator.py took 0.126 seconds
[2023-05-05T18:24:49.883+0000] {processor.py:153} INFO - Started process (PID=5872) to work on /usr/local/python/3.10.4/lib/python3.10/site-packages/airflow/example_dags/example_python_operator.py
[2023-05-05T18:24:49.884+0000] {processor.py:743} INFO - Processing file /usr/local/python/3.10.4/lib/python3.10/site-packages/airflow/example_dags/example_python_operator.py for tasks to queue
[2023-05-05T18:24:49.885+0000] {logging_mixin.py:137} INFO - [2023-05-05T18:24:49.885+0000] {dagbag.py:538} INFO - Filling up the DagBag from /usr/local/python/3.10.4/lib/python3.10/site-packages/airflow/example_dags/example_python_operator.py
[2023-05-05T18:24:49.905+0000] {logging_mixin.py:137} INFO - [2023-05-05T18:24:49.905+0000] {taskmixin.py:205} WARNING - Dependency <Task(_PythonDecoratedOperator): print_the_context>, log_sql_query already registered for DAG: example_python_operator
[2023-05-05T18:24:49.905+0000] {logging_mixin.py:137} INFO - [2023-05-05T18:24:49.905+0000] {taskmixin.py:205} WARNING - Dependency <Task(_PythonDecoratedOperator): log_sql_query>, print_the_context already registered for DAG: example_python_operator
[2023-05-05T18:24:49.906+0000] {logging_mixin.py:137} INFO - [2023-05-05T18:24:49.906+0000] {taskmixin.py:205} WARNING - Dependency <Task(_PythonDecoratedOperator): print_the_context>, log_sql_query already registered for DAG: example_python_operator
[2023-05-05T18:24:49.906+0000] {logging_mixin.py:137} INFO - [2023-05-05T18:24:49.906+0000] {taskmixin.py:205} WARNING - Dependency <Task(_PythonDecoratedOperator): log_sql_query>, print_the_context already registered for DAG: example_python_operator
[2023-05-05T18:24:49.907+0000] {logging_mixin.py:137} INFO - [2023-05-05T18:24:49.907+0000] {taskmixin.py:205} WARNING - Dependency <Task(_PythonDecoratedOperator): print_the_context>, log_sql_query already registered for DAG: example_python_operator
[2023-05-05T18:24:49.907+0000] {logging_mixin.py:137} INFO - [2023-05-05T18:24:49.907+0000] {taskmixin.py:205} WARNING - Dependency <Task(_PythonDecoratedOperator): log_sql_query>, print_the_context already registered for DAG: example_python_operator
[2023-05-05T18:24:49.908+0000] {logging_mixin.py:137} INFO - [2023-05-05T18:24:49.908+0000] {taskmixin.py:205} WARNING - Dependency <Task(_PythonDecoratedOperator): print_the_context>, log_sql_query already registered for DAG: example_python_operator
[2023-05-05T18:24:49.908+0000] {logging_mixin.py:137} INFO - [2023-05-05T18:24:49.908+0000] {taskmixin.py:205} WARNING - Dependency <Task(_PythonDecoratedOperator): log_sql_query>, print_the_context already registered for DAG: example_python_operator
[2023-05-05T18:24:49.917+0000] {processor.py:753} INFO - DAG(s) dict_keys(['example_python_operator']) retrieved from /usr/local/python/3.10.4/lib/python3.10/site-packages/airflow/example_dags/example_python_operator.py
[2023-05-05T18:24:49.937+0000] {logging_mixin.py:137} INFO - [2023-05-05T18:24:49.937+0000] {dag.py:2690} INFO - Sync 1 DAGs
[2023-05-05T18:24:49.956+0000] {logging_mixin.py:137} INFO - [2023-05-05T18:24:49.956+0000] {dag.py:3437} INFO - Setting next_dagrun for example_python_operator to None, run_after=None
[2023-05-05T18:24:50.014+0000] {processor.py:175} INFO - Processing /usr/local/python/3.10.4/lib/python3.10/site-packages/airflow/example_dags/example_python_operator.py took 0.135 seconds
[2023-05-05T18:25:36.729+0000] {processor.py:153} INFO - Started process (PID=6202) to work on /usr/local/python/3.10.4/lib/python3.10/site-packages/airflow/example_dags/example_python_operator.py
[2023-05-05T18:25:36.730+0000] {processor.py:743} INFO - Processing file /usr/local/python/3.10.4/lib/python3.10/site-packages/airflow/example_dags/example_python_operator.py for tasks to queue
[2023-05-05T18:25:36.731+0000] {logging_mixin.py:137} INFO - [2023-05-05T18:25:36.731+0000] {dagbag.py:538} INFO - Filling up the DagBag from /usr/local/python/3.10.4/lib/python3.10/site-packages/airflow/example_dags/example_python_operator.py
[2023-05-05T18:25:36.750+0000] {logging_mixin.py:137} INFO - [2023-05-05T18:25:36.750+0000] {taskmixin.py:205} WARNING - Dependency <Task(_PythonDecoratedOperator): print_the_context>, log_sql_query already registered for DAG: example_python_operator
[2023-05-05T18:25:36.751+0000] {logging_mixin.py:137} INFO - [2023-05-05T18:25:36.751+0000] {taskmixin.py:205} WARNING - Dependency <Task(_PythonDecoratedOperator): log_sql_query>, print_the_context already registered for DAG: example_python_operator
[2023-05-05T18:25:36.751+0000] {logging_mixin.py:137} INFO - [2023-05-05T18:25:36.751+0000] {taskmixin.py:205} WARNING - Dependency <Task(_PythonDecoratedOperator): print_the_context>, log_sql_query already registered for DAG: example_python_operator
[2023-05-05T18:25:36.752+0000] {logging_mixin.py:137} INFO - [2023-05-05T18:25:36.752+0000] {taskmixin.py:205} WARNING - Dependency <Task(_PythonDecoratedOperator): log_sql_query>, print_the_context already registered for DAG: example_python_operator
[2023-05-05T18:25:36.752+0000] {logging_mixin.py:137} INFO - [2023-05-05T18:25:36.752+0000] {taskmixin.py:205} WARNING - Dependency <Task(_PythonDecoratedOperator): print_the_context>, log_sql_query already registered for DAG: example_python_operator
[2023-05-05T18:25:36.753+0000] {logging_mixin.py:137} INFO - [2023-05-05T18:25:36.752+0000] {taskmixin.py:205} WARNING - Dependency <Task(_PythonDecoratedOperator): log_sql_query>, print_the_context already registered for DAG: example_python_operator
[2023-05-05T18:25:36.753+0000] {logging_mixin.py:137} INFO - [2023-05-05T18:25:36.753+0000] {taskmixin.py:205} WARNING - Dependency <Task(_PythonDecoratedOperator): print_the_context>, log_sql_query already registered for DAG: example_python_operator
[2023-05-05T18:25:36.754+0000] {logging_mixin.py:137} INFO - [2023-05-05T18:25:36.753+0000] {taskmixin.py:205} WARNING - Dependency <Task(_PythonDecoratedOperator): log_sql_query>, print_the_context already registered for DAG: example_python_operator
[2023-05-05T18:25:36.761+0000] {processor.py:753} INFO - DAG(s) dict_keys(['example_python_operator']) retrieved from /usr/local/python/3.10.4/lib/python3.10/site-packages/airflow/example_dags/example_python_operator.py
[2023-05-05T18:25:36.781+0000] {logging_mixin.py:137} INFO - [2023-05-05T18:25:36.781+0000] {dag.py:2690} INFO - Sync 1 DAGs
[2023-05-05T18:25:36.798+0000] {logging_mixin.py:137} INFO - [2023-05-05T18:25:36.798+0000] {dag.py:3437} INFO - Setting next_dagrun for example_python_operator to None, run_after=None
[2023-05-05T18:25:36.859+0000] {processor.py:175} INFO - Processing /usr/local/python/3.10.4/lib/python3.10/site-packages/airflow/example_dags/example_python_operator.py took 0.133 seconds
[2023-05-05T18:26:19.360+0000] {processor.py:153} INFO - Started process (PID=6494) to work on /usr/local/python/3.10.4/lib/python3.10/site-packages/airflow/example_dags/example_python_operator.py
[2023-05-05T18:26:19.361+0000] {processor.py:743} INFO - Processing file /usr/local/python/3.10.4/lib/python3.10/site-packages/airflow/example_dags/example_python_operator.py for tasks to queue
[2023-05-05T18:26:19.362+0000] {logging_mixin.py:137} INFO - [2023-05-05T18:26:19.361+0000] {dagbag.py:538} INFO - Filling up the DagBag from /usr/local/python/3.10.4/lib/python3.10/site-packages/airflow/example_dags/example_python_operator.py
[2023-05-05T18:26:19.382+0000] {logging_mixin.py:137} INFO - [2023-05-05T18:26:19.382+0000] {taskmixin.py:205} WARNING - Dependency <Task(_PythonDecoratedOperator): print_the_context>, log_sql_query already registered for DAG: example_python_operator
[2023-05-05T18:26:19.382+0000] {logging_mixin.py:137} INFO - [2023-05-05T18:26:19.382+0000] {taskmixin.py:205} WARNING - Dependency <Task(_PythonDecoratedOperator): log_sql_query>, print_the_context already registered for DAG: example_python_operator
[2023-05-05T18:26:19.383+0000] {logging_mixin.py:137} INFO - [2023-05-05T18:26:19.383+0000] {taskmixin.py:205} WARNING - Dependency <Task(_PythonDecoratedOperator): print_the_context>, log_sql_query already registered for DAG: example_python_operator
[2023-05-05T18:26:19.383+0000] {logging_mixin.py:137} INFO - [2023-05-05T18:26:19.383+0000] {taskmixin.py:205} WARNING - Dependency <Task(_PythonDecoratedOperator): log_sql_query>, print_the_context already registered for DAG: example_python_operator
[2023-05-05T18:26:19.384+0000] {logging_mixin.py:137} INFO - [2023-05-05T18:26:19.384+0000] {taskmixin.py:205} WARNING - Dependency <Task(_PythonDecoratedOperator): print_the_context>, log_sql_query already registered for DAG: example_python_operator
[2023-05-05T18:26:19.384+0000] {logging_mixin.py:137} INFO - [2023-05-05T18:26:19.384+0000] {taskmixin.py:205} WARNING - Dependency <Task(_PythonDecoratedOperator): log_sql_query>, print_the_context already registered for DAG: example_python_operator
[2023-05-05T18:26:19.385+0000] {logging_mixin.py:137} INFO - [2023-05-05T18:26:19.385+0000] {taskmixin.py:205} WARNING - Dependency <Task(_PythonDecoratedOperator): print_the_context>, log_sql_query already registered for DAG: example_python_operator
[2023-05-05T18:26:19.385+0000] {logging_mixin.py:137} INFO - [2023-05-05T18:26:19.385+0000] {taskmixin.py:205} WARNING - Dependency <Task(_PythonDecoratedOperator): log_sql_query>, print_the_context already registered for DAG: example_python_operator
[2023-05-05T18:26:19.393+0000] {processor.py:753} INFO - DAG(s) dict_keys(['example_python_operator']) retrieved from /usr/local/python/3.10.4/lib/python3.10/site-packages/airflow/example_dags/example_python_operator.py
[2023-05-05T18:26:19.414+0000] {logging_mixin.py:137} INFO - [2023-05-05T18:26:19.413+0000] {dag.py:2690} INFO - Sync 1 DAGs
[2023-05-05T18:26:19.431+0000] {logging_mixin.py:137} INFO - [2023-05-05T18:26:19.431+0000] {dag.py:3437} INFO - Setting next_dagrun for example_python_operator to None, run_after=None
[2023-05-05T18:26:19.484+0000] {processor.py:175} INFO - Processing /usr/local/python/3.10.4/lib/python3.10/site-packages/airflow/example_dags/example_python_operator.py took 0.128 seconds
[2023-05-05T18:27:09.866+0000] {processor.py:153} INFO - Started process (PID=6848) to work on /usr/local/python/3.10.4/lib/python3.10/site-packages/airflow/example_dags/example_python_operator.py
[2023-05-05T18:27:09.867+0000] {processor.py:743} INFO - Processing file /usr/local/python/3.10.4/lib/python3.10/site-packages/airflow/example_dags/example_python_operator.py for tasks to queue
[2023-05-05T18:27:09.868+0000] {logging_mixin.py:137} INFO - [2023-05-05T18:27:09.868+0000] {dagbag.py:538} INFO - Filling up the DagBag from /usr/local/python/3.10.4/lib/python3.10/site-packages/airflow/example_dags/example_python_operator.py
[2023-05-05T18:27:09.888+0000] {logging_mixin.py:137} INFO - [2023-05-05T18:27:09.888+0000] {taskmixin.py:205} WARNING - Dependency <Task(_PythonDecoratedOperator): print_the_context>, log_sql_query already registered for DAG: example_python_operator
[2023-05-05T18:27:09.888+0000] {logging_mixin.py:137} INFO - [2023-05-05T18:27:09.888+0000] {taskmixin.py:205} WARNING - Dependency <Task(_PythonDecoratedOperator): log_sql_query>, print_the_context already registered for DAG: example_python_operator
[2023-05-05T18:27:09.889+0000] {logging_mixin.py:137} INFO - [2023-05-05T18:27:09.889+0000] {taskmixin.py:205} WARNING - Dependency <Task(_PythonDecoratedOperator): print_the_context>, log_sql_query already registered for DAG: example_python_operator
[2023-05-05T18:27:09.889+0000] {logging_mixin.py:137} INFO - [2023-05-05T18:27:09.889+0000] {taskmixin.py:205} WARNING - Dependency <Task(_PythonDecoratedOperator): log_sql_query>, print_the_context already registered for DAG: example_python_operator
[2023-05-05T18:27:09.890+0000] {logging_mixin.py:137} INFO - [2023-05-05T18:27:09.890+0000] {taskmixin.py:205} WARNING - Dependency <Task(_PythonDecoratedOperator): print_the_context>, log_sql_query already registered for DAG: example_python_operator
[2023-05-05T18:27:09.890+0000] {logging_mixin.py:137} INFO - [2023-05-05T18:27:09.890+0000] {taskmixin.py:205} WARNING - Dependency <Task(_PythonDecoratedOperator): log_sql_query>, print_the_context already registered for DAG: example_python_operator
[2023-05-05T18:27:09.891+0000] {logging_mixin.py:137} INFO - [2023-05-05T18:27:09.891+0000] {taskmixin.py:205} WARNING - Dependency <Task(_PythonDecoratedOperator): print_the_context>, log_sql_query already registered for DAG: example_python_operator
[2023-05-05T18:27:09.891+0000] {logging_mixin.py:137} INFO - [2023-05-05T18:27:09.891+0000] {taskmixin.py:205} WARNING - Dependency <Task(_PythonDecoratedOperator): log_sql_query>, print_the_context already registered for DAG: example_python_operator
[2023-05-05T18:27:09.898+0000] {processor.py:753} INFO - DAG(s) dict_keys(['example_python_operator']) retrieved from /usr/local/python/3.10.4/lib/python3.10/site-packages/airflow/example_dags/example_python_operator.py
[2023-05-05T18:27:09.919+0000] {logging_mixin.py:137} INFO - [2023-05-05T18:27:09.919+0000] {dag.py:2690} INFO - Sync 1 DAGs
[2023-05-05T18:27:09.937+0000] {logging_mixin.py:137} INFO - [2023-05-05T18:27:09.936+0000] {dag.py:3437} INFO - Setting next_dagrun for example_python_operator to None, run_after=None
[2023-05-05T18:27:09.995+0000] {processor.py:175} INFO - Processing /usr/local/python/3.10.4/lib/python3.10/site-packages/airflow/example_dags/example_python_operator.py took 0.132 seconds
[2023-05-05T18:27:57.983+0000] {processor.py:153} INFO - Started process (PID=7181) to work on /usr/local/python/3.10.4/lib/python3.10/site-packages/airflow/example_dags/example_python_operator.py
[2023-05-05T18:27:57.984+0000] {processor.py:743} INFO - Processing file /usr/local/python/3.10.4/lib/python3.10/site-packages/airflow/example_dags/example_python_operator.py for tasks to queue
[2023-05-05T18:27:57.985+0000] {logging_mixin.py:137} INFO - [2023-05-05T18:27:57.984+0000] {dagbag.py:538} INFO - Filling up the DagBag from /usr/local/python/3.10.4/lib/python3.10/site-packages/airflow/example_dags/example_python_operator.py
[2023-05-05T18:27:58.005+0000] {logging_mixin.py:137} INFO - [2023-05-05T18:27:58.005+0000] {taskmixin.py:205} WARNING - Dependency <Task(_PythonDecoratedOperator): print_the_context>, log_sql_query already registered for DAG: example_python_operator
[2023-05-05T18:27:58.005+0000] {logging_mixin.py:137} INFO - [2023-05-05T18:27:58.005+0000] {taskmixin.py:205} WARNING - Dependency <Task(_PythonDecoratedOperator): log_sql_query>, print_the_context already registered for DAG: example_python_operator
[2023-05-05T18:27:58.006+0000] {logging_mixin.py:137} INFO - [2023-05-05T18:27:58.006+0000] {taskmixin.py:205} WARNING - Dependency <Task(_PythonDecoratedOperator): print_the_context>, log_sql_query already registered for DAG: example_python_operator
[2023-05-05T18:27:58.006+0000] {logging_mixin.py:137} INFO - [2023-05-05T18:27:58.006+0000] {taskmixin.py:205} WARNING - Dependency <Task(_PythonDecoratedOperator): log_sql_query>, print_the_context already registered for DAG: example_python_operator
[2023-05-05T18:27:58.007+0000] {logging_mixin.py:137} INFO - [2023-05-05T18:27:58.007+0000] {taskmixin.py:205} WARNING - Dependency <Task(_PythonDecoratedOperator): print_the_context>, log_sql_query already registered for DAG: example_python_operator
[2023-05-05T18:27:58.007+0000] {logging_mixin.py:137} INFO - [2023-05-05T18:27:58.007+0000] {taskmixin.py:205} WARNING - Dependency <Task(_PythonDecoratedOperator): log_sql_query>, print_the_context already registered for DAG: example_python_operator
[2023-05-05T18:27:58.008+0000] {logging_mixin.py:137} INFO - [2023-05-05T18:27:58.007+0000] {taskmixin.py:205} WARNING - Dependency <Task(_PythonDecoratedOperator): print_the_context>, log_sql_query already registered for DAG: example_python_operator
[2023-05-05T18:27:58.008+0000] {logging_mixin.py:137} INFO - [2023-05-05T18:27:58.008+0000] {taskmixin.py:205} WARNING - Dependency <Task(_PythonDecoratedOperator): log_sql_query>, print_the_context already registered for DAG: example_python_operator
[2023-05-05T18:27:58.015+0000] {processor.py:753} INFO - DAG(s) dict_keys(['example_python_operator']) retrieved from /usr/local/python/3.10.4/lib/python3.10/site-packages/airflow/example_dags/example_python_operator.py
[2023-05-05T18:27:58.036+0000] {logging_mixin.py:137} INFO - [2023-05-05T18:27:58.036+0000] {dag.py:2690} INFO - Sync 1 DAGs
[2023-05-05T18:27:58.057+0000] {logging_mixin.py:137} INFO - [2023-05-05T18:27:58.056+0000] {dag.py:3437} INFO - Setting next_dagrun for example_python_operator to None, run_after=None
[2023-05-05T18:27:58.108+0000] {processor.py:175} INFO - Processing /usr/local/python/3.10.4/lib/python3.10/site-packages/airflow/example_dags/example_python_operator.py took 0.129 seconds
[2023-05-05T18:28:49.116+0000] {processor.py:153} INFO - Started process (PID=8070) to work on /usr/local/python/3.10.4/lib/python3.10/site-packages/airflow/example_dags/example_python_operator.py
[2023-05-05T18:28:49.118+0000] {processor.py:743} INFO - Processing file /usr/local/python/3.10.4/lib/python3.10/site-packages/airflow/example_dags/example_python_operator.py for tasks to queue
[2023-05-05T18:28:49.119+0000] {logging_mixin.py:137} INFO - [2023-05-05T18:28:49.119+0000] {dagbag.py:538} INFO - Filling up the DagBag from /usr/local/python/3.10.4/lib/python3.10/site-packages/airflow/example_dags/example_python_operator.py
[2023-05-05T18:28:49.141+0000] {logging_mixin.py:137} INFO - [2023-05-05T18:28:49.141+0000] {taskmixin.py:205} WARNING - Dependency <Task(_PythonDecoratedOperator): print_the_context>, log_sql_query already registered for DAG: example_python_operator
[2023-05-05T18:28:49.141+0000] {logging_mixin.py:137} INFO - [2023-05-05T18:28:49.141+0000] {taskmixin.py:205} WARNING - Dependency <Task(_PythonDecoratedOperator): log_sql_query>, print_the_context already registered for DAG: example_python_operator
[2023-05-05T18:28:49.142+0000] {logging_mixin.py:137} INFO - [2023-05-05T18:28:49.142+0000] {taskmixin.py:205} WARNING - Dependency <Task(_PythonDecoratedOperator): print_the_context>, log_sql_query already registered for DAG: example_python_operator
[2023-05-05T18:28:49.142+0000] {logging_mixin.py:137} INFO - [2023-05-05T18:28:49.142+0000] {taskmixin.py:205} WARNING - Dependency <Task(_PythonDecoratedOperator): log_sql_query>, print_the_context already registered for DAG: example_python_operator
[2023-05-05T18:28:49.143+0000] {logging_mixin.py:137} INFO - [2023-05-05T18:28:49.143+0000] {taskmixin.py:205} WARNING - Dependency <Task(_PythonDecoratedOperator): print_the_context>, log_sql_query already registered for DAG: example_python_operator
[2023-05-05T18:28:49.143+0000] {logging_mixin.py:137} INFO - [2023-05-05T18:28:49.143+0000] {taskmixin.py:205} WARNING - Dependency <Task(_PythonDecoratedOperator): log_sql_query>, print_the_context already registered for DAG: example_python_operator
[2023-05-05T18:28:49.144+0000] {logging_mixin.py:137} INFO - [2023-05-05T18:28:49.144+0000] {taskmixin.py:205} WARNING - Dependency <Task(_PythonDecoratedOperator): print_the_context>, log_sql_query already registered for DAG: example_python_operator
[2023-05-05T18:28:49.144+0000] {logging_mixin.py:137} INFO - [2023-05-05T18:28:49.144+0000] {taskmixin.py:205} WARNING - Dependency <Task(_PythonDecoratedOperator): log_sql_query>, print_the_context already registered for DAG: example_python_operator
[2023-05-05T18:28:49.155+0000] {processor.py:753} INFO - DAG(s) dict_keys(['example_python_operator']) retrieved from /usr/local/python/3.10.4/lib/python3.10/site-packages/airflow/example_dags/example_python_operator.py
[2023-05-05T18:28:49.175+0000] {logging_mixin.py:137} INFO - [2023-05-05T18:28:49.175+0000] {dag.py:2690} INFO - Sync 1 DAGs
[2023-05-05T18:28:49.193+0000] {logging_mixin.py:137} INFO - [2023-05-05T18:28:49.193+0000] {dag.py:3437} INFO - Setting next_dagrun for example_python_operator to None, run_after=None
[2023-05-05T18:28:49.244+0000] {processor.py:175} INFO - Processing /usr/local/python/3.10.4/lib/python3.10/site-packages/airflow/example_dags/example_python_operator.py took 0.131 seconds
[2023-05-05T18:29:29.824+0000] {processor.py:153} INFO - Started process (PID=8378) to work on /usr/local/python/3.10.4/lib/python3.10/site-packages/airflow/example_dags/example_python_operator.py
[2023-05-05T18:29:29.825+0000] {processor.py:743} INFO - Processing file /usr/local/python/3.10.4/lib/python3.10/site-packages/airflow/example_dags/example_python_operator.py for tasks to queue
[2023-05-05T18:29:29.826+0000] {logging_mixin.py:137} INFO - [2023-05-05T18:29:29.826+0000] {dagbag.py:538} INFO - Filling up the DagBag from /usr/local/python/3.10.4/lib/python3.10/site-packages/airflow/example_dags/example_python_operator.py
[2023-05-05T18:29:29.846+0000] {logging_mixin.py:137} INFO - [2023-05-05T18:29:29.846+0000] {taskmixin.py:205} WARNING - Dependency <Task(_PythonDecoratedOperator): print_the_context>, log_sql_query already registered for DAG: example_python_operator
[2023-05-05T18:29:29.846+0000] {logging_mixin.py:137} INFO - [2023-05-05T18:29:29.846+0000] {taskmixin.py:205} WARNING - Dependency <Task(_PythonDecoratedOperator): log_sql_query>, print_the_context already registered for DAG: example_python_operator
[2023-05-05T18:29:29.847+0000] {logging_mixin.py:137} INFO - [2023-05-05T18:29:29.847+0000] {taskmixin.py:205} WARNING - Dependency <Task(_PythonDecoratedOperator): print_the_context>, log_sql_query already registered for DAG: example_python_operator
[2023-05-05T18:29:29.847+0000] {logging_mixin.py:137} INFO - [2023-05-05T18:29:29.847+0000] {taskmixin.py:205} WARNING - Dependency <Task(_PythonDecoratedOperator): log_sql_query>, print_the_context already registered for DAG: example_python_operator
[2023-05-05T18:29:29.848+0000] {logging_mixin.py:137} INFO - [2023-05-05T18:29:29.848+0000] {taskmixin.py:205} WARNING - Dependency <Task(_PythonDecoratedOperator): print_the_context>, log_sql_query already registered for DAG: example_python_operator
[2023-05-05T18:29:29.849+0000] {logging_mixin.py:137} INFO - [2023-05-05T18:29:29.848+0000] {taskmixin.py:205} WARNING - Dependency <Task(_PythonDecoratedOperator): log_sql_query>, print_the_context already registered for DAG: example_python_operator
[2023-05-05T18:29:29.849+0000] {logging_mixin.py:137} INFO - [2023-05-05T18:29:29.849+0000] {taskmixin.py:205} WARNING - Dependency <Task(_PythonDecoratedOperator): print_the_context>, log_sql_query already registered for DAG: example_python_operator
[2023-05-05T18:29:29.850+0000] {logging_mixin.py:137} INFO - [2023-05-05T18:29:29.850+0000] {taskmixin.py:205} WARNING - Dependency <Task(_PythonDecoratedOperator): log_sql_query>, print_the_context already registered for DAG: example_python_operator
[2023-05-05T18:29:29.858+0000] {processor.py:753} INFO - DAG(s) dict_keys(['example_python_operator']) retrieved from /usr/local/python/3.10.4/lib/python3.10/site-packages/airflow/example_dags/example_python_operator.py
[2023-05-05T18:29:29.878+0000] {logging_mixin.py:137} INFO - [2023-05-05T18:29:29.878+0000] {dag.py:2690} INFO - Sync 1 DAGs
[2023-05-05T18:29:29.897+0000] {logging_mixin.py:137} INFO - [2023-05-05T18:29:29.897+0000] {dag.py:3437} INFO - Setting next_dagrun for example_python_operator to None, run_after=None
[2023-05-05T18:29:29.952+0000] {processor.py:175} INFO - Processing /usr/local/python/3.10.4/lib/python3.10/site-packages/airflow/example_dags/example_python_operator.py took 0.132 seconds
[2023-05-05T18:30:19.572+0000] {processor.py:153} INFO - Started process (PID=8861) to work on /usr/local/python/3.10.4/lib/python3.10/site-packages/airflow/example_dags/example_python_operator.py
[2023-05-05T18:30:19.574+0000] {processor.py:743} INFO - Processing file /usr/local/python/3.10.4/lib/python3.10/site-packages/airflow/example_dags/example_python_operator.py for tasks to queue
[2023-05-05T18:30:19.575+0000] {logging_mixin.py:137} INFO - [2023-05-05T18:30:19.574+0000] {dagbag.py:538} INFO - Filling up the DagBag from /usr/local/python/3.10.4/lib/python3.10/site-packages/airflow/example_dags/example_python_operator.py
[2023-05-05T18:30:19.596+0000] {logging_mixin.py:137} INFO - [2023-05-05T18:30:19.596+0000] {taskmixin.py:205} WARNING - Dependency <Task(_PythonDecoratedOperator): print_the_context>, log_sql_query already registered for DAG: example_python_operator
[2023-05-05T18:30:19.597+0000] {logging_mixin.py:137} INFO - [2023-05-05T18:30:19.597+0000] {taskmixin.py:205} WARNING - Dependency <Task(_PythonDecoratedOperator): log_sql_query>, print_the_context already registered for DAG: example_python_operator
[2023-05-05T18:30:19.598+0000] {logging_mixin.py:137} INFO - [2023-05-05T18:30:19.598+0000] {taskmixin.py:205} WARNING - Dependency <Task(_PythonDecoratedOperator): print_the_context>, log_sql_query already registered for DAG: example_python_operator
[2023-05-05T18:30:19.598+0000] {logging_mixin.py:137} INFO - [2023-05-05T18:30:19.598+0000] {taskmixin.py:205} WARNING - Dependency <Task(_PythonDecoratedOperator): log_sql_query>, print_the_context already registered for DAG: example_python_operator
[2023-05-05T18:30:19.599+0000] {logging_mixin.py:137} INFO - [2023-05-05T18:30:19.599+0000] {taskmixin.py:205} WARNING - Dependency <Task(_PythonDecoratedOperator): print_the_context>, log_sql_query already registered for DAG: example_python_operator
[2023-05-05T18:30:19.599+0000] {logging_mixin.py:137} INFO - [2023-05-05T18:30:19.599+0000] {taskmixin.py:205} WARNING - Dependency <Task(_PythonDecoratedOperator): log_sql_query>, print_the_context already registered for DAG: example_python_operator
[2023-05-05T18:30:19.600+0000] {logging_mixin.py:137} INFO - [2023-05-05T18:30:19.600+0000] {taskmixin.py:205} WARNING - Dependency <Task(_PythonDecoratedOperator): print_the_context>, log_sql_query already registered for DAG: example_python_operator
[2023-05-05T18:30:19.601+0000] {logging_mixin.py:137} INFO - [2023-05-05T18:30:19.600+0000] {taskmixin.py:205} WARNING - Dependency <Task(_PythonDecoratedOperator): log_sql_query>, print_the_context already registered for DAG: example_python_operator
[2023-05-05T18:30:19.609+0000] {processor.py:753} INFO - DAG(s) dict_keys(['example_python_operator']) retrieved from /usr/local/python/3.10.4/lib/python3.10/site-packages/airflow/example_dags/example_python_operator.py
[2023-05-05T18:30:19.629+0000] {logging_mixin.py:137} INFO - [2023-05-05T18:30:19.629+0000] {dag.py:2690} INFO - Sync 1 DAGs
[2023-05-05T18:30:19.647+0000] {logging_mixin.py:137} INFO - [2023-05-05T18:30:19.647+0000] {dag.py:3437} INFO - Setting next_dagrun for example_python_operator to None, run_after=None
[2023-05-05T18:30:19.702+0000] {processor.py:175} INFO - Processing /usr/local/python/3.10.4/lib/python3.10/site-packages/airflow/example_dags/example_python_operator.py took 0.133 seconds
[2023-05-05T18:31:08.892+0000] {processor.py:153} INFO - Started process (PID=9265) to work on /usr/local/python/3.10.4/lib/python3.10/site-packages/airflow/example_dags/example_python_operator.py
[2023-05-05T18:31:08.893+0000] {processor.py:743} INFO - Processing file /usr/local/python/3.10.4/lib/python3.10/site-packages/airflow/example_dags/example_python_operator.py for tasks to queue
[2023-05-05T18:31:08.894+0000] {logging_mixin.py:137} INFO - [2023-05-05T18:31:08.894+0000] {dagbag.py:538} INFO - Filling up the DagBag from /usr/local/python/3.10.4/lib/python3.10/site-packages/airflow/example_dags/example_python_operator.py
[2023-05-05T18:31:08.914+0000] {logging_mixin.py:137} INFO - [2023-05-05T18:31:08.914+0000] {taskmixin.py:205} WARNING - Dependency <Task(_PythonDecoratedOperator): print_the_context>, log_sql_query already registered for DAG: example_python_operator
[2023-05-05T18:31:08.915+0000] {logging_mixin.py:137} INFO - [2023-05-05T18:31:08.914+0000] {taskmixin.py:205} WARNING - Dependency <Task(_PythonDecoratedOperator): log_sql_query>, print_the_context already registered for DAG: example_python_operator
[2023-05-05T18:31:08.915+0000] {logging_mixin.py:137} INFO - [2023-05-05T18:31:08.915+0000] {taskmixin.py:205} WARNING - Dependency <Task(_PythonDecoratedOperator): print_the_context>, log_sql_query already registered for DAG: example_python_operator
[2023-05-05T18:31:08.916+0000] {logging_mixin.py:137} INFO - [2023-05-05T18:31:08.916+0000] {taskmixin.py:205} WARNING - Dependency <Task(_PythonDecoratedOperator): log_sql_query>, print_the_context already registered for DAG: example_python_operator
[2023-05-05T18:31:08.916+0000] {logging_mixin.py:137} INFO - [2023-05-05T18:31:08.916+0000] {taskmixin.py:205} WARNING - Dependency <Task(_PythonDecoratedOperator): print_the_context>, log_sql_query already registered for DAG: example_python_operator
[2023-05-05T18:31:08.917+0000] {logging_mixin.py:137} INFO - [2023-05-05T18:31:08.917+0000] {taskmixin.py:205} WARNING - Dependency <Task(_PythonDecoratedOperator): log_sql_query>, print_the_context already registered for DAG: example_python_operator
[2023-05-05T18:31:08.918+0000] {logging_mixin.py:137} INFO - [2023-05-05T18:31:08.917+0000] {taskmixin.py:205} WARNING - Dependency <Task(_PythonDecoratedOperator): print_the_context>, log_sql_query already registered for DAG: example_python_operator
[2023-05-05T18:31:08.918+0000] {logging_mixin.py:137} INFO - [2023-05-05T18:31:08.918+0000] {taskmixin.py:205} WARNING - Dependency <Task(_PythonDecoratedOperator): log_sql_query>, print_the_context already registered for DAG: example_python_operator
[2023-05-05T18:31:08.926+0000] {processor.py:753} INFO - DAG(s) dict_keys(['example_python_operator']) retrieved from /usr/local/python/3.10.4/lib/python3.10/site-packages/airflow/example_dags/example_python_operator.py
[2023-05-05T18:31:08.945+0000] {logging_mixin.py:137} INFO - [2023-05-05T18:31:08.945+0000] {dag.py:2690} INFO - Sync 1 DAGs
[2023-05-05T18:31:08.963+0000] {logging_mixin.py:137} INFO - [2023-05-05T18:31:08.963+0000] {dag.py:3437} INFO - Setting next_dagrun for example_python_operator to None, run_after=None
[2023-05-05T18:31:09.027+0000] {processor.py:175} INFO - Processing /usr/local/python/3.10.4/lib/python3.10/site-packages/airflow/example_dags/example_python_operator.py took 0.139 seconds
[2023-05-05T18:31:58.772+0000] {processor.py:153} INFO - Started process (PID=9746) to work on /usr/local/python/3.10.4/lib/python3.10/site-packages/airflow/example_dags/example_python_operator.py
[2023-05-05T18:31:58.773+0000] {processor.py:743} INFO - Processing file /usr/local/python/3.10.4/lib/python3.10/site-packages/airflow/example_dags/example_python_operator.py for tasks to queue
[2023-05-05T18:31:58.774+0000] {logging_mixin.py:137} INFO - [2023-05-05T18:31:58.774+0000] {dagbag.py:538} INFO - Filling up the DagBag from /usr/local/python/3.10.4/lib/python3.10/site-packages/airflow/example_dags/example_python_operator.py
[2023-05-05T18:31:58.794+0000] {logging_mixin.py:137} INFO - [2023-05-05T18:31:58.794+0000] {taskmixin.py:205} WARNING - Dependency <Task(_PythonDecoratedOperator): print_the_context>, log_sql_query already registered for DAG: example_python_operator
[2023-05-05T18:31:58.795+0000] {logging_mixin.py:137} INFO - [2023-05-05T18:31:58.795+0000] {taskmixin.py:205} WARNING - Dependency <Task(_PythonDecoratedOperator): log_sql_query>, print_the_context already registered for DAG: example_python_operator
[2023-05-05T18:31:58.795+0000] {logging_mixin.py:137} INFO - [2023-05-05T18:31:58.795+0000] {taskmixin.py:205} WARNING - Dependency <Task(_PythonDecoratedOperator): print_the_context>, log_sql_query already registered for DAG: example_python_operator
[2023-05-05T18:31:58.796+0000] {logging_mixin.py:137} INFO - [2023-05-05T18:31:58.796+0000] {taskmixin.py:205} WARNING - Dependency <Task(_PythonDecoratedOperator): log_sql_query>, print_the_context already registered for DAG: example_python_operator
[2023-05-05T18:31:58.797+0000] {logging_mixin.py:137} INFO - [2023-05-05T18:31:58.796+0000] {taskmixin.py:205} WARNING - Dependency <Task(_PythonDecoratedOperator): print_the_context>, log_sql_query already registered for DAG: example_python_operator
[2023-05-05T18:31:58.797+0000] {logging_mixin.py:137} INFO - [2023-05-05T18:31:58.797+0000] {taskmixin.py:205} WARNING - Dependency <Task(_PythonDecoratedOperator): log_sql_query>, print_the_context already registered for DAG: example_python_operator
[2023-05-05T18:31:58.798+0000] {logging_mixin.py:137} INFO - [2023-05-05T18:31:58.798+0000] {taskmixin.py:205} WARNING - Dependency <Task(_PythonDecoratedOperator): print_the_context>, log_sql_query already registered for DAG: example_python_operator
[2023-05-05T18:31:58.798+0000] {logging_mixin.py:137} INFO - [2023-05-05T18:31:58.798+0000] {taskmixin.py:205} WARNING - Dependency <Task(_PythonDecoratedOperator): log_sql_query>, print_the_context already registered for DAG: example_python_operator
[2023-05-05T18:31:58.805+0000] {processor.py:753} INFO - DAG(s) dict_keys(['example_python_operator']) retrieved from /usr/local/python/3.10.4/lib/python3.10/site-packages/airflow/example_dags/example_python_operator.py
[2023-05-05T18:31:58.829+0000] {logging_mixin.py:137} INFO - [2023-05-05T18:31:58.829+0000] {dag.py:2690} INFO - Sync 1 DAGs
[2023-05-05T18:31:58.849+0000] {logging_mixin.py:137} INFO - [2023-05-05T18:31:58.848+0000] {dag.py:3437} INFO - Setting next_dagrun for example_python_operator to None, run_after=None
[2023-05-05T18:31:58.907+0000] {processor.py:175} INFO - Processing /usr/local/python/3.10.4/lib/python3.10/site-packages/airflow/example_dags/example_python_operator.py took 0.139 seconds
[2023-05-05T18:32:40.404+0000] {processor.py:153} INFO - Started process (PID=10177) to work on /usr/local/python/3.10.4/lib/python3.10/site-packages/airflow/example_dags/example_python_operator.py
[2023-05-05T18:32:40.406+0000] {processor.py:743} INFO - Processing file /usr/local/python/3.10.4/lib/python3.10/site-packages/airflow/example_dags/example_python_operator.py for tasks to queue
[2023-05-05T18:32:40.406+0000] {logging_mixin.py:137} INFO - [2023-05-05T18:32:40.406+0000] {dagbag.py:538} INFO - Filling up the DagBag from /usr/local/python/3.10.4/lib/python3.10/site-packages/airflow/example_dags/example_python_operator.py
[2023-05-05T18:32:40.426+0000] {logging_mixin.py:137} INFO - [2023-05-05T18:32:40.426+0000] {taskmixin.py:205} WARNING - Dependency <Task(_PythonDecoratedOperator): print_the_context>, log_sql_query already registered for DAG: example_python_operator
[2023-05-05T18:32:40.427+0000] {logging_mixin.py:137} INFO - [2023-05-05T18:32:40.426+0000] {taskmixin.py:205} WARNING - Dependency <Task(_PythonDecoratedOperator): log_sql_query>, print_the_context already registered for DAG: example_python_operator
[2023-05-05T18:32:40.427+0000] {logging_mixin.py:137} INFO - [2023-05-05T18:32:40.427+0000] {taskmixin.py:205} WARNING - Dependency <Task(_PythonDecoratedOperator): print_the_context>, log_sql_query already registered for DAG: example_python_operator
[2023-05-05T18:32:40.428+0000] {logging_mixin.py:137} INFO - [2023-05-05T18:32:40.428+0000] {taskmixin.py:205} WARNING - Dependency <Task(_PythonDecoratedOperator): log_sql_query>, print_the_context already registered for DAG: example_python_operator
[2023-05-05T18:32:40.428+0000] {logging_mixin.py:137} INFO - [2023-05-05T18:32:40.428+0000] {taskmixin.py:205} WARNING - Dependency <Task(_PythonDecoratedOperator): print_the_context>, log_sql_query already registered for DAG: example_python_operator
[2023-05-05T18:32:40.429+0000] {logging_mixin.py:137} INFO - [2023-05-05T18:32:40.429+0000] {taskmixin.py:205} WARNING - Dependency <Task(_PythonDecoratedOperator): log_sql_query>, print_the_context already registered for DAG: example_python_operator
[2023-05-05T18:32:40.429+0000] {logging_mixin.py:137} INFO - [2023-05-05T18:32:40.429+0000] {taskmixin.py:205} WARNING - Dependency <Task(_PythonDecoratedOperator): print_the_context>, log_sql_query already registered for DAG: example_python_operator
[2023-05-05T18:32:40.430+0000] {logging_mixin.py:137} INFO - [2023-05-05T18:32:40.430+0000] {taskmixin.py:205} WARNING - Dependency <Task(_PythonDecoratedOperator): log_sql_query>, print_the_context already registered for DAG: example_python_operator
[2023-05-05T18:32:40.437+0000] {processor.py:753} INFO - DAG(s) dict_keys(['example_python_operator']) retrieved from /usr/local/python/3.10.4/lib/python3.10/site-packages/airflow/example_dags/example_python_operator.py
[2023-05-05T18:32:40.457+0000] {logging_mixin.py:137} INFO - [2023-05-05T18:32:40.457+0000] {dag.py:2690} INFO - Sync 1 DAGs
[2023-05-05T18:32:40.476+0000] {logging_mixin.py:137} INFO - [2023-05-05T18:32:40.475+0000] {dag.py:3437} INFO - Setting next_dagrun for example_python_operator to None, run_after=None
[2023-05-05T18:32:40.527+0000] {processor.py:175} INFO - Processing /usr/local/python/3.10.4/lib/python3.10/site-packages/airflow/example_dags/example_python_operator.py took 0.126 seconds
[2023-05-05T18:33:22.298+0000] {processor.py:153} INFO - Started process (PID=10553) to work on /usr/local/python/3.10.4/lib/python3.10/site-packages/airflow/example_dags/example_python_operator.py
[2023-05-05T18:33:22.299+0000] {processor.py:743} INFO - Processing file /usr/local/python/3.10.4/lib/python3.10/site-packages/airflow/example_dags/example_python_operator.py for tasks to queue
[2023-05-05T18:33:22.300+0000] {logging_mixin.py:137} INFO - [2023-05-05T18:33:22.300+0000] {dagbag.py:538} INFO - Filling up the DagBag from /usr/local/python/3.10.4/lib/python3.10/site-packages/airflow/example_dags/example_python_operator.py
[2023-05-05T18:33:22.323+0000] {logging_mixin.py:137} INFO - [2023-05-05T18:33:22.323+0000] {taskmixin.py:205} WARNING - Dependency <Task(_PythonDecoratedOperator): print_the_context>, log_sql_query already registered for DAG: example_python_operator
[2023-05-05T18:33:22.323+0000] {logging_mixin.py:137} INFO - [2023-05-05T18:33:22.323+0000] {taskmixin.py:205} WARNING - Dependency <Task(_PythonDecoratedOperator): log_sql_query>, print_the_context already registered for DAG: example_python_operator
[2023-05-05T18:33:22.325+0000] {logging_mixin.py:137} INFO - [2023-05-05T18:33:22.324+0000] {taskmixin.py:205} WARNING - Dependency <Task(_PythonDecoratedOperator): print_the_context>, log_sql_query already registered for DAG: example_python_operator
[2023-05-05T18:33:22.325+0000] {logging_mixin.py:137} INFO - [2023-05-05T18:33:22.325+0000] {taskmixin.py:205} WARNING - Dependency <Task(_PythonDecoratedOperator): log_sql_query>, print_the_context already registered for DAG: example_python_operator
[2023-05-05T18:33:22.326+0000] {logging_mixin.py:137} INFO - [2023-05-05T18:33:22.326+0000] {taskmixin.py:205} WARNING - Dependency <Task(_PythonDecoratedOperator): print_the_context>, log_sql_query already registered for DAG: example_python_operator
[2023-05-05T18:33:22.326+0000] {logging_mixin.py:137} INFO - [2023-05-05T18:33:22.326+0000] {taskmixin.py:205} WARNING - Dependency <Task(_PythonDecoratedOperator): log_sql_query>, print_the_context already registered for DAG: example_python_operator
[2023-05-05T18:33:22.327+0000] {logging_mixin.py:137} INFO - [2023-05-05T18:33:22.327+0000] {taskmixin.py:205} WARNING - Dependency <Task(_PythonDecoratedOperator): print_the_context>, log_sql_query already registered for DAG: example_python_operator
[2023-05-05T18:33:22.328+0000] {logging_mixin.py:137} INFO - [2023-05-05T18:33:22.328+0000] {taskmixin.py:205} WARNING - Dependency <Task(_PythonDecoratedOperator): log_sql_query>, print_the_context already registered for DAG: example_python_operator
[2023-05-05T18:33:22.337+0000] {processor.py:753} INFO - DAG(s) dict_keys(['example_python_operator']) retrieved from /usr/local/python/3.10.4/lib/python3.10/site-packages/airflow/example_dags/example_python_operator.py
[2023-05-05T18:33:22.363+0000] {logging_mixin.py:137} INFO - [2023-05-05T18:33:22.363+0000] {dag.py:2690} INFO - Sync 1 DAGs
[2023-05-05T18:33:22.386+0000] {logging_mixin.py:137} INFO - [2023-05-05T18:33:22.385+0000] {dag.py:3437} INFO - Setting next_dagrun for example_python_operator to None, run_after=None
[2023-05-05T18:33:22.448+0000] {processor.py:175} INFO - Processing /usr/local/python/3.10.4/lib/python3.10/site-packages/airflow/example_dags/example_python_operator.py took 0.154 seconds
[2023-05-05T18:34:12.028+0000] {processor.py:153} INFO - Started process (PID=11007) to work on /usr/local/python/3.10.4/lib/python3.10/site-packages/airflow/example_dags/example_python_operator.py
[2023-05-05T18:34:12.029+0000] {processor.py:743} INFO - Processing file /usr/local/python/3.10.4/lib/python3.10/site-packages/airflow/example_dags/example_python_operator.py for tasks to queue
[2023-05-05T18:34:12.030+0000] {logging_mixin.py:137} INFO - [2023-05-05T18:34:12.030+0000] {dagbag.py:538} INFO - Filling up the DagBag from /usr/local/python/3.10.4/lib/python3.10/site-packages/airflow/example_dags/example_python_operator.py
[2023-05-05T18:34:12.052+0000] {logging_mixin.py:137} INFO - [2023-05-05T18:34:12.052+0000] {taskmixin.py:205} WARNING - Dependency <Task(_PythonDecoratedOperator): print_the_context>, log_sql_query already registered for DAG: example_python_operator
[2023-05-05T18:34:12.052+0000] {logging_mixin.py:137} INFO - [2023-05-05T18:34:12.052+0000] {taskmixin.py:205} WARNING - Dependency <Task(_PythonDecoratedOperator): log_sql_query>, print_the_context already registered for DAG: example_python_operator
[2023-05-05T18:34:12.053+0000] {logging_mixin.py:137} INFO - [2023-05-05T18:34:12.053+0000] {taskmixin.py:205} WARNING - Dependency <Task(_PythonDecoratedOperator): print_the_context>, log_sql_query already registered for DAG: example_python_operator
[2023-05-05T18:34:12.053+0000] {logging_mixin.py:137} INFO - [2023-05-05T18:34:12.053+0000] {taskmixin.py:205} WARNING - Dependency <Task(_PythonDecoratedOperator): log_sql_query>, print_the_context already registered for DAG: example_python_operator
[2023-05-05T18:34:12.054+0000] {logging_mixin.py:137} INFO - [2023-05-05T18:34:12.054+0000] {taskmixin.py:205} WARNING - Dependency <Task(_PythonDecoratedOperator): print_the_context>, log_sql_query already registered for DAG: example_python_operator
[2023-05-05T18:34:12.054+0000] {logging_mixin.py:137} INFO - [2023-05-05T18:34:12.054+0000] {taskmixin.py:205} WARNING - Dependency <Task(_PythonDecoratedOperator): log_sql_query>, print_the_context already registered for DAG: example_python_operator
[2023-05-05T18:34:12.055+0000] {logging_mixin.py:137} INFO - [2023-05-05T18:34:12.055+0000] {taskmixin.py:205} WARNING - Dependency <Task(_PythonDecoratedOperator): print_the_context>, log_sql_query already registered for DAG: example_python_operator
[2023-05-05T18:34:12.056+0000] {logging_mixin.py:137} INFO - [2023-05-05T18:34:12.055+0000] {taskmixin.py:205} WARNING - Dependency <Task(_PythonDecoratedOperator): log_sql_query>, print_the_context already registered for DAG: example_python_operator
[2023-05-05T18:34:12.063+0000] {processor.py:753} INFO - DAG(s) dict_keys(['example_python_operator']) retrieved from /usr/local/python/3.10.4/lib/python3.10/site-packages/airflow/example_dags/example_python_operator.py
[2023-05-05T18:34:12.088+0000] {logging_mixin.py:137} INFO - [2023-05-05T18:34:12.087+0000] {dag.py:2690} INFO - Sync 1 DAGs
[2023-05-05T18:34:12.109+0000] {logging_mixin.py:137} INFO - [2023-05-05T18:34:12.108+0000] {dag.py:3437} INFO - Setting next_dagrun for example_python_operator to None, run_after=None
[2023-05-05T18:34:12.165+0000] {processor.py:175} INFO - Processing /usr/local/python/3.10.4/lib/python3.10/site-packages/airflow/example_dags/example_python_operator.py took 0.143 seconds
