[2023-05-05T18:22:11.044+0000] {processor.py:153} INFO - Started process (PID=4765) to work on /usr/local/python/3.10.4/lib/python3.10/site-packages/airflow/example_dags/example_skip_dag.py
[2023-05-05T18:22:11.045+0000] {processor.py:743} INFO - Processing file /usr/local/python/3.10.4/lib/python3.10/site-packages/airflow/example_dags/example_skip_dag.py for tasks to queue
[2023-05-05T18:22:11.046+0000] {logging_mixin.py:137} INFO - [2023-05-05T18:22:11.046+0000] {dagbag.py:538} INFO - Filling up the DagBag from /usr/local/python/3.10.4/lib/python3.10/site-packages/airflow/example_dags/example_skip_dag.py
[2023-05-05T18:22:11.067+0000] {processor.py:753} INFO - DAG(s) dict_keys(['example_skip_dag']) retrieved from /usr/local/python/3.10.4/lib/python3.10/site-packages/airflow/example_dags/example_skip_dag.py
[2023-05-05T18:22:11.247+0000] {logging_mixin.py:137} INFO - [2023-05-05T18:22:11.246+0000] {manager.py:504} INFO - Created Permission View: can delete on DAG:example_skip_dag
[2023-05-05T18:22:11.295+0000] {logging_mixin.py:137} INFO - [2023-05-05T18:22:11.295+0000] {manager.py:504} INFO - Created Permission View: can read on DAG:example_skip_dag
[2023-05-05T18:22:11.342+0000] {logging_mixin.py:137} INFO - [2023-05-05T18:22:11.342+0000] {manager.py:504} INFO - Created Permission View: can edit on DAG:example_skip_dag
[2023-05-05T18:22:11.343+0000] {logging_mixin.py:137} INFO - [2023-05-05T18:22:11.343+0000] {dag.py:2690} INFO - Sync 1 DAGs
[2023-05-05T18:22:11.353+0000] {logging_mixin.py:137} INFO - [2023-05-05T18:22:11.353+0000] {dag.py:2711} INFO - Creating ORM DAG for example_skip_dag
[2023-05-05T18:22:11.361+0000] {logging_mixin.py:137} INFO - [2023-05-05T18:22:11.361+0000] {dag.py:3437} INFO - Setting next_dagrun for example_skip_dag to 2023-05-04T18:22:11.361359+00:00, run_after=2023-05-05T18:22:11.361359+00:00
[2023-05-05T18:22:11.423+0000] {processor.py:175} INFO - Processing /usr/local/python/3.10.4/lib/python3.10/site-packages/airflow/example_dags/example_skip_dag.py took 0.382 seconds
[2023-05-05T18:23:01.884+0000] {processor.py:153} INFO - Started process (PID=5117) to work on /usr/local/python/3.10.4/lib/python3.10/site-packages/airflow/example_dags/example_skip_dag.py
[2023-05-05T18:23:01.886+0000] {processor.py:743} INFO - Processing file /usr/local/python/3.10.4/lib/python3.10/site-packages/airflow/example_dags/example_skip_dag.py for tasks to queue
[2023-05-05T18:23:01.886+0000] {logging_mixin.py:137} INFO - [2023-05-05T18:23:01.886+0000] {dagbag.py:538} INFO - Filling up the DagBag from /usr/local/python/3.10.4/lib/python3.10/site-packages/airflow/example_dags/example_skip_dag.py
[2023-05-05T18:23:01.902+0000] {processor.py:753} INFO - DAG(s) dict_keys(['example_skip_dag']) retrieved from /usr/local/python/3.10.4/lib/python3.10/site-packages/airflow/example_dags/example_skip_dag.py
[2023-05-05T18:23:01.923+0000] {logging_mixin.py:137} INFO - [2023-05-05T18:23:01.923+0000] {dag.py:2690} INFO - Sync 1 DAGs
[2023-05-05T18:23:01.942+0000] {logging_mixin.py:137} INFO - [2023-05-05T18:23:01.942+0000] {dag.py:3437} INFO - Setting next_dagrun for example_skip_dag to 2023-05-04T18:23:01.941959+00:00, run_after=2023-05-05T18:23:01.941959+00:00
[2023-05-05T18:23:01.997+0000] {processor.py:175} INFO - Processing /usr/local/python/3.10.4/lib/python3.10/site-packages/airflow/example_dags/example_skip_dag.py took 0.116 seconds
[2023-05-05T18:23:51.692+0000] {processor.py:153} INFO - Started process (PID=5432) to work on /usr/local/python/3.10.4/lib/python3.10/site-packages/airflow/example_dags/example_skip_dag.py
[2023-05-05T18:23:51.693+0000] {processor.py:743} INFO - Processing file /usr/local/python/3.10.4/lib/python3.10/site-packages/airflow/example_dags/example_skip_dag.py for tasks to queue
[2023-05-05T18:23:51.693+0000] {logging_mixin.py:137} INFO - [2023-05-05T18:23:51.693+0000] {dagbag.py:538} INFO - Filling up the DagBag from /usr/local/python/3.10.4/lib/python3.10/site-packages/airflow/example_dags/example_skip_dag.py
[2023-05-05T18:23:51.709+0000] {processor.py:753} INFO - DAG(s) dict_keys(['example_skip_dag']) retrieved from /usr/local/python/3.10.4/lib/python3.10/site-packages/airflow/example_dags/example_skip_dag.py
[2023-05-05T18:23:51.727+0000] {logging_mixin.py:137} INFO - [2023-05-05T18:23:51.727+0000] {dag.py:2690} INFO - Sync 1 DAGs
[2023-05-05T18:23:51.746+0000] {logging_mixin.py:137} INFO - [2023-05-05T18:23:51.746+0000] {dag.py:3437} INFO - Setting next_dagrun for example_skip_dag to 2023-05-04T18:23:51.746316+00:00, run_after=2023-05-05T18:23:51.746316+00:00
[2023-05-05T18:23:51.808+0000] {processor.py:175} INFO - Processing /usr/local/python/3.10.4/lib/python3.10/site-packages/airflow/example_dags/example_skip_dag.py took 0.120 seconds
[2023-05-05T18:24:36.342+0000] {processor.py:153} INFO - Started process (PID=5778) to work on /usr/local/python/3.10.4/lib/python3.10/site-packages/airflow/example_dags/example_skip_dag.py
[2023-05-05T18:24:36.343+0000] {processor.py:743} INFO - Processing file /usr/local/python/3.10.4/lib/python3.10/site-packages/airflow/example_dags/example_skip_dag.py for tasks to queue
[2023-05-05T18:24:36.343+0000] {logging_mixin.py:137} INFO - [2023-05-05T18:24:36.343+0000] {dagbag.py:538} INFO - Filling up the DagBag from /usr/local/python/3.10.4/lib/python3.10/site-packages/airflow/example_dags/example_skip_dag.py
[2023-05-05T18:24:36.359+0000] {processor.py:753} INFO - DAG(s) dict_keys(['example_skip_dag']) retrieved from /usr/local/python/3.10.4/lib/python3.10/site-packages/airflow/example_dags/example_skip_dag.py
[2023-05-05T18:24:36.380+0000] {logging_mixin.py:137} INFO - [2023-05-05T18:24:36.380+0000] {dag.py:2690} INFO - Sync 1 DAGs
[2023-05-05T18:24:36.398+0000] {logging_mixin.py:137} INFO - [2023-05-05T18:24:36.398+0000] {dag.py:3437} INFO - Setting next_dagrun for example_skip_dag to 2023-05-04T18:24:36.398552+00:00, run_after=2023-05-05T18:24:36.398552+00:00
[2023-05-05T18:24:36.452+0000] {processor.py:175} INFO - Processing /usr/local/python/3.10.4/lib/python3.10/site-packages/airflow/example_dags/example_skip_dag.py took 0.114 seconds
[2023-05-05T18:25:26.708+0000] {processor.py:153} INFO - Started process (PID=6133) to work on /usr/local/python/3.10.4/lib/python3.10/site-packages/airflow/example_dags/example_skip_dag.py
[2023-05-05T18:25:26.709+0000] {processor.py:743} INFO - Processing file /usr/local/python/3.10.4/lib/python3.10/site-packages/airflow/example_dags/example_skip_dag.py for tasks to queue
[2023-05-05T18:25:26.710+0000] {logging_mixin.py:137} INFO - [2023-05-05T18:25:26.710+0000] {dagbag.py:538} INFO - Filling up the DagBag from /usr/local/python/3.10.4/lib/python3.10/site-packages/airflow/example_dags/example_skip_dag.py
[2023-05-05T18:25:26.725+0000] {processor.py:753} INFO - DAG(s) dict_keys(['example_skip_dag']) retrieved from /usr/local/python/3.10.4/lib/python3.10/site-packages/airflow/example_dags/example_skip_dag.py
[2023-05-05T18:25:26.744+0000] {logging_mixin.py:137} INFO - [2023-05-05T18:25:26.743+0000] {dag.py:2690} INFO - Sync 1 DAGs
[2023-05-05T18:25:26.763+0000] {logging_mixin.py:137} INFO - [2023-05-05T18:25:26.763+0000] {dag.py:3437} INFO - Setting next_dagrun for example_skip_dag to 2023-05-04T18:25:26.762938+00:00, run_after=2023-05-05T18:25:26.762938+00:00
[2023-05-05T18:25:26.815+0000] {processor.py:175} INFO - Processing /usr/local/python/3.10.4/lib/python3.10/site-packages/airflow/example_dags/example_skip_dag.py took 0.110 seconds
[2023-05-05T18:26:11.227+0000] {processor.py:153} INFO - Started process (PID=6425) to work on /usr/local/python/3.10.4/lib/python3.10/site-packages/airflow/example_dags/example_skip_dag.py
[2023-05-05T18:26:11.229+0000] {processor.py:743} INFO - Processing file /usr/local/python/3.10.4/lib/python3.10/site-packages/airflow/example_dags/example_skip_dag.py for tasks to queue
[2023-05-05T18:26:11.230+0000] {logging_mixin.py:137} INFO - [2023-05-05T18:26:11.229+0000] {dagbag.py:538} INFO - Filling up the DagBag from /usr/local/python/3.10.4/lib/python3.10/site-packages/airflow/example_dags/example_skip_dag.py
[2023-05-05T18:26:11.247+0000] {processor.py:753} INFO - DAG(s) dict_keys(['example_skip_dag']) retrieved from /usr/local/python/3.10.4/lib/python3.10/site-packages/airflow/example_dags/example_skip_dag.py
[2023-05-05T18:26:11.278+0000] {logging_mixin.py:137} INFO - [2023-05-05T18:26:11.278+0000] {dag.py:2690} INFO - Sync 1 DAGs
[2023-05-05T18:26:11.301+0000] {logging_mixin.py:137} INFO - [2023-05-05T18:26:11.301+0000] {dag.py:3437} INFO - Setting next_dagrun for example_skip_dag to 2023-05-04T18:26:11.301389+00:00, run_after=2023-05-05T18:26:11.301389+00:00
[2023-05-05T18:26:11.374+0000] {processor.py:175} INFO - Processing /usr/local/python/3.10.4/lib/python3.10/site-packages/airflow/example_dags/example_skip_dag.py took 0.151 seconds
[2023-05-05T18:26:50.576+0000] {processor.py:153} INFO - Started process (PID=6713) to work on /usr/local/python/3.10.4/lib/python3.10/site-packages/airflow/example_dags/example_skip_dag.py
[2023-05-05T18:26:50.577+0000] {processor.py:743} INFO - Processing file /usr/local/python/3.10.4/lib/python3.10/site-packages/airflow/example_dags/example_skip_dag.py for tasks to queue
[2023-05-05T18:26:50.578+0000] {logging_mixin.py:137} INFO - [2023-05-05T18:26:50.578+0000] {dagbag.py:538} INFO - Filling up the DagBag from /usr/local/python/3.10.4/lib/python3.10/site-packages/airflow/example_dags/example_skip_dag.py
[2023-05-05T18:26:50.593+0000] {processor.py:753} INFO - DAG(s) dict_keys(['example_skip_dag']) retrieved from /usr/local/python/3.10.4/lib/python3.10/site-packages/airflow/example_dags/example_skip_dag.py
[2023-05-05T18:26:50.611+0000] {logging_mixin.py:137} INFO - [2023-05-05T18:26:50.611+0000] {dag.py:2690} INFO - Sync 1 DAGs
[2023-05-05T18:26:50.629+0000] {logging_mixin.py:137} INFO - [2023-05-05T18:26:50.629+0000] {dag.py:3437} INFO - Setting next_dagrun for example_skip_dag to 2023-05-04T18:26:50.629252+00:00, run_after=2023-05-05T18:26:50.629252+00:00
[2023-05-05T18:26:50.681+0000] {processor.py:175} INFO - Processing /usr/local/python/3.10.4/lib/python3.10/site-packages/airflow/example_dags/example_skip_dag.py took 0.108 seconds
[2023-05-05T18:27:29.517+0000] {processor.py:153} INFO - Started process (PID=6988) to work on /usr/local/python/3.10.4/lib/python3.10/site-packages/airflow/example_dags/example_skip_dag.py
[2023-05-05T18:27:29.518+0000] {processor.py:743} INFO - Processing file /usr/local/python/3.10.4/lib/python3.10/site-packages/airflow/example_dags/example_skip_dag.py for tasks to queue
[2023-05-05T18:27:29.519+0000] {logging_mixin.py:137} INFO - [2023-05-05T18:27:29.519+0000] {dagbag.py:538} INFO - Filling up the DagBag from /usr/local/python/3.10.4/lib/python3.10/site-packages/airflow/example_dags/example_skip_dag.py
[2023-05-05T18:27:29.534+0000] {processor.py:753} INFO - DAG(s) dict_keys(['example_skip_dag']) retrieved from /usr/local/python/3.10.4/lib/python3.10/site-packages/airflow/example_dags/example_skip_dag.py
[2023-05-05T18:27:29.552+0000] {logging_mixin.py:137} INFO - [2023-05-05T18:27:29.552+0000] {dag.py:2690} INFO - Sync 1 DAGs
[2023-05-05T18:27:29.571+0000] {logging_mixin.py:137} INFO - [2023-05-05T18:27:29.571+0000] {dag.py:3437} INFO - Setting next_dagrun for example_skip_dag to 2023-05-04T18:27:29.570930+00:00, run_after=2023-05-05T18:27:29.570930+00:00
[2023-05-05T18:27:29.627+0000] {processor.py:175} INFO - Processing /usr/local/python/3.10.4/lib/python3.10/site-packages/airflow/example_dags/example_skip_dag.py took 0.113 seconds
[2023-05-05T18:28:07.545+0000] {processor.py:153} INFO - Started process (PID=7497) to work on /usr/local/python/3.10.4/lib/python3.10/site-packages/airflow/example_dags/example_skip_dag.py
[2023-05-05T18:28:07.546+0000] {processor.py:743} INFO - Processing file /usr/local/python/3.10.4/lib/python3.10/site-packages/airflow/example_dags/example_skip_dag.py for tasks to queue
[2023-05-05T18:28:07.547+0000] {logging_mixin.py:137} INFO - [2023-05-05T18:28:07.547+0000] {dagbag.py:538} INFO - Filling up the DagBag from /usr/local/python/3.10.4/lib/python3.10/site-packages/airflow/example_dags/example_skip_dag.py
[2023-05-05T18:28:07.561+0000] {processor.py:753} INFO - DAG(s) dict_keys(['example_skip_dag']) retrieved from /usr/local/python/3.10.4/lib/python3.10/site-packages/airflow/example_dags/example_skip_dag.py
[2023-05-05T18:28:07.579+0000] {logging_mixin.py:137} INFO - [2023-05-05T18:28:07.579+0000] {dag.py:2690} INFO - Sync 1 DAGs
[2023-05-05T18:28:07.598+0000] {logging_mixin.py:137} INFO - [2023-05-05T18:28:07.598+0000] {dag.py:3437} INFO - Setting next_dagrun for example_skip_dag to 2023-05-04T18:28:07.598337+00:00, run_after=2023-05-05T18:28:07.598337+00:00
[2023-05-05T18:28:07.651+0000] {processor.py:175} INFO - Processing /usr/local/python/3.10.4/lib/python3.10/site-packages/airflow/example_dags/example_skip_dag.py took 0.110 seconds
[2023-05-05T18:28:45.426+0000] {processor.py:153} INFO - Started process (PID=8055) to work on /usr/local/python/3.10.4/lib/python3.10/site-packages/airflow/example_dags/example_skip_dag.py
[2023-05-05T18:28:45.428+0000] {processor.py:743} INFO - Processing file /usr/local/python/3.10.4/lib/python3.10/site-packages/airflow/example_dags/example_skip_dag.py for tasks to queue
[2023-05-05T18:28:45.428+0000] {logging_mixin.py:137} INFO - [2023-05-05T18:28:45.428+0000] {dagbag.py:538} INFO - Filling up the DagBag from /usr/local/python/3.10.4/lib/python3.10/site-packages/airflow/example_dags/example_skip_dag.py
[2023-05-05T18:28:45.443+0000] {processor.py:753} INFO - DAG(s) dict_keys(['example_skip_dag']) retrieved from /usr/local/python/3.10.4/lib/python3.10/site-packages/airflow/example_dags/example_skip_dag.py
[2023-05-05T18:28:45.462+0000] {logging_mixin.py:137} INFO - [2023-05-05T18:28:45.462+0000] {dag.py:2690} INFO - Sync 1 DAGs
[2023-05-05T18:28:45.480+0000] {logging_mixin.py:137} INFO - [2023-05-05T18:28:45.480+0000] {dag.py:3437} INFO - Setting next_dagrun for example_skip_dag to 2023-05-04T18:28:45.480121+00:00, run_after=2023-05-05T18:28:45.480121+00:00
[2023-05-05T18:28:45.533+0000] {processor.py:175} INFO - Processing /usr/local/python/3.10.4/lib/python3.10/site-packages/airflow/example_dags/example_skip_dag.py took 0.110 seconds
[2023-05-05T18:29:26.231+0000] {processor.py:153} INFO - Started process (PID=8360) to work on /usr/local/python/3.10.4/lib/python3.10/site-packages/airflow/example_dags/example_skip_dag.py
[2023-05-05T18:29:26.232+0000] {processor.py:743} INFO - Processing file /usr/local/python/3.10.4/lib/python3.10/site-packages/airflow/example_dags/example_skip_dag.py for tasks to queue
[2023-05-05T18:29:26.233+0000] {logging_mixin.py:137} INFO - [2023-05-05T18:29:26.233+0000] {dagbag.py:538} INFO - Filling up the DagBag from /usr/local/python/3.10.4/lib/python3.10/site-packages/airflow/example_dags/example_skip_dag.py
[2023-05-05T18:29:26.248+0000] {processor.py:753} INFO - DAG(s) dict_keys(['example_skip_dag']) retrieved from /usr/local/python/3.10.4/lib/python3.10/site-packages/airflow/example_dags/example_skip_dag.py
[2023-05-05T18:29:26.266+0000] {logging_mixin.py:137} INFO - [2023-05-05T18:29:26.266+0000] {dag.py:2690} INFO - Sync 1 DAGs
[2023-05-05T18:29:26.285+0000] {logging_mixin.py:137} INFO - [2023-05-05T18:29:26.284+0000] {dag.py:3437} INFO - Setting next_dagrun for example_skip_dag to 2023-05-04T18:29:26.284690+00:00, run_after=2023-05-05T18:29:26.284690+00:00
[2023-05-05T18:29:26.340+0000] {processor.py:175} INFO - Processing /usr/local/python/3.10.4/lib/python3.10/site-packages/airflow/example_dags/example_skip_dag.py took 0.112 seconds
[2023-05-05T18:30:06.446+0000] {processor.py:153} INFO - Started process (PID=8733) to work on /usr/local/python/3.10.4/lib/python3.10/site-packages/airflow/example_dags/example_skip_dag.py
[2023-05-05T18:30:06.447+0000] {processor.py:743} INFO - Processing file /usr/local/python/3.10.4/lib/python3.10/site-packages/airflow/example_dags/example_skip_dag.py for tasks to queue
[2023-05-05T18:30:06.448+0000] {logging_mixin.py:137} INFO - [2023-05-05T18:30:06.448+0000] {dagbag.py:538} INFO - Filling up the DagBag from /usr/local/python/3.10.4/lib/python3.10/site-packages/airflow/example_dags/example_skip_dag.py
[2023-05-05T18:30:06.473+0000] {processor.py:753} INFO - DAG(s) dict_keys(['example_skip_dag']) retrieved from /usr/local/python/3.10.4/lib/python3.10/site-packages/airflow/example_dags/example_skip_dag.py
[2023-05-05T18:30:06.491+0000] {logging_mixin.py:137} INFO - [2023-05-05T18:30:06.491+0000] {dag.py:2690} INFO - Sync 1 DAGs
[2023-05-05T18:30:06.510+0000] {logging_mixin.py:137} INFO - [2023-05-05T18:30:06.510+0000] {dag.py:3437} INFO - Setting next_dagrun for example_skip_dag to 2023-05-04T18:30:06.510143+00:00, run_after=2023-05-05T18:30:06.510143+00:00
[2023-05-05T18:30:06.571+0000] {processor.py:175} INFO - Processing /usr/local/python/3.10.4/lib/python3.10/site-packages/airflow/example_dags/example_skip_dag.py took 0.129 seconds
[2023-05-05T18:30:54.914+0000] {processor.py:153} INFO - Started process (PID=9170) to work on /usr/local/python/3.10.4/lib/python3.10/site-packages/airflow/example_dags/example_skip_dag.py
[2023-05-05T18:30:54.915+0000] {processor.py:743} INFO - Processing file /usr/local/python/3.10.4/lib/python3.10/site-packages/airflow/example_dags/example_skip_dag.py for tasks to queue
[2023-05-05T18:30:54.916+0000] {logging_mixin.py:137} INFO - [2023-05-05T18:30:54.916+0000] {dagbag.py:538} INFO - Filling up the DagBag from /usr/local/python/3.10.4/lib/python3.10/site-packages/airflow/example_dags/example_skip_dag.py
[2023-05-05T18:30:54.931+0000] {processor.py:753} INFO - DAG(s) dict_keys(['example_skip_dag']) retrieved from /usr/local/python/3.10.4/lib/python3.10/site-packages/airflow/example_dags/example_skip_dag.py
[2023-05-05T18:30:54.950+0000] {logging_mixin.py:137} INFO - [2023-05-05T18:30:54.950+0000] {dag.py:2690} INFO - Sync 1 DAGs
[2023-05-05T18:30:54.968+0000] {logging_mixin.py:137} INFO - [2023-05-05T18:30:54.968+0000] {dag.py:3437} INFO - Setting next_dagrun for example_skip_dag to 2023-05-04T18:30:54.968011+00:00, run_after=2023-05-05T18:30:54.968011+00:00
[2023-05-05T18:30:55.022+0000] {processor.py:175} INFO - Processing /usr/local/python/3.10.4/lib/python3.10/site-packages/airflow/example_dags/example_skip_dag.py took 0.113 seconds
[2023-05-05T18:31:32.265+0000] {processor.py:153} INFO - Started process (PID=9508) to work on /usr/local/python/3.10.4/lib/python3.10/site-packages/airflow/example_dags/example_skip_dag.py
[2023-05-05T18:31:32.266+0000] {processor.py:743} INFO - Processing file /usr/local/python/3.10.4/lib/python3.10/site-packages/airflow/example_dags/example_skip_dag.py for tasks to queue
[2023-05-05T18:31:32.267+0000] {logging_mixin.py:137} INFO - [2023-05-05T18:31:32.267+0000] {dagbag.py:538} INFO - Filling up the DagBag from /usr/local/python/3.10.4/lib/python3.10/site-packages/airflow/example_dags/example_skip_dag.py
[2023-05-05T18:31:32.282+0000] {processor.py:753} INFO - DAG(s) dict_keys(['example_skip_dag']) retrieved from /usr/local/python/3.10.4/lib/python3.10/site-packages/airflow/example_dags/example_skip_dag.py
[2023-05-05T18:31:32.301+0000] {logging_mixin.py:137} INFO - [2023-05-05T18:31:32.301+0000] {dag.py:2690} INFO - Sync 1 DAGs
[2023-05-05T18:31:32.319+0000] {logging_mixin.py:137} INFO - [2023-05-05T18:31:32.319+0000] {dag.py:3437} INFO - Setting next_dagrun for example_skip_dag to 2023-05-04T18:31:32.319235+00:00, run_after=2023-05-05T18:31:32.319235+00:00
[2023-05-05T18:31:32.376+0000] {processor.py:175} INFO - Processing /usr/local/python/3.10.4/lib/python3.10/site-packages/airflow/example_dags/example_skip_dag.py took 0.115 seconds
[2023-05-05T18:32:09.798+0000] {processor.py:153} INFO - Started process (PID=9893) to work on /usr/local/python/3.10.4/lib/python3.10/site-packages/airflow/example_dags/example_skip_dag.py
[2023-05-05T18:32:09.799+0000] {processor.py:743} INFO - Processing file /usr/local/python/3.10.4/lib/python3.10/site-packages/airflow/example_dags/example_skip_dag.py for tasks to queue
[2023-05-05T18:32:09.800+0000] {logging_mixin.py:137} INFO - [2023-05-05T18:32:09.800+0000] {dagbag.py:538} INFO - Filling up the DagBag from /usr/local/python/3.10.4/lib/python3.10/site-packages/airflow/example_dags/example_skip_dag.py
[2023-05-05T18:32:09.815+0000] {processor.py:753} INFO - DAG(s) dict_keys(['example_skip_dag']) retrieved from /usr/local/python/3.10.4/lib/python3.10/site-packages/airflow/example_dags/example_skip_dag.py
[2023-05-05T18:32:09.834+0000] {logging_mixin.py:137} INFO - [2023-05-05T18:32:09.833+0000] {dag.py:2690} INFO - Sync 1 DAGs
[2023-05-05T18:32:09.852+0000] {logging_mixin.py:137} INFO - [2023-05-05T18:32:09.852+0000] {dag.py:3437} INFO - Setting next_dagrun for example_skip_dag to 2023-05-04T18:32:09.852366+00:00, run_after=2023-05-05T18:32:09.852366+00:00
[2023-05-05T18:32:09.911+0000] {processor.py:175} INFO - Processing /usr/local/python/3.10.4/lib/python3.10/site-packages/airflow/example_dags/example_skip_dag.py took 0.116 seconds
[2023-05-05T18:32:50.307+0000] {processor.py:153} INFO - Started process (PID=10249) to work on /usr/local/python/3.10.4/lib/python3.10/site-packages/airflow/example_dags/example_skip_dag.py
[2023-05-05T18:32:50.308+0000] {processor.py:743} INFO - Processing file /usr/local/python/3.10.4/lib/python3.10/site-packages/airflow/example_dags/example_skip_dag.py for tasks to queue
[2023-05-05T18:32:50.309+0000] {logging_mixin.py:137} INFO - [2023-05-05T18:32:50.309+0000] {dagbag.py:538} INFO - Filling up the DagBag from /usr/local/python/3.10.4/lib/python3.10/site-packages/airflow/example_dags/example_skip_dag.py
[2023-05-05T18:32:50.325+0000] {processor.py:753} INFO - DAG(s) dict_keys(['example_skip_dag']) retrieved from /usr/local/python/3.10.4/lib/python3.10/site-packages/airflow/example_dags/example_skip_dag.py
[2023-05-05T18:32:50.344+0000] {logging_mixin.py:137} INFO - [2023-05-05T18:32:50.344+0000] {dag.py:2690} INFO - Sync 1 DAGs
[2023-05-05T18:32:50.362+0000] {logging_mixin.py:137} INFO - [2023-05-05T18:32:50.362+0000] {dag.py:3437} INFO - Setting next_dagrun for example_skip_dag to 2023-05-04T18:32:50.362280+00:00, run_after=2023-05-05T18:32:50.362280+00:00
[2023-05-05T18:32:50.416+0000] {processor.py:175} INFO - Processing /usr/local/python/3.10.4/lib/python3.10/site-packages/airflow/example_dags/example_skip_dag.py took 0.112 seconds
[2023-05-05T18:33:29.164+0000] {processor.py:153} INFO - Started process (PID=10610) to work on /usr/local/python/3.10.4/lib/python3.10/site-packages/airflow/example_dags/example_skip_dag.py
[2023-05-05T18:33:29.165+0000] {processor.py:743} INFO - Processing file /usr/local/python/3.10.4/lib/python3.10/site-packages/airflow/example_dags/example_skip_dag.py for tasks to queue
[2023-05-05T18:33:29.166+0000] {logging_mixin.py:137} INFO - [2023-05-05T18:33:29.166+0000] {dagbag.py:538} INFO - Filling up the DagBag from /usr/local/python/3.10.4/lib/python3.10/site-packages/airflow/example_dags/example_skip_dag.py
[2023-05-05T18:33:29.182+0000] {processor.py:753} INFO - DAG(s) dict_keys(['example_skip_dag']) retrieved from /usr/local/python/3.10.4/lib/python3.10/site-packages/airflow/example_dags/example_skip_dag.py
[2023-05-05T18:33:29.202+0000] {logging_mixin.py:137} INFO - [2023-05-05T18:33:29.202+0000] {dag.py:2690} INFO - Sync 1 DAGs
[2023-05-05T18:33:29.220+0000] {logging_mixin.py:137} INFO - [2023-05-05T18:33:29.220+0000] {dag.py:3437} INFO - Setting next_dagrun for example_skip_dag to 2023-05-04T18:33:29.220552+00:00, run_after=2023-05-05T18:33:29.220552+00:00
[2023-05-05T18:33:29.277+0000] {processor.py:175} INFO - Processing /usr/local/python/3.10.4/lib/python3.10/site-packages/airflow/example_dags/example_skip_dag.py took 0.117 seconds
[2023-05-05T18:34:07.153+0000] {processor.py:153} INFO - Started process (PID=10948) to work on /usr/local/python/3.10.4/lib/python3.10/site-packages/airflow/example_dags/example_skip_dag.py
[2023-05-05T18:34:07.154+0000] {processor.py:743} INFO - Processing file /usr/local/python/3.10.4/lib/python3.10/site-packages/airflow/example_dags/example_skip_dag.py for tasks to queue
[2023-05-05T18:34:07.155+0000] {logging_mixin.py:137} INFO - [2023-05-05T18:34:07.154+0000] {dagbag.py:538} INFO - Filling up the DagBag from /usr/local/python/3.10.4/lib/python3.10/site-packages/airflow/example_dags/example_skip_dag.py
[2023-05-05T18:34:07.172+0000] {processor.py:753} INFO - DAG(s) dict_keys(['example_skip_dag']) retrieved from /usr/local/python/3.10.4/lib/python3.10/site-packages/airflow/example_dags/example_skip_dag.py
[2023-05-05T18:34:07.190+0000] {logging_mixin.py:137} INFO - [2023-05-05T18:34:07.190+0000] {dag.py:2690} INFO - Sync 1 DAGs
[2023-05-05T18:34:07.209+0000] {logging_mixin.py:137} INFO - [2023-05-05T18:34:07.209+0000] {dag.py:3437} INFO - Setting next_dagrun for example_skip_dag to 2023-05-04T18:34:07.209087+00:00, run_after=2023-05-05T18:34:07.209087+00:00
[2023-05-05T18:34:07.267+0000] {processor.py:175} INFO - Processing /usr/local/python/3.10.4/lib/python3.10/site-packages/airflow/example_dags/example_skip_dag.py took 0.118 seconds
