[2023-05-05T18:22:05.351+0000] {processor.py:153} INFO - Started process (PID=4718) to work on /usr/local/python/3.10.4/lib/python3.10/site-packages/airflow/example_dags/example_sensors.py
[2023-05-05T18:22:05.351+0000] {processor.py:743} INFO - Processing file /usr/local/python/3.10.4/lib/python3.10/site-packages/airflow/example_dags/example_sensors.py for tasks to queue
[2023-05-05T18:22:05.352+0000] {logging_mixin.py:137} INFO - [2023-05-05T18:22:05.352+0000] {dagbag.py:538} INFO - Filling up the DagBag from /usr/local/python/3.10.4/lib/python3.10/site-packages/airflow/example_dags/example_sensors.py
[2023-05-05T18:22:05.387+0000] {processor.py:753} INFO - DAG(s) dict_keys(['example_sensors']) retrieved from /usr/local/python/3.10.4/lib/python3.10/site-packages/airflow/example_dags/example_sensors.py
[2023-05-05T18:22:05.582+0000] {logging_mixin.py:137} INFO - [2023-05-05T18:22:05.582+0000] {manager.py:504} INFO - Created Permission View: can delete on DAG:example_sensors
[2023-05-05T18:22:05.623+0000] {logging_mixin.py:137} INFO - [2023-05-05T18:22:05.623+0000] {manager.py:504} INFO - Created Permission View: can read on DAG:example_sensors
[2023-05-05T18:22:05.670+0000] {logging_mixin.py:137} INFO - [2023-05-05T18:22:05.670+0000] {manager.py:504} INFO - Created Permission View: can edit on DAG:example_sensors
[2023-05-05T18:22:05.670+0000] {logging_mixin.py:137} INFO - [2023-05-05T18:22:05.670+0000] {dag.py:2690} INFO - Sync 1 DAGs
[2023-05-05T18:22:05.681+0000] {logging_mixin.py:137} INFO - [2023-05-05T18:22:05.681+0000] {dag.py:2711} INFO - Creating ORM DAG for example_sensors
[2023-05-05T18:22:05.688+0000] {logging_mixin.py:137} INFO - [2023-05-05T18:22:05.688+0000] {dag.py:3437} INFO - Setting next_dagrun for example_sensors to None, run_after=None
[2023-05-05T18:22:05.745+0000] {processor.py:175} INFO - Processing /usr/local/python/3.10.4/lib/python3.10/site-packages/airflow/example_dags/example_sensors.py took 0.399 seconds
[2023-05-05T18:22:57.131+0000] {processor.py:153} INFO - Started process (PID=5077) to work on /usr/local/python/3.10.4/lib/python3.10/site-packages/airflow/example_dags/example_sensors.py
[2023-05-05T18:22:57.132+0000] {processor.py:743} INFO - Processing file /usr/local/python/3.10.4/lib/python3.10/site-packages/airflow/example_dags/example_sensors.py for tasks to queue
[2023-05-05T18:22:57.133+0000] {logging_mixin.py:137} INFO - [2023-05-05T18:22:57.133+0000] {dagbag.py:538} INFO - Filling up the DagBag from /usr/local/python/3.10.4/lib/python3.10/site-packages/airflow/example_dags/example_sensors.py
[2023-05-05T18:22:57.152+0000] {processor.py:753} INFO - DAG(s) dict_keys(['example_sensors']) retrieved from /usr/local/python/3.10.4/lib/python3.10/site-packages/airflow/example_dags/example_sensors.py
[2023-05-05T18:22:57.173+0000] {logging_mixin.py:137} INFO - [2023-05-05T18:22:57.173+0000] {dag.py:2690} INFO - Sync 1 DAGs
[2023-05-05T18:22:57.191+0000] {logging_mixin.py:137} INFO - [2023-05-05T18:22:57.191+0000] {dag.py:3437} INFO - Setting next_dagrun for example_sensors to None, run_after=None
[2023-05-05T18:22:57.257+0000] {processor.py:175} INFO - Processing /usr/local/python/3.10.4/lib/python3.10/site-packages/airflow/example_dags/example_sensors.py took 0.129 seconds
[2023-05-05T18:23:46.736+0000] {processor.py:153} INFO - Started process (PID=5410) to work on /usr/local/python/3.10.4/lib/python3.10/site-packages/airflow/example_dags/example_sensors.py
[2023-05-05T18:23:46.737+0000] {processor.py:743} INFO - Processing file /usr/local/python/3.10.4/lib/python3.10/site-packages/airflow/example_dags/example_sensors.py for tasks to queue
[2023-05-05T18:23:46.738+0000] {logging_mixin.py:137} INFO - [2023-05-05T18:23:46.738+0000] {dagbag.py:538} INFO - Filling up the DagBag from /usr/local/python/3.10.4/lib/python3.10/site-packages/airflow/example_dags/example_sensors.py
[2023-05-05T18:23:46.758+0000] {processor.py:753} INFO - DAG(s) dict_keys(['example_sensors']) retrieved from /usr/local/python/3.10.4/lib/python3.10/site-packages/airflow/example_dags/example_sensors.py
[2023-05-05T18:23:46.779+0000] {logging_mixin.py:137} INFO - [2023-05-05T18:23:46.778+0000] {dag.py:2690} INFO - Sync 1 DAGs
[2023-05-05T18:23:46.797+0000] {logging_mixin.py:137} INFO - [2023-05-05T18:23:46.797+0000] {dag.py:3437} INFO - Setting next_dagrun for example_sensors to None, run_after=None
[2023-05-05T18:23:46.852+0000] {processor.py:175} INFO - Processing /usr/local/python/3.10.4/lib/python3.10/site-packages/airflow/example_dags/example_sensors.py took 0.120 seconds
[2023-05-05T18:24:32.705+0000] {processor.py:153} INFO - Started process (PID=5742) to work on /usr/local/python/3.10.4/lib/python3.10/site-packages/airflow/example_dags/example_sensors.py
[2023-05-05T18:24:32.706+0000] {processor.py:743} INFO - Processing file /usr/local/python/3.10.4/lib/python3.10/site-packages/airflow/example_dags/example_sensors.py for tasks to queue
[2023-05-05T18:24:32.707+0000] {logging_mixin.py:137} INFO - [2023-05-05T18:24:32.707+0000] {dagbag.py:538} INFO - Filling up the DagBag from /usr/local/python/3.10.4/lib/python3.10/site-packages/airflow/example_dags/example_sensors.py
[2023-05-05T18:24:32.728+0000] {processor.py:753} INFO - DAG(s) dict_keys(['example_sensors']) retrieved from /usr/local/python/3.10.4/lib/python3.10/site-packages/airflow/example_dags/example_sensors.py
[2023-05-05T18:24:32.748+0000] {logging_mixin.py:137} INFO - [2023-05-05T18:24:32.748+0000] {dag.py:2690} INFO - Sync 1 DAGs
[2023-05-05T18:24:32.768+0000] {logging_mixin.py:137} INFO - [2023-05-05T18:24:32.768+0000] {dag.py:3437} INFO - Setting next_dagrun for example_sensors to None, run_after=None
[2023-05-05T18:24:32.822+0000] {processor.py:175} INFO - Processing /usr/local/python/3.10.4/lib/python3.10/site-packages/airflow/example_dags/example_sensors.py took 0.120 seconds
[2023-05-05T18:25:10.183+0000] {processor.py:153} INFO - Started process (PID=6016) to work on /usr/local/python/3.10.4/lib/python3.10/site-packages/airflow/example_dags/example_sensors.py
[2023-05-05T18:25:10.184+0000] {processor.py:743} INFO - Processing file /usr/local/python/3.10.4/lib/python3.10/site-packages/airflow/example_dags/example_sensors.py for tasks to queue
[2023-05-05T18:25:10.185+0000] {logging_mixin.py:137} INFO - [2023-05-05T18:25:10.185+0000] {dagbag.py:538} INFO - Filling up the DagBag from /usr/local/python/3.10.4/lib/python3.10/site-packages/airflow/example_dags/example_sensors.py
[2023-05-05T18:25:10.217+0000] {processor.py:753} INFO - DAG(s) dict_keys(['example_sensors']) retrieved from /usr/local/python/3.10.4/lib/python3.10/site-packages/airflow/example_dags/example_sensors.py
[2023-05-05T18:25:10.238+0000] {logging_mixin.py:137} INFO - [2023-05-05T18:25:10.238+0000] {dag.py:2690} INFO - Sync 1 DAGs
[2023-05-05T18:25:10.256+0000] {logging_mixin.py:137} INFO - [2023-05-05T18:25:10.256+0000] {dag.py:3437} INFO - Setting next_dagrun for example_sensors to None, run_after=None
[2023-05-05T18:25:10.327+0000] {processor.py:175} INFO - Processing /usr/local/python/3.10.4/lib/python3.10/site-packages/airflow/example_dags/example_sensors.py took 0.148 seconds
[2023-05-05T18:25:58.208+0000] {processor.py:153} INFO - Started process (PID=6345) to work on /usr/local/python/3.10.4/lib/python3.10/site-packages/airflow/example_dags/example_sensors.py
[2023-05-05T18:25:58.209+0000] {processor.py:743} INFO - Processing file /usr/local/python/3.10.4/lib/python3.10/site-packages/airflow/example_dags/example_sensors.py for tasks to queue
[2023-05-05T18:25:58.210+0000] {logging_mixin.py:137} INFO - [2023-05-05T18:25:58.209+0000] {dagbag.py:538} INFO - Filling up the DagBag from /usr/local/python/3.10.4/lib/python3.10/site-packages/airflow/example_dags/example_sensors.py
[2023-05-05T18:25:58.232+0000] {processor.py:753} INFO - DAG(s) dict_keys(['example_sensors']) retrieved from /usr/local/python/3.10.4/lib/python3.10/site-packages/airflow/example_dags/example_sensors.py
[2023-05-05T18:25:58.258+0000] {logging_mixin.py:137} INFO - [2023-05-05T18:25:58.258+0000] {dag.py:2690} INFO - Sync 1 DAGs
[2023-05-05T18:25:58.281+0000] {logging_mixin.py:137} INFO - [2023-05-05T18:25:58.281+0000] {dag.py:3437} INFO - Setting next_dagrun for example_sensors to None, run_after=None
[2023-05-05T18:25:58.357+0000] {processor.py:175} INFO - Processing /usr/local/python/3.10.4/lib/python3.10/site-packages/airflow/example_dags/example_sensors.py took 0.154 seconds
[2023-05-05T18:26:38.858+0000] {processor.py:153} INFO - Started process (PID=6635) to work on /usr/local/python/3.10.4/lib/python3.10/site-packages/airflow/example_dags/example_sensors.py
[2023-05-05T18:26:38.859+0000] {processor.py:743} INFO - Processing file /usr/local/python/3.10.4/lib/python3.10/site-packages/airflow/example_dags/example_sensors.py for tasks to queue
[2023-05-05T18:26:38.861+0000] {logging_mixin.py:137} INFO - [2023-05-05T18:26:38.861+0000] {dagbag.py:538} INFO - Filling up the DagBag from /usr/local/python/3.10.4/lib/python3.10/site-packages/airflow/example_dags/example_sensors.py
[2023-05-05T18:26:38.892+0000] {processor.py:753} INFO - DAG(s) dict_keys(['example_sensors']) retrieved from /usr/local/python/3.10.4/lib/python3.10/site-packages/airflow/example_dags/example_sensors.py
[2023-05-05T18:26:38.917+0000] {logging_mixin.py:137} INFO - [2023-05-05T18:26:38.917+0000] {dag.py:2690} INFO - Sync 1 DAGs
[2023-05-05T18:26:38.935+0000] {logging_mixin.py:137} INFO - [2023-05-05T18:26:38.934+0000] {dag.py:3437} INFO - Setting next_dagrun for example_sensors to None, run_after=None
[2023-05-05T18:26:38.985+0000] {processor.py:175} INFO - Processing /usr/local/python/3.10.4/lib/python3.10/site-packages/airflow/example_dags/example_sensors.py took 0.143 seconds
[2023-05-05T18:27:16.751+0000] {processor.py:153} INFO - Started process (PID=6886) to work on /usr/local/python/3.10.4/lib/python3.10/site-packages/airflow/example_dags/example_sensors.py
[2023-05-05T18:27:16.752+0000] {processor.py:743} INFO - Processing file /usr/local/python/3.10.4/lib/python3.10/site-packages/airflow/example_dags/example_sensors.py for tasks to queue
[2023-05-05T18:27:16.753+0000] {logging_mixin.py:137} INFO - [2023-05-05T18:27:16.753+0000] {dagbag.py:538} INFO - Filling up the DagBag from /usr/local/python/3.10.4/lib/python3.10/site-packages/airflow/example_dags/example_sensors.py
[2023-05-05T18:27:16.774+0000] {processor.py:753} INFO - DAG(s) dict_keys(['example_sensors']) retrieved from /usr/local/python/3.10.4/lib/python3.10/site-packages/airflow/example_dags/example_sensors.py
[2023-05-05T18:27:16.794+0000] {logging_mixin.py:137} INFO - [2023-05-05T18:27:16.794+0000] {dag.py:2690} INFO - Sync 1 DAGs
[2023-05-05T18:27:16.812+0000] {logging_mixin.py:137} INFO - [2023-05-05T18:27:16.812+0000] {dag.py:3437} INFO - Setting next_dagrun for example_sensors to None, run_after=None
[2023-05-05T18:27:16.869+0000] {processor.py:175} INFO - Processing /usr/local/python/3.10.4/lib/python3.10/site-packages/airflow/example_dags/example_sensors.py took 0.121 seconds
[2023-05-05T18:27:53.048+0000] {processor.py:153} INFO - Started process (PID=7164) to work on /usr/local/python/3.10.4/lib/python3.10/site-packages/airflow/example_dags/example_sensors.py
[2023-05-05T18:27:53.050+0000] {processor.py:743} INFO - Processing file /usr/local/python/3.10.4/lib/python3.10/site-packages/airflow/example_dags/example_sensors.py for tasks to queue
[2023-05-05T18:27:53.050+0000] {logging_mixin.py:137} INFO - [2023-05-05T18:27:53.050+0000] {dagbag.py:538} INFO - Filling up the DagBag from /usr/local/python/3.10.4/lib/python3.10/site-packages/airflow/example_dags/example_sensors.py
[2023-05-05T18:27:53.080+0000] {processor.py:753} INFO - DAG(s) dict_keys(['example_sensors']) retrieved from /usr/local/python/3.10.4/lib/python3.10/site-packages/airflow/example_dags/example_sensors.py
[2023-05-05T18:27:53.114+0000] {logging_mixin.py:137} INFO - [2023-05-05T18:27:53.113+0000] {dag.py:2690} INFO - Sync 1 DAGs
[2023-05-05T18:27:53.135+0000] {logging_mixin.py:137} INFO - [2023-05-05T18:27:53.135+0000] {dag.py:3437} INFO - Setting next_dagrun for example_sensors to None, run_after=None
[2023-05-05T18:27:53.190+0000] {processor.py:175} INFO - Processing /usr/local/python/3.10.4/lib/python3.10/site-packages/airflow/example_dags/example_sensors.py took 0.147 seconds
[2023-05-05T18:28:31.075+0000] {processor.py:153} INFO - Started process (PID=7970) to work on /usr/local/python/3.10.4/lib/python3.10/site-packages/airflow/example_dags/example_sensors.py
[2023-05-05T18:28:31.076+0000] {processor.py:743} INFO - Processing file /usr/local/python/3.10.4/lib/python3.10/site-packages/airflow/example_dags/example_sensors.py for tasks to queue
[2023-05-05T18:28:31.077+0000] {logging_mixin.py:137} INFO - [2023-05-05T18:28:31.077+0000] {dagbag.py:538} INFO - Filling up the DagBag from /usr/local/python/3.10.4/lib/python3.10/site-packages/airflow/example_dags/example_sensors.py
[2023-05-05T18:28:31.097+0000] {processor.py:753} INFO - DAG(s) dict_keys(['example_sensors']) retrieved from /usr/local/python/3.10.4/lib/python3.10/site-packages/airflow/example_dags/example_sensors.py
[2023-05-05T18:28:31.118+0000] {logging_mixin.py:137} INFO - [2023-05-05T18:28:31.118+0000] {dag.py:2690} INFO - Sync 1 DAGs
[2023-05-05T18:28:31.136+0000] {logging_mixin.py:137} INFO - [2023-05-05T18:28:31.136+0000] {dag.py:3437} INFO - Setting next_dagrun for example_sensors to None, run_after=None
[2023-05-05T18:28:31.186+0000] {processor.py:175} INFO - Processing /usr/local/python/3.10.4/lib/python3.10/site-packages/airflow/example_dags/example_sensors.py took 0.115 seconds
[2023-05-05T18:29:11.619+0000] {processor.py:153} INFO - Started process (PID=8252) to work on /usr/local/python/3.10.4/lib/python3.10/site-packages/airflow/example_dags/example_sensors.py
[2023-05-05T18:29:11.620+0000] {processor.py:743} INFO - Processing file /usr/local/python/3.10.4/lib/python3.10/site-packages/airflow/example_dags/example_sensors.py for tasks to queue
[2023-05-05T18:29:11.621+0000] {logging_mixin.py:137} INFO - [2023-05-05T18:29:11.621+0000] {dagbag.py:538} INFO - Filling up the DagBag from /usr/local/python/3.10.4/lib/python3.10/site-packages/airflow/example_dags/example_sensors.py
[2023-05-05T18:29:11.642+0000] {processor.py:753} INFO - DAG(s) dict_keys(['example_sensors']) retrieved from /usr/local/python/3.10.4/lib/python3.10/site-packages/airflow/example_dags/example_sensors.py
[2023-05-05T18:29:11.662+0000] {logging_mixin.py:137} INFO - [2023-05-05T18:29:11.662+0000] {dag.py:2690} INFO - Sync 1 DAGs
[2023-05-05T18:29:11.679+0000] {logging_mixin.py:137} INFO - [2023-05-05T18:29:11.679+0000] {dag.py:3437} INFO - Setting next_dagrun for example_sensors to None, run_after=None
[2023-05-05T18:29:11.731+0000] {processor.py:175} INFO - Processing /usr/local/python/3.10.4/lib/python3.10/site-packages/airflow/example_dags/example_sensors.py took 0.116 seconds
[2023-05-05T18:29:52.570+0000] {processor.py:153} INFO - Started process (PID=8601) to work on /usr/local/python/3.10.4/lib/python3.10/site-packages/airflow/example_dags/example_sensors.py
[2023-05-05T18:29:52.571+0000] {processor.py:743} INFO - Processing file /usr/local/python/3.10.4/lib/python3.10/site-packages/airflow/example_dags/example_sensors.py for tasks to queue
[2023-05-05T18:29:52.572+0000] {logging_mixin.py:137} INFO - [2023-05-05T18:29:52.572+0000] {dagbag.py:538} INFO - Filling up the DagBag from /usr/local/python/3.10.4/lib/python3.10/site-packages/airflow/example_dags/example_sensors.py
[2023-05-05T18:29:52.598+0000] {processor.py:753} INFO - DAG(s) dict_keys(['example_sensors']) retrieved from /usr/local/python/3.10.4/lib/python3.10/site-packages/airflow/example_dags/example_sensors.py
[2023-05-05T18:29:52.624+0000] {logging_mixin.py:137} INFO - [2023-05-05T18:29:52.624+0000] {dag.py:2690} INFO - Sync 1 DAGs
[2023-05-05T18:29:52.653+0000] {logging_mixin.py:137} INFO - [2023-05-05T18:29:52.653+0000] {dag.py:3437} INFO - Setting next_dagrun for example_sensors to None, run_after=None
[2023-05-05T18:29:52.711+0000] {processor.py:175} INFO - Processing /usr/local/python/3.10.4/lib/python3.10/site-packages/airflow/example_dags/example_sensors.py took 0.145 seconds
[2023-05-05T18:30:28.681+0000] {processor.py:153} INFO - Started process (PID=8928) to work on /usr/local/python/3.10.4/lib/python3.10/site-packages/airflow/example_dags/example_sensors.py
[2023-05-05T18:30:28.683+0000] {processor.py:743} INFO - Processing file /usr/local/python/3.10.4/lib/python3.10/site-packages/airflow/example_dags/example_sensors.py for tasks to queue
[2023-05-05T18:30:28.684+0000] {logging_mixin.py:137} INFO - [2023-05-05T18:30:28.684+0000] {dagbag.py:538} INFO - Filling up the DagBag from /usr/local/python/3.10.4/lib/python3.10/site-packages/airflow/example_dags/example_sensors.py
[2023-05-05T18:30:28.723+0000] {processor.py:753} INFO - DAG(s) dict_keys(['example_sensors']) retrieved from /usr/local/python/3.10.4/lib/python3.10/site-packages/airflow/example_dags/example_sensors.py
[2023-05-05T18:30:28.754+0000] {logging_mixin.py:137} INFO - [2023-05-05T18:30:28.754+0000] {dag.py:2690} INFO - Sync 1 DAGs
[2023-05-05T18:30:28.772+0000] {logging_mixin.py:137} INFO - [2023-05-05T18:30:28.772+0000] {dag.py:3437} INFO - Setting next_dagrun for example_sensors to None, run_after=None
[2023-05-05T18:30:28.835+0000] {processor.py:175} INFO - Processing /usr/local/python/3.10.4/lib/python3.10/site-packages/airflow/example_dags/example_sensors.py took 0.158 seconds
[2023-05-05T18:31:08.145+0000] {processor.py:153} INFO - Started process (PID=9264) to work on /usr/local/python/3.10.4/lib/python3.10/site-packages/airflow/example_dags/example_sensors.py
[2023-05-05T18:31:08.146+0000] {processor.py:743} INFO - Processing file /usr/local/python/3.10.4/lib/python3.10/site-packages/airflow/example_dags/example_sensors.py for tasks to queue
[2023-05-05T18:31:08.147+0000] {logging_mixin.py:137} INFO - [2023-05-05T18:31:08.147+0000] {dagbag.py:538} INFO - Filling up the DagBag from /usr/local/python/3.10.4/lib/python3.10/site-packages/airflow/example_dags/example_sensors.py
[2023-05-05T18:31:08.168+0000] {processor.py:753} INFO - DAG(s) dict_keys(['example_sensors']) retrieved from /usr/local/python/3.10.4/lib/python3.10/site-packages/airflow/example_dags/example_sensors.py
[2023-05-05T18:31:08.188+0000] {logging_mixin.py:137} INFO - [2023-05-05T18:31:08.188+0000] {dag.py:2690} INFO - Sync 1 DAGs
[2023-05-05T18:31:08.207+0000] {logging_mixin.py:137} INFO - [2023-05-05T18:31:08.207+0000] {dag.py:3437} INFO - Setting next_dagrun for example_sensors to None, run_after=None
[2023-05-05T18:31:08.261+0000] {processor.py:175} INFO - Processing /usr/local/python/3.10.4/lib/python3.10/site-packages/airflow/example_dags/example_sensors.py took 0.120 seconds
[2023-05-05T18:31:44.219+0000] {processor.py:153} INFO - Started process (PID=9606) to work on /usr/local/python/3.10.4/lib/python3.10/site-packages/airflow/example_dags/example_sensors.py
[2023-05-05T18:31:44.221+0000] {processor.py:743} INFO - Processing file /usr/local/python/3.10.4/lib/python3.10/site-packages/airflow/example_dags/example_sensors.py for tasks to queue
[2023-05-05T18:31:44.221+0000] {logging_mixin.py:137} INFO - [2023-05-05T18:31:44.221+0000] {dagbag.py:538} INFO - Filling up the DagBag from /usr/local/python/3.10.4/lib/python3.10/site-packages/airflow/example_dags/example_sensors.py
[2023-05-05T18:31:44.243+0000] {processor.py:753} INFO - DAG(s) dict_keys(['example_sensors']) retrieved from /usr/local/python/3.10.4/lib/python3.10/site-packages/airflow/example_dags/example_sensors.py
[2023-05-05T18:31:44.267+0000] {logging_mixin.py:137} INFO - [2023-05-05T18:31:44.267+0000] {dag.py:2690} INFO - Sync 1 DAGs
[2023-05-05T18:31:44.297+0000] {logging_mixin.py:137} INFO - [2023-05-05T18:31:44.297+0000] {dag.py:3437} INFO - Setting next_dagrun for example_sensors to None, run_after=None
[2023-05-05T18:31:44.350+0000] {processor.py:175} INFO - Processing /usr/local/python/3.10.4/lib/python3.10/site-packages/airflow/example_dags/example_sensors.py took 0.134 seconds
[2023-05-05T18:32:22.286+0000] {processor.py:153} INFO - Started process (PID=10042) to work on /usr/local/python/3.10.4/lib/python3.10/site-packages/airflow/example_dags/example_sensors.py
[2023-05-05T18:32:22.288+0000] {processor.py:743} INFO - Processing file /usr/local/python/3.10.4/lib/python3.10/site-packages/airflow/example_dags/example_sensors.py for tasks to queue
[2023-05-05T18:32:22.288+0000] {logging_mixin.py:137} INFO - [2023-05-05T18:32:22.288+0000] {dagbag.py:538} INFO - Filling up the DagBag from /usr/local/python/3.10.4/lib/python3.10/site-packages/airflow/example_dags/example_sensors.py
[2023-05-05T18:32:22.310+0000] {processor.py:753} INFO - DAG(s) dict_keys(['example_sensors']) retrieved from /usr/local/python/3.10.4/lib/python3.10/site-packages/airflow/example_dags/example_sensors.py
[2023-05-05T18:32:22.331+0000] {logging_mixin.py:137} INFO - [2023-05-05T18:32:22.331+0000] {dag.py:2690} INFO - Sync 1 DAGs
[2023-05-05T18:32:22.350+0000] {logging_mixin.py:137} INFO - [2023-05-05T18:32:22.349+0000] {dag.py:3437} INFO - Setting next_dagrun for example_sensors to None, run_after=None
[2023-05-05T18:32:22.403+0000] {processor.py:175} INFO - Processing /usr/local/python/3.10.4/lib/python3.10/site-packages/airflow/example_dags/example_sensors.py took 0.121 seconds
[2023-05-05T18:33:04.174+0000] {processor.py:153} INFO - Started process (PID=10361) to work on /usr/local/python/3.10.4/lib/python3.10/site-packages/airflow/example_dags/example_sensors.py
[2023-05-05T18:33:04.176+0000] {processor.py:743} INFO - Processing file /usr/local/python/3.10.4/lib/python3.10/site-packages/airflow/example_dags/example_sensors.py for tasks to queue
[2023-05-05T18:33:04.177+0000] {logging_mixin.py:137} INFO - [2023-05-05T18:33:04.177+0000] {dagbag.py:538} INFO - Filling up the DagBag from /usr/local/python/3.10.4/lib/python3.10/site-packages/airflow/example_dags/example_sensors.py
[2023-05-05T18:33:04.198+0000] {processor.py:753} INFO - DAG(s) dict_keys(['example_sensors']) retrieved from /usr/local/python/3.10.4/lib/python3.10/site-packages/airflow/example_dags/example_sensors.py
[2023-05-05T18:33:04.219+0000] {logging_mixin.py:137} INFO - [2023-05-05T18:33:04.219+0000] {dag.py:2690} INFO - Sync 1 DAGs
[2023-05-05T18:33:04.236+0000] {logging_mixin.py:137} INFO - [2023-05-05T18:33:04.236+0000] {dag.py:3437} INFO - Setting next_dagrun for example_sensors to None, run_after=None
[2023-05-05T18:33:04.293+0000] {processor.py:175} INFO - Processing /usr/local/python/3.10.4/lib/python3.10/site-packages/airflow/example_dags/example_sensors.py took 0.123 seconds
[2023-05-05T18:33:40.902+0000] {processor.py:153} INFO - Started process (PID=10686) to work on /usr/local/python/3.10.4/lib/python3.10/site-packages/airflow/example_dags/example_sensors.py
[2023-05-05T18:33:40.903+0000] {processor.py:743} INFO - Processing file /usr/local/python/3.10.4/lib/python3.10/site-packages/airflow/example_dags/example_sensors.py for tasks to queue
[2023-05-05T18:33:40.904+0000] {logging_mixin.py:137} INFO - [2023-05-05T18:33:40.904+0000] {dagbag.py:538} INFO - Filling up the DagBag from /usr/local/python/3.10.4/lib/python3.10/site-packages/airflow/example_dags/example_sensors.py
[2023-05-05T18:33:40.927+0000] {processor.py:753} INFO - DAG(s) dict_keys(['example_sensors']) retrieved from /usr/local/python/3.10.4/lib/python3.10/site-packages/airflow/example_dags/example_sensors.py
[2023-05-05T18:33:40.948+0000] {logging_mixin.py:137} INFO - [2023-05-05T18:33:40.947+0000] {dag.py:2690} INFO - Sync 1 DAGs
[2023-05-05T18:33:40.966+0000] {logging_mixin.py:137} INFO - [2023-05-05T18:33:40.966+0000] {dag.py:3437} INFO - Setting next_dagrun for example_sensors to None, run_after=None
[2023-05-05T18:33:41.020+0000] {processor.py:175} INFO - Processing /usr/local/python/3.10.4/lib/python3.10/site-packages/airflow/example_dags/example_sensors.py took 0.121 seconds
[2023-05-05T18:34:18.907+0000] {processor.py:153} INFO - Started process (PID=11092) to work on /usr/local/python/3.10.4/lib/python3.10/site-packages/airflow/example_dags/example_sensors.py
[2023-05-05T18:34:18.910+0000] {processor.py:743} INFO - Processing file /usr/local/python/3.10.4/lib/python3.10/site-packages/airflow/example_dags/example_sensors.py for tasks to queue
[2023-05-05T18:34:18.911+0000] {logging_mixin.py:137} INFO - [2023-05-05T18:34:18.911+0000] {dagbag.py:538} INFO - Filling up the DagBag from /usr/local/python/3.10.4/lib/python3.10/site-packages/airflow/example_dags/example_sensors.py
[2023-05-05T18:34:18.960+0000] {processor.py:753} INFO - DAG(s) dict_keys(['example_sensors']) retrieved from /usr/local/python/3.10.4/lib/python3.10/site-packages/airflow/example_dags/example_sensors.py
[2023-05-05T18:34:18.993+0000] {logging_mixin.py:137} INFO - [2023-05-05T18:34:18.993+0000] {dag.py:2690} INFO - Sync 1 DAGs
[2023-05-05T18:34:19.025+0000] {logging_mixin.py:137} INFO - [2023-05-05T18:34:19.025+0000] {dag.py:3437} INFO - Setting next_dagrun for example_sensors to None, run_after=None
[2023-05-05T18:34:19.086+0000] {processor.py:175} INFO - Processing /usr/local/python/3.10.4/lib/python3.10/site-packages/airflow/example_dags/example_sensors.py took 0.183 seconds
