[2023-05-05T18:22:15.911+0000] {processor.py:153} INFO - Started process (PID=4790) to work on /usr/local/python/3.10.4/lib/python3.10/site-packages/airflow/example_dags/example_task_group.py
[2023-05-05T18:22:15.912+0000] {processor.py:743} INFO - Processing file /usr/local/python/3.10.4/lib/python3.10/site-packages/airflow/example_dags/example_task_group.py for tasks to queue
[2023-05-05T18:22:15.913+0000] {logging_mixin.py:137} INFO - [2023-05-05T18:22:15.913+0000] {dagbag.py:538} INFO - Filling up the DagBag from /usr/local/python/3.10.4/lib/python3.10/site-packages/airflow/example_dags/example_task_group.py
[2023-05-05T18:22:15.929+0000] {processor.py:753} INFO - DAG(s) dict_keys(['example_task_group']) retrieved from /usr/local/python/3.10.4/lib/python3.10/site-packages/airflow/example_dags/example_task_group.py
[2023-05-05T18:22:16.100+0000] {logging_mixin.py:137} INFO - [2023-05-05T18:22:16.100+0000] {manager.py:504} INFO - Created Permission View: can delete on DAG:example_task_group
[2023-05-05T18:22:16.145+0000] {logging_mixin.py:137} INFO - [2023-05-05T18:22:16.145+0000] {manager.py:504} INFO - Created Permission View: can read on DAG:example_task_group
[2023-05-05T18:22:16.185+0000] {logging_mixin.py:137} INFO - [2023-05-05T18:22:16.185+0000] {manager.py:504} INFO - Created Permission View: can edit on DAG:example_task_group
[2023-05-05T18:22:16.185+0000] {logging_mixin.py:137} INFO - [2023-05-05T18:22:16.185+0000] {dag.py:2690} INFO - Sync 1 DAGs
[2023-05-05T18:22:16.195+0000] {logging_mixin.py:137} INFO - [2023-05-05T18:22:16.194+0000] {dag.py:2711} INFO - Creating ORM DAG for example_task_group
[2023-05-05T18:22:16.202+0000] {logging_mixin.py:137} INFO - [2023-05-05T18:22:16.202+0000] {dag.py:3437} INFO - Setting next_dagrun for example_task_group to 2023-05-04T18:22:16.202628+00:00, run_after=2023-05-05T18:22:16.202628+00:00
[2023-05-05T18:22:16.277+0000] {processor.py:175} INFO - Processing /usr/local/python/3.10.4/lib/python3.10/site-packages/airflow/example_dags/example_task_group.py took 0.370 seconds
[2023-05-05T18:23:06.943+0000] {processor.py:153} INFO - Started process (PID=5138) to work on /usr/local/python/3.10.4/lib/python3.10/site-packages/airflow/example_dags/example_task_group.py
[2023-05-05T18:23:06.944+0000] {processor.py:743} INFO - Processing file /usr/local/python/3.10.4/lib/python3.10/site-packages/airflow/example_dags/example_task_group.py for tasks to queue
[2023-05-05T18:23:06.945+0000] {logging_mixin.py:137} INFO - [2023-05-05T18:23:06.945+0000] {dagbag.py:538} INFO - Filling up the DagBag from /usr/local/python/3.10.4/lib/python3.10/site-packages/airflow/example_dags/example_task_group.py
[2023-05-05T18:23:06.980+0000] {processor.py:753} INFO - DAG(s) dict_keys(['example_task_group']) retrieved from /usr/local/python/3.10.4/lib/python3.10/site-packages/airflow/example_dags/example_task_group.py
[2023-05-05T18:23:07.012+0000] {logging_mixin.py:137} INFO - [2023-05-05T18:23:07.011+0000] {dag.py:2690} INFO - Sync 1 DAGs
[2023-05-05T18:23:07.031+0000] {logging_mixin.py:137} INFO - [2023-05-05T18:23:07.030+0000] {dag.py:3437} INFO - Setting next_dagrun for example_task_group to 2023-05-04T18:23:07.030735+00:00, run_after=2023-05-05T18:23:07.030735+00:00
[2023-05-05T18:23:07.105+0000] {processor.py:175} INFO - Processing /usr/local/python/3.10.4/lib/python3.10/site-packages/airflow/example_dags/example_task_group.py took 0.167 seconds
[2023-05-05T18:23:55.866+0000] {processor.py:153} INFO - Started process (PID=5474) to work on /usr/local/python/3.10.4/lib/python3.10/site-packages/airflow/example_dags/example_task_group.py
[2023-05-05T18:23:55.869+0000] {processor.py:743} INFO - Processing file /usr/local/python/3.10.4/lib/python3.10/site-packages/airflow/example_dags/example_task_group.py for tasks to queue
[2023-05-05T18:23:55.870+0000] {logging_mixin.py:137} INFO - [2023-05-05T18:23:55.870+0000] {dagbag.py:538} INFO - Filling up the DagBag from /usr/local/python/3.10.4/lib/python3.10/site-packages/airflow/example_dags/example_task_group.py
[2023-05-05T18:23:55.889+0000] {processor.py:753} INFO - DAG(s) dict_keys(['example_task_group']) retrieved from /usr/local/python/3.10.4/lib/python3.10/site-packages/airflow/example_dags/example_task_group.py
[2023-05-05T18:23:55.908+0000] {logging_mixin.py:137} INFO - [2023-05-05T18:23:55.907+0000] {dag.py:2690} INFO - Sync 1 DAGs
[2023-05-05T18:23:55.927+0000] {logging_mixin.py:137} INFO - [2023-05-05T18:23:55.927+0000] {dag.py:3437} INFO - Setting next_dagrun for example_task_group to 2023-05-04T18:23:55.926856+00:00, run_after=2023-05-05T18:23:55.926856+00:00
[2023-05-05T18:23:55.978+0000] {processor.py:175} INFO - Processing /usr/local/python/3.10.4/lib/python3.10/site-packages/airflow/example_dags/example_task_group.py took 0.117 seconds
[2023-05-05T18:24:40.452+0000] {processor.py:153} INFO - Started process (PID=5801) to work on /usr/local/python/3.10.4/lib/python3.10/site-packages/airflow/example_dags/example_task_group.py
[2023-05-05T18:24:40.453+0000] {processor.py:743} INFO - Processing file /usr/local/python/3.10.4/lib/python3.10/site-packages/airflow/example_dags/example_task_group.py for tasks to queue
[2023-05-05T18:24:40.454+0000] {logging_mixin.py:137} INFO - [2023-05-05T18:24:40.454+0000] {dagbag.py:538} INFO - Filling up the DagBag from /usr/local/python/3.10.4/lib/python3.10/site-packages/airflow/example_dags/example_task_group.py
[2023-05-05T18:24:40.471+0000] {processor.py:753} INFO - DAG(s) dict_keys(['example_task_group']) retrieved from /usr/local/python/3.10.4/lib/python3.10/site-packages/airflow/example_dags/example_task_group.py
[2023-05-05T18:24:40.490+0000] {logging_mixin.py:137} INFO - [2023-05-05T18:24:40.490+0000] {dag.py:2690} INFO - Sync 1 DAGs
[2023-05-05T18:24:40.508+0000] {logging_mixin.py:137} INFO - [2023-05-05T18:24:40.508+0000] {dag.py:3437} INFO - Setting next_dagrun for example_task_group to 2023-05-04T18:24:40.507872+00:00, run_after=2023-05-05T18:24:40.507872+00:00
[2023-05-05T18:24:40.563+0000] {processor.py:175} INFO - Processing /usr/local/python/3.10.4/lib/python3.10/site-packages/airflow/example_dags/example_task_group.py took 0.116 seconds
[2023-05-05T18:25:31.762+0000] {processor.py:153} INFO - Started process (PID=6155) to work on /usr/local/python/3.10.4/lib/python3.10/site-packages/airflow/example_dags/example_task_group.py
[2023-05-05T18:25:31.763+0000] {processor.py:743} INFO - Processing file /usr/local/python/3.10.4/lib/python3.10/site-packages/airflow/example_dags/example_task_group.py for tasks to queue
[2023-05-05T18:25:31.764+0000] {logging_mixin.py:137} INFO - [2023-05-05T18:25:31.764+0000] {dagbag.py:538} INFO - Filling up the DagBag from /usr/local/python/3.10.4/lib/python3.10/site-packages/airflow/example_dags/example_task_group.py
[2023-05-05T18:25:31.780+0000] {processor.py:753} INFO - DAG(s) dict_keys(['example_task_group']) retrieved from /usr/local/python/3.10.4/lib/python3.10/site-packages/airflow/example_dags/example_task_group.py
[2023-05-05T18:25:31.798+0000] {logging_mixin.py:137} INFO - [2023-05-05T18:25:31.798+0000] {dag.py:2690} INFO - Sync 1 DAGs
[2023-05-05T18:25:31.817+0000] {logging_mixin.py:137} INFO - [2023-05-05T18:25:31.817+0000] {dag.py:3437} INFO - Setting next_dagrun for example_task_group to 2023-05-04T18:25:31.817181+00:00, run_after=2023-05-05T18:25:31.817181+00:00
[2023-05-05T18:25:31.871+0000] {processor.py:175} INFO - Processing /usr/local/python/3.10.4/lib/python3.10/site-packages/airflow/example_dags/example_task_group.py took 0.112 seconds
[2023-05-05T18:26:15.385+0000] {processor.py:153} INFO - Started process (PID=6450) to work on /usr/local/python/3.10.4/lib/python3.10/site-packages/airflow/example_dags/example_task_group.py
[2023-05-05T18:26:15.386+0000] {processor.py:743} INFO - Processing file /usr/local/python/3.10.4/lib/python3.10/site-packages/airflow/example_dags/example_task_group.py for tasks to queue
[2023-05-05T18:26:15.387+0000] {logging_mixin.py:137} INFO - [2023-05-05T18:26:15.387+0000] {dagbag.py:538} INFO - Filling up the DagBag from /usr/local/python/3.10.4/lib/python3.10/site-packages/airflow/example_dags/example_task_group.py
[2023-05-05T18:26:15.406+0000] {processor.py:753} INFO - DAG(s) dict_keys(['example_task_group']) retrieved from /usr/local/python/3.10.4/lib/python3.10/site-packages/airflow/example_dags/example_task_group.py
[2023-05-05T18:26:15.428+0000] {logging_mixin.py:137} INFO - [2023-05-05T18:26:15.428+0000] {dag.py:2690} INFO - Sync 1 DAGs
[2023-05-05T18:26:15.448+0000] {logging_mixin.py:137} INFO - [2023-05-05T18:26:15.448+0000] {dag.py:3437} INFO - Setting next_dagrun for example_task_group to 2023-05-04T18:26:15.448400+00:00, run_after=2023-05-05T18:26:15.448400+00:00
[2023-05-05T18:26:15.503+0000] {processor.py:175} INFO - Processing /usr/local/python/3.10.4/lib/python3.10/site-packages/airflow/example_dags/example_task_group.py took 0.122 seconds
[2023-05-05T18:26:55.620+0000] {processor.py:153} INFO - Started process (PID=6742) to work on /usr/local/python/3.10.4/lib/python3.10/site-packages/airflow/example_dags/example_task_group.py
[2023-05-05T18:26:55.622+0000] {processor.py:743} INFO - Processing file /usr/local/python/3.10.4/lib/python3.10/site-packages/airflow/example_dags/example_task_group.py for tasks to queue
[2023-05-05T18:26:55.622+0000] {logging_mixin.py:137} INFO - [2023-05-05T18:26:55.622+0000] {dagbag.py:538} INFO - Filling up the DagBag from /usr/local/python/3.10.4/lib/python3.10/site-packages/airflow/example_dags/example_task_group.py
[2023-05-05T18:26:55.639+0000] {processor.py:753} INFO - DAG(s) dict_keys(['example_task_group']) retrieved from /usr/local/python/3.10.4/lib/python3.10/site-packages/airflow/example_dags/example_task_group.py
[2023-05-05T18:26:55.658+0000] {logging_mixin.py:137} INFO - [2023-05-05T18:26:55.658+0000] {dag.py:2690} INFO - Sync 1 DAGs
[2023-05-05T18:26:55.677+0000] {logging_mixin.py:137} INFO - [2023-05-05T18:26:55.677+0000] {dag.py:3437} INFO - Setting next_dagrun for example_task_group to 2023-05-04T18:26:55.677370+00:00, run_after=2023-05-05T18:26:55.677370+00:00
[2023-05-05T18:26:55.730+0000] {processor.py:175} INFO - Processing /usr/local/python/3.10.4/lib/python3.10/site-packages/airflow/example_dags/example_task_group.py took 0.113 seconds
[2023-05-05T18:27:44.309+0000] {processor.py:153} INFO - Started process (PID=7095) to work on /usr/local/python/3.10.4/lib/python3.10/site-packages/airflow/example_dags/example_task_group.py
[2023-05-05T18:27:44.311+0000] {processor.py:743} INFO - Processing file /usr/local/python/3.10.4/lib/python3.10/site-packages/airflow/example_dags/example_task_group.py for tasks to queue
[2023-05-05T18:27:44.311+0000] {logging_mixin.py:137} INFO - [2023-05-05T18:27:44.311+0000] {dagbag.py:538} INFO - Filling up the DagBag from /usr/local/python/3.10.4/lib/python3.10/site-packages/airflow/example_dags/example_task_group.py
[2023-05-05T18:27:44.329+0000] {processor.py:753} INFO - DAG(s) dict_keys(['example_task_group']) retrieved from /usr/local/python/3.10.4/lib/python3.10/site-packages/airflow/example_dags/example_task_group.py
[2023-05-05T18:27:44.349+0000] {logging_mixin.py:137} INFO - [2023-05-05T18:27:44.349+0000] {dag.py:2690} INFO - Sync 1 DAGs
[2023-05-05T18:27:44.368+0000] {logging_mixin.py:137} INFO - [2023-05-05T18:27:44.368+0000] {dag.py:3437} INFO - Setting next_dagrun for example_task_group to 2023-05-04T18:27:44.368051+00:00, run_after=2023-05-05T18:27:44.368051+00:00
[2023-05-05T18:27:44.421+0000] {processor.py:175} INFO - Processing /usr/local/python/3.10.4/lib/python3.10/site-packages/airflow/example_dags/example_task_group.py took 0.115 seconds
[2023-05-05T18:28:34.839+0000] {processor.py:153} INFO - Started process (PID=7991) to work on /usr/local/python/3.10.4/lib/python3.10/site-packages/airflow/example_dags/example_task_group.py
[2023-05-05T18:28:34.841+0000] {processor.py:743} INFO - Processing file /usr/local/python/3.10.4/lib/python3.10/site-packages/airflow/example_dags/example_task_group.py for tasks to queue
[2023-05-05T18:28:34.841+0000] {logging_mixin.py:137} INFO - [2023-05-05T18:28:34.841+0000] {dagbag.py:538} INFO - Filling up the DagBag from /usr/local/python/3.10.4/lib/python3.10/site-packages/airflow/example_dags/example_task_group.py
[2023-05-05T18:28:34.858+0000] {processor.py:753} INFO - DAG(s) dict_keys(['example_task_group']) retrieved from /usr/local/python/3.10.4/lib/python3.10/site-packages/airflow/example_dags/example_task_group.py
[2023-05-05T18:28:34.876+0000] {logging_mixin.py:137} INFO - [2023-05-05T18:28:34.876+0000] {dag.py:2690} INFO - Sync 1 DAGs
[2023-05-05T18:28:34.896+0000] {logging_mixin.py:137} INFO - [2023-05-05T18:28:34.895+0000] {dag.py:3437} INFO - Setting next_dagrun for example_task_group to 2023-05-04T18:28:34.895653+00:00, run_after=2023-05-05T18:28:34.895653+00:00
[2023-05-05T18:28:34.947+0000] {processor.py:175} INFO - Processing /usr/local/python/3.10.4/lib/python3.10/site-packages/airflow/example_dags/example_task_group.py took 0.111 seconds
[2023-05-05T18:29:15.440+0000] {processor.py:153} INFO - Started process (PID=8288) to work on /usr/local/python/3.10.4/lib/python3.10/site-packages/airflow/example_dags/example_task_group.py
[2023-05-05T18:29:15.441+0000] {processor.py:743} INFO - Processing file /usr/local/python/3.10.4/lib/python3.10/site-packages/airflow/example_dags/example_task_group.py for tasks to queue
[2023-05-05T18:29:15.442+0000] {logging_mixin.py:137} INFO - [2023-05-05T18:29:15.442+0000] {dagbag.py:538} INFO - Filling up the DagBag from /usr/local/python/3.10.4/lib/python3.10/site-packages/airflow/example_dags/example_task_group.py
[2023-05-05T18:29:15.458+0000] {processor.py:753} INFO - DAG(s) dict_keys(['example_task_group']) retrieved from /usr/local/python/3.10.4/lib/python3.10/site-packages/airflow/example_dags/example_task_group.py
[2023-05-05T18:29:15.477+0000] {logging_mixin.py:137} INFO - [2023-05-05T18:29:15.477+0000] {dag.py:2690} INFO - Sync 1 DAGs
[2023-05-05T18:29:15.495+0000] {logging_mixin.py:137} INFO - [2023-05-05T18:29:15.495+0000] {dag.py:3437} INFO - Setting next_dagrun for example_task_group to 2023-05-04T18:29:15.495382+00:00, run_after=2023-05-05T18:29:15.495382+00:00
[2023-05-05T18:29:15.551+0000] {processor.py:175} INFO - Processing /usr/local/python/3.10.4/lib/python3.10/site-packages/airflow/example_dags/example_task_group.py took 0.115 seconds
[2023-05-05T18:29:55.845+0000] {processor.py:153} INFO - Started process (PID=8616) to work on /usr/local/python/3.10.4/lib/python3.10/site-packages/airflow/example_dags/example_task_group.py
[2023-05-05T18:29:55.847+0000] {processor.py:743} INFO - Processing file /usr/local/python/3.10.4/lib/python3.10/site-packages/airflow/example_dags/example_task_group.py for tasks to queue
[2023-05-05T18:29:55.847+0000] {logging_mixin.py:137} INFO - [2023-05-05T18:29:55.847+0000] {dagbag.py:538} INFO - Filling up the DagBag from /usr/local/python/3.10.4/lib/python3.10/site-packages/airflow/example_dags/example_task_group.py
[2023-05-05T18:29:55.870+0000] {processor.py:753} INFO - DAG(s) dict_keys(['example_task_group']) retrieved from /usr/local/python/3.10.4/lib/python3.10/site-packages/airflow/example_dags/example_task_group.py
[2023-05-05T18:29:55.890+0000] {logging_mixin.py:137} INFO - [2023-05-05T18:29:55.890+0000] {dag.py:2690} INFO - Sync 1 DAGs
[2023-05-05T18:29:55.908+0000] {logging_mixin.py:137} INFO - [2023-05-05T18:29:55.908+0000] {dag.py:3437} INFO - Setting next_dagrun for example_task_group to 2023-05-04T18:29:55.907846+00:00, run_after=2023-05-05T18:29:55.907846+00:00
[2023-05-05T18:29:55.961+0000] {processor.py:175} INFO - Processing /usr/local/python/3.10.4/lib/python3.10/site-packages/airflow/example_dags/example_task_group.py took 0.119 seconds
[2023-05-05T18:30:45.420+0000] {processor.py:153} INFO - Started process (PID=9088) to work on /usr/local/python/3.10.4/lib/python3.10/site-packages/airflow/example_dags/example_task_group.py
[2023-05-05T18:30:45.422+0000] {processor.py:743} INFO - Processing file /usr/local/python/3.10.4/lib/python3.10/site-packages/airflow/example_dags/example_task_group.py for tasks to queue
[2023-05-05T18:30:45.422+0000] {logging_mixin.py:137} INFO - [2023-05-05T18:30:45.422+0000] {dagbag.py:538} INFO - Filling up the DagBag from /usr/local/python/3.10.4/lib/python3.10/site-packages/airflow/example_dags/example_task_group.py
[2023-05-05T18:30:45.440+0000] {processor.py:753} INFO - DAG(s) dict_keys(['example_task_group']) retrieved from /usr/local/python/3.10.4/lib/python3.10/site-packages/airflow/example_dags/example_task_group.py
[2023-05-05T18:30:45.469+0000] {logging_mixin.py:137} INFO - [2023-05-05T18:30:45.469+0000] {dag.py:2690} INFO - Sync 1 DAGs
[2023-05-05T18:30:45.488+0000] {logging_mixin.py:137} INFO - [2023-05-05T18:30:45.488+0000] {dag.py:3437} INFO - Setting next_dagrun for example_task_group to 2023-05-04T18:30:45.488101+00:00, run_after=2023-05-05T18:30:45.488101+00:00
[2023-05-05T18:30:45.542+0000] {processor.py:175} INFO - Processing /usr/local/python/3.10.4/lib/python3.10/site-packages/airflow/example_dags/example_task_group.py took 0.125 seconds
[2023-05-05T18:31:33.889+0000] {processor.py:153} INFO - Started process (PID=9516) to work on /usr/local/python/3.10.4/lib/python3.10/site-packages/airflow/example_dags/example_task_group.py
[2023-05-05T18:31:33.890+0000] {processor.py:743} INFO - Processing file /usr/local/python/3.10.4/lib/python3.10/site-packages/airflow/example_dags/example_task_group.py for tasks to queue
[2023-05-05T18:31:33.891+0000] {logging_mixin.py:137} INFO - [2023-05-05T18:31:33.891+0000] {dagbag.py:538} INFO - Filling up the DagBag from /usr/local/python/3.10.4/lib/python3.10/site-packages/airflow/example_dags/example_task_group.py
[2023-05-05T18:31:33.911+0000] {processor.py:753} INFO - DAG(s) dict_keys(['example_task_group']) retrieved from /usr/local/python/3.10.4/lib/python3.10/site-packages/airflow/example_dags/example_task_group.py
[2023-05-05T18:31:33.934+0000] {logging_mixin.py:137} INFO - [2023-05-05T18:31:33.933+0000] {dag.py:2690} INFO - Sync 1 DAGs
[2023-05-05T18:31:33.953+0000] {logging_mixin.py:137} INFO - [2023-05-05T18:31:33.953+0000] {dag.py:3437} INFO - Setting next_dagrun for example_task_group to 2023-05-04T18:31:33.953466+00:00, run_after=2023-05-05T18:31:33.953466+00:00
[2023-05-05T18:31:34.011+0000] {processor.py:175} INFO - Processing /usr/local/python/3.10.4/lib/python3.10/site-packages/airflow/example_dags/example_task_group.py took 0.125 seconds
[2023-05-05T18:32:24.773+0000] {processor.py:153} INFO - Started process (PID=10059) to work on /usr/local/python/3.10.4/lib/python3.10/site-packages/airflow/example_dags/example_task_group.py
[2023-05-05T18:32:24.774+0000] {processor.py:743} INFO - Processing file /usr/local/python/3.10.4/lib/python3.10/site-packages/airflow/example_dags/example_task_group.py for tasks to queue
[2023-05-05T18:32:24.775+0000] {logging_mixin.py:137} INFO - [2023-05-05T18:32:24.774+0000] {dagbag.py:538} INFO - Filling up the DagBag from /usr/local/python/3.10.4/lib/python3.10/site-packages/airflow/example_dags/example_task_group.py
[2023-05-05T18:32:24.792+0000] {processor.py:753} INFO - DAG(s) dict_keys(['example_task_group']) retrieved from /usr/local/python/3.10.4/lib/python3.10/site-packages/airflow/example_dags/example_task_group.py
[2023-05-05T18:32:24.811+0000] {logging_mixin.py:137} INFO - [2023-05-05T18:32:24.811+0000] {dag.py:2690} INFO - Sync 1 DAGs
[2023-05-05T18:32:24.829+0000] {logging_mixin.py:137} INFO - [2023-05-05T18:32:24.829+0000] {dag.py:3437} INFO - Setting next_dagrun for example_task_group to 2023-05-04T18:32:24.829264+00:00, run_after=2023-05-05T18:32:24.829264+00:00
[2023-05-05T18:32:24.881+0000] {processor.py:175} INFO - Processing /usr/local/python/3.10.4/lib/python3.10/site-packages/airflow/example_dags/example_task_group.py took 0.112 seconds
[2023-05-05T18:33:06.692+0000] {processor.py:153} INFO - Started process (PID=10384) to work on /usr/local/python/3.10.4/lib/python3.10/site-packages/airflow/example_dags/example_task_group.py
[2023-05-05T18:33:06.693+0000] {processor.py:743} INFO - Processing file /usr/local/python/3.10.4/lib/python3.10/site-packages/airflow/example_dags/example_task_group.py for tasks to queue
[2023-05-05T18:33:06.694+0000] {logging_mixin.py:137} INFO - [2023-05-05T18:33:06.694+0000] {dagbag.py:538} INFO - Filling up the DagBag from /usr/local/python/3.10.4/lib/python3.10/site-packages/airflow/example_dags/example_task_group.py
[2023-05-05T18:33:06.713+0000] {processor.py:753} INFO - DAG(s) dict_keys(['example_task_group']) retrieved from /usr/local/python/3.10.4/lib/python3.10/site-packages/airflow/example_dags/example_task_group.py
[2023-05-05T18:33:06.746+0000] {logging_mixin.py:137} INFO - [2023-05-05T18:33:06.746+0000] {dag.py:2690} INFO - Sync 1 DAGs
[2023-05-05T18:33:06.774+0000] {logging_mixin.py:137} INFO - [2023-05-05T18:33:06.774+0000] {dag.py:3437} INFO - Setting next_dagrun for example_task_group to 2023-05-04T18:33:06.773749+00:00, run_after=2023-05-05T18:33:06.773749+00:00
[2023-05-05T18:33:06.847+0000] {processor.py:175} INFO - Processing /usr/local/python/3.10.4/lib/python3.10/site-packages/airflow/example_dags/example_task_group.py took 0.167 seconds
[2023-05-05T18:33:56.143+0000] {processor.py:153} INFO - Started process (PID=10820) to work on /usr/local/python/3.10.4/lib/python3.10/site-packages/airflow/example_dags/example_task_group.py
[2023-05-05T18:33:56.144+0000] {processor.py:743} INFO - Processing file /usr/local/python/3.10.4/lib/python3.10/site-packages/airflow/example_dags/example_task_group.py for tasks to queue
[2023-05-05T18:33:56.145+0000] {logging_mixin.py:137} INFO - [2023-05-05T18:33:56.145+0000] {dagbag.py:538} INFO - Filling up the DagBag from /usr/local/python/3.10.4/lib/python3.10/site-packages/airflow/example_dags/example_task_group.py
[2023-05-05T18:33:56.164+0000] {processor.py:753} INFO - DAG(s) dict_keys(['example_task_group']) retrieved from /usr/local/python/3.10.4/lib/python3.10/site-packages/airflow/example_dags/example_task_group.py
[2023-05-05T18:33:56.184+0000] {logging_mixin.py:137} INFO - [2023-05-05T18:33:56.184+0000] {dag.py:2690} INFO - Sync 1 DAGs
[2023-05-05T18:33:56.203+0000] {logging_mixin.py:137} INFO - [2023-05-05T18:33:56.203+0000] {dag.py:3437} INFO - Setting next_dagrun for example_task_group to 2023-05-04T18:33:56.203092+00:00, run_after=2023-05-05T18:33:56.203092+00:00
[2023-05-05T18:33:56.259+0000] {processor.py:175} INFO - Processing /usr/local/python/3.10.4/lib/python3.10/site-packages/airflow/example_dags/example_task_group.py took 0.119 seconds
[2023-05-05T18:34:33.882+0000] {processor.py:153} INFO - Started process (PID=11244) to work on /usr/local/python/3.10.4/lib/python3.10/site-packages/airflow/example_dags/example_task_group.py
[2023-05-05T18:34:33.883+0000] {processor.py:743} INFO - Processing file /usr/local/python/3.10.4/lib/python3.10/site-packages/airflow/example_dags/example_task_group.py for tasks to queue
[2023-05-05T18:34:33.884+0000] {logging_mixin.py:137} INFO - [2023-05-05T18:34:33.884+0000] {dagbag.py:538} INFO - Filling up the DagBag from /usr/local/python/3.10.4/lib/python3.10/site-packages/airflow/example_dags/example_task_group.py
[2023-05-05T18:34:33.901+0000] {processor.py:753} INFO - DAG(s) dict_keys(['example_task_group']) retrieved from /usr/local/python/3.10.4/lib/python3.10/site-packages/airflow/example_dags/example_task_group.py
[2023-05-05T18:34:33.931+0000] {logging_mixin.py:137} INFO - [2023-05-05T18:34:33.931+0000] {dag.py:2690} INFO - Sync 1 DAGs
[2023-05-05T18:34:33.959+0000] {logging_mixin.py:137} INFO - [2023-05-05T18:34:33.959+0000] {dag.py:3437} INFO - Setting next_dagrun for example_task_group to 2023-05-04T18:34:33.959321+00:00, run_after=2023-05-05T18:34:33.959321+00:00
[2023-05-05T18:34:34.018+0000] {processor.py:175} INFO - Processing /usr/local/python/3.10.4/lib/python3.10/site-packages/airflow/example_dags/example_task_group.py took 0.140 seconds
