[2023-05-05T18:22:22.844+0000] {processor.py:153} INFO - Started process (PID=4840) to work on /usr/local/python/3.10.4/lib/python3.10/site-packages/airflow/example_dags/example_subdag_operator.py
[2023-05-05T18:22:22.845+0000] {processor.py:743} INFO - Processing file /usr/local/python/3.10.4/lib/python3.10/site-packages/airflow/example_dags/example_subdag_operator.py for tasks to queue
[2023-05-05T18:22:22.845+0000] {logging_mixin.py:137} INFO - [2023-05-05T18:22:22.845+0000] {dagbag.py:538} INFO - Filling up the DagBag from /usr/local/python/3.10.4/lib/python3.10/site-packages/airflow/example_dags/example_subdag_operator.py
[2023-05-05T18:22:22.874+0000] {processor.py:753} INFO - DAG(s) dict_keys(['example_subdag_operator.section-1', 'example_subdag_operator.section-2', 'example_subdag_operator']) retrieved from /usr/local/python/3.10.4/lib/python3.10/site-packages/airflow/example_dags/example_subdag_operator.py
[2023-05-05T18:22:23.044+0000] {logging_mixin.py:137} INFO - [2023-05-05T18:22:23.044+0000] {manager.py:504} INFO - Created Permission View: can delete on DAG:example_subdag_operator
[2023-05-05T18:22:23.093+0000] {logging_mixin.py:137} INFO - [2023-05-05T18:22:23.092+0000] {manager.py:504} INFO - Created Permission View: can read on DAG:example_subdag_operator
[2023-05-05T18:22:23.148+0000] {logging_mixin.py:137} INFO - [2023-05-05T18:22:23.148+0000] {manager.py:504} INFO - Created Permission View: can edit on DAG:example_subdag_operator
[2023-05-05T18:22:23.149+0000] {logging_mixin.py:137} INFO - [2023-05-05T18:22:23.148+0000] {dag.py:2690} INFO - Sync 3 DAGs
[2023-05-05T18:22:23.163+0000] {logging_mixin.py:137} INFO - [2023-05-05T18:22:23.163+0000] {dag.py:2711} INFO - Creating ORM DAG for example_subdag_operator.section-1
[2023-05-05T18:22:23.165+0000] {logging_mixin.py:137} INFO - [2023-05-05T18:22:23.165+0000] {dag.py:2711} INFO - Creating ORM DAG for example_subdag_operator
[2023-05-05T18:22:23.175+0000] {logging_mixin.py:137} INFO - [2023-05-05T18:22:23.175+0000] {dag.py:2711} INFO - Creating ORM DAG for example_subdag_operator.section-2
[2023-05-05T18:22:23.193+0000] {logging_mixin.py:137} INFO - [2023-05-05T18:22:23.193+0000] {dag.py:3437} INFO - Setting next_dagrun for example_subdag_operator to 2022-01-01T00:00:00+00:00, run_after=2022-01-01T00:00:00+00:00
[2023-05-05T18:22:23.194+0000] {logging_mixin.py:137} INFO - [2023-05-05T18:22:23.194+0000] {dag.py:3437} INFO - Setting next_dagrun for example_subdag_operator.section-1 to None, run_after=None
[2023-05-05T18:22:23.195+0000] {logging_mixin.py:137} INFO - [2023-05-05T18:22:23.195+0000] {dag.py:3437} INFO - Setting next_dagrun for example_subdag_operator.section-2 to None, run_after=None
[2023-05-05T18:22:23.204+0000] {logging_mixin.py:137} INFO - [2023-05-05T18:22:23.204+0000] {dag.py:2690} INFO - Sync 2 DAGs
[2023-05-05T18:22:23.209+0000] {logging_mixin.py:137} INFO - [2023-05-05T18:22:23.209+0000] {dag.py:3437} INFO - Setting next_dagrun for example_subdag_operator.section-1 to None, run_after=None
[2023-05-05T18:22:23.211+0000] {logging_mixin.py:137} INFO - [2023-05-05T18:22:23.211+0000] {dag.py:3437} INFO - Setting next_dagrun for example_subdag_operator.section-2 to None, run_after=None
[2023-05-05T18:22:23.258+0000] {processor.py:175} INFO - Processing /usr/local/python/3.10.4/lib/python3.10/site-packages/airflow/example_dags/example_subdag_operator.py took 0.418 seconds
[2023-05-05T18:23:13.453+0000] {processor.py:153} INFO - Started process (PID=5198) to work on /usr/local/python/3.10.4/lib/python3.10/site-packages/airflow/example_dags/example_subdag_operator.py
[2023-05-05T18:23:13.454+0000] {processor.py:743} INFO - Processing file /usr/local/python/3.10.4/lib/python3.10/site-packages/airflow/example_dags/example_subdag_operator.py for tasks to queue
[2023-05-05T18:23:13.455+0000] {logging_mixin.py:137} INFO - [2023-05-05T18:23:13.455+0000] {dagbag.py:538} INFO - Filling up the DagBag from /usr/local/python/3.10.4/lib/python3.10/site-packages/airflow/example_dags/example_subdag_operator.py
[2023-05-05T18:23:13.482+0000] {processor.py:753} INFO - DAG(s) dict_keys(['example_subdag_operator.section-1', 'example_subdag_operator.section-2', 'example_subdag_operator']) retrieved from /usr/local/python/3.10.4/lib/python3.10/site-packages/airflow/example_dags/example_subdag_operator.py
[2023-05-05T18:23:13.498+0000] {logging_mixin.py:137} INFO - [2023-05-05T18:23:13.498+0000] {dag.py:2690} INFO - Sync 3 DAGs
[2023-05-05T18:23:13.516+0000] {logging_mixin.py:137} INFO - [2023-05-05T18:23:13.516+0000] {dag.py:3437} INFO - Setting next_dagrun for example_subdag_operator to 2022-01-01T00:00:00+00:00, run_after=2022-01-01T00:00:00+00:00
[2023-05-05T18:23:13.519+0000] {logging_mixin.py:137} INFO - [2023-05-05T18:23:13.519+0000] {dag.py:3437} INFO - Setting next_dagrun for example_subdag_operator.section-1 to None, run_after=None
[2023-05-05T18:23:13.520+0000] {logging_mixin.py:137} INFO - [2023-05-05T18:23:13.519+0000] {dag.py:3437} INFO - Setting next_dagrun for example_subdag_operator.section-2 to None, run_after=None
[2023-05-05T18:23:13.525+0000] {logging_mixin.py:137} INFO - [2023-05-05T18:23:13.525+0000] {dag.py:2690} INFO - Sync 2 DAGs
[2023-05-05T18:23:13.529+0000] {logging_mixin.py:137} INFO - [2023-05-05T18:23:13.529+0000] {dag.py:3437} INFO - Setting next_dagrun for example_subdag_operator.section-1 to None, run_after=None
[2023-05-05T18:23:13.530+0000] {logging_mixin.py:137} INFO - [2023-05-05T18:23:13.530+0000] {dag.py:3437} INFO - Setting next_dagrun for example_subdag_operator.section-2 to None, run_after=None
[2023-05-05T18:23:13.576+0000] {processor.py:175} INFO - Processing /usr/local/python/3.10.4/lib/python3.10/site-packages/airflow/example_dags/example_subdag_operator.py took 0.126 seconds
[2023-05-05T18:24:09.727+0000] {processor.py:153} INFO - Started process (PID=5559) to work on /usr/local/python/3.10.4/lib/python3.10/site-packages/airflow/example_dags/example_subdag_operator.py
[2023-05-05T18:24:09.729+0000] {processor.py:743} INFO - Processing file /usr/local/python/3.10.4/lib/python3.10/site-packages/airflow/example_dags/example_subdag_operator.py for tasks to queue
[2023-05-05T18:24:09.730+0000] {logging_mixin.py:137} INFO - [2023-05-05T18:24:09.730+0000] {dagbag.py:538} INFO - Filling up the DagBag from /usr/local/python/3.10.4/lib/python3.10/site-packages/airflow/example_dags/example_subdag_operator.py
[2023-05-05T18:24:09.773+0000] {processor.py:753} INFO - DAG(s) dict_keys(['example_subdag_operator.section-1', 'example_subdag_operator.section-2', 'example_subdag_operator']) retrieved from /usr/local/python/3.10.4/lib/python3.10/site-packages/airflow/example_dags/example_subdag_operator.py
[2023-05-05T18:24:09.789+0000] {logging_mixin.py:137} INFO - [2023-05-05T18:24:09.789+0000] {dag.py:2690} INFO - Sync 3 DAGs
[2023-05-05T18:24:09.806+0000] {logging_mixin.py:137} INFO - [2023-05-05T18:24:09.806+0000] {dag.py:3437} INFO - Setting next_dagrun for example_subdag_operator to 2022-01-01T00:00:00+00:00, run_after=2022-01-01T00:00:00+00:00
[2023-05-05T18:24:09.809+0000] {logging_mixin.py:137} INFO - [2023-05-05T18:24:09.809+0000] {dag.py:3437} INFO - Setting next_dagrun for example_subdag_operator.section-1 to None, run_after=None
[2023-05-05T18:24:09.810+0000] {logging_mixin.py:137} INFO - [2023-05-05T18:24:09.810+0000] {dag.py:3437} INFO - Setting next_dagrun for example_subdag_operator.section-2 to None, run_after=None
[2023-05-05T18:24:09.816+0000] {logging_mixin.py:137} INFO - [2023-05-05T18:24:09.816+0000] {dag.py:2690} INFO - Sync 2 DAGs
[2023-05-05T18:24:09.820+0000] {logging_mixin.py:137} INFO - [2023-05-05T18:24:09.820+0000] {dag.py:3437} INFO - Setting next_dagrun for example_subdag_operator.section-1 to None, run_after=None
[2023-05-05T18:24:09.820+0000] {logging_mixin.py:137} INFO - [2023-05-05T18:24:09.820+0000] {dag.py:3437} INFO - Setting next_dagrun for example_subdag_operator.section-2 to None, run_after=None
[2023-05-05T18:24:09.865+0000] {processor.py:175} INFO - Processing /usr/local/python/3.10.4/lib/python3.10/site-packages/airflow/example_dags/example_subdag_operator.py took 0.143 seconds
[2023-05-05T18:24:50.713+0000] {processor.py:153} INFO - Started process (PID=5873) to work on /usr/local/python/3.10.4/lib/python3.10/site-packages/airflow/example_dags/example_subdag_operator.py
[2023-05-05T18:24:50.714+0000] {processor.py:743} INFO - Processing file /usr/local/python/3.10.4/lib/python3.10/site-packages/airflow/example_dags/example_subdag_operator.py for tasks to queue
[2023-05-05T18:24:50.715+0000] {logging_mixin.py:137} INFO - [2023-05-05T18:24:50.715+0000] {dagbag.py:538} INFO - Filling up the DagBag from /usr/local/python/3.10.4/lib/python3.10/site-packages/airflow/example_dags/example_subdag_operator.py
[2023-05-05T18:24:50.741+0000] {processor.py:753} INFO - DAG(s) dict_keys(['example_subdag_operator.section-1', 'example_subdag_operator.section-2', 'example_subdag_operator']) retrieved from /usr/local/python/3.10.4/lib/python3.10/site-packages/airflow/example_dags/example_subdag_operator.py
[2023-05-05T18:24:50.778+0000] {logging_mixin.py:137} INFO - [2023-05-05T18:24:50.778+0000] {dag.py:2690} INFO - Sync 3 DAGs
[2023-05-05T18:24:50.824+0000] {logging_mixin.py:137} INFO - [2023-05-05T18:24:50.823+0000] {dag.py:3437} INFO - Setting next_dagrun for example_subdag_operator to 2022-01-01T00:00:00+00:00, run_after=2022-01-01T00:00:00+00:00
[2023-05-05T18:24:50.849+0000] {logging_mixin.py:137} INFO - [2023-05-05T18:24:50.849+0000] {dag.py:3437} INFO - Setting next_dagrun for example_subdag_operator.section-1 to None, run_after=None
[2023-05-05T18:24:50.850+0000] {logging_mixin.py:137} INFO - [2023-05-05T18:24:50.850+0000] {dag.py:3437} INFO - Setting next_dagrun for example_subdag_operator.section-2 to None, run_after=None
[2023-05-05T18:24:50.878+0000] {logging_mixin.py:137} INFO - [2023-05-05T18:24:50.878+0000] {dag.py:2690} INFO - Sync 2 DAGs
[2023-05-05T18:24:50.901+0000] {logging_mixin.py:137} INFO - [2023-05-05T18:24:50.900+0000] {dag.py:3437} INFO - Setting next_dagrun for example_subdag_operator.section-1 to None, run_after=None
[2023-05-05T18:24:50.901+0000] {logging_mixin.py:137} INFO - [2023-05-05T18:24:50.901+0000] {dag.py:3437} INFO - Setting next_dagrun for example_subdag_operator.section-2 to None, run_after=None
[2023-05-05T18:24:50.974+0000] {processor.py:175} INFO - Processing /usr/local/python/3.10.4/lib/python3.10/site-packages/airflow/example_dags/example_subdag_operator.py took 0.265 seconds
[2023-05-05T18:25:46.011+0000] {processor.py:153} INFO - Started process (PID=6266) to work on /usr/local/python/3.10.4/lib/python3.10/site-packages/airflow/example_dags/example_subdag_operator.py
[2023-05-05T18:25:46.012+0000] {processor.py:743} INFO - Processing file /usr/local/python/3.10.4/lib/python3.10/site-packages/airflow/example_dags/example_subdag_operator.py for tasks to queue
[2023-05-05T18:25:46.013+0000] {logging_mixin.py:137} INFO - [2023-05-05T18:25:46.013+0000] {dagbag.py:538} INFO - Filling up the DagBag from /usr/local/python/3.10.4/lib/python3.10/site-packages/airflow/example_dags/example_subdag_operator.py
[2023-05-05T18:25:46.041+0000] {processor.py:753} INFO - DAG(s) dict_keys(['example_subdag_operator.section-1', 'example_subdag_operator.section-2', 'example_subdag_operator']) retrieved from /usr/local/python/3.10.4/lib/python3.10/site-packages/airflow/example_dags/example_subdag_operator.py
[2023-05-05T18:25:46.058+0000] {logging_mixin.py:137} INFO - [2023-05-05T18:25:46.058+0000] {dag.py:2690} INFO - Sync 3 DAGs
[2023-05-05T18:25:46.077+0000] {logging_mixin.py:137} INFO - [2023-05-05T18:25:46.076+0000] {dag.py:3437} INFO - Setting next_dagrun for example_subdag_operator to 2022-01-01T00:00:00+00:00, run_after=2022-01-01T00:00:00+00:00
[2023-05-05T18:25:46.080+0000] {logging_mixin.py:137} INFO - [2023-05-05T18:25:46.079+0000] {dag.py:3437} INFO - Setting next_dagrun for example_subdag_operator.section-1 to None, run_after=None
[2023-05-05T18:25:46.080+0000] {logging_mixin.py:137} INFO - [2023-05-05T18:25:46.080+0000] {dag.py:3437} INFO - Setting next_dagrun for example_subdag_operator.section-2 to None, run_after=None
[2023-05-05T18:25:46.086+0000] {logging_mixin.py:137} INFO - [2023-05-05T18:25:46.086+0000] {dag.py:2690} INFO - Sync 2 DAGs
[2023-05-05T18:25:46.091+0000] {logging_mixin.py:137} INFO - [2023-05-05T18:25:46.090+0000] {dag.py:3437} INFO - Setting next_dagrun for example_subdag_operator.section-1 to None, run_after=None
[2023-05-05T18:25:46.091+0000] {logging_mixin.py:137} INFO - [2023-05-05T18:25:46.091+0000] {dag.py:3437} INFO - Setting next_dagrun for example_subdag_operator.section-2 to None, run_after=None
[2023-05-05T18:25:46.148+0000] {processor.py:175} INFO - Processing /usr/local/python/3.10.4/lib/python3.10/site-packages/airflow/example_dags/example_subdag_operator.py took 0.140 seconds
[2023-05-05T18:26:28.487+0000] {processor.py:153} INFO - Started process (PID=6568) to work on /usr/local/python/3.10.4/lib/python3.10/site-packages/airflow/example_dags/example_subdag_operator.py
[2023-05-05T18:26:28.489+0000] {processor.py:743} INFO - Processing file /usr/local/python/3.10.4/lib/python3.10/site-packages/airflow/example_dags/example_subdag_operator.py for tasks to queue
[2023-05-05T18:26:28.490+0000] {logging_mixin.py:137} INFO - [2023-05-05T18:26:28.490+0000] {dagbag.py:538} INFO - Filling up the DagBag from /usr/local/python/3.10.4/lib/python3.10/site-packages/airflow/example_dags/example_subdag_operator.py
[2023-05-05T18:26:28.525+0000] {processor.py:753} INFO - DAG(s) dict_keys(['example_subdag_operator.section-1', 'example_subdag_operator.section-2', 'example_subdag_operator']) retrieved from /usr/local/python/3.10.4/lib/python3.10/site-packages/airflow/example_dags/example_subdag_operator.py
[2023-05-05T18:26:28.545+0000] {logging_mixin.py:137} INFO - [2023-05-05T18:26:28.544+0000] {dag.py:2690} INFO - Sync 3 DAGs
[2023-05-05T18:26:28.564+0000] {logging_mixin.py:137} INFO - [2023-05-05T18:26:28.563+0000] {dag.py:3437} INFO - Setting next_dagrun for example_subdag_operator to 2022-01-01T00:00:00+00:00, run_after=2022-01-01T00:00:00+00:00
[2023-05-05T18:26:28.567+0000] {logging_mixin.py:137} INFO - [2023-05-05T18:26:28.567+0000] {dag.py:3437} INFO - Setting next_dagrun for example_subdag_operator.section-1 to None, run_after=None
[2023-05-05T18:26:28.568+0000] {logging_mixin.py:137} INFO - [2023-05-05T18:26:28.568+0000] {dag.py:3437} INFO - Setting next_dagrun for example_subdag_operator.section-2 to None, run_after=None
[2023-05-05T18:26:28.573+0000] {logging_mixin.py:137} INFO - [2023-05-05T18:26:28.573+0000] {dag.py:2690} INFO - Sync 2 DAGs
[2023-05-05T18:26:28.577+0000] {logging_mixin.py:137} INFO - [2023-05-05T18:26:28.577+0000] {dag.py:3437} INFO - Setting next_dagrun for example_subdag_operator.section-1 to None, run_after=None
[2023-05-05T18:26:28.577+0000] {logging_mixin.py:137} INFO - [2023-05-05T18:26:28.577+0000] {dag.py:3437} INFO - Setting next_dagrun for example_subdag_operator.section-2 to None, run_after=None
[2023-05-05T18:26:28.620+0000] {processor.py:175} INFO - Processing /usr/local/python/3.10.4/lib/python3.10/site-packages/airflow/example_dags/example_subdag_operator.py took 0.137 seconds
[2023-05-05T18:27:11.126+0000] {processor.py:153} INFO - Started process (PID=6855) to work on /usr/local/python/3.10.4/lib/python3.10/site-packages/airflow/example_dags/example_subdag_operator.py
[2023-05-05T18:27:11.127+0000] {processor.py:743} INFO - Processing file /usr/local/python/3.10.4/lib/python3.10/site-packages/airflow/example_dags/example_subdag_operator.py for tasks to queue
[2023-05-05T18:27:11.127+0000] {logging_mixin.py:137} INFO - [2023-05-05T18:27:11.127+0000] {dagbag.py:538} INFO - Filling up the DagBag from /usr/local/python/3.10.4/lib/python3.10/site-packages/airflow/example_dags/example_subdag_operator.py
[2023-05-05T18:27:11.154+0000] {processor.py:753} INFO - DAG(s) dict_keys(['example_subdag_operator.section-1', 'example_subdag_operator.section-2', 'example_subdag_operator']) retrieved from /usr/local/python/3.10.4/lib/python3.10/site-packages/airflow/example_dags/example_subdag_operator.py
[2023-05-05T18:27:11.170+0000] {logging_mixin.py:137} INFO - [2023-05-05T18:27:11.170+0000] {dag.py:2690} INFO - Sync 3 DAGs
[2023-05-05T18:27:11.187+0000] {logging_mixin.py:137} INFO - [2023-05-05T18:27:11.187+0000] {dag.py:3437} INFO - Setting next_dagrun for example_subdag_operator to 2022-01-01T00:00:00+00:00, run_after=2022-01-01T00:00:00+00:00
[2023-05-05T18:27:11.190+0000] {logging_mixin.py:137} INFO - [2023-05-05T18:27:11.190+0000] {dag.py:3437} INFO - Setting next_dagrun for example_subdag_operator.section-1 to None, run_after=None
[2023-05-05T18:27:11.191+0000] {logging_mixin.py:137} INFO - [2023-05-05T18:27:11.191+0000] {dag.py:3437} INFO - Setting next_dagrun for example_subdag_operator.section-2 to None, run_after=None
[2023-05-05T18:27:11.196+0000] {logging_mixin.py:137} INFO - [2023-05-05T18:27:11.196+0000] {dag.py:2690} INFO - Sync 2 DAGs
[2023-05-05T18:27:11.199+0000] {logging_mixin.py:137} INFO - [2023-05-05T18:27:11.199+0000] {dag.py:3437} INFO - Setting next_dagrun for example_subdag_operator.section-1 to None, run_after=None
[2023-05-05T18:27:11.200+0000] {logging_mixin.py:137} INFO - [2023-05-05T18:27:11.200+0000] {dag.py:3437} INFO - Setting next_dagrun for example_subdag_operator.section-2 to None, run_after=None
[2023-05-05T18:27:11.249+0000] {processor.py:175} INFO - Processing /usr/local/python/3.10.4/lib/python3.10/site-packages/airflow/example_dags/example_subdag_operator.py took 0.127 seconds
[2023-05-05T18:27:58.324+0000] {processor.py:153} INFO - Started process (PID=7182) to work on /usr/local/python/3.10.4/lib/python3.10/site-packages/airflow/example_dags/example_subdag_operator.py
[2023-05-05T18:27:58.325+0000] {processor.py:743} INFO - Processing file /usr/local/python/3.10.4/lib/python3.10/site-packages/airflow/example_dags/example_subdag_operator.py for tasks to queue
[2023-05-05T18:27:58.325+0000] {logging_mixin.py:137} INFO - [2023-05-05T18:27:58.325+0000] {dagbag.py:538} INFO - Filling up the DagBag from /usr/local/python/3.10.4/lib/python3.10/site-packages/airflow/example_dags/example_subdag_operator.py
[2023-05-05T18:27:58.353+0000] {processor.py:753} INFO - DAG(s) dict_keys(['example_subdag_operator.section-1', 'example_subdag_operator.section-2', 'example_subdag_operator']) retrieved from /usr/local/python/3.10.4/lib/python3.10/site-packages/airflow/example_dags/example_subdag_operator.py
[2023-05-05T18:27:58.378+0000] {logging_mixin.py:137} INFO - [2023-05-05T18:27:58.378+0000] {dag.py:2690} INFO - Sync 3 DAGs
[2023-05-05T18:27:58.412+0000] {logging_mixin.py:137} INFO - [2023-05-05T18:27:58.411+0000] {dag.py:3437} INFO - Setting next_dagrun for example_subdag_operator to 2022-01-01T00:00:00+00:00, run_after=2022-01-01T00:00:00+00:00
[2023-05-05T18:27:58.418+0000] {logging_mixin.py:137} INFO - [2023-05-05T18:27:58.418+0000] {dag.py:3437} INFO - Setting next_dagrun for example_subdag_operator.section-1 to None, run_after=None
[2023-05-05T18:27:58.419+0000] {logging_mixin.py:137} INFO - [2023-05-05T18:27:58.419+0000] {dag.py:3437} INFO - Setting next_dagrun for example_subdag_operator.section-2 to None, run_after=None
[2023-05-05T18:27:58.428+0000] {logging_mixin.py:137} INFO - [2023-05-05T18:27:58.428+0000] {dag.py:2690} INFO - Sync 2 DAGs
[2023-05-05T18:27:58.435+0000] {logging_mixin.py:137} INFO - [2023-05-05T18:27:58.434+0000] {dag.py:3437} INFO - Setting next_dagrun for example_subdag_operator.section-1 to None, run_after=None
[2023-05-05T18:27:58.435+0000] {logging_mixin.py:137} INFO - [2023-05-05T18:27:58.435+0000] {dag.py:3437} INFO - Setting next_dagrun for example_subdag_operator.section-2 to None, run_after=None
[2023-05-05T18:27:58.493+0000] {processor.py:175} INFO - Processing /usr/local/python/3.10.4/lib/python3.10/site-packages/airflow/example_dags/example_subdag_operator.py took 0.173 seconds
[2023-05-05T18:28:50.375+0000] {processor.py:153} INFO - Started process (PID=8089) to work on /usr/local/python/3.10.4/lib/python3.10/site-packages/airflow/example_dags/example_subdag_operator.py
[2023-05-05T18:28:50.376+0000] {processor.py:743} INFO - Processing file /usr/local/python/3.10.4/lib/python3.10/site-packages/airflow/example_dags/example_subdag_operator.py for tasks to queue
[2023-05-05T18:28:50.377+0000] {logging_mixin.py:137} INFO - [2023-05-05T18:28:50.377+0000] {dagbag.py:538} INFO - Filling up the DagBag from /usr/local/python/3.10.4/lib/python3.10/site-packages/airflow/example_dags/example_subdag_operator.py
[2023-05-05T18:28:50.402+0000] {processor.py:753} INFO - DAG(s) dict_keys(['example_subdag_operator.section-1', 'example_subdag_operator.section-2', 'example_subdag_operator']) retrieved from /usr/local/python/3.10.4/lib/python3.10/site-packages/airflow/example_dags/example_subdag_operator.py
[2023-05-05T18:28:50.418+0000] {logging_mixin.py:137} INFO - [2023-05-05T18:28:50.418+0000] {dag.py:2690} INFO - Sync 3 DAGs
[2023-05-05T18:28:50.435+0000] {logging_mixin.py:137} INFO - [2023-05-05T18:28:50.435+0000] {dag.py:3437} INFO - Setting next_dagrun for example_subdag_operator to 2022-01-01T00:00:00+00:00, run_after=2022-01-01T00:00:00+00:00
[2023-05-05T18:28:50.438+0000] {logging_mixin.py:137} INFO - [2023-05-05T18:28:50.438+0000] {dag.py:3437} INFO - Setting next_dagrun for example_subdag_operator.section-1 to None, run_after=None
[2023-05-05T18:28:50.439+0000] {logging_mixin.py:137} INFO - [2023-05-05T18:28:50.439+0000] {dag.py:3437} INFO - Setting next_dagrun for example_subdag_operator.section-2 to None, run_after=None
[2023-05-05T18:28:50.444+0000] {logging_mixin.py:137} INFO - [2023-05-05T18:28:50.444+0000] {dag.py:2690} INFO - Sync 2 DAGs
[2023-05-05T18:28:50.447+0000] {logging_mixin.py:137} INFO - [2023-05-05T18:28:50.447+0000] {dag.py:3437} INFO - Setting next_dagrun for example_subdag_operator.section-1 to None, run_after=None
[2023-05-05T18:28:50.448+0000] {logging_mixin.py:137} INFO - [2023-05-05T18:28:50.447+0000] {dag.py:3437} INFO - Setting next_dagrun for example_subdag_operator.section-2 to None, run_after=None
[2023-05-05T18:28:50.491+0000] {processor.py:175} INFO - Processing /usr/local/python/3.10.4/lib/python3.10/site-packages/airflow/example_dags/example_subdag_operator.py took 0.120 seconds
[2023-05-05T18:29:41.493+0000] {processor.py:153} INFO - Started process (PID=8517) to work on /usr/local/python/3.10.4/lib/python3.10/site-packages/airflow/example_dags/example_subdag_operator.py
[2023-05-05T18:29:41.495+0000] {processor.py:743} INFO - Processing file /usr/local/python/3.10.4/lib/python3.10/site-packages/airflow/example_dags/example_subdag_operator.py for tasks to queue
[2023-05-05T18:29:41.496+0000] {logging_mixin.py:137} INFO - [2023-05-05T18:29:41.496+0000] {dagbag.py:538} INFO - Filling up the DagBag from /usr/local/python/3.10.4/lib/python3.10/site-packages/airflow/example_dags/example_subdag_operator.py
[2023-05-05T18:29:41.542+0000] {processor.py:753} INFO - DAG(s) dict_keys(['example_subdag_operator.section-1', 'example_subdag_operator.section-2', 'example_subdag_operator']) retrieved from /usr/local/python/3.10.4/lib/python3.10/site-packages/airflow/example_dags/example_subdag_operator.py
[2023-05-05T18:29:41.558+0000] {logging_mixin.py:137} INFO - [2023-05-05T18:29:41.558+0000] {dag.py:2690} INFO - Sync 3 DAGs
[2023-05-05T18:29:41.575+0000] {logging_mixin.py:137} INFO - [2023-05-05T18:29:41.575+0000] {dag.py:3437} INFO - Setting next_dagrun for example_subdag_operator to 2022-01-01T00:00:00+00:00, run_after=2022-01-01T00:00:00+00:00
[2023-05-05T18:29:41.579+0000] {logging_mixin.py:137} INFO - [2023-05-05T18:29:41.579+0000] {dag.py:3437} INFO - Setting next_dagrun for example_subdag_operator.section-1 to None, run_after=None
[2023-05-05T18:29:41.580+0000] {logging_mixin.py:137} INFO - [2023-05-05T18:29:41.580+0000] {dag.py:3437} INFO - Setting next_dagrun for example_subdag_operator.section-2 to None, run_after=None
[2023-05-05T18:29:41.585+0000] {logging_mixin.py:137} INFO - [2023-05-05T18:29:41.585+0000] {dag.py:2690} INFO - Sync 2 DAGs
[2023-05-05T18:29:41.589+0000] {logging_mixin.py:137} INFO - [2023-05-05T18:29:41.589+0000] {dag.py:3437} INFO - Setting next_dagrun for example_subdag_operator.section-1 to None, run_after=None
[2023-05-05T18:29:41.589+0000] {logging_mixin.py:137} INFO - [2023-05-05T18:29:41.589+0000] {dag.py:3437} INFO - Setting next_dagrun for example_subdag_operator.section-2 to None, run_after=None
[2023-05-05T18:29:41.635+0000] {processor.py:175} INFO - Processing /usr/local/python/3.10.4/lib/python3.10/site-packages/airflow/example_dags/example_subdag_operator.py took 0.147 seconds
[2023-05-05T18:30:29.919+0000] {processor.py:153} INFO - Started process (PID=8935) to work on /usr/local/python/3.10.4/lib/python3.10/site-packages/airflow/example_dags/example_subdag_operator.py
[2023-05-05T18:30:29.921+0000] {processor.py:743} INFO - Processing file /usr/local/python/3.10.4/lib/python3.10/site-packages/airflow/example_dags/example_subdag_operator.py for tasks to queue
[2023-05-05T18:30:29.922+0000] {logging_mixin.py:137} INFO - [2023-05-05T18:30:29.922+0000] {dagbag.py:538} INFO - Filling up the DagBag from /usr/local/python/3.10.4/lib/python3.10/site-packages/airflow/example_dags/example_subdag_operator.py
[2023-05-05T18:30:29.951+0000] {processor.py:753} INFO - DAG(s) dict_keys(['example_subdag_operator.section-1', 'example_subdag_operator.section-2', 'example_subdag_operator']) retrieved from /usr/local/python/3.10.4/lib/python3.10/site-packages/airflow/example_dags/example_subdag_operator.py
[2023-05-05T18:30:29.967+0000] {logging_mixin.py:137} INFO - [2023-05-05T18:30:29.967+0000] {dag.py:2690} INFO - Sync 3 DAGs
[2023-05-05T18:30:29.985+0000] {logging_mixin.py:137} INFO - [2023-05-05T18:30:29.984+0000] {dag.py:3437} INFO - Setting next_dagrun for example_subdag_operator to 2022-01-01T00:00:00+00:00, run_after=2022-01-01T00:00:00+00:00
[2023-05-05T18:30:29.987+0000] {logging_mixin.py:137} INFO - [2023-05-05T18:30:29.987+0000] {dag.py:3437} INFO - Setting next_dagrun for example_subdag_operator.section-1 to None, run_after=None
[2023-05-05T18:30:29.988+0000] {logging_mixin.py:137} INFO - [2023-05-05T18:30:29.988+0000] {dag.py:3437} INFO - Setting next_dagrun for example_subdag_operator.section-2 to None, run_after=None
[2023-05-05T18:30:29.995+0000] {logging_mixin.py:137} INFO - [2023-05-05T18:30:29.995+0000] {dag.py:2690} INFO - Sync 2 DAGs
[2023-05-05T18:30:30.000+0000] {logging_mixin.py:137} INFO - [2023-05-05T18:30:30.000+0000] {dag.py:3437} INFO - Setting next_dagrun for example_subdag_operator.section-1 to None, run_after=None
[2023-05-05T18:30:30.000+0000] {logging_mixin.py:137} INFO - [2023-05-05T18:30:30.000+0000] {dag.py:3437} INFO - Setting next_dagrun for example_subdag_operator.section-2 to None, run_after=None
[2023-05-05T18:30:30.047+0000] {processor.py:175} INFO - Processing /usr/local/python/3.10.4/lib/python3.10/site-packages/airflow/example_dags/example_subdag_operator.py took 0.132 seconds
[2023-05-05T18:31:10.174+0000] {processor.py:153} INFO - Started process (PID=9278) to work on /usr/local/python/3.10.4/lib/python3.10/site-packages/airflow/example_dags/example_subdag_operator.py
[2023-05-05T18:31:10.175+0000] {processor.py:743} INFO - Processing file /usr/local/python/3.10.4/lib/python3.10/site-packages/airflow/example_dags/example_subdag_operator.py for tasks to queue
[2023-05-05T18:31:10.176+0000] {logging_mixin.py:137} INFO - [2023-05-05T18:31:10.176+0000] {dagbag.py:538} INFO - Filling up the DagBag from /usr/local/python/3.10.4/lib/python3.10/site-packages/airflow/example_dags/example_subdag_operator.py
[2023-05-05T18:31:10.204+0000] {processor.py:753} INFO - DAG(s) dict_keys(['example_subdag_operator.section-1', 'example_subdag_operator.section-2', 'example_subdag_operator']) retrieved from /usr/local/python/3.10.4/lib/python3.10/site-packages/airflow/example_dags/example_subdag_operator.py
[2023-05-05T18:31:10.220+0000] {logging_mixin.py:137} INFO - [2023-05-05T18:31:10.219+0000] {dag.py:2690} INFO - Sync 3 DAGs
[2023-05-05T18:31:10.239+0000] {logging_mixin.py:137} INFO - [2023-05-05T18:31:10.238+0000] {dag.py:3437} INFO - Setting next_dagrun for example_subdag_operator to 2022-01-01T00:00:00+00:00, run_after=2022-01-01T00:00:00+00:00
[2023-05-05T18:31:10.242+0000] {logging_mixin.py:137} INFO - [2023-05-05T18:31:10.242+0000] {dag.py:3437} INFO - Setting next_dagrun for example_subdag_operator.section-1 to None, run_after=None
[2023-05-05T18:31:10.243+0000] {logging_mixin.py:137} INFO - [2023-05-05T18:31:10.243+0000] {dag.py:3437} INFO - Setting next_dagrun for example_subdag_operator.section-2 to None, run_after=None
[2023-05-05T18:31:10.248+0000] {logging_mixin.py:137} INFO - [2023-05-05T18:31:10.248+0000] {dag.py:2690} INFO - Sync 2 DAGs
[2023-05-05T18:31:10.252+0000] {logging_mixin.py:137} INFO - [2023-05-05T18:31:10.252+0000] {dag.py:3437} INFO - Setting next_dagrun for example_subdag_operator.section-1 to None, run_after=None
[2023-05-05T18:31:10.252+0000] {logging_mixin.py:137} INFO - [2023-05-05T18:31:10.252+0000] {dag.py:3437} INFO - Setting next_dagrun for example_subdag_operator.section-2 to None, run_after=None
[2023-05-05T18:31:10.299+0000] {processor.py:175} INFO - Processing /usr/local/python/3.10.4/lib/python3.10/site-packages/airflow/example_dags/example_subdag_operator.py took 0.128 seconds
[2023-05-05T18:31:59.279+0000] {processor.py:153} INFO - Started process (PID=9747) to work on /usr/local/python/3.10.4/lib/python3.10/site-packages/airflow/example_dags/example_subdag_operator.py
[2023-05-05T18:31:59.280+0000] {processor.py:743} INFO - Processing file /usr/local/python/3.10.4/lib/python3.10/site-packages/airflow/example_dags/example_subdag_operator.py for tasks to queue
[2023-05-05T18:31:59.281+0000] {logging_mixin.py:137} INFO - [2023-05-05T18:31:59.281+0000] {dagbag.py:538} INFO - Filling up the DagBag from /usr/local/python/3.10.4/lib/python3.10/site-packages/airflow/example_dags/example_subdag_operator.py
[2023-05-05T18:31:59.308+0000] {processor.py:753} INFO - DAG(s) dict_keys(['example_subdag_operator.section-1', 'example_subdag_operator.section-2', 'example_subdag_operator']) retrieved from /usr/local/python/3.10.4/lib/python3.10/site-packages/airflow/example_dags/example_subdag_operator.py
[2023-05-05T18:31:59.325+0000] {logging_mixin.py:137} INFO - [2023-05-05T18:31:59.325+0000] {dag.py:2690} INFO - Sync 3 DAGs
[2023-05-05T18:31:59.344+0000] {logging_mixin.py:137} INFO - [2023-05-05T18:31:59.343+0000] {dag.py:3437} INFO - Setting next_dagrun for example_subdag_operator to 2022-01-01T00:00:00+00:00, run_after=2022-01-01T00:00:00+00:00
[2023-05-05T18:31:59.346+0000] {logging_mixin.py:137} INFO - [2023-05-05T18:31:59.346+0000] {dag.py:3437} INFO - Setting next_dagrun for example_subdag_operator.section-1 to None, run_after=None
[2023-05-05T18:31:59.347+0000] {logging_mixin.py:137} INFO - [2023-05-05T18:31:59.347+0000] {dag.py:3437} INFO - Setting next_dagrun for example_subdag_operator.section-2 to None, run_after=None
[2023-05-05T18:31:59.353+0000] {logging_mixin.py:137} INFO - [2023-05-05T18:31:59.353+0000] {dag.py:2690} INFO - Sync 2 DAGs
[2023-05-05T18:31:59.356+0000] {logging_mixin.py:137} INFO - [2023-05-05T18:31:59.356+0000] {dag.py:3437} INFO - Setting next_dagrun for example_subdag_operator.section-1 to None, run_after=None
[2023-05-05T18:31:59.356+0000] {logging_mixin.py:137} INFO - [2023-05-05T18:31:59.356+0000] {dag.py:3437} INFO - Setting next_dagrun for example_subdag_operator.section-2 to None, run_after=None
[2023-05-05T18:31:59.403+0000] {processor.py:175} INFO - Processing /usr/local/python/3.10.4/lib/python3.10/site-packages/airflow/example_dags/example_subdag_operator.py took 0.127 seconds
[2023-05-05T18:32:41.703+0000] {processor.py:153} INFO - Started process (PID=10184) to work on /usr/local/python/3.10.4/lib/python3.10/site-packages/airflow/example_dags/example_subdag_operator.py
[2023-05-05T18:32:41.704+0000] {processor.py:743} INFO - Processing file /usr/local/python/3.10.4/lib/python3.10/site-packages/airflow/example_dags/example_subdag_operator.py for tasks to queue
[2023-05-05T18:32:41.705+0000] {logging_mixin.py:137} INFO - [2023-05-05T18:32:41.704+0000] {dagbag.py:538} INFO - Filling up the DagBag from /usr/local/python/3.10.4/lib/python3.10/site-packages/airflow/example_dags/example_subdag_operator.py
[2023-05-05T18:32:41.731+0000] {processor.py:753} INFO - DAG(s) dict_keys(['example_subdag_operator.section-1', 'example_subdag_operator.section-2', 'example_subdag_operator']) retrieved from /usr/local/python/3.10.4/lib/python3.10/site-packages/airflow/example_dags/example_subdag_operator.py
[2023-05-05T18:32:41.747+0000] {logging_mixin.py:137} INFO - [2023-05-05T18:32:41.747+0000] {dag.py:2690} INFO - Sync 3 DAGs
[2023-05-05T18:32:41.765+0000] {logging_mixin.py:137} INFO - [2023-05-05T18:32:41.765+0000] {dag.py:3437} INFO - Setting next_dagrun for example_subdag_operator to 2022-01-01T00:00:00+00:00, run_after=2022-01-01T00:00:00+00:00
[2023-05-05T18:32:41.768+0000] {logging_mixin.py:137} INFO - [2023-05-05T18:32:41.768+0000] {dag.py:3437} INFO - Setting next_dagrun for example_subdag_operator.section-1 to None, run_after=None
[2023-05-05T18:32:41.769+0000] {logging_mixin.py:137} INFO - [2023-05-05T18:32:41.769+0000] {dag.py:3437} INFO - Setting next_dagrun for example_subdag_operator.section-2 to None, run_after=None
[2023-05-05T18:32:41.775+0000] {logging_mixin.py:137} INFO - [2023-05-05T18:32:41.774+0000] {dag.py:2690} INFO - Sync 2 DAGs
[2023-05-05T18:32:41.778+0000] {logging_mixin.py:137} INFO - [2023-05-05T18:32:41.778+0000] {dag.py:3437} INFO - Setting next_dagrun for example_subdag_operator.section-1 to None, run_after=None
[2023-05-05T18:32:41.779+0000] {logging_mixin.py:137} INFO - [2023-05-05T18:32:41.779+0000] {dag.py:3437} INFO - Setting next_dagrun for example_subdag_operator.section-2 to None, run_after=None
[2023-05-05T18:32:41.825+0000] {processor.py:175} INFO - Processing /usr/local/python/3.10.4/lib/python3.10/site-packages/airflow/example_dags/example_subdag_operator.py took 0.126 seconds
[2023-05-05T18:33:31.325+0000] {processor.py:153} INFO - Started process (PID=10624) to work on /usr/local/python/3.10.4/lib/python3.10/site-packages/airflow/example_dags/example_subdag_operator.py
[2023-05-05T18:33:31.326+0000] {processor.py:743} INFO - Processing file /usr/local/python/3.10.4/lib/python3.10/site-packages/airflow/example_dags/example_subdag_operator.py for tasks to queue
[2023-05-05T18:33:31.327+0000] {logging_mixin.py:137} INFO - [2023-05-05T18:33:31.327+0000] {dagbag.py:538} INFO - Filling up the DagBag from /usr/local/python/3.10.4/lib/python3.10/site-packages/airflow/example_dags/example_subdag_operator.py
[2023-05-05T18:33:31.355+0000] {processor.py:753} INFO - DAG(s) dict_keys(['example_subdag_operator.section-1', 'example_subdag_operator.section-2', 'example_subdag_operator']) retrieved from /usr/local/python/3.10.4/lib/python3.10/site-packages/airflow/example_dags/example_subdag_operator.py
[2023-05-05T18:33:31.372+0000] {logging_mixin.py:137} INFO - [2023-05-05T18:33:31.371+0000] {dag.py:2690} INFO - Sync 3 DAGs
[2023-05-05T18:33:31.389+0000] {logging_mixin.py:137} INFO - [2023-05-05T18:33:31.389+0000] {dag.py:3437} INFO - Setting next_dagrun for example_subdag_operator to 2022-01-01T00:00:00+00:00, run_after=2022-01-01T00:00:00+00:00
[2023-05-05T18:33:31.392+0000] {logging_mixin.py:137} INFO - [2023-05-05T18:33:31.392+0000] {dag.py:3437} INFO - Setting next_dagrun for example_subdag_operator.section-1 to None, run_after=None
[2023-05-05T18:33:31.393+0000] {logging_mixin.py:137} INFO - [2023-05-05T18:33:31.393+0000] {dag.py:3437} INFO - Setting next_dagrun for example_subdag_operator.section-2 to None, run_after=None
[2023-05-05T18:33:31.398+0000] {logging_mixin.py:137} INFO - [2023-05-05T18:33:31.398+0000] {dag.py:2690} INFO - Sync 2 DAGs
[2023-05-05T18:33:31.402+0000] {logging_mixin.py:137} INFO - [2023-05-05T18:33:31.402+0000] {dag.py:3437} INFO - Setting next_dagrun for example_subdag_operator.section-1 to None, run_after=None
[2023-05-05T18:33:31.402+0000] {logging_mixin.py:137} INFO - [2023-05-05T18:33:31.402+0000] {dag.py:3437} INFO - Setting next_dagrun for example_subdag_operator.section-2 to None, run_after=None
[2023-05-05T18:33:31.453+0000] {processor.py:175} INFO - Processing /usr/local/python/3.10.4/lib/python3.10/site-packages/airflow/example_dags/example_subdag_operator.py took 0.132 seconds
[2023-05-05T18:34:21.456+0000] {processor.py:153} INFO - Started process (PID=11117) to work on /usr/local/python/3.10.4/lib/python3.10/site-packages/airflow/example_dags/example_subdag_operator.py
[2023-05-05T18:34:21.457+0000] {processor.py:743} INFO - Processing file /usr/local/python/3.10.4/lib/python3.10/site-packages/airflow/example_dags/example_subdag_operator.py for tasks to queue
[2023-05-05T18:34:21.458+0000] {logging_mixin.py:137} INFO - [2023-05-05T18:34:21.458+0000] {dagbag.py:538} INFO - Filling up the DagBag from /usr/local/python/3.10.4/lib/python3.10/site-packages/airflow/example_dags/example_subdag_operator.py
[2023-05-05T18:34:21.486+0000] {processor.py:753} INFO - DAG(s) dict_keys(['example_subdag_operator.section-1', 'example_subdag_operator.section-2', 'example_subdag_operator']) retrieved from /usr/local/python/3.10.4/lib/python3.10/site-packages/airflow/example_dags/example_subdag_operator.py
[2023-05-05T18:34:21.503+0000] {logging_mixin.py:137} INFO - [2023-05-05T18:34:21.503+0000] {dag.py:2690} INFO - Sync 3 DAGs
[2023-05-05T18:34:21.520+0000] {logging_mixin.py:137} INFO - [2023-05-05T18:34:21.520+0000] {dag.py:3437} INFO - Setting next_dagrun for example_subdag_operator to 2022-01-01T00:00:00+00:00, run_after=2022-01-01T00:00:00+00:00
[2023-05-05T18:34:21.523+0000] {logging_mixin.py:137} INFO - [2023-05-05T18:34:21.523+0000] {dag.py:3437} INFO - Setting next_dagrun for example_subdag_operator.section-1 to None, run_after=None
[2023-05-05T18:34:21.524+0000] {logging_mixin.py:137} INFO - [2023-05-05T18:34:21.524+0000] {dag.py:3437} INFO - Setting next_dagrun for example_subdag_operator.section-2 to None, run_after=None
[2023-05-05T18:34:21.530+0000] {logging_mixin.py:137} INFO - [2023-05-05T18:34:21.530+0000] {dag.py:2690} INFO - Sync 2 DAGs
[2023-05-05T18:34:21.534+0000] {logging_mixin.py:137} INFO - [2023-05-05T18:34:21.534+0000] {dag.py:3437} INFO - Setting next_dagrun for example_subdag_operator.section-1 to None, run_after=None
[2023-05-05T18:34:21.534+0000] {logging_mixin.py:137} INFO - [2023-05-05T18:34:21.534+0000] {dag.py:3437} INFO - Setting next_dagrun for example_subdag_operator.section-2 to None, run_after=None
[2023-05-05T18:34:21.580+0000] {processor.py:175} INFO - Processing /usr/local/python/3.10.4/lib/python3.10/site-packages/airflow/example_dags/example_subdag_operator.py took 0.128 seconds
