[2023-05-05T18:22:31.525+0000] {processor.py:153} INFO - Started process (PID=4911) to work on /usr/local/python/3.10.4/lib/python3.10/site-packages/airflow/example_dags/example_branch_datetime_operator.py
[2023-05-05T18:22:31.526+0000] {processor.py:743} INFO - Processing file /usr/local/python/3.10.4/lib/python3.10/site-packages/airflow/example_dags/example_branch_datetime_operator.py for tasks to queue
[2023-05-05T18:22:31.526+0000] {logging_mixin.py:137} INFO - [2023-05-05T18:22:31.526+0000] {dagbag.py:538} INFO - Filling up the DagBag from /usr/local/python/3.10.4/lib/python3.10/site-packages/airflow/example_dags/example_branch_datetime_operator.py
[2023-05-05T18:22:31.547+0000] {processor.py:753} INFO - DAG(s) dict_keys(['example_branch_datetime_operator_3', 'example_branch_datetime_operator', 'example_branch_datetime_operator_2']) retrieved from /usr/local/python/3.10.4/lib/python3.10/site-packages/airflow/example_dags/example_branch_datetime_operator.py
[2023-05-05T18:22:31.729+0000] {logging_mixin.py:137} INFO - [2023-05-05T18:22:31.728+0000] {manager.py:504} INFO - Created Permission View: can delete on DAG:example_branch_datetime_operator_3
[2023-05-05T18:22:31.775+0000] {logging_mixin.py:137} INFO - [2023-05-05T18:22:31.775+0000] {manager.py:504} INFO - Created Permission View: can read on DAG:example_branch_datetime_operator_3
[2023-05-05T18:22:31.820+0000] {logging_mixin.py:137} INFO - [2023-05-05T18:22:31.820+0000] {manager.py:504} INFO - Created Permission View: can edit on DAG:example_branch_datetime_operator_3
[2023-05-05T18:22:31.929+0000] {logging_mixin.py:137} INFO - [2023-05-05T18:22:31.929+0000] {manager.py:504} INFO - Created Permission View: can delete on DAG:example_branch_datetime_operator
[2023-05-05T18:22:31.975+0000] {logging_mixin.py:137} INFO - [2023-05-05T18:22:31.975+0000] {manager.py:504} INFO - Created Permission View: can read on DAG:example_branch_datetime_operator
[2023-05-05T18:22:32.016+0000] {logging_mixin.py:137} INFO - [2023-05-05T18:22:32.016+0000] {manager.py:504} INFO - Created Permission View: can edit on DAG:example_branch_datetime_operator
[2023-05-05T18:22:32.106+0000] {logging_mixin.py:137} INFO - [2023-05-05T18:22:32.106+0000] {manager.py:504} INFO - Created Permission View: can delete on DAG:example_branch_datetime_operator_2
[2023-05-05T18:22:32.165+0000] {logging_mixin.py:137} INFO - [2023-05-05T18:22:32.164+0000] {manager.py:504} INFO - Created Permission View: can read on DAG:example_branch_datetime_operator_2
[2023-05-05T18:22:32.224+0000] {logging_mixin.py:137} INFO - [2023-05-05T18:22:32.224+0000] {manager.py:504} INFO - Created Permission View: can edit on DAG:example_branch_datetime_operator_2
[2023-05-05T18:22:32.224+0000] {logging_mixin.py:137} INFO - [2023-05-05T18:22:32.224+0000] {dag.py:2690} INFO - Sync 3 DAGs
[2023-05-05T18:22:32.234+0000] {logging_mixin.py:137} INFO - [2023-05-05T18:22:32.234+0000] {dag.py:2711} INFO - Creating ORM DAG for example_branch_datetime_operator_3
[2023-05-05T18:22:32.234+0000] {logging_mixin.py:137} INFO - [2023-05-05T18:22:32.234+0000] {dag.py:2711} INFO - Creating ORM DAG for example_branch_datetime_operator_2
[2023-05-05T18:22:32.235+0000] {logging_mixin.py:137} INFO - [2023-05-05T18:22:32.235+0000] {dag.py:2711} INFO - Creating ORM DAG for example_branch_datetime_operator
[2023-05-05T18:22:32.246+0000] {logging_mixin.py:137} INFO - [2023-05-05T18:22:32.246+0000] {dag.py:3437} INFO - Setting next_dagrun for example_branch_datetime_operator to 2023-05-04T00:00:00+00:00, run_after=2023-05-05T00:00:00+00:00
[2023-05-05T18:22:32.248+0000] {logging_mixin.py:137} INFO - [2023-05-05T18:22:32.248+0000] {dag.py:3437} INFO - Setting next_dagrun for example_branch_datetime_operator_2 to 2023-05-04T00:00:00+00:00, run_after=2023-05-05T00:00:00+00:00
[2023-05-05T18:22:32.250+0000] {logging_mixin.py:137} INFO - [2023-05-05T18:22:32.249+0000] {dag.py:3437} INFO - Setting next_dagrun for example_branch_datetime_operator_3 to 2023-05-04T00:00:00+00:00, run_after=2023-05-05T00:00:00+00:00
[2023-05-05T18:22:32.313+0000] {processor.py:175} INFO - Processing /usr/local/python/3.10.4/lib/python3.10/site-packages/airflow/example_dags/example_branch_datetime_operator.py took 0.801 seconds
[2023-05-05T18:23:31.256+0000] {processor.py:153} INFO - Started process (PID=5295) to work on /usr/local/python/3.10.4/lib/python3.10/site-packages/airflow/example_dags/example_branch_datetime_operator.py
[2023-05-05T18:23:31.258+0000] {processor.py:743} INFO - Processing file /usr/local/python/3.10.4/lib/python3.10/site-packages/airflow/example_dags/example_branch_datetime_operator.py for tasks to queue
[2023-05-05T18:23:31.258+0000] {logging_mixin.py:137} INFO - [2023-05-05T18:23:31.258+0000] {dagbag.py:538} INFO - Filling up the DagBag from /usr/local/python/3.10.4/lib/python3.10/site-packages/airflow/example_dags/example_branch_datetime_operator.py
[2023-05-05T18:23:31.278+0000] {processor.py:753} INFO - DAG(s) dict_keys(['example_branch_datetime_operator_2', 'example_branch_datetime_operator', 'example_branch_datetime_operator_3']) retrieved from /usr/local/python/3.10.4/lib/python3.10/site-packages/airflow/example_dags/example_branch_datetime_operator.py
[2023-05-05T18:23:31.302+0000] {logging_mixin.py:137} INFO - [2023-05-05T18:23:31.302+0000] {dag.py:2690} INFO - Sync 3 DAGs
[2023-05-05T18:23:31.451+0000] {logging_mixin.py:137} INFO - [2023-05-05T18:23:31.451+0000] {dag.py:3437} INFO - Setting next_dagrun for example_branch_datetime_operator to 2023-05-04T00:00:00+00:00, run_after=2023-05-05T00:00:00+00:00
[2023-05-05T18:23:31.455+0000] {logging_mixin.py:137} INFO - [2023-05-05T18:23:31.455+0000] {dag.py:3437} INFO - Setting next_dagrun for example_branch_datetime_operator_2 to 2023-05-04T00:00:00+00:00, run_after=2023-05-05T00:00:00+00:00
[2023-05-05T18:23:31.457+0000] {logging_mixin.py:137} INFO - [2023-05-05T18:23:31.457+0000] {dag.py:3437} INFO - Setting next_dagrun for example_branch_datetime_operator_3 to 2023-05-04T00:00:00+00:00, run_after=2023-05-05T00:00:00+00:00
[2023-05-05T18:23:31.510+0000] {processor.py:175} INFO - Processing /usr/local/python/3.10.4/lib/python3.10/site-packages/airflow/example_dags/example_branch_datetime_operator.py took 0.258 seconds
[2023-05-05T18:24:22.472+0000] {processor.py:153} INFO - Started process (PID=5646) to work on /usr/local/python/3.10.4/lib/python3.10/site-packages/airflow/example_dags/example_branch_datetime_operator.py
[2023-05-05T18:24:22.473+0000] {processor.py:743} INFO - Processing file /usr/local/python/3.10.4/lib/python3.10/site-packages/airflow/example_dags/example_branch_datetime_operator.py for tasks to queue
[2023-05-05T18:24:22.474+0000] {logging_mixin.py:137} INFO - [2023-05-05T18:24:22.474+0000] {dagbag.py:538} INFO - Filling up the DagBag from /usr/local/python/3.10.4/lib/python3.10/site-packages/airflow/example_dags/example_branch_datetime_operator.py
[2023-05-05T18:24:22.492+0000] {processor.py:753} INFO - DAG(s) dict_keys(['example_branch_datetime_operator_2', 'example_branch_datetime_operator', 'example_branch_datetime_operator_3']) retrieved from /usr/local/python/3.10.4/lib/python3.10/site-packages/airflow/example_dags/example_branch_datetime_operator.py
[2023-05-05T18:24:22.516+0000] {logging_mixin.py:137} INFO - [2023-05-05T18:24:22.516+0000] {dag.py:2690} INFO - Sync 3 DAGs
[2023-05-05T18:24:22.536+0000] {logging_mixin.py:137} INFO - [2023-05-05T18:24:22.536+0000] {dag.py:3437} INFO - Setting next_dagrun for example_branch_datetime_operator to 2023-05-04T00:00:00+00:00, run_after=2023-05-05T00:00:00+00:00
[2023-05-05T18:24:22.540+0000] {logging_mixin.py:137} INFO - [2023-05-05T18:24:22.540+0000] {dag.py:3437} INFO - Setting next_dagrun for example_branch_datetime_operator_2 to 2023-05-04T00:00:00+00:00, run_after=2023-05-05T00:00:00+00:00
[2023-05-05T18:24:22.542+0000] {logging_mixin.py:137} INFO - [2023-05-05T18:24:22.542+0000] {dag.py:3437} INFO - Setting next_dagrun for example_branch_datetime_operator_3 to 2023-05-04T00:00:00+00:00, run_after=2023-05-05T00:00:00+00:00
[2023-05-05T18:24:22.600+0000] {processor.py:175} INFO - Processing /usr/local/python/3.10.4/lib/python3.10/site-packages/airflow/example_dags/example_branch_datetime_operator.py took 0.131 seconds
[2023-05-05T18:25:03.882+0000] {processor.py:153} INFO - Started process (PID=5970) to work on /usr/local/python/3.10.4/lib/python3.10/site-packages/airflow/example_dags/example_branch_datetime_operator.py
[2023-05-05T18:25:03.883+0000] {processor.py:743} INFO - Processing file /usr/local/python/3.10.4/lib/python3.10/site-packages/airflow/example_dags/example_branch_datetime_operator.py for tasks to queue
[2023-05-05T18:25:03.884+0000] {logging_mixin.py:137} INFO - [2023-05-05T18:25:03.884+0000] {dagbag.py:538} INFO - Filling up the DagBag from /usr/local/python/3.10.4/lib/python3.10/site-packages/airflow/example_dags/example_branch_datetime_operator.py
[2023-05-05T18:25:03.903+0000] {processor.py:753} INFO - DAG(s) dict_keys(['example_branch_datetime_operator', 'example_branch_datetime_operator_3', 'example_branch_datetime_operator_2']) retrieved from /usr/local/python/3.10.4/lib/python3.10/site-packages/airflow/example_dags/example_branch_datetime_operator.py
[2023-05-05T18:25:03.927+0000] {logging_mixin.py:137} INFO - [2023-05-05T18:25:03.926+0000] {dag.py:2690} INFO - Sync 3 DAGs
[2023-05-05T18:25:03.947+0000] {logging_mixin.py:137} INFO - [2023-05-05T18:25:03.947+0000] {dag.py:3437} INFO - Setting next_dagrun for example_branch_datetime_operator to 2023-05-04T00:00:00+00:00, run_after=2023-05-05T00:00:00+00:00
[2023-05-05T18:25:03.952+0000] {logging_mixin.py:137} INFO - [2023-05-05T18:25:03.952+0000] {dag.py:3437} INFO - Setting next_dagrun for example_branch_datetime_operator_2 to 2023-05-04T00:00:00+00:00, run_after=2023-05-05T00:00:00+00:00
[2023-05-05T18:25:03.954+0000] {logging_mixin.py:137} INFO - [2023-05-05T18:25:03.954+0000] {dag.py:3437} INFO - Setting next_dagrun for example_branch_datetime_operator_3 to 2023-05-04T00:00:00+00:00, run_after=2023-05-05T00:00:00+00:00
[2023-05-05T18:25:04.005+0000] {processor.py:175} INFO - Processing /usr/local/python/3.10.4/lib/python3.10/site-packages/airflow/example_dags/example_branch_datetime_operator.py took 0.127 seconds
[2023-05-05T18:25:50.737+0000] {processor.py:153} INFO - Started process (PID=6289) to work on /usr/local/python/3.10.4/lib/python3.10/site-packages/airflow/example_dags/example_branch_datetime_operator.py
[2023-05-05T18:25:50.739+0000] {processor.py:743} INFO - Processing file /usr/local/python/3.10.4/lib/python3.10/site-packages/airflow/example_dags/example_branch_datetime_operator.py for tasks to queue
[2023-05-05T18:25:50.740+0000] {logging_mixin.py:137} INFO - [2023-05-05T18:25:50.739+0000] {dagbag.py:538} INFO - Filling up the DagBag from /usr/local/python/3.10.4/lib/python3.10/site-packages/airflow/example_dags/example_branch_datetime_operator.py
[2023-05-05T18:25:50.760+0000] {processor.py:753} INFO - DAG(s) dict_keys(['example_branch_datetime_operator_2', 'example_branch_datetime_operator', 'example_branch_datetime_operator_3']) retrieved from /usr/local/python/3.10.4/lib/python3.10/site-packages/airflow/example_dags/example_branch_datetime_operator.py
[2023-05-05T18:25:50.798+0000] {logging_mixin.py:137} INFO - [2023-05-05T18:25:50.798+0000] {dag.py:2690} INFO - Sync 3 DAGs
[2023-05-05T18:25:50.821+0000] {logging_mixin.py:137} INFO - [2023-05-05T18:25:50.821+0000] {dag.py:3437} INFO - Setting next_dagrun for example_branch_datetime_operator to 2023-05-04T00:00:00+00:00, run_after=2023-05-05T00:00:00+00:00
[2023-05-05T18:25:50.825+0000] {logging_mixin.py:137} INFO - [2023-05-05T18:25:50.825+0000] {dag.py:3437} INFO - Setting next_dagrun for example_branch_datetime_operator_2 to 2023-05-04T00:00:00+00:00, run_after=2023-05-05T00:00:00+00:00
[2023-05-05T18:25:50.827+0000] {logging_mixin.py:137} INFO - [2023-05-05T18:25:50.827+0000] {dag.py:3437} INFO - Setting next_dagrun for example_branch_datetime_operator_3 to 2023-05-04T00:00:00+00:00, run_after=2023-05-05T00:00:00+00:00
[2023-05-05T18:25:50.884+0000] {processor.py:175} INFO - Processing /usr/local/python/3.10.4/lib/python3.10/site-packages/airflow/example_dags/example_branch_datetime_operator.py took 0.150 seconds
[2023-05-05T18:26:43.017+0000] {processor.py:153} INFO - Started process (PID=6653) to work on /usr/local/python/3.10.4/lib/python3.10/site-packages/airflow/example_dags/example_branch_datetime_operator.py
[2023-05-05T18:26:43.018+0000] {processor.py:743} INFO - Processing file /usr/local/python/3.10.4/lib/python3.10/site-packages/airflow/example_dags/example_branch_datetime_operator.py for tasks to queue
[2023-05-05T18:26:43.020+0000] {logging_mixin.py:137} INFO - [2023-05-05T18:26:43.020+0000] {dagbag.py:538} INFO - Filling up the DagBag from /usr/local/python/3.10.4/lib/python3.10/site-packages/airflow/example_dags/example_branch_datetime_operator.py
[2023-05-05T18:26:43.050+0000] {processor.py:753} INFO - DAG(s) dict_keys(['example_branch_datetime_operator', 'example_branch_datetime_operator_2', 'example_branch_datetime_operator_3']) retrieved from /usr/local/python/3.10.4/lib/python3.10/site-packages/airflow/example_dags/example_branch_datetime_operator.py
[2023-05-05T18:26:43.075+0000] {logging_mixin.py:137} INFO - [2023-05-05T18:26:43.075+0000] {dag.py:2690} INFO - Sync 3 DAGs
[2023-05-05T18:26:43.099+0000] {logging_mixin.py:137} INFO - [2023-05-05T18:26:43.099+0000] {dag.py:3437} INFO - Setting next_dagrun for example_branch_datetime_operator to 2023-05-04T00:00:00+00:00, run_after=2023-05-05T00:00:00+00:00
[2023-05-05T18:26:43.105+0000] {logging_mixin.py:137} INFO - [2023-05-05T18:26:43.105+0000] {dag.py:3437} INFO - Setting next_dagrun for example_branch_datetime_operator_2 to 2023-05-04T00:00:00+00:00, run_after=2023-05-05T00:00:00+00:00
[2023-05-05T18:26:43.108+0000] {logging_mixin.py:137} INFO - [2023-05-05T18:26:43.108+0000] {dag.py:3437} INFO - Setting next_dagrun for example_branch_datetime_operator_3 to 2023-05-04T00:00:00+00:00, run_after=2023-05-05T00:00:00+00:00
[2023-05-05T18:26:43.168+0000] {processor.py:175} INFO - Processing /usr/local/python/3.10.4/lib/python3.10/site-packages/airflow/example_dags/example_branch_datetime_operator.py took 0.156 seconds
[2023-05-05T18:27:33.297+0000] {processor.py:153} INFO - Started process (PID=7012) to work on /usr/local/python/3.10.4/lib/python3.10/site-packages/airflow/example_dags/example_branch_datetime_operator.py
[2023-05-05T18:27:33.299+0000] {processor.py:743} INFO - Processing file /usr/local/python/3.10.4/lib/python3.10/site-packages/airflow/example_dags/example_branch_datetime_operator.py for tasks to queue
[2023-05-05T18:27:33.299+0000] {logging_mixin.py:137} INFO - [2023-05-05T18:27:33.299+0000] {dagbag.py:538} INFO - Filling up the DagBag from /usr/local/python/3.10.4/lib/python3.10/site-packages/airflow/example_dags/example_branch_datetime_operator.py
[2023-05-05T18:27:33.319+0000] {processor.py:753} INFO - DAG(s) dict_keys(['example_branch_datetime_operator', 'example_branch_datetime_operator_3', 'example_branch_datetime_operator_2']) retrieved from /usr/local/python/3.10.4/lib/python3.10/site-packages/airflow/example_dags/example_branch_datetime_operator.py
[2023-05-05T18:27:33.343+0000] {logging_mixin.py:137} INFO - [2023-05-05T18:27:33.343+0000] {dag.py:2690} INFO - Sync 3 DAGs
[2023-05-05T18:27:33.365+0000] {logging_mixin.py:137} INFO - [2023-05-05T18:27:33.365+0000] {dag.py:3437} INFO - Setting next_dagrun for example_branch_datetime_operator to 2023-05-04T00:00:00+00:00, run_after=2023-05-05T00:00:00+00:00
[2023-05-05T18:27:33.369+0000] {logging_mixin.py:137} INFO - [2023-05-05T18:27:33.369+0000] {dag.py:3437} INFO - Setting next_dagrun for example_branch_datetime_operator_2 to 2023-05-04T00:00:00+00:00, run_after=2023-05-05T00:00:00+00:00
[2023-05-05T18:27:33.371+0000] {logging_mixin.py:137} INFO - [2023-05-05T18:27:33.371+0000] {dag.py:3437} INFO - Setting next_dagrun for example_branch_datetime_operator_3 to 2023-05-04T00:00:00+00:00, run_after=2023-05-05T00:00:00+00:00
[2023-05-05T18:27:33.421+0000] {processor.py:175} INFO - Processing /usr/local/python/3.10.4/lib/python3.10/site-packages/airflow/example_dags/example_branch_datetime_operator.py took 0.128 seconds
[2023-05-05T18:28:21.526+0000] {processor.py:153} INFO - Started process (PID=7906) to work on /usr/local/python/3.10.4/lib/python3.10/site-packages/airflow/example_dags/example_branch_datetime_operator.py
[2023-05-05T18:28:21.527+0000] {processor.py:743} INFO - Processing file /usr/local/python/3.10.4/lib/python3.10/site-packages/airflow/example_dags/example_branch_datetime_operator.py for tasks to queue
[2023-05-05T18:28:21.528+0000] {logging_mixin.py:137} INFO - [2023-05-05T18:28:21.528+0000] {dagbag.py:538} INFO - Filling up the DagBag from /usr/local/python/3.10.4/lib/python3.10/site-packages/airflow/example_dags/example_branch_datetime_operator.py
[2023-05-05T18:28:21.548+0000] {processor.py:753} INFO - DAG(s) dict_keys(['example_branch_datetime_operator_3', 'example_branch_datetime_operator_2', 'example_branch_datetime_operator']) retrieved from /usr/local/python/3.10.4/lib/python3.10/site-packages/airflow/example_dags/example_branch_datetime_operator.py
[2023-05-05T18:28:21.570+0000] {logging_mixin.py:137} INFO - [2023-05-05T18:28:21.570+0000] {dag.py:2690} INFO - Sync 3 DAGs
[2023-05-05T18:28:21.589+0000] {logging_mixin.py:137} INFO - [2023-05-05T18:28:21.589+0000] {dag.py:3437} INFO - Setting next_dagrun for example_branch_datetime_operator to 2023-05-04T00:00:00+00:00, run_after=2023-05-05T00:00:00+00:00
[2023-05-05T18:28:21.593+0000] {logging_mixin.py:137} INFO - [2023-05-05T18:28:21.593+0000] {dag.py:3437} INFO - Setting next_dagrun for example_branch_datetime_operator_2 to 2023-05-04T00:00:00+00:00, run_after=2023-05-05T00:00:00+00:00
[2023-05-05T18:28:21.595+0000] {logging_mixin.py:137} INFO - [2023-05-05T18:28:21.595+0000] {dag.py:3437} INFO - Setting next_dagrun for example_branch_datetime_operator_3 to 2023-05-04T00:00:00+00:00, run_after=2023-05-05T00:00:00+00:00
[2023-05-05T18:28:21.649+0000] {processor.py:175} INFO - Processing /usr/local/python/3.10.4/lib/python3.10/site-packages/airflow/example_dags/example_branch_datetime_operator.py took 0.127 seconds
[2023-05-05T18:29:04.714+0000] {processor.py:153} INFO - Started process (PID=8186) to work on /usr/local/python/3.10.4/lib/python3.10/site-packages/airflow/example_dags/example_branch_datetime_operator.py
[2023-05-05T18:29:04.716+0000] {processor.py:743} INFO - Processing file /usr/local/python/3.10.4/lib/python3.10/site-packages/airflow/example_dags/example_branch_datetime_operator.py for tasks to queue
[2023-05-05T18:29:04.717+0000] {logging_mixin.py:137} INFO - [2023-05-05T18:29:04.716+0000] {dagbag.py:538} INFO - Filling up the DagBag from /usr/local/python/3.10.4/lib/python3.10/site-packages/airflow/example_dags/example_branch_datetime_operator.py
[2023-05-05T18:29:04.736+0000] {processor.py:753} INFO - DAG(s) dict_keys(['example_branch_datetime_operator', 'example_branch_datetime_operator_2', 'example_branch_datetime_operator_3']) retrieved from /usr/local/python/3.10.4/lib/python3.10/site-packages/airflow/example_dags/example_branch_datetime_operator.py
[2023-05-05T18:29:04.758+0000] {logging_mixin.py:137} INFO - [2023-05-05T18:29:04.758+0000] {dag.py:2690} INFO - Sync 3 DAGs
[2023-05-05T18:29:04.778+0000] {logging_mixin.py:137} INFO - [2023-05-05T18:29:04.778+0000] {dag.py:3437} INFO - Setting next_dagrun for example_branch_datetime_operator to 2023-05-04T00:00:00+00:00, run_after=2023-05-05T00:00:00+00:00
[2023-05-05T18:29:04.782+0000] {logging_mixin.py:137} INFO - [2023-05-05T18:29:04.782+0000] {dag.py:3437} INFO - Setting next_dagrun for example_branch_datetime_operator_2 to 2023-05-04T00:00:00+00:00, run_after=2023-05-05T00:00:00+00:00
[2023-05-05T18:29:04.784+0000] {logging_mixin.py:137} INFO - [2023-05-05T18:29:04.784+0000] {dag.py:3437} INFO - Setting next_dagrun for example_branch_datetime_operator_3 to 2023-05-04T00:00:00+00:00, run_after=2023-05-05T00:00:00+00:00
[2023-05-05T18:29:04.835+0000] {processor.py:175} INFO - Processing /usr/local/python/3.10.4/lib/python3.10/site-packages/airflow/example_dags/example_branch_datetime_operator.py took 0.124 seconds
[2023-05-05T18:29:58.045+0000] {processor.py:153} INFO - Started process (PID=8635) to work on /usr/local/python/3.10.4/lib/python3.10/site-packages/airflow/example_dags/example_branch_datetime_operator.py
[2023-05-05T18:29:58.046+0000] {processor.py:743} INFO - Processing file /usr/local/python/3.10.4/lib/python3.10/site-packages/airflow/example_dags/example_branch_datetime_operator.py for tasks to queue
[2023-05-05T18:29:58.047+0000] {logging_mixin.py:137} INFO - [2023-05-05T18:29:58.047+0000] {dagbag.py:538} INFO - Filling up the DagBag from /usr/local/python/3.10.4/lib/python3.10/site-packages/airflow/example_dags/example_branch_datetime_operator.py
[2023-05-05T18:29:58.071+0000] {processor.py:753} INFO - DAG(s) dict_keys(['example_branch_datetime_operator_3', 'example_branch_datetime_operator', 'example_branch_datetime_operator_2']) retrieved from /usr/local/python/3.10.4/lib/python3.10/site-packages/airflow/example_dags/example_branch_datetime_operator.py
[2023-05-05T18:29:58.094+0000] {logging_mixin.py:137} INFO - [2023-05-05T18:29:58.094+0000] {dag.py:2690} INFO - Sync 3 DAGs
[2023-05-05T18:29:58.114+0000] {logging_mixin.py:137} INFO - [2023-05-05T18:29:58.114+0000] {dag.py:3437} INFO - Setting next_dagrun for example_branch_datetime_operator to 2023-05-04T00:00:00+00:00, run_after=2023-05-05T00:00:00+00:00
[2023-05-05T18:29:58.118+0000] {logging_mixin.py:137} INFO - [2023-05-05T18:29:58.118+0000] {dag.py:3437} INFO - Setting next_dagrun for example_branch_datetime_operator_2 to 2023-05-04T00:00:00+00:00, run_after=2023-05-05T00:00:00+00:00
[2023-05-05T18:29:58.120+0000] {logging_mixin.py:137} INFO - [2023-05-05T18:29:58.120+0000] {dag.py:3437} INFO - Setting next_dagrun for example_branch_datetime_operator_3 to 2023-05-04T00:00:00+00:00, run_after=2023-05-05T00:00:00+00:00
[2023-05-05T18:29:58.172+0000] {processor.py:175} INFO - Processing /usr/local/python/3.10.4/lib/python3.10/site-packages/airflow/example_dags/example_branch_datetime_operator.py took 0.131 seconds
[2023-05-05T18:30:47.093+0000] {processor.py:153} INFO - Started process (PID=9093) to work on /usr/local/python/3.10.4/lib/python3.10/site-packages/airflow/example_dags/example_branch_datetime_operator.py
[2023-05-05T18:30:47.094+0000] {processor.py:743} INFO - Processing file /usr/local/python/3.10.4/lib/python3.10/site-packages/airflow/example_dags/example_branch_datetime_operator.py for tasks to queue
[2023-05-05T18:30:47.095+0000] {logging_mixin.py:137} INFO - [2023-05-05T18:30:47.095+0000] {dagbag.py:538} INFO - Filling up the DagBag from /usr/local/python/3.10.4/lib/python3.10/site-packages/airflow/example_dags/example_branch_datetime_operator.py
[2023-05-05T18:30:47.115+0000] {processor.py:753} INFO - DAG(s) dict_keys(['example_branch_datetime_operator', 'example_branch_datetime_operator_2', 'example_branch_datetime_operator_3']) retrieved from /usr/local/python/3.10.4/lib/python3.10/site-packages/airflow/example_dags/example_branch_datetime_operator.py
[2023-05-05T18:30:47.140+0000] {logging_mixin.py:137} INFO - [2023-05-05T18:30:47.140+0000] {dag.py:2690} INFO - Sync 3 DAGs
[2023-05-05T18:30:47.161+0000] {logging_mixin.py:137} INFO - [2023-05-05T18:30:47.160+0000] {dag.py:3437} INFO - Setting next_dagrun for example_branch_datetime_operator to 2023-05-04T00:00:00+00:00, run_after=2023-05-05T00:00:00+00:00
[2023-05-05T18:30:47.164+0000] {logging_mixin.py:137} INFO - [2023-05-05T18:30:47.164+0000] {dag.py:3437} INFO - Setting next_dagrun for example_branch_datetime_operator_2 to 2023-05-04T00:00:00+00:00, run_after=2023-05-05T00:00:00+00:00
[2023-05-05T18:30:47.167+0000] {logging_mixin.py:137} INFO - [2023-05-05T18:30:47.167+0000] {dag.py:3437} INFO - Setting next_dagrun for example_branch_datetime_operator_3 to 2023-05-04T00:00:00+00:00, run_after=2023-05-05T00:00:00+00:00
[2023-05-05T18:30:47.217+0000] {processor.py:175} INFO - Processing /usr/local/python/3.10.4/lib/python3.10/site-packages/airflow/example_dags/example_branch_datetime_operator.py took 0.128 seconds
[2023-05-05T18:31:36.394+0000] {processor.py:153} INFO - Started process (PID=9562) to work on /usr/local/python/3.10.4/lib/python3.10/site-packages/airflow/example_dags/example_branch_datetime_operator.py
[2023-05-05T18:31:36.395+0000] {processor.py:743} INFO - Processing file /usr/local/python/3.10.4/lib/python3.10/site-packages/airflow/example_dags/example_branch_datetime_operator.py for tasks to queue
[2023-05-05T18:31:36.396+0000] {logging_mixin.py:137} INFO - [2023-05-05T18:31:36.395+0000] {dagbag.py:538} INFO - Filling up the DagBag from /usr/local/python/3.10.4/lib/python3.10/site-packages/airflow/example_dags/example_branch_datetime_operator.py
[2023-05-05T18:31:36.414+0000] {processor.py:753} INFO - DAG(s) dict_keys(['example_branch_datetime_operator_3', 'example_branch_datetime_operator_2', 'example_branch_datetime_operator']) retrieved from /usr/local/python/3.10.4/lib/python3.10/site-packages/airflow/example_dags/example_branch_datetime_operator.py
[2023-05-05T18:31:36.437+0000] {logging_mixin.py:137} INFO - [2023-05-05T18:31:36.437+0000] {dag.py:2690} INFO - Sync 3 DAGs
[2023-05-05T18:31:36.458+0000] {logging_mixin.py:137} INFO - [2023-05-05T18:31:36.457+0000] {dag.py:3437} INFO - Setting next_dagrun for example_branch_datetime_operator to 2023-05-04T00:00:00+00:00, run_after=2023-05-05T00:00:00+00:00
[2023-05-05T18:31:36.461+0000] {logging_mixin.py:137} INFO - [2023-05-05T18:31:36.461+0000] {dag.py:3437} INFO - Setting next_dagrun for example_branch_datetime_operator_2 to 2023-05-04T00:00:00+00:00, run_after=2023-05-05T00:00:00+00:00
[2023-05-05T18:31:36.464+0000] {logging_mixin.py:137} INFO - [2023-05-05T18:31:36.464+0000] {dag.py:3437} INFO - Setting next_dagrun for example_branch_datetime_operator_3 to 2023-05-04T00:00:00+00:00, run_after=2023-05-05T00:00:00+00:00
[2023-05-05T18:31:36.530+0000] {processor.py:175} INFO - Processing /usr/local/python/3.10.4/lib/python3.10/site-packages/airflow/example_dags/example_branch_datetime_operator.py took 0.139 seconds
[2023-05-05T18:32:27.324+0000] {processor.py:153} INFO - Started process (PID=10091) to work on /usr/local/python/3.10.4/lib/python3.10/site-packages/airflow/example_dags/example_branch_datetime_operator.py
[2023-05-05T18:32:27.325+0000] {processor.py:743} INFO - Processing file /usr/local/python/3.10.4/lib/python3.10/site-packages/airflow/example_dags/example_branch_datetime_operator.py for tasks to queue
[2023-05-05T18:32:27.326+0000] {logging_mixin.py:137} INFO - [2023-05-05T18:32:27.326+0000] {dagbag.py:538} INFO - Filling up the DagBag from /usr/local/python/3.10.4/lib/python3.10/site-packages/airflow/example_dags/example_branch_datetime_operator.py
[2023-05-05T18:32:27.346+0000] {processor.py:753} INFO - DAG(s) dict_keys(['example_branch_datetime_operator_2', 'example_branch_datetime_operator_3', 'example_branch_datetime_operator']) retrieved from /usr/local/python/3.10.4/lib/python3.10/site-packages/airflow/example_dags/example_branch_datetime_operator.py
[2023-05-05T18:32:27.371+0000] {logging_mixin.py:137} INFO - [2023-05-05T18:32:27.371+0000] {dag.py:2690} INFO - Sync 3 DAGs
[2023-05-05T18:32:27.392+0000] {logging_mixin.py:137} INFO - [2023-05-05T18:32:27.392+0000] {dag.py:3437} INFO - Setting next_dagrun for example_branch_datetime_operator to 2023-05-04T00:00:00+00:00, run_after=2023-05-05T00:00:00+00:00
[2023-05-05T18:32:27.396+0000] {logging_mixin.py:137} INFO - [2023-05-05T18:32:27.396+0000] {dag.py:3437} INFO - Setting next_dagrun for example_branch_datetime_operator_2 to 2023-05-04T00:00:00+00:00, run_after=2023-05-05T00:00:00+00:00
[2023-05-05T18:32:27.398+0000] {logging_mixin.py:137} INFO - [2023-05-05T18:32:27.398+0000] {dag.py:3437} INFO - Setting next_dagrun for example_branch_datetime_operator_3 to 2023-05-04T00:00:00+00:00, run_after=2023-05-05T00:00:00+00:00
[2023-05-05T18:32:27.451+0000] {processor.py:175} INFO - Processing /usr/local/python/3.10.4/lib/python3.10/site-packages/airflow/example_dags/example_branch_datetime_operator.py took 0.131 seconds
[2023-05-05T18:33:09.230+0000] {processor.py:153} INFO - Started process (PID=10435) to work on /usr/local/python/3.10.4/lib/python3.10/site-packages/airflow/example_dags/example_branch_datetime_operator.py
[2023-05-05T18:33:09.231+0000] {processor.py:743} INFO - Processing file /usr/local/python/3.10.4/lib/python3.10/site-packages/airflow/example_dags/example_branch_datetime_operator.py for tasks to queue
[2023-05-05T18:33:09.232+0000] {logging_mixin.py:137} INFO - [2023-05-05T18:33:09.232+0000] {dagbag.py:538} INFO - Filling up the DagBag from /usr/local/python/3.10.4/lib/python3.10/site-packages/airflow/example_dags/example_branch_datetime_operator.py
[2023-05-05T18:33:09.253+0000] {processor.py:753} INFO - DAG(s) dict_keys(['example_branch_datetime_operator', 'example_branch_datetime_operator_3', 'example_branch_datetime_operator_2']) retrieved from /usr/local/python/3.10.4/lib/python3.10/site-packages/airflow/example_dags/example_branch_datetime_operator.py
[2023-05-05T18:33:09.286+0000] {logging_mixin.py:137} INFO - [2023-05-05T18:33:09.286+0000] {dag.py:2690} INFO - Sync 3 DAGs
[2023-05-05T18:33:09.308+0000] {logging_mixin.py:137} INFO - [2023-05-05T18:33:09.308+0000] {dag.py:3437} INFO - Setting next_dagrun for example_branch_datetime_operator to 2023-05-04T00:00:00+00:00, run_after=2023-05-05T00:00:00+00:00
[2023-05-05T18:33:09.312+0000] {logging_mixin.py:137} INFO - [2023-05-05T18:33:09.312+0000] {dag.py:3437} INFO - Setting next_dagrun for example_branch_datetime_operator_2 to 2023-05-04T00:00:00+00:00, run_after=2023-05-05T00:00:00+00:00
[2023-05-05T18:33:09.316+0000] {logging_mixin.py:137} INFO - [2023-05-05T18:33:09.315+0000] {dag.py:3437} INFO - Setting next_dagrun for example_branch_datetime_operator_3 to 2023-05-04T00:00:00+00:00, run_after=2023-05-05T00:00:00+00:00
[2023-05-05T18:33:09.372+0000] {processor.py:175} INFO - Processing /usr/local/python/3.10.4/lib/python3.10/site-packages/airflow/example_dags/example_branch_datetime_operator.py took 0.146 seconds
[2023-05-05T18:33:58.644+0000] {processor.py:153} INFO - Started process (PID=10883) to work on /usr/local/python/3.10.4/lib/python3.10/site-packages/airflow/example_dags/example_branch_datetime_operator.py
[2023-05-05T18:33:58.645+0000] {processor.py:743} INFO - Processing file /usr/local/python/3.10.4/lib/python3.10/site-packages/airflow/example_dags/example_branch_datetime_operator.py for tasks to queue
[2023-05-05T18:33:58.646+0000] {logging_mixin.py:137} INFO - [2023-05-05T18:33:58.646+0000] {dagbag.py:538} INFO - Filling up the DagBag from /usr/local/python/3.10.4/lib/python3.10/site-packages/airflow/example_dags/example_branch_datetime_operator.py
[2023-05-05T18:33:58.665+0000] {processor.py:753} INFO - DAG(s) dict_keys(['example_branch_datetime_operator_3', 'example_branch_datetime_operator', 'example_branch_datetime_operator_2']) retrieved from /usr/local/python/3.10.4/lib/python3.10/site-packages/airflow/example_dags/example_branch_datetime_operator.py
[2023-05-05T18:33:58.689+0000] {logging_mixin.py:137} INFO - [2023-05-05T18:33:58.689+0000] {dag.py:2690} INFO - Sync 3 DAGs
[2023-05-05T18:33:58.709+0000] {logging_mixin.py:137} INFO - [2023-05-05T18:33:58.709+0000] {dag.py:3437} INFO - Setting next_dagrun for example_branch_datetime_operator to 2023-05-04T00:00:00+00:00, run_after=2023-05-05T00:00:00+00:00
[2023-05-05T18:33:58.713+0000] {logging_mixin.py:137} INFO - [2023-05-05T18:33:58.713+0000] {dag.py:3437} INFO - Setting next_dagrun for example_branch_datetime_operator_2 to 2023-05-04T00:00:00+00:00, run_after=2023-05-05T00:00:00+00:00
[2023-05-05T18:33:58.715+0000] {logging_mixin.py:137} INFO - [2023-05-05T18:33:58.715+0000] {dag.py:3437} INFO - Setting next_dagrun for example_branch_datetime_operator_3 to 2023-05-04T00:00:00+00:00, run_after=2023-05-05T00:00:00+00:00
[2023-05-05T18:33:58.767+0000] {processor.py:175} INFO - Processing /usr/local/python/3.10.4/lib/python3.10/site-packages/airflow/example_dags/example_branch_datetime_operator.py took 0.126 seconds
