[2023-05-05T18:22:03.895+0000] {processor.py:153} INFO - Started process (PID=4705) to work on /usr/local/python/3.10.4/lib/python3.10/site-packages/airflow/example_dags/example_sla_dag.py
[2023-05-05T18:22:03.896+0000] {processor.py:743} INFO - Processing file /usr/local/python/3.10.4/lib/python3.10/site-packages/airflow/example_dags/example_sla_dag.py for tasks to queue
[2023-05-05T18:22:03.896+0000] {logging_mixin.py:137} INFO - [2023-05-05T18:22:03.896+0000] {dagbag.py:538} INFO - Filling up the DagBag from /usr/local/python/3.10.4/lib/python3.10/site-packages/airflow/example_dags/example_sla_dag.py
[2023-05-05T18:22:03.922+0000] {processor.py:753} INFO - DAG(s) dict_keys(['example_sla_dag']) retrieved from /usr/local/python/3.10.4/lib/python3.10/site-packages/airflow/example_dags/example_sla_dag.py
[2023-05-05T18:22:04.088+0000] {logging_mixin.py:137} INFO - [2023-05-05T18:22:04.088+0000] {manager.py:504} INFO - Created Permission View: can delete on DAG:example_sla_dag
[2023-05-05T18:22:04.147+0000] {logging_mixin.py:137} INFO - [2023-05-05T18:22:04.147+0000] {manager.py:504} INFO - Created Permission View: can read on DAG:example_sla_dag
[2023-05-05T18:22:04.188+0000] {logging_mixin.py:137} INFO - [2023-05-05T18:22:04.187+0000] {manager.py:504} INFO - Created Permission View: can edit on DAG:example_sla_dag
[2023-05-05T18:22:04.188+0000] {logging_mixin.py:137} INFO - [2023-05-05T18:22:04.188+0000] {dag.py:2690} INFO - Sync 1 DAGs
[2023-05-05T18:22:04.197+0000] {logging_mixin.py:137} INFO - [2023-05-05T18:22:04.197+0000] {dag.py:2711} INFO - Creating ORM DAG for example_sla_dag
[2023-05-05T18:22:04.209+0000] {logging_mixin.py:137} INFO - [2023-05-05T18:22:04.208+0000] {dag.py:3437} INFO - Setting next_dagrun for example_sla_dag to 2023-05-05T18:20:00+00:00, run_after=2023-05-05T18:22:00+00:00
[2023-05-05T18:22:04.266+0000] {processor.py:175} INFO - Processing /usr/local/python/3.10.4/lib/python3.10/site-packages/airflow/example_dags/example_sla_dag.py took 0.374 seconds
[2023-05-05T18:22:55.036+0000] {processor.py:153} INFO - Started process (PID=5070) to work on /usr/local/python/3.10.4/lib/python3.10/site-packages/airflow/example_dags/example_sla_dag.py
[2023-05-05T18:22:55.037+0000] {processor.py:743} INFO - Processing file /usr/local/python/3.10.4/lib/python3.10/site-packages/airflow/example_dags/example_sla_dag.py for tasks to queue
[2023-05-05T18:22:55.038+0000] {logging_mixin.py:137} INFO - [2023-05-05T18:22:55.038+0000] {dagbag.py:538} INFO - Filling up the DagBag from /usr/local/python/3.10.4/lib/python3.10/site-packages/airflow/example_dags/example_sla_dag.py
[2023-05-05T18:22:55.075+0000] {processor.py:753} INFO - DAG(s) dict_keys(['example_sla_dag']) retrieved from /usr/local/python/3.10.4/lib/python3.10/site-packages/airflow/example_dags/example_sla_dag.py
[2023-05-05T18:22:55.097+0000] {logging_mixin.py:137} INFO - [2023-05-05T18:22:55.097+0000] {dag.py:2690} INFO - Sync 1 DAGs
[2023-05-05T18:22:55.119+0000] {logging_mixin.py:137} INFO - [2023-05-05T18:22:55.119+0000] {dag.py:3437} INFO - Setting next_dagrun for example_sla_dag to 2023-05-05T18:20:00+00:00, run_after=2023-05-05T18:22:00+00:00
[2023-05-05T18:22:55.176+0000] {processor.py:175} INFO - Processing /usr/local/python/3.10.4/lib/python3.10/site-packages/airflow/example_dags/example_sla_dag.py took 0.143 seconds
[2023-05-05T18:23:45.427+0000] {processor.py:153} INFO - Started process (PID=5403) to work on /usr/local/python/3.10.4/lib/python3.10/site-packages/airflow/example_dags/example_sla_dag.py
[2023-05-05T18:23:45.428+0000] {processor.py:743} INFO - Processing file /usr/local/python/3.10.4/lib/python3.10/site-packages/airflow/example_dags/example_sla_dag.py for tasks to queue
[2023-05-05T18:23:45.429+0000] {logging_mixin.py:137} INFO - [2023-05-05T18:23:45.429+0000] {dagbag.py:538} INFO - Filling up the DagBag from /usr/local/python/3.10.4/lib/python3.10/site-packages/airflow/example_dags/example_sla_dag.py
[2023-05-05T18:23:45.589+0000] {processor.py:753} INFO - DAG(s) dict_keys(['example_sla_dag']) retrieved from /usr/local/python/3.10.4/lib/python3.10/site-packages/airflow/example_dags/example_sla_dag.py
[2023-05-05T18:23:45.602+0000] {logging_mixin.py:137} INFO - [2023-05-05T18:23:45.602+0000] {dag.py:2690} INFO - Sync 1 DAGs
[2023-05-05T18:23:45.623+0000] {logging_mixin.py:137} INFO - [2023-05-05T18:23:45.622+0000] {dag.py:3437} INFO - Setting next_dagrun for example_sla_dag to 2023-05-05T18:20:00+00:00, run_after=2023-05-05T18:22:00+00:00
[2023-05-05T18:23:45.672+0000] {processor.py:175} INFO - Processing /usr/local/python/3.10.4/lib/python3.10/site-packages/airflow/example_dags/example_sla_dag.py took 0.249 seconds
[2023-05-05T18:24:31.449+0000] {processor.py:153} INFO - Started process (PID=5729) to work on /usr/local/python/3.10.4/lib/python3.10/site-packages/airflow/example_dags/example_sla_dag.py
[2023-05-05T18:24:31.450+0000] {processor.py:743} INFO - Processing file /usr/local/python/3.10.4/lib/python3.10/site-packages/airflow/example_dags/example_sla_dag.py for tasks to queue
[2023-05-05T18:24:31.451+0000] {logging_mixin.py:137} INFO - [2023-05-05T18:24:31.451+0000] {dagbag.py:538} INFO - Filling up the DagBag from /usr/local/python/3.10.4/lib/python3.10/site-packages/airflow/example_dags/example_sla_dag.py
[2023-05-05T18:24:31.476+0000] {processor.py:753} INFO - DAG(s) dict_keys(['example_sla_dag']) retrieved from /usr/local/python/3.10.4/lib/python3.10/site-packages/airflow/example_dags/example_sla_dag.py
[2023-05-05T18:24:31.494+0000] {logging_mixin.py:137} INFO - [2023-05-05T18:24:31.494+0000] {dag.py:2690} INFO - Sync 1 DAGs
[2023-05-05T18:24:31.521+0000] {logging_mixin.py:137} INFO - [2023-05-05T18:24:31.520+0000] {dag.py:3437} INFO - Setting next_dagrun for example_sla_dag to 2023-05-05T18:22:00+00:00, run_after=2023-05-05T18:24:00+00:00
[2023-05-05T18:24:31.577+0000] {processor.py:175} INFO - Processing /usr/local/python/3.10.4/lib/python3.10/site-packages/airflow/example_dags/example_sla_dag.py took 0.132 seconds
[2023-05-05T18:25:08.942+0000] {processor.py:153} INFO - Started process (PID=6009) to work on /usr/local/python/3.10.4/lib/python3.10/site-packages/airflow/example_dags/example_sla_dag.py
[2023-05-05T18:25:08.943+0000] {processor.py:743} INFO - Processing file /usr/local/python/3.10.4/lib/python3.10/site-packages/airflow/example_dags/example_sla_dag.py for tasks to queue
[2023-05-05T18:25:08.944+0000] {logging_mixin.py:137} INFO - [2023-05-05T18:25:08.944+0000] {dagbag.py:538} INFO - Filling up the DagBag from /usr/local/python/3.10.4/lib/python3.10/site-packages/airflow/example_dags/example_sla_dag.py
[2023-05-05T18:25:08.970+0000] {processor.py:753} INFO - DAG(s) dict_keys(['example_sla_dag']) retrieved from /usr/local/python/3.10.4/lib/python3.10/site-packages/airflow/example_dags/example_sla_dag.py
[2023-05-05T18:25:08.988+0000] {logging_mixin.py:137} INFO - [2023-05-05T18:25:08.988+0000] {dag.py:2690} INFO - Sync 1 DAGs
[2023-05-05T18:25:09.010+0000] {logging_mixin.py:137} INFO - [2023-05-05T18:25:09.010+0000] {dag.py:3437} INFO - Setting next_dagrun for example_sla_dag to 2023-05-05T18:22:00+00:00, run_after=2023-05-05T18:24:00+00:00
[2023-05-05T18:25:09.070+0000] {processor.py:175} INFO - Processing /usr/local/python/3.10.4/lib/python3.10/site-packages/airflow/example_dags/example_sla_dag.py took 0.131 seconds
[2023-05-05T18:25:57.742+0000] {processor.py:153} INFO - Started process (PID=6344) to work on /usr/local/python/3.10.4/lib/python3.10/site-packages/airflow/example_dags/example_sla_dag.py
[2023-05-05T18:25:57.743+0000] {processor.py:743} INFO - Processing file /usr/local/python/3.10.4/lib/python3.10/site-packages/airflow/example_dags/example_sla_dag.py for tasks to queue
[2023-05-05T18:25:57.744+0000] {logging_mixin.py:137} INFO - [2023-05-05T18:25:57.744+0000] {dagbag.py:538} INFO - Filling up the DagBag from /usr/local/python/3.10.4/lib/python3.10/site-packages/airflow/example_dags/example_sla_dag.py
[2023-05-05T18:25:57.770+0000] {processor.py:753} INFO - DAG(s) dict_keys(['example_sla_dag']) retrieved from /usr/local/python/3.10.4/lib/python3.10/site-packages/airflow/example_dags/example_sla_dag.py
[2023-05-05T18:25:57.787+0000] {logging_mixin.py:137} INFO - [2023-05-05T18:25:57.787+0000] {dag.py:2690} INFO - Sync 1 DAGs
[2023-05-05T18:25:57.810+0000] {logging_mixin.py:137} INFO - [2023-05-05T18:25:57.810+0000] {dag.py:3437} INFO - Setting next_dagrun for example_sla_dag to 2023-05-05T18:22:00+00:00, run_after=2023-05-05T18:24:00+00:00
[2023-05-05T18:25:57.861+0000] {processor.py:175} INFO - Processing /usr/local/python/3.10.4/lib/python3.10/site-packages/airflow/example_dags/example_sla_dag.py took 0.123 seconds
[2023-05-05T18:26:37.600+0000] {processor.py:153} INFO - Started process (PID=6627) to work on /usr/local/python/3.10.4/lib/python3.10/site-packages/airflow/example_dags/example_sla_dag.py
[2023-05-05T18:26:37.601+0000] {processor.py:743} INFO - Processing file /usr/local/python/3.10.4/lib/python3.10/site-packages/airflow/example_dags/example_sla_dag.py for tasks to queue
[2023-05-05T18:26:37.602+0000] {logging_mixin.py:137} INFO - [2023-05-05T18:26:37.602+0000] {dagbag.py:538} INFO - Filling up the DagBag from /usr/local/python/3.10.4/lib/python3.10/site-packages/airflow/example_dags/example_sla_dag.py
[2023-05-05T18:26:37.628+0000] {processor.py:753} INFO - DAG(s) dict_keys(['example_sla_dag']) retrieved from /usr/local/python/3.10.4/lib/python3.10/site-packages/airflow/example_dags/example_sla_dag.py
[2023-05-05T18:26:37.646+0000] {logging_mixin.py:137} INFO - [2023-05-05T18:26:37.646+0000] {dag.py:2690} INFO - Sync 1 DAGs
[2023-05-05T18:26:37.667+0000] {logging_mixin.py:137} INFO - [2023-05-05T18:26:37.667+0000] {dag.py:3437} INFO - Setting next_dagrun for example_sla_dag to 2023-05-05T18:24:00+00:00, run_after=2023-05-05T18:26:00+00:00
[2023-05-05T18:26:37.724+0000] {processor.py:175} INFO - Processing /usr/local/python/3.10.4/lib/python3.10/site-packages/airflow/example_dags/example_sla_dag.py took 0.128 seconds
[2023-05-05T18:27:16.049+0000] {processor.py:153} INFO - Started process (PID=6879) to work on /usr/local/python/3.10.4/lib/python3.10/site-packages/airflow/example_dags/example_sla_dag.py
[2023-05-05T18:27:16.050+0000] {processor.py:743} INFO - Processing file /usr/local/python/3.10.4/lib/python3.10/site-packages/airflow/example_dags/example_sla_dag.py for tasks to queue
[2023-05-05T18:27:16.051+0000] {logging_mixin.py:137} INFO - [2023-05-05T18:27:16.050+0000] {dagbag.py:538} INFO - Filling up the DagBag from /usr/local/python/3.10.4/lib/python3.10/site-packages/airflow/example_dags/example_sla_dag.py
[2023-05-05T18:27:16.077+0000] {processor.py:753} INFO - DAG(s) dict_keys(['example_sla_dag']) retrieved from /usr/local/python/3.10.4/lib/python3.10/site-packages/airflow/example_dags/example_sla_dag.py
[2023-05-05T18:27:16.096+0000] {logging_mixin.py:137} INFO - [2023-05-05T18:27:16.096+0000] {dag.py:2690} INFO - Sync 1 DAGs
[2023-05-05T18:27:16.119+0000] {logging_mixin.py:137} INFO - [2023-05-05T18:27:16.119+0000] {dag.py:3437} INFO - Setting next_dagrun for example_sla_dag to 2023-05-05T18:24:00+00:00, run_after=2023-05-05T18:26:00+00:00
[2023-05-05T18:27:16.174+0000] {processor.py:175} INFO - Processing /usr/local/python/3.10.4/lib/python3.10/site-packages/airflow/example_dags/example_sla_dag.py took 0.129 seconds
[2023-05-05T18:27:52.312+0000] {processor.py:153} INFO - Started process (PID=7163) to work on /usr/local/python/3.10.4/lib/python3.10/site-packages/airflow/example_dags/example_sla_dag.py
[2023-05-05T18:27:52.313+0000] {processor.py:743} INFO - Processing file /usr/local/python/3.10.4/lib/python3.10/site-packages/airflow/example_dags/example_sla_dag.py for tasks to queue
[2023-05-05T18:27:52.314+0000] {logging_mixin.py:137} INFO - [2023-05-05T18:27:52.314+0000] {dagbag.py:538} INFO - Filling up the DagBag from /usr/local/python/3.10.4/lib/python3.10/site-packages/airflow/example_dags/example_sla_dag.py
[2023-05-05T18:27:52.341+0000] {processor.py:753} INFO - DAG(s) dict_keys(['example_sla_dag']) retrieved from /usr/local/python/3.10.4/lib/python3.10/site-packages/airflow/example_dags/example_sla_dag.py
[2023-05-05T18:27:52.361+0000] {logging_mixin.py:137} INFO - [2023-05-05T18:27:52.361+0000] {dag.py:2690} INFO - Sync 1 DAGs
[2023-05-05T18:27:52.383+0000] {logging_mixin.py:137} INFO - [2023-05-05T18:27:52.383+0000] {dag.py:3437} INFO - Setting next_dagrun for example_sla_dag to 2023-05-05T18:24:00+00:00, run_after=2023-05-05T18:26:00+00:00
[2023-05-05T18:27:52.434+0000] {processor.py:175} INFO - Processing /usr/local/python/3.10.4/lib/python3.10/site-packages/airflow/example_dags/example_sla_dag.py took 0.126 seconds
[2023-05-05T18:28:29.783+0000] {processor.py:153} INFO - Started process (PID=7963) to work on /usr/local/python/3.10.4/lib/python3.10/site-packages/airflow/example_dags/example_sla_dag.py
[2023-05-05T18:28:29.784+0000] {processor.py:743} INFO - Processing file /usr/local/python/3.10.4/lib/python3.10/site-packages/airflow/example_dags/example_sla_dag.py for tasks to queue
[2023-05-05T18:28:29.785+0000] {logging_mixin.py:137} INFO - [2023-05-05T18:28:29.784+0000] {dagbag.py:538} INFO - Filling up the DagBag from /usr/local/python/3.10.4/lib/python3.10/site-packages/airflow/example_dags/example_sla_dag.py
[2023-05-05T18:28:29.810+0000] {processor.py:753} INFO - DAG(s) dict_keys(['example_sla_dag']) retrieved from /usr/local/python/3.10.4/lib/python3.10/site-packages/airflow/example_dags/example_sla_dag.py
[2023-05-05T18:28:29.827+0000] {logging_mixin.py:137} INFO - [2023-05-05T18:28:29.827+0000] {dag.py:2690} INFO - Sync 1 DAGs
[2023-05-05T18:28:29.849+0000] {logging_mixin.py:137} INFO - [2023-05-05T18:28:29.849+0000] {dag.py:3437} INFO - Setting next_dagrun for example_sla_dag to 2023-05-05T18:26:00+00:00, run_after=2023-05-05T18:28:00+00:00
[2023-05-05T18:28:29.900+0000] {processor.py:175} INFO - Processing /usr/local/python/3.10.4/lib/python3.10/site-packages/airflow/example_dags/example_sla_dag.py took 0.121 seconds
[2023-05-05T18:29:10.809+0000] {processor.py:153} INFO - Started process (PID=8251) to work on /usr/local/python/3.10.4/lib/python3.10/site-packages/airflow/example_dags/example_sla_dag.py
[2023-05-05T18:29:10.811+0000] {processor.py:743} INFO - Processing file /usr/local/python/3.10.4/lib/python3.10/site-packages/airflow/example_dags/example_sla_dag.py for tasks to queue
[2023-05-05T18:29:10.811+0000] {logging_mixin.py:137} INFO - [2023-05-05T18:29:10.811+0000] {dagbag.py:538} INFO - Filling up the DagBag from /usr/local/python/3.10.4/lib/python3.10/site-packages/airflow/example_dags/example_sla_dag.py
[2023-05-05T18:29:10.836+0000] {processor.py:753} INFO - DAG(s) dict_keys(['example_sla_dag']) retrieved from /usr/local/python/3.10.4/lib/python3.10/site-packages/airflow/example_dags/example_sla_dag.py
[2023-05-05T18:29:10.856+0000] {logging_mixin.py:137} INFO - [2023-05-05T18:29:10.856+0000] {dag.py:2690} INFO - Sync 1 DAGs
[2023-05-05T18:29:10.876+0000] {logging_mixin.py:137} INFO - [2023-05-05T18:29:10.876+0000] {dag.py:3437} INFO - Setting next_dagrun for example_sla_dag to 2023-05-05T18:26:00+00:00, run_after=2023-05-05T18:28:00+00:00
[2023-05-05T18:29:10.933+0000] {processor.py:175} INFO - Processing /usr/local/python/3.10.4/lib/python3.10/site-packages/airflow/example_dags/example_sla_dag.py took 0.127 seconds
[2023-05-05T18:29:51.830+0000] {processor.py:153} INFO - Started process (PID=8600) to work on /usr/local/python/3.10.4/lib/python3.10/site-packages/airflow/example_dags/example_sla_dag.py
[2023-05-05T18:29:51.831+0000] {processor.py:743} INFO - Processing file /usr/local/python/3.10.4/lib/python3.10/site-packages/airflow/example_dags/example_sla_dag.py for tasks to queue
[2023-05-05T18:29:51.832+0000] {logging_mixin.py:137} INFO - [2023-05-05T18:29:51.832+0000] {dagbag.py:538} INFO - Filling up the DagBag from /usr/local/python/3.10.4/lib/python3.10/site-packages/airflow/example_dags/example_sla_dag.py
[2023-05-05T18:29:51.863+0000] {processor.py:753} INFO - DAG(s) dict_keys(['example_sla_dag']) retrieved from /usr/local/python/3.10.4/lib/python3.10/site-packages/airflow/example_dags/example_sla_dag.py
[2023-05-05T18:29:51.883+0000] {logging_mixin.py:137} INFO - [2023-05-05T18:29:51.882+0000] {dag.py:2690} INFO - Sync 1 DAGs
[2023-05-05T18:29:51.903+0000] {logging_mixin.py:137} INFO - [2023-05-05T18:29:51.903+0000] {dag.py:3437} INFO - Setting next_dagrun for example_sla_dag to 2023-05-05T18:26:00+00:00, run_after=2023-05-05T18:28:00+00:00
[2023-05-05T18:29:51.954+0000] {processor.py:175} INFO - Processing /usr/local/python/3.10.4/lib/python3.10/site-packages/airflow/example_dags/example_sla_dag.py took 0.127 seconds
[2023-05-05T18:30:27.416+0000] {processor.py:153} INFO - Started process (PID=8921) to work on /usr/local/python/3.10.4/lib/python3.10/site-packages/airflow/example_dags/example_sla_dag.py
[2023-05-05T18:30:27.417+0000] {processor.py:743} INFO - Processing file /usr/local/python/3.10.4/lib/python3.10/site-packages/airflow/example_dags/example_sla_dag.py for tasks to queue
[2023-05-05T18:30:27.418+0000] {logging_mixin.py:137} INFO - [2023-05-05T18:30:27.418+0000] {dagbag.py:538} INFO - Filling up the DagBag from /usr/local/python/3.10.4/lib/python3.10/site-packages/airflow/example_dags/example_sla_dag.py
[2023-05-05T18:30:27.444+0000] {processor.py:753} INFO - DAG(s) dict_keys(['example_sla_dag']) retrieved from /usr/local/python/3.10.4/lib/python3.10/site-packages/airflow/example_dags/example_sla_dag.py
[2023-05-05T18:30:27.462+0000] {logging_mixin.py:137} INFO - [2023-05-05T18:30:27.462+0000] {dag.py:2690} INFO - Sync 1 DAGs
[2023-05-05T18:30:27.483+0000] {logging_mixin.py:137} INFO - [2023-05-05T18:30:27.483+0000] {dag.py:3437} INFO - Setting next_dagrun for example_sla_dag to 2023-05-05T18:28:00+00:00, run_after=2023-05-05T18:30:00+00:00
[2023-05-05T18:30:27.535+0000] {processor.py:175} INFO - Processing /usr/local/python/3.10.4/lib/python3.10/site-packages/airflow/example_dags/example_sla_dag.py took 0.123 seconds
[2023-05-05T18:31:07.695+0000] {processor.py:153} INFO - Started process (PID=9257) to work on /usr/local/python/3.10.4/lib/python3.10/site-packages/airflow/example_dags/example_sla_dag.py
[2023-05-05T18:31:07.696+0000] {processor.py:743} INFO - Processing file /usr/local/python/3.10.4/lib/python3.10/site-packages/airflow/example_dags/example_sla_dag.py for tasks to queue
[2023-05-05T18:31:07.697+0000] {logging_mixin.py:137} INFO - [2023-05-05T18:31:07.697+0000] {dagbag.py:538} INFO - Filling up the DagBag from /usr/local/python/3.10.4/lib/python3.10/site-packages/airflow/example_dags/example_sla_dag.py
[2023-05-05T18:31:07.724+0000] {processor.py:753} INFO - DAG(s) dict_keys(['example_sla_dag']) retrieved from /usr/local/python/3.10.4/lib/python3.10/site-packages/airflow/example_dags/example_sla_dag.py
[2023-05-05T18:31:07.743+0000] {logging_mixin.py:137} INFO - [2023-05-05T18:31:07.743+0000] {dag.py:2690} INFO - Sync 1 DAGs
[2023-05-05T18:31:07.765+0000] {logging_mixin.py:137} INFO - [2023-05-05T18:31:07.765+0000] {dag.py:3437} INFO - Setting next_dagrun for example_sla_dag to 2023-05-05T18:28:00+00:00, run_after=2023-05-05T18:30:00+00:00
[2023-05-05T18:31:07.820+0000] {processor.py:175} INFO - Processing /usr/local/python/3.10.4/lib/python3.10/site-packages/airflow/example_dags/example_sla_dag.py took 0.128 seconds
[2023-05-05T18:31:42.913+0000] {processor.py:153} INFO - Started process (PID=9599) to work on /usr/local/python/3.10.4/lib/python3.10/site-packages/airflow/example_dags/example_sla_dag.py
[2023-05-05T18:31:42.914+0000] {processor.py:743} INFO - Processing file /usr/local/python/3.10.4/lib/python3.10/site-packages/airflow/example_dags/example_sla_dag.py for tasks to queue
[2023-05-05T18:31:42.915+0000] {logging_mixin.py:137} INFO - [2023-05-05T18:31:42.915+0000] {dagbag.py:538} INFO - Filling up the DagBag from /usr/local/python/3.10.4/lib/python3.10/site-packages/airflow/example_dags/example_sla_dag.py
[2023-05-05T18:31:42.941+0000] {processor.py:753} INFO - DAG(s) dict_keys(['example_sla_dag']) retrieved from /usr/local/python/3.10.4/lib/python3.10/site-packages/airflow/example_dags/example_sla_dag.py
[2023-05-05T18:31:42.959+0000] {logging_mixin.py:137} INFO - [2023-05-05T18:31:42.959+0000] {dag.py:2690} INFO - Sync 1 DAGs
[2023-05-05T18:31:42.980+0000] {logging_mixin.py:137} INFO - [2023-05-05T18:31:42.980+0000] {dag.py:3437} INFO - Setting next_dagrun for example_sla_dag to 2023-05-05T18:28:00+00:00, run_after=2023-05-05T18:30:00+00:00
[2023-05-05T18:31:43.037+0000] {processor.py:175} INFO - Processing /usr/local/python/3.10.4/lib/python3.10/site-packages/airflow/example_dags/example_sla_dag.py took 0.128 seconds
[2023-05-05T18:32:21.025+0000] {processor.py:153} INFO - Started process (PID=10026) to work on /usr/local/python/3.10.4/lib/python3.10/site-packages/airflow/example_dags/example_sla_dag.py
[2023-05-05T18:32:21.026+0000] {processor.py:743} INFO - Processing file /usr/local/python/3.10.4/lib/python3.10/site-packages/airflow/example_dags/example_sla_dag.py for tasks to queue
[2023-05-05T18:32:21.028+0000] {logging_mixin.py:137} INFO - [2023-05-05T18:32:21.028+0000] {dagbag.py:538} INFO - Filling up the DagBag from /usr/local/python/3.10.4/lib/python3.10/site-packages/airflow/example_dags/example_sla_dag.py
[2023-05-05T18:32:21.059+0000] {processor.py:753} INFO - DAG(s) dict_keys(['example_sla_dag']) retrieved from /usr/local/python/3.10.4/lib/python3.10/site-packages/airflow/example_dags/example_sla_dag.py
[2023-05-05T18:32:21.079+0000] {logging_mixin.py:137} INFO - [2023-05-05T18:32:21.079+0000] {dag.py:2690} INFO - Sync 1 DAGs
[2023-05-05T18:32:21.100+0000] {logging_mixin.py:137} INFO - [2023-05-05T18:32:21.100+0000] {dag.py:3437} INFO - Setting next_dagrun for example_sla_dag to 2023-05-05T18:30:00+00:00, run_after=2023-05-05T18:32:00+00:00
[2023-05-05T18:32:21.151+0000] {processor.py:175} INFO - Processing /usr/local/python/3.10.4/lib/python3.10/site-packages/airflow/example_dags/example_sla_dag.py took 0.134 seconds
[2023-05-05T18:33:02.934+0000] {processor.py:153} INFO - Started process (PID=10360) to work on /usr/local/python/3.10.4/lib/python3.10/site-packages/airflow/example_dags/example_sla_dag.py
[2023-05-05T18:33:02.935+0000] {processor.py:743} INFO - Processing file /usr/local/python/3.10.4/lib/python3.10/site-packages/airflow/example_dags/example_sla_dag.py for tasks to queue
[2023-05-05T18:33:02.936+0000] {logging_mixin.py:137} INFO - [2023-05-05T18:33:02.935+0000] {dagbag.py:538} INFO - Filling up the DagBag from /usr/local/python/3.10.4/lib/python3.10/site-packages/airflow/example_dags/example_sla_dag.py
[2023-05-05T18:33:02.962+0000] {processor.py:753} INFO - DAG(s) dict_keys(['example_sla_dag']) retrieved from /usr/local/python/3.10.4/lib/python3.10/site-packages/airflow/example_dags/example_sla_dag.py
[2023-05-05T18:33:02.983+0000] {logging_mixin.py:137} INFO - [2023-05-05T18:33:02.983+0000] {dag.py:2690} INFO - Sync 1 DAGs
[2023-05-05T18:33:03.007+0000] {logging_mixin.py:137} INFO - [2023-05-05T18:33:03.007+0000] {dag.py:3437} INFO - Setting next_dagrun for example_sla_dag to 2023-05-05T18:30:00+00:00, run_after=2023-05-05T18:32:00+00:00
[2023-05-05T18:33:03.059+0000] {processor.py:175} INFO - Processing /usr/local/python/3.10.4/lib/python3.10/site-packages/airflow/example_dags/example_sla_dag.py took 0.130 seconds
[2023-05-05T18:33:39.724+0000] {processor.py:153} INFO - Started process (PID=10685) to work on /usr/local/python/3.10.4/lib/python3.10/site-packages/airflow/example_dags/example_sla_dag.py
[2023-05-05T18:33:39.725+0000] {processor.py:743} INFO - Processing file /usr/local/python/3.10.4/lib/python3.10/site-packages/airflow/example_dags/example_sla_dag.py for tasks to queue
[2023-05-05T18:33:39.726+0000] {logging_mixin.py:137} INFO - [2023-05-05T18:33:39.726+0000] {dagbag.py:538} INFO - Filling up the DagBag from /usr/local/python/3.10.4/lib/python3.10/site-packages/airflow/example_dags/example_sla_dag.py
[2023-05-05T18:33:39.752+0000] {processor.py:753} INFO - DAG(s) dict_keys(['example_sla_dag']) retrieved from /usr/local/python/3.10.4/lib/python3.10/site-packages/airflow/example_dags/example_sla_dag.py
[2023-05-05T18:33:39.775+0000] {logging_mixin.py:137} INFO - [2023-05-05T18:33:39.775+0000] {dag.py:2690} INFO - Sync 1 DAGs
[2023-05-05T18:33:39.797+0000] {logging_mixin.py:137} INFO - [2023-05-05T18:33:39.797+0000] {dag.py:3437} INFO - Setting next_dagrun for example_sla_dag to 2023-05-05T18:30:00+00:00, run_after=2023-05-05T18:32:00+00:00
[2023-05-05T18:33:39.850+0000] {processor.py:175} INFO - Processing /usr/local/python/3.10.4/lib/python3.10/site-packages/airflow/example_dags/example_sla_dag.py took 0.130 seconds
[2023-05-05T18:34:17.605+0000] {processor.py:153} INFO - Started process (PID=11066) to work on /usr/local/python/3.10.4/lib/python3.10/site-packages/airflow/example_dags/example_sla_dag.py
[2023-05-05T18:34:17.607+0000] {processor.py:743} INFO - Processing file /usr/local/python/3.10.4/lib/python3.10/site-packages/airflow/example_dags/example_sla_dag.py for tasks to queue
[2023-05-05T18:34:17.607+0000] {logging_mixin.py:137} INFO - [2023-05-05T18:34:17.607+0000] {dagbag.py:538} INFO - Filling up the DagBag from /usr/local/python/3.10.4/lib/python3.10/site-packages/airflow/example_dags/example_sla_dag.py
[2023-05-05T18:34:17.634+0000] {processor.py:753} INFO - DAG(s) dict_keys(['example_sla_dag']) retrieved from /usr/local/python/3.10.4/lib/python3.10/site-packages/airflow/example_dags/example_sla_dag.py
[2023-05-05T18:34:17.651+0000] {logging_mixin.py:137} INFO - [2023-05-05T18:34:17.651+0000] {dag.py:2690} INFO - Sync 1 DAGs
[2023-05-05T18:34:17.673+0000] {logging_mixin.py:137} INFO - [2023-05-05T18:34:17.673+0000] {dag.py:3437} INFO - Setting next_dagrun for example_sla_dag to 2023-05-05T18:32:00+00:00, run_after=2023-05-05T18:34:00+00:00
[2023-05-05T18:34:17.726+0000] {processor.py:175} INFO - Processing /usr/local/python/3.10.4/lib/python3.10/site-packages/airflow/example_dags/example_sla_dag.py took 0.125 seconds
