[2023-05-05T18:21:50.011+0000] {processor.py:153} INFO - Started process (PID=4612) to work on /usr/local/python/3.10.4/lib/python3.10/site-packages/airflow/example_dags/tutorial_dag.py
[2023-05-05T18:21:50.012+0000] {processor.py:743} INFO - Processing file /usr/local/python/3.10.4/lib/python3.10/site-packages/airflow/example_dags/tutorial_dag.py for tasks to queue
[2023-05-05T18:21:50.013+0000] {logging_mixin.py:137} INFO - [2023-05-05T18:21:50.013+0000] {dagbag.py:538} INFO - Filling up the DagBag from /usr/local/python/3.10.4/lib/python3.10/site-packages/airflow/example_dags/tutorial_dag.py
[2023-05-05T18:21:50.033+0000] {processor.py:753} INFO - DAG(s) dict_keys(['tutorial_dag']) retrieved from /usr/local/python/3.10.4/lib/python3.10/site-packages/airflow/example_dags/tutorial_dag.py
[2023-05-05T18:21:50.226+0000] {logging_mixin.py:137} INFO - [2023-05-05T18:21:50.226+0000] {manager.py:504} INFO - Created Permission View: can delete on DAG:tutorial_dag
[2023-05-05T18:21:50.267+0000] {logging_mixin.py:137} INFO - [2023-05-05T18:21:50.267+0000] {manager.py:504} INFO - Created Permission View: can read on DAG:tutorial_dag
[2023-05-05T18:21:50.309+0000] {logging_mixin.py:137} INFO - [2023-05-05T18:21:50.309+0000] {manager.py:504} INFO - Created Permission View: can edit on DAG:tutorial_dag
[2023-05-05T18:21:50.309+0000] {logging_mixin.py:137} INFO - [2023-05-05T18:21:50.309+0000] {dag.py:2690} INFO - Sync 1 DAGs
[2023-05-05T18:21:50.320+0000] {logging_mixin.py:137} INFO - [2023-05-05T18:21:50.320+0000] {dag.py:2711} INFO - Creating ORM DAG for tutorial_dag
[2023-05-05T18:21:50.328+0000] {logging_mixin.py:137} INFO - [2023-05-05T18:21:50.328+0000] {dag.py:3437} INFO - Setting next_dagrun for tutorial_dag to None, run_after=None
[2023-05-05T18:21:50.386+0000] {processor.py:175} INFO - Processing /usr/local/python/3.10.4/lib/python3.10/site-packages/airflow/example_dags/tutorial_dag.py took 0.378 seconds
[2023-05-05T18:22:44.472+0000] {processor.py:153} INFO - Started process (PID=4991) to work on /usr/local/python/3.10.4/lib/python3.10/site-packages/airflow/example_dags/tutorial_dag.py
[2023-05-05T18:22:44.473+0000] {processor.py:743} INFO - Processing file /usr/local/python/3.10.4/lib/python3.10/site-packages/airflow/example_dags/tutorial_dag.py for tasks to queue
[2023-05-05T18:22:44.473+0000] {logging_mixin.py:137} INFO - [2023-05-05T18:22:44.473+0000] {dagbag.py:538} INFO - Filling up the DagBag from /usr/local/python/3.10.4/lib/python3.10/site-packages/airflow/example_dags/tutorial_dag.py
[2023-05-05T18:22:44.488+0000] {processor.py:753} INFO - DAG(s) dict_keys(['tutorial_dag']) retrieved from /usr/local/python/3.10.4/lib/python3.10/site-packages/airflow/example_dags/tutorial_dag.py
[2023-05-05T18:22:44.506+0000] {logging_mixin.py:137} INFO - [2023-05-05T18:22:44.506+0000] {dag.py:2690} INFO - Sync 1 DAGs
[2023-05-05T18:22:44.524+0000] {logging_mixin.py:137} INFO - [2023-05-05T18:22:44.524+0000] {dag.py:3437} INFO - Setting next_dagrun for tutorial_dag to None, run_after=None
[2023-05-05T18:22:44.578+0000] {processor.py:175} INFO - Processing /usr/local/python/3.10.4/lib/python3.10/site-packages/airflow/example_dags/tutorial_dag.py took 0.110 seconds
[2023-05-05T18:23:23.994+0000] {processor.py:153} INFO - Started process (PID=5265) to work on /usr/local/python/3.10.4/lib/python3.10/site-packages/airflow/example_dags/tutorial_dag.py
[2023-05-05T18:23:23.995+0000] {processor.py:743} INFO - Processing file /usr/local/python/3.10.4/lib/python3.10/site-packages/airflow/example_dags/tutorial_dag.py for tasks to queue
[2023-05-05T18:23:23.996+0000] {logging_mixin.py:137} INFO - [2023-05-05T18:23:23.996+0000] {dagbag.py:538} INFO - Filling up the DagBag from /usr/local/python/3.10.4/lib/python3.10/site-packages/airflow/example_dags/tutorial_dag.py
[2023-05-05T18:23:24.011+0000] {processor.py:753} INFO - DAG(s) dict_keys(['tutorial_dag']) retrieved from /usr/local/python/3.10.4/lib/python3.10/site-packages/airflow/example_dags/tutorial_dag.py
[2023-05-05T18:23:24.033+0000] {logging_mixin.py:137} INFO - [2023-05-05T18:23:24.033+0000] {dag.py:2690} INFO - Sync 1 DAGs
[2023-05-05T18:23:24.186+0000] {logging_mixin.py:137} INFO - [2023-05-05T18:23:24.186+0000] {dag.py:3437} INFO - Setting next_dagrun for tutorial_dag to None, run_after=None
[2023-05-05T18:23:24.238+0000] {processor.py:175} INFO - Processing /usr/local/python/3.10.4/lib/python3.10/site-packages/airflow/example_dags/tutorial_dag.py took 0.248 seconds
[2023-05-05T18:24:01.953+0000] {processor.py:153} INFO - Started process (PID=5503) to work on /usr/local/python/3.10.4/lib/python3.10/site-packages/airflow/example_dags/tutorial_dag.py
[2023-05-05T18:24:01.954+0000] {processor.py:743} INFO - Processing file /usr/local/python/3.10.4/lib/python3.10/site-packages/airflow/example_dags/tutorial_dag.py for tasks to queue
[2023-05-05T18:24:01.954+0000] {logging_mixin.py:137} INFO - [2023-05-05T18:24:01.954+0000] {dagbag.py:538} INFO - Filling up the DagBag from /usr/local/python/3.10.4/lib/python3.10/site-packages/airflow/example_dags/tutorial_dag.py
[2023-05-05T18:24:01.969+0000] {processor.py:753} INFO - DAG(s) dict_keys(['tutorial_dag']) retrieved from /usr/local/python/3.10.4/lib/python3.10/site-packages/airflow/example_dags/tutorial_dag.py
[2023-05-05T18:24:01.988+0000] {logging_mixin.py:137} INFO - [2023-05-05T18:24:01.988+0000] {dag.py:2690} INFO - Sync 1 DAGs
[2023-05-05T18:24:02.005+0000] {logging_mixin.py:137} INFO - [2023-05-05T18:24:02.005+0000] {dag.py:3437} INFO - Setting next_dagrun for tutorial_dag to None, run_after=None
[2023-05-05T18:24:02.058+0000] {processor.py:175} INFO - Processing /usr/local/python/3.10.4/lib/python3.10/site-packages/airflow/example_dags/tutorial_dag.py took 0.108 seconds
[2023-05-05T18:24:44.255+0000] {processor.py:153} INFO - Started process (PID=5839) to work on /usr/local/python/3.10.4/lib/python3.10/site-packages/airflow/example_dags/tutorial_dag.py
[2023-05-05T18:24:44.256+0000] {processor.py:743} INFO - Processing file /usr/local/python/3.10.4/lib/python3.10/site-packages/airflow/example_dags/tutorial_dag.py for tasks to queue
[2023-05-05T18:24:44.257+0000] {logging_mixin.py:137} INFO - [2023-05-05T18:24:44.257+0000] {dagbag.py:538} INFO - Filling up the DagBag from /usr/local/python/3.10.4/lib/python3.10/site-packages/airflow/example_dags/tutorial_dag.py
[2023-05-05T18:24:44.272+0000] {processor.py:753} INFO - DAG(s) dict_keys(['tutorial_dag']) retrieved from /usr/local/python/3.10.4/lib/python3.10/site-packages/airflow/example_dags/tutorial_dag.py
[2023-05-05T18:24:44.291+0000] {logging_mixin.py:137} INFO - [2023-05-05T18:24:44.291+0000] {dag.py:2690} INFO - Sync 1 DAGs
[2023-05-05T18:24:44.309+0000] {logging_mixin.py:137} INFO - [2023-05-05T18:24:44.309+0000] {dag.py:3437} INFO - Setting next_dagrun for tutorial_dag to None, run_after=None
[2023-05-05T18:24:44.360+0000] {processor.py:175} INFO - Processing /usr/local/python/3.10.4/lib/python3.10/site-packages/airflow/example_dags/tutorial_dag.py took 0.109 seconds
[2023-05-05T18:25:21.608+0000] {processor.py:153} INFO - Started process (PID=6086) to work on /usr/local/python/3.10.4/lib/python3.10/site-packages/airflow/example_dags/tutorial_dag.py
[2023-05-05T18:25:21.609+0000] {processor.py:743} INFO - Processing file /usr/local/python/3.10.4/lib/python3.10/site-packages/airflow/example_dags/tutorial_dag.py for tasks to queue
[2023-05-05T18:25:21.610+0000] {logging_mixin.py:137} INFO - [2023-05-05T18:25:21.610+0000] {dagbag.py:538} INFO - Filling up the DagBag from /usr/local/python/3.10.4/lib/python3.10/site-packages/airflow/example_dags/tutorial_dag.py
[2023-05-05T18:25:21.624+0000] {processor.py:753} INFO - DAG(s) dict_keys(['tutorial_dag']) retrieved from /usr/local/python/3.10.4/lib/python3.10/site-packages/airflow/example_dags/tutorial_dag.py
[2023-05-05T18:25:21.642+0000] {logging_mixin.py:137} INFO - [2023-05-05T18:25:21.642+0000] {dag.py:2690} INFO - Sync 1 DAGs
[2023-05-05T18:25:21.660+0000] {logging_mixin.py:137} INFO - [2023-05-05T18:25:21.660+0000] {dag.py:3437} INFO - Setting next_dagrun for tutorial_dag to None, run_after=None
[2023-05-05T18:25:21.718+0000] {processor.py:175} INFO - Processing /usr/local/python/3.10.4/lib/python3.10/site-packages/airflow/example_dags/tutorial_dag.py took 0.113 seconds
[2023-05-05T18:25:56.504+0000] {processor.py:153} INFO - Started process (PID=6337) to work on /usr/local/python/3.10.4/lib/python3.10/site-packages/airflow/example_dags/tutorial_dag.py
[2023-05-05T18:25:56.505+0000] {processor.py:743} INFO - Processing file /usr/local/python/3.10.4/lib/python3.10/site-packages/airflow/example_dags/tutorial_dag.py for tasks to queue
[2023-05-05T18:25:56.506+0000] {logging_mixin.py:137} INFO - [2023-05-05T18:25:56.505+0000] {dagbag.py:538} INFO - Filling up the DagBag from /usr/local/python/3.10.4/lib/python3.10/site-packages/airflow/example_dags/tutorial_dag.py
[2023-05-05T18:25:56.521+0000] {processor.py:753} INFO - DAG(s) dict_keys(['tutorial_dag']) retrieved from /usr/local/python/3.10.4/lib/python3.10/site-packages/airflow/example_dags/tutorial_dag.py
[2023-05-05T18:25:56.539+0000] {logging_mixin.py:137} INFO - [2023-05-05T18:25:56.539+0000] {dag.py:2690} INFO - Sync 1 DAGs
[2023-05-05T18:25:56.558+0000] {logging_mixin.py:137} INFO - [2023-05-05T18:25:56.558+0000] {dag.py:3437} INFO - Setting next_dagrun for tutorial_dag to None, run_after=None
[2023-05-05T18:25:56.612+0000] {processor.py:175} INFO - Processing /usr/local/python/3.10.4/lib/python3.10/site-packages/airflow/example_dags/tutorial_dag.py took 0.112 seconds
[2023-05-05T18:26:36.340+0000] {processor.py:153} INFO - Started process (PID=6602) to work on /usr/local/python/3.10.4/lib/python3.10/site-packages/airflow/example_dags/tutorial_dag.py
[2023-05-05T18:26:36.341+0000] {processor.py:743} INFO - Processing file /usr/local/python/3.10.4/lib/python3.10/site-packages/airflow/example_dags/tutorial_dag.py for tasks to queue
[2023-05-05T18:26:36.342+0000] {logging_mixin.py:137} INFO - [2023-05-05T18:26:36.341+0000] {dagbag.py:538} INFO - Filling up the DagBag from /usr/local/python/3.10.4/lib/python3.10/site-packages/airflow/example_dags/tutorial_dag.py
[2023-05-05T18:26:36.359+0000] {processor.py:753} INFO - DAG(s) dict_keys(['tutorial_dag']) retrieved from /usr/local/python/3.10.4/lib/python3.10/site-packages/airflow/example_dags/tutorial_dag.py
[2023-05-05T18:26:36.391+0000] {logging_mixin.py:137} INFO - [2023-05-05T18:26:36.391+0000] {dag.py:2690} INFO - Sync 1 DAGs
[2023-05-05T18:26:36.425+0000] {logging_mixin.py:137} INFO - [2023-05-05T18:26:36.425+0000] {dag.py:3437} INFO - Setting next_dagrun for tutorial_dag to None, run_after=None
[2023-05-05T18:26:36.486+0000] {processor.py:175} INFO - Processing /usr/local/python/3.10.4/lib/python3.10/site-packages/airflow/example_dags/tutorial_dag.py took 0.150 seconds
[2023-05-05T18:27:14.787+0000] {processor.py:153} INFO - Started process (PID=6878) to work on /usr/local/python/3.10.4/lib/python3.10/site-packages/airflow/example_dags/tutorial_dag.py
[2023-05-05T18:27:14.788+0000] {processor.py:743} INFO - Processing file /usr/local/python/3.10.4/lib/python3.10/site-packages/airflow/example_dags/tutorial_dag.py for tasks to queue
[2023-05-05T18:27:14.789+0000] {logging_mixin.py:137} INFO - [2023-05-05T18:27:14.789+0000] {dagbag.py:538} INFO - Filling up the DagBag from /usr/local/python/3.10.4/lib/python3.10/site-packages/airflow/example_dags/tutorial_dag.py
[2023-05-05T18:27:14.804+0000] {processor.py:753} INFO - DAG(s) dict_keys(['tutorial_dag']) retrieved from /usr/local/python/3.10.4/lib/python3.10/site-packages/airflow/example_dags/tutorial_dag.py
[2023-05-05T18:27:14.825+0000] {logging_mixin.py:137} INFO - [2023-05-05T18:27:14.825+0000] {dag.py:2690} INFO - Sync 1 DAGs
[2023-05-05T18:27:14.844+0000] {logging_mixin.py:137} INFO - [2023-05-05T18:27:14.844+0000] {dag.py:3437} INFO - Setting next_dagrun for tutorial_dag to None, run_after=None
[2023-05-05T18:27:14.896+0000] {processor.py:175} INFO - Processing /usr/local/python/3.10.4/lib/python3.10/site-packages/airflow/example_dags/tutorial_dag.py took 0.113 seconds
[2023-05-05T18:27:51.039+0000] {processor.py:153} INFO - Started process (PID=7150) to work on /usr/local/python/3.10.4/lib/python3.10/site-packages/airflow/example_dags/tutorial_dag.py
[2023-05-05T18:27:51.040+0000] {processor.py:743} INFO - Processing file /usr/local/python/3.10.4/lib/python3.10/site-packages/airflow/example_dags/tutorial_dag.py for tasks to queue
[2023-05-05T18:27:51.040+0000] {logging_mixin.py:137} INFO - [2023-05-05T18:27:51.040+0000] {dagbag.py:538} INFO - Filling up the DagBag from /usr/local/python/3.10.4/lib/python3.10/site-packages/airflow/example_dags/tutorial_dag.py
[2023-05-05T18:27:51.056+0000] {processor.py:753} INFO - DAG(s) dict_keys(['tutorial_dag']) retrieved from /usr/local/python/3.10.4/lib/python3.10/site-packages/airflow/example_dags/tutorial_dag.py
[2023-05-05T18:27:51.076+0000] {logging_mixin.py:137} INFO - [2023-05-05T18:27:51.076+0000] {dag.py:2690} INFO - Sync 1 DAGs
[2023-05-05T18:27:51.095+0000] {logging_mixin.py:137} INFO - [2023-05-05T18:27:51.094+0000] {dag.py:3437} INFO - Setting next_dagrun for tutorial_dag to None, run_after=None
[2023-05-05T18:27:51.158+0000] {processor.py:175} INFO - Processing /usr/local/python/3.10.4/lib/python3.10/site-packages/airflow/example_dags/tutorial_dag.py took 0.123 seconds
[2023-05-05T18:28:27.573+0000] {processor.py:153} INFO - Started process (PID=7930) to work on /usr/local/python/3.10.4/lib/python3.10/site-packages/airflow/example_dags/tutorial_dag.py
[2023-05-05T18:28:27.574+0000] {processor.py:743} INFO - Processing file /usr/local/python/3.10.4/lib/python3.10/site-packages/airflow/example_dags/tutorial_dag.py for tasks to queue
[2023-05-05T18:28:27.575+0000] {logging_mixin.py:137} INFO - [2023-05-05T18:28:27.575+0000] {dagbag.py:538} INFO - Filling up the DagBag from /usr/local/python/3.10.4/lib/python3.10/site-packages/airflow/example_dags/tutorial_dag.py
[2023-05-05T18:28:27.589+0000] {processor.py:753} INFO - DAG(s) dict_keys(['tutorial_dag']) retrieved from /usr/local/python/3.10.4/lib/python3.10/site-packages/airflow/example_dags/tutorial_dag.py
[2023-05-05T18:28:27.607+0000] {logging_mixin.py:137} INFO - [2023-05-05T18:28:27.607+0000] {dag.py:2690} INFO - Sync 1 DAGs
[2023-05-05T18:28:27.625+0000] {logging_mixin.py:137} INFO - [2023-05-05T18:28:27.625+0000] {dag.py:3437} INFO - Setting next_dagrun for tutorial_dag to None, run_after=None
[2023-05-05T18:28:27.682+0000] {processor.py:175} INFO - Processing /usr/local/python/3.10.4/lib/python3.10/site-packages/airflow/example_dags/tutorial_dag.py took 0.112 seconds
[2023-05-05T18:29:08.301+0000] {processor.py:153} INFO - Started process (PID=8205) to work on /usr/local/python/3.10.4/lib/python3.10/site-packages/airflow/example_dags/tutorial_dag.py
[2023-05-05T18:29:08.302+0000] {processor.py:743} INFO - Processing file /usr/local/python/3.10.4/lib/python3.10/site-packages/airflow/example_dags/tutorial_dag.py for tasks to queue
[2023-05-05T18:29:08.303+0000] {logging_mixin.py:137} INFO - [2023-05-05T18:29:08.303+0000] {dagbag.py:538} INFO - Filling up the DagBag from /usr/local/python/3.10.4/lib/python3.10/site-packages/airflow/example_dags/tutorial_dag.py
[2023-05-05T18:29:08.317+0000] {processor.py:753} INFO - DAG(s) dict_keys(['tutorial_dag']) retrieved from /usr/local/python/3.10.4/lib/python3.10/site-packages/airflow/example_dags/tutorial_dag.py
[2023-05-05T18:29:08.336+0000] {logging_mixin.py:137} INFO - [2023-05-05T18:29:08.336+0000] {dag.py:2690} INFO - Sync 1 DAGs
[2023-05-05T18:29:08.360+0000] {logging_mixin.py:137} INFO - [2023-05-05T18:29:08.360+0000] {dag.py:3437} INFO - Setting next_dagrun for tutorial_dag to None, run_after=None
[2023-05-05T18:29:08.417+0000] {processor.py:175} INFO - Processing /usr/local/python/3.10.4/lib/python3.10/site-packages/airflow/example_dags/tutorial_dag.py took 0.120 seconds
[2023-05-05T18:29:49.327+0000] {processor.py:153} INFO - Started process (PID=8563) to work on /usr/local/python/3.10.4/lib/python3.10/site-packages/airflow/example_dags/tutorial_dag.py
[2023-05-05T18:29:49.328+0000] {processor.py:743} INFO - Processing file /usr/local/python/3.10.4/lib/python3.10/site-packages/airflow/example_dags/tutorial_dag.py for tasks to queue
[2023-05-05T18:29:49.329+0000] {logging_mixin.py:137} INFO - [2023-05-05T18:29:49.329+0000] {dagbag.py:538} INFO - Filling up the DagBag from /usr/local/python/3.10.4/lib/python3.10/site-packages/airflow/example_dags/tutorial_dag.py
[2023-05-05T18:29:49.349+0000] {processor.py:753} INFO - DAG(s) dict_keys(['tutorial_dag']) retrieved from /usr/local/python/3.10.4/lib/python3.10/site-packages/airflow/example_dags/tutorial_dag.py
[2023-05-05T18:29:49.368+0000] {logging_mixin.py:137} INFO - [2023-05-05T18:29:49.368+0000] {dag.py:2690} INFO - Sync 1 DAGs
[2023-05-05T18:29:49.386+0000] {logging_mixin.py:137} INFO - [2023-05-05T18:29:49.386+0000] {dag.py:3437} INFO - Setting next_dagrun for tutorial_dag to None, run_after=None
[2023-05-05T18:29:49.439+0000] {processor.py:175} INFO - Processing /usr/local/python/3.10.4/lib/python3.10/site-packages/airflow/example_dags/tutorial_dag.py took 0.116 seconds
[2023-05-05T18:30:24.867+0000] {processor.py:153} INFO - Started process (PID=8913) to work on /usr/local/python/3.10.4/lib/python3.10/site-packages/airflow/example_dags/tutorial_dag.py
[2023-05-05T18:30:24.869+0000] {processor.py:743} INFO - Processing file /usr/local/python/3.10.4/lib/python3.10/site-packages/airflow/example_dags/tutorial_dag.py for tasks to queue
[2023-05-05T18:30:24.869+0000] {logging_mixin.py:137} INFO - [2023-05-05T18:30:24.869+0000] {dagbag.py:538} INFO - Filling up the DagBag from /usr/local/python/3.10.4/lib/python3.10/site-packages/airflow/example_dags/tutorial_dag.py
[2023-05-05T18:30:24.885+0000] {processor.py:753} INFO - DAG(s) dict_keys(['tutorial_dag']) retrieved from /usr/local/python/3.10.4/lib/python3.10/site-packages/airflow/example_dags/tutorial_dag.py
[2023-05-05T18:30:24.903+0000] {logging_mixin.py:137} INFO - [2023-05-05T18:30:24.903+0000] {dag.py:2690} INFO - Sync 1 DAGs
[2023-05-05T18:30:24.921+0000] {logging_mixin.py:137} INFO - [2023-05-05T18:30:24.921+0000] {dag.py:3437} INFO - Setting next_dagrun for tutorial_dag to None, run_after=None
[2023-05-05T18:30:24.975+0000] {processor.py:175} INFO - Processing /usr/local/python/3.10.4/lib/python3.10/site-packages/airflow/example_dags/tutorial_dag.py took 0.111 seconds
[2023-05-05T18:31:05.145+0000] {processor.py:153} INFO - Started process (PID=9246) to work on /usr/local/python/3.10.4/lib/python3.10/site-packages/airflow/example_dags/tutorial_dag.py
[2023-05-05T18:31:05.147+0000] {processor.py:743} INFO - Processing file /usr/local/python/3.10.4/lib/python3.10/site-packages/airflow/example_dags/tutorial_dag.py for tasks to queue
[2023-05-05T18:31:05.147+0000] {logging_mixin.py:137} INFO - [2023-05-05T18:31:05.147+0000] {dagbag.py:538} INFO - Filling up the DagBag from /usr/local/python/3.10.4/lib/python3.10/site-packages/airflow/example_dags/tutorial_dag.py
[2023-05-05T18:31:05.162+0000] {processor.py:753} INFO - DAG(s) dict_keys(['tutorial_dag']) retrieved from /usr/local/python/3.10.4/lib/python3.10/site-packages/airflow/example_dags/tutorial_dag.py
[2023-05-05T18:31:05.180+0000] {logging_mixin.py:137} INFO - [2023-05-05T18:31:05.180+0000] {dag.py:2690} INFO - Sync 1 DAGs
[2023-05-05T18:31:05.199+0000] {logging_mixin.py:137} INFO - [2023-05-05T18:31:05.199+0000] {dag.py:3437} INFO - Setting next_dagrun for tutorial_dag to None, run_after=None
[2023-05-05T18:31:05.263+0000] {processor.py:175} INFO - Processing /usr/local/python/3.10.4/lib/python3.10/site-packages/airflow/example_dags/tutorial_dag.py took 0.121 seconds
[2023-05-05T18:31:40.621+0000] {processor.py:153} INFO - Started process (PID=9581) to work on /usr/local/python/3.10.4/lib/python3.10/site-packages/airflow/example_dags/tutorial_dag.py
[2023-05-05T18:31:40.622+0000] {processor.py:743} INFO - Processing file /usr/local/python/3.10.4/lib/python3.10/site-packages/airflow/example_dags/tutorial_dag.py for tasks to queue
[2023-05-05T18:31:40.623+0000] {logging_mixin.py:137} INFO - [2023-05-05T18:31:40.623+0000] {dagbag.py:538} INFO - Filling up the DagBag from /usr/local/python/3.10.4/lib/python3.10/site-packages/airflow/example_dags/tutorial_dag.py
[2023-05-05T18:31:40.638+0000] {processor.py:753} INFO - DAG(s) dict_keys(['tutorial_dag']) retrieved from /usr/local/python/3.10.4/lib/python3.10/site-packages/airflow/example_dags/tutorial_dag.py
[2023-05-05T18:31:40.664+0000] {logging_mixin.py:137} INFO - [2023-05-05T18:31:40.664+0000] {dag.py:2690} INFO - Sync 1 DAGs
[2023-05-05T18:31:40.683+0000] {logging_mixin.py:137} INFO - [2023-05-05T18:31:40.683+0000] {dag.py:3437} INFO - Setting next_dagrun for tutorial_dag to None, run_after=None
[2023-05-05T18:31:40.739+0000] {processor.py:175} INFO - Processing /usr/local/python/3.10.4/lib/python3.10/site-packages/airflow/example_dags/tutorial_dag.py took 0.121 seconds
[2023-05-05T18:32:18.391+0000] {processor.py:153} INFO - Started process (PID=9985) to work on /usr/local/python/3.10.4/lib/python3.10/site-packages/airflow/example_dags/tutorial_dag.py
[2023-05-05T18:32:18.392+0000] {processor.py:743} INFO - Processing file /usr/local/python/3.10.4/lib/python3.10/site-packages/airflow/example_dags/tutorial_dag.py for tasks to queue
[2023-05-05T18:32:18.393+0000] {logging_mixin.py:137} INFO - [2023-05-05T18:32:18.392+0000] {dagbag.py:538} INFO - Filling up the DagBag from /usr/local/python/3.10.4/lib/python3.10/site-packages/airflow/example_dags/tutorial_dag.py
[2023-05-05T18:32:18.411+0000] {processor.py:753} INFO - DAG(s) dict_keys(['tutorial_dag']) retrieved from /usr/local/python/3.10.4/lib/python3.10/site-packages/airflow/example_dags/tutorial_dag.py
[2023-05-05T18:32:18.435+0000] {logging_mixin.py:137} INFO - [2023-05-05T18:32:18.435+0000] {dag.py:2690} INFO - Sync 1 DAGs
[2023-05-05T18:32:18.459+0000] {logging_mixin.py:137} INFO - [2023-05-05T18:32:18.458+0000] {dag.py:3437} INFO - Setting next_dagrun for tutorial_dag to None, run_after=None
[2023-05-05T18:32:18.515+0000] {processor.py:175} INFO - Processing /usr/local/python/3.10.4/lib/python3.10/site-packages/airflow/example_dags/tutorial_dag.py took 0.128 seconds
[2023-05-05T18:33:00.547+0000] {processor.py:153} INFO - Started process (PID=10337) to work on /usr/local/python/3.10.4/lib/python3.10/site-packages/airflow/example_dags/tutorial_dag.py
[2023-05-05T18:33:00.549+0000] {processor.py:743} INFO - Processing file /usr/local/python/3.10.4/lib/python3.10/site-packages/airflow/example_dags/tutorial_dag.py for tasks to queue
[2023-05-05T18:33:00.549+0000] {logging_mixin.py:137} INFO - [2023-05-05T18:33:00.549+0000] {dagbag.py:538} INFO - Filling up the DagBag from /usr/local/python/3.10.4/lib/python3.10/site-packages/airflow/example_dags/tutorial_dag.py
[2023-05-05T18:33:00.565+0000] {processor.py:753} INFO - DAG(s) dict_keys(['tutorial_dag']) retrieved from /usr/local/python/3.10.4/lib/python3.10/site-packages/airflow/example_dags/tutorial_dag.py
[2023-05-05T18:33:00.592+0000] {logging_mixin.py:137} INFO - [2023-05-05T18:33:00.592+0000] {dag.py:2690} INFO - Sync 1 DAGs
[2023-05-05T18:33:00.612+0000] {logging_mixin.py:137} INFO - [2023-05-05T18:33:00.612+0000] {dag.py:3437} INFO - Setting next_dagrun for tutorial_dag to None, run_after=None
[2023-05-05T18:33:00.680+0000] {processor.py:175} INFO - Processing /usr/local/python/3.10.4/lib/python3.10/site-packages/airflow/example_dags/tutorial_dag.py took 0.136 seconds
[2023-05-05T18:33:38.167+0000] {processor.py:153} INFO - Started process (PID=10677) to work on /usr/local/python/3.10.4/lib/python3.10/site-packages/airflow/example_dags/tutorial_dag.py
[2023-05-05T18:33:38.168+0000] {processor.py:743} INFO - Processing file /usr/local/python/3.10.4/lib/python3.10/site-packages/airflow/example_dags/tutorial_dag.py for tasks to queue
[2023-05-05T18:33:38.169+0000] {logging_mixin.py:137} INFO - [2023-05-05T18:33:38.168+0000] {dagbag.py:538} INFO - Filling up the DagBag from /usr/local/python/3.10.4/lib/python3.10/site-packages/airflow/example_dags/tutorial_dag.py
[2023-05-05T18:33:38.184+0000] {processor.py:753} INFO - DAG(s) dict_keys(['tutorial_dag']) retrieved from /usr/local/python/3.10.4/lib/python3.10/site-packages/airflow/example_dags/tutorial_dag.py
[2023-05-05T18:33:38.203+0000] {logging_mixin.py:137} INFO - [2023-05-05T18:33:38.203+0000] {dag.py:2690} INFO - Sync 1 DAGs
[2023-05-05T18:33:38.221+0000] {logging_mixin.py:137} INFO - [2023-05-05T18:33:38.221+0000] {dag.py:3437} INFO - Setting next_dagrun for tutorial_dag to None, run_after=None
[2023-05-05T18:33:38.281+0000] {processor.py:175} INFO - Processing /usr/local/python/3.10.4/lib/python3.10/site-packages/airflow/example_dags/tutorial_dag.py took 0.118 seconds
[2023-05-05T18:34:15.060+0000] {processor.py:153} INFO - Started process (PID=11043) to work on /usr/local/python/3.10.4/lib/python3.10/site-packages/airflow/example_dags/tutorial_dag.py
[2023-05-05T18:34:15.061+0000] {processor.py:743} INFO - Processing file /usr/local/python/3.10.4/lib/python3.10/site-packages/airflow/example_dags/tutorial_dag.py for tasks to queue
[2023-05-05T18:34:15.062+0000] {logging_mixin.py:137} INFO - [2023-05-05T18:34:15.062+0000] {dagbag.py:538} INFO - Filling up the DagBag from /usr/local/python/3.10.4/lib/python3.10/site-packages/airflow/example_dags/tutorial_dag.py
[2023-05-05T18:34:15.084+0000] {processor.py:753} INFO - DAG(s) dict_keys(['tutorial_dag']) retrieved from /usr/local/python/3.10.4/lib/python3.10/site-packages/airflow/example_dags/tutorial_dag.py
[2023-05-05T18:34:15.113+0000] {logging_mixin.py:137} INFO - [2023-05-05T18:34:15.113+0000] {dag.py:2690} INFO - Sync 1 DAGs
[2023-05-05T18:34:15.134+0000] {logging_mixin.py:137} INFO - [2023-05-05T18:34:15.134+0000] {dag.py:3437} INFO - Setting next_dagrun for tutorial_dag to None, run_after=None
[2023-05-05T18:34:15.189+0000] {processor.py:175} INFO - Processing /usr/local/python/3.10.4/lib/python3.10/site-packages/airflow/example_dags/tutorial_dag.py took 0.133 seconds
