[2023-05-05T18:21:45.271+0000] {processor.py:153} INFO - Started process (PID=4564) to work on /usr/local/python/3.10.4/lib/python3.10/site-packages/airflow/example_dags/tutorial_taskflow_api_virtualenv.py
[2023-05-05T18:21:45.272+0000] {processor.py:743} INFO - Processing file /usr/local/python/3.10.4/lib/python3.10/site-packages/airflow/example_dags/tutorial_taskflow_api_virtualenv.py for tasks to queue
[2023-05-05T18:21:45.274+0000] {logging_mixin.py:137} INFO - [2023-05-05T18:21:45.273+0000] {dagbag.py:538} INFO - Filling up the DagBag from /usr/local/python/3.10.4/lib/python3.10/site-packages/airflow/example_dags/tutorial_taskflow_api_virtualenv.py
[2023-05-05T18:21:45.354+0000] {processor.py:753} INFO - DAG(s) dict_keys(['tutorial_taskflow_api_virtualenv']) retrieved from /usr/local/python/3.10.4/lib/python3.10/site-packages/airflow/example_dags/tutorial_taskflow_api_virtualenv.py
[2023-05-05T18:21:45.585+0000] {logging_mixin.py:137} INFO - [2023-05-05T18:21:45.585+0000] {manager.py:504} INFO - Created Permission View: can delete on DAG:tutorial_taskflow_api_virtualenv
[2023-05-05T18:21:45.630+0000] {logging_mixin.py:137} INFO - [2023-05-05T18:21:45.630+0000] {manager.py:504} INFO - Created Permission View: can read on DAG:tutorial_taskflow_api_virtualenv
[2023-05-05T18:21:45.674+0000] {logging_mixin.py:137} INFO - [2023-05-05T18:21:45.674+0000] {manager.py:504} INFO - Created Permission View: can edit on DAG:tutorial_taskflow_api_virtualenv
[2023-05-05T18:21:45.674+0000] {logging_mixin.py:137} INFO - [2023-05-05T18:21:45.674+0000] {dag.py:2690} INFO - Sync 1 DAGs
[2023-05-05T18:21:45.683+0000] {logging_mixin.py:137} INFO - [2023-05-05T18:21:45.683+0000] {dag.py:2711} INFO - Creating ORM DAG for tutorial_taskflow_api_virtualenv
[2023-05-05T18:21:45.691+0000] {logging_mixin.py:137} INFO - [2023-05-05T18:21:45.691+0000] {dag.py:3437} INFO - Setting next_dagrun for tutorial_taskflow_api_virtualenv to None, run_after=None
[2023-05-05T18:21:45.746+0000] {processor.py:175} INFO - Processing /usr/local/python/3.10.4/lib/python3.10/site-packages/airflow/example_dags/tutorial_taskflow_api_virtualenv.py took 0.479 seconds
[2023-05-05T18:22:40.740+0000] {processor.py:153} INFO - Started process (PID=4965) to work on /usr/local/python/3.10.4/lib/python3.10/site-packages/airflow/example_dags/tutorial_taskflow_api_virtualenv.py
[2023-05-05T18:22:40.742+0000] {processor.py:743} INFO - Processing file /usr/local/python/3.10.4/lib/python3.10/site-packages/airflow/example_dags/tutorial_taskflow_api_virtualenv.py for tasks to queue
[2023-05-05T18:22:40.744+0000] {logging_mixin.py:137} INFO - [2023-05-05T18:22:40.744+0000] {dagbag.py:538} INFO - Filling up the DagBag from /usr/local/python/3.10.4/lib/python3.10/site-packages/airflow/example_dags/tutorial_taskflow_api_virtualenv.py
[2023-05-05T18:22:40.782+0000] {processor.py:753} INFO - DAG(s) dict_keys(['tutorial_taskflow_api_virtualenv']) retrieved from /usr/local/python/3.10.4/lib/python3.10/site-packages/airflow/example_dags/tutorial_taskflow_api_virtualenv.py
[2023-05-05T18:22:40.815+0000] {logging_mixin.py:137} INFO - [2023-05-05T18:22:40.815+0000] {dag.py:2690} INFO - Sync 1 DAGs
[2023-05-05T18:22:40.836+0000] {logging_mixin.py:137} INFO - [2023-05-05T18:22:40.836+0000] {dag.py:3437} INFO - Setting next_dagrun for tutorial_taskflow_api_virtualenv to None, run_after=None
[2023-05-05T18:22:40.892+0000] {processor.py:175} INFO - Processing /usr/local/python/3.10.4/lib/python3.10/site-packages/airflow/example_dags/tutorial_taskflow_api_virtualenv.py took 0.162 seconds
[2023-05-05T18:23:19.899+0000] {processor.py:153} INFO - Started process (PID=5226) to work on /usr/local/python/3.10.4/lib/python3.10/site-packages/airflow/example_dags/tutorial_taskflow_api_virtualenv.py
[2023-05-05T18:23:19.900+0000] {processor.py:743} INFO - Processing file /usr/local/python/3.10.4/lib/python3.10/site-packages/airflow/example_dags/tutorial_taskflow_api_virtualenv.py for tasks to queue
[2023-05-05T18:23:19.901+0000] {logging_mixin.py:137} INFO - [2023-05-05T18:23:19.901+0000] {dagbag.py:538} INFO - Filling up the DagBag from /usr/local/python/3.10.4/lib/python3.10/site-packages/airflow/example_dags/tutorial_taskflow_api_virtualenv.py
[2023-05-05T18:23:19.926+0000] {processor.py:753} INFO - DAG(s) dict_keys(['tutorial_taskflow_api_virtualenv']) retrieved from /usr/local/python/3.10.4/lib/python3.10/site-packages/airflow/example_dags/tutorial_taskflow_api_virtualenv.py
[2023-05-05T18:23:19.945+0000] {logging_mixin.py:137} INFO - [2023-05-05T18:23:19.945+0000] {dag.py:2690} INFO - Sync 1 DAGs
[2023-05-05T18:23:20.085+0000] {logging_mixin.py:137} INFO - [2023-05-05T18:23:20.085+0000] {dag.py:3437} INFO - Setting next_dagrun for tutorial_taskflow_api_virtualenv to None, run_after=None
[2023-05-05T18:23:20.141+0000] {processor.py:175} INFO - Processing /usr/local/python/3.10.4/lib/python3.10/site-packages/airflow/example_dags/tutorial_taskflow_api_virtualenv.py took 0.245 seconds
[2023-05-05T18:23:58.361+0000] {processor.py:153} INFO - Started process (PID=5482) to work on /usr/local/python/3.10.4/lib/python3.10/site-packages/airflow/example_dags/tutorial_taskflow_api_virtualenv.py
[2023-05-05T18:23:58.362+0000] {processor.py:743} INFO - Processing file /usr/local/python/3.10.4/lib/python3.10/site-packages/airflow/example_dags/tutorial_taskflow_api_virtualenv.py for tasks to queue
[2023-05-05T18:23:58.363+0000] {logging_mixin.py:137} INFO - [2023-05-05T18:23:58.363+0000] {dagbag.py:538} INFO - Filling up the DagBag from /usr/local/python/3.10.4/lib/python3.10/site-packages/airflow/example_dags/tutorial_taskflow_api_virtualenv.py
[2023-05-05T18:23:58.387+0000] {processor.py:753} INFO - DAG(s) dict_keys(['tutorial_taskflow_api_virtualenv']) retrieved from /usr/local/python/3.10.4/lib/python3.10/site-packages/airflow/example_dags/tutorial_taskflow_api_virtualenv.py
[2023-05-05T18:23:58.407+0000] {logging_mixin.py:137} INFO - [2023-05-05T18:23:58.407+0000] {dag.py:2690} INFO - Sync 1 DAGs
[2023-05-05T18:23:58.425+0000] {logging_mixin.py:137} INFO - [2023-05-05T18:23:58.425+0000] {dag.py:3437} INFO - Setting next_dagrun for tutorial_taskflow_api_virtualenv to None, run_after=None
[2023-05-05T18:23:58.477+0000] {processor.py:175} INFO - Processing /usr/local/python/3.10.4/lib/python3.10/site-packages/airflow/example_dags/tutorial_taskflow_api_virtualenv.py took 0.120 seconds
[2023-05-05T18:24:29.745+0000] {processor.py:153} INFO - Started process (PID=5721) to work on /usr/local/python/3.10.4/lib/python3.10/site-packages/airflow/example_dags/tutorial_taskflow_api_virtualenv.py
[2023-05-05T18:24:29.746+0000] {processor.py:743} INFO - Processing file /usr/local/python/3.10.4/lib/python3.10/site-packages/airflow/example_dags/tutorial_taskflow_api_virtualenv.py for tasks to queue
[2023-05-05T18:24:29.747+0000] {logging_mixin.py:137} INFO - [2023-05-05T18:24:29.747+0000] {dagbag.py:538} INFO - Filling up the DagBag from /usr/local/python/3.10.4/lib/python3.10/site-packages/airflow/example_dags/tutorial_taskflow_api_virtualenv.py
[2023-05-05T18:24:29.772+0000] {processor.py:753} INFO - DAG(s) dict_keys(['tutorial_taskflow_api_virtualenv']) retrieved from /usr/local/python/3.10.4/lib/python3.10/site-packages/airflow/example_dags/tutorial_taskflow_api_virtualenv.py
[2023-05-05T18:24:29.793+0000] {logging_mixin.py:137} INFO - [2023-05-05T18:24:29.793+0000] {dag.py:2690} INFO - Sync 1 DAGs
[2023-05-05T18:24:29.811+0000] {logging_mixin.py:137} INFO - [2023-05-05T18:24:29.811+0000] {dag.py:3437} INFO - Setting next_dagrun for tutorial_taskflow_api_virtualenv to None, run_after=None
[2023-05-05T18:24:29.894+0000] {processor.py:175} INFO - Processing /usr/local/python/3.10.4/lib/python3.10/site-packages/airflow/example_dags/tutorial_taskflow_api_virtualenv.py took 0.152 seconds
[2023-05-05T18:25:06.398+0000] {processor.py:153} INFO - Started process (PID=5995) to work on /usr/local/python/3.10.4/lib/python3.10/site-packages/airflow/example_dags/tutorial_taskflow_api_virtualenv.py
[2023-05-05T18:25:06.399+0000] {processor.py:743} INFO - Processing file /usr/local/python/3.10.4/lib/python3.10/site-packages/airflow/example_dags/tutorial_taskflow_api_virtualenv.py for tasks to queue
[2023-05-05T18:25:06.400+0000] {logging_mixin.py:137} INFO - [2023-05-05T18:25:06.400+0000] {dagbag.py:538} INFO - Filling up the DagBag from /usr/local/python/3.10.4/lib/python3.10/site-packages/airflow/example_dags/tutorial_taskflow_api_virtualenv.py
[2023-05-05T18:25:06.425+0000] {processor.py:753} INFO - DAG(s) dict_keys(['tutorial_taskflow_api_virtualenv']) retrieved from /usr/local/python/3.10.4/lib/python3.10/site-packages/airflow/example_dags/tutorial_taskflow_api_virtualenv.py
[2023-05-05T18:25:06.446+0000] {logging_mixin.py:137} INFO - [2023-05-05T18:25:06.445+0000] {dag.py:2690} INFO - Sync 1 DAGs
[2023-05-05T18:25:06.463+0000] {logging_mixin.py:137} INFO - [2023-05-05T18:25:06.463+0000] {dag.py:3437} INFO - Setting next_dagrun for tutorial_taskflow_api_virtualenv to None, run_after=None
[2023-05-05T18:25:06.517+0000] {processor.py:175} INFO - Processing /usr/local/python/3.10.4/lib/python3.10/site-packages/airflow/example_dags/tutorial_taskflow_api_virtualenv.py took 0.122 seconds
[2023-05-05T18:25:37.046+0000] {processor.py:153} INFO - Started process (PID=6203) to work on /usr/local/python/3.10.4/lib/python3.10/site-packages/airflow/example_dags/tutorial_taskflow_api_virtualenv.py
[2023-05-05T18:25:37.047+0000] {processor.py:743} INFO - Processing file /usr/local/python/3.10.4/lib/python3.10/site-packages/airflow/example_dags/tutorial_taskflow_api_virtualenv.py for tasks to queue
[2023-05-05T18:25:37.047+0000] {logging_mixin.py:137} INFO - [2023-05-05T18:25:37.047+0000] {dagbag.py:538} INFO - Filling up the DagBag from /usr/local/python/3.10.4/lib/python3.10/site-packages/airflow/example_dags/tutorial_taskflow_api_virtualenv.py
[2023-05-05T18:25:37.073+0000] {processor.py:753} INFO - DAG(s) dict_keys(['tutorial_taskflow_api_virtualenv']) retrieved from /usr/local/python/3.10.4/lib/python3.10/site-packages/airflow/example_dags/tutorial_taskflow_api_virtualenv.py
[2023-05-05T18:25:37.093+0000] {logging_mixin.py:137} INFO - [2023-05-05T18:25:37.093+0000] {dag.py:2690} INFO - Sync 1 DAGs
[2023-05-05T18:25:37.111+0000] {logging_mixin.py:137} INFO - [2023-05-05T18:25:37.111+0000] {dag.py:3437} INFO - Setting next_dagrun for tutorial_taskflow_api_virtualenv to None, run_after=None
[2023-05-05T18:25:37.163+0000] {processor.py:175} INFO - Processing /usr/local/python/3.10.4/lib/python3.10/site-packages/airflow/example_dags/tutorial_taskflow_api_virtualenv.py took 0.121 seconds
[2023-05-05T18:26:07.258+0000] {processor.py:153} INFO - Started process (PID=6409) to work on /usr/local/python/3.10.4/lib/python3.10/site-packages/airflow/example_dags/tutorial_taskflow_api_virtualenv.py
[2023-05-05T18:26:07.260+0000] {processor.py:743} INFO - Processing file /usr/local/python/3.10.4/lib/python3.10/site-packages/airflow/example_dags/tutorial_taskflow_api_virtualenv.py for tasks to queue
[2023-05-05T18:26:07.260+0000] {logging_mixin.py:137} INFO - [2023-05-05T18:26:07.260+0000] {dagbag.py:538} INFO - Filling up the DagBag from /usr/local/python/3.10.4/lib/python3.10/site-packages/airflow/example_dags/tutorial_taskflow_api_virtualenv.py
[2023-05-05T18:26:07.287+0000] {processor.py:753} INFO - DAG(s) dict_keys(['tutorial_taskflow_api_virtualenv']) retrieved from /usr/local/python/3.10.4/lib/python3.10/site-packages/airflow/example_dags/tutorial_taskflow_api_virtualenv.py
[2023-05-05T18:26:07.310+0000] {logging_mixin.py:137} INFO - [2023-05-05T18:26:07.310+0000] {dag.py:2690} INFO - Sync 1 DAGs
[2023-05-05T18:26:07.330+0000] {logging_mixin.py:137} INFO - [2023-05-05T18:26:07.330+0000] {dag.py:3437} INFO - Setting next_dagrun for tutorial_taskflow_api_virtualenv to None, run_after=None
[2023-05-05T18:26:07.385+0000] {processor.py:175} INFO - Processing /usr/local/python/3.10.4/lib/python3.10/site-packages/airflow/example_dags/tutorial_taskflow_api_virtualenv.py took 0.131 seconds
[2023-05-05T18:26:47.541+0000] {processor.py:153} INFO - Started process (PID=6696) to work on /usr/local/python/3.10.4/lib/python3.10/site-packages/airflow/example_dags/tutorial_taskflow_api_virtualenv.py
[2023-05-05T18:26:47.542+0000] {processor.py:743} INFO - Processing file /usr/local/python/3.10.4/lib/python3.10/site-packages/airflow/example_dags/tutorial_taskflow_api_virtualenv.py for tasks to queue
[2023-05-05T18:26:47.542+0000] {logging_mixin.py:137} INFO - [2023-05-05T18:26:47.542+0000] {dagbag.py:538} INFO - Filling up the DagBag from /usr/local/python/3.10.4/lib/python3.10/site-packages/airflow/example_dags/tutorial_taskflow_api_virtualenv.py
[2023-05-05T18:26:47.570+0000] {processor.py:753} INFO - DAG(s) dict_keys(['tutorial_taskflow_api_virtualenv']) retrieved from /usr/local/python/3.10.4/lib/python3.10/site-packages/airflow/example_dags/tutorial_taskflow_api_virtualenv.py
[2023-05-05T18:26:47.590+0000] {logging_mixin.py:137} INFO - [2023-05-05T18:26:47.590+0000] {dag.py:2690} INFO - Sync 1 DAGs
[2023-05-05T18:26:47.610+0000] {logging_mixin.py:137} INFO - [2023-05-05T18:26:47.610+0000] {dag.py:3437} INFO - Setting next_dagrun for tutorial_taskflow_api_virtualenv to None, run_after=None
[2023-05-05T18:26:47.662+0000] {processor.py:175} INFO - Processing /usr/local/python/3.10.4/lib/python3.10/site-packages/airflow/example_dags/tutorial_taskflow_api_virtualenv.py took 0.126 seconds
[2023-05-05T18:27:23.787+0000] {processor.py:153} INFO - Started process (PID=6935) to work on /usr/local/python/3.10.4/lib/python3.10/site-packages/airflow/example_dags/tutorial_taskflow_api_virtualenv.py
[2023-05-05T18:27:23.788+0000] {processor.py:743} INFO - Processing file /usr/local/python/3.10.4/lib/python3.10/site-packages/airflow/example_dags/tutorial_taskflow_api_virtualenv.py for tasks to queue
[2023-05-05T18:27:23.789+0000] {logging_mixin.py:137} INFO - [2023-05-05T18:27:23.788+0000] {dagbag.py:538} INFO - Filling up the DagBag from /usr/local/python/3.10.4/lib/python3.10/site-packages/airflow/example_dags/tutorial_taskflow_api_virtualenv.py
[2023-05-05T18:27:23.814+0000] {processor.py:753} INFO - DAG(s) dict_keys(['tutorial_taskflow_api_virtualenv']) retrieved from /usr/local/python/3.10.4/lib/python3.10/site-packages/airflow/example_dags/tutorial_taskflow_api_virtualenv.py
[2023-05-05T18:27:23.834+0000] {logging_mixin.py:137} INFO - [2023-05-05T18:27:23.834+0000] {dag.py:2690} INFO - Sync 1 DAGs
[2023-05-05T18:27:23.853+0000] {logging_mixin.py:137} INFO - [2023-05-05T18:27:23.853+0000] {dag.py:3437} INFO - Setting next_dagrun for tutorial_taskflow_api_virtualenv to None, run_after=None
[2023-05-05T18:27:23.904+0000] {processor.py:175} INFO - Processing /usr/local/python/3.10.4/lib/python3.10/site-packages/airflow/example_dags/tutorial_taskflow_api_virtualenv.py took 0.122 seconds
[2023-05-05T18:28:00.878+0000] {processor.py:153} INFO - Started process (PID=7202) to work on /usr/local/python/3.10.4/lib/python3.10/site-packages/airflow/example_dags/tutorial_taskflow_api_virtualenv.py
[2023-05-05T18:28:00.879+0000] {processor.py:743} INFO - Processing file /usr/local/python/3.10.4/lib/python3.10/site-packages/airflow/example_dags/tutorial_taskflow_api_virtualenv.py for tasks to queue
[2023-05-05T18:28:00.880+0000] {logging_mixin.py:137} INFO - [2023-05-05T18:28:00.880+0000] {dagbag.py:538} INFO - Filling up the DagBag from /usr/local/python/3.10.4/lib/python3.10/site-packages/airflow/example_dags/tutorial_taskflow_api_virtualenv.py
[2023-05-05T18:28:00.904+0000] {processor.py:753} INFO - DAG(s) dict_keys(['tutorial_taskflow_api_virtualenv']) retrieved from /usr/local/python/3.10.4/lib/python3.10/site-packages/airflow/example_dags/tutorial_taskflow_api_virtualenv.py
[2023-05-05T18:28:00.924+0000] {logging_mixin.py:137} INFO - [2023-05-05T18:28:00.924+0000] {dag.py:2690} INFO - Sync 1 DAGs
[2023-05-05T18:28:00.942+0000] {logging_mixin.py:137} INFO - [2023-05-05T18:28:00.942+0000] {dag.py:3437} INFO - Setting next_dagrun for tutorial_taskflow_api_virtualenv to None, run_after=None
[2023-05-05T18:28:00.991+0000] {processor.py:175} INFO - Processing /usr/local/python/3.10.4/lib/python3.10/site-packages/airflow/example_dags/tutorial_taskflow_api_virtualenv.py took 0.116 seconds
[2023-05-05T18:28:39.053+0000] {processor.py:153} INFO - Started process (PID=8013) to work on /usr/local/python/3.10.4/lib/python3.10/site-packages/airflow/example_dags/tutorial_taskflow_api_virtualenv.py
[2023-05-05T18:28:39.054+0000] {processor.py:743} INFO - Processing file /usr/local/python/3.10.4/lib/python3.10/site-packages/airflow/example_dags/tutorial_taskflow_api_virtualenv.py for tasks to queue
[2023-05-05T18:28:39.055+0000] {logging_mixin.py:137} INFO - [2023-05-05T18:28:39.055+0000] {dagbag.py:538} INFO - Filling up the DagBag from /usr/local/python/3.10.4/lib/python3.10/site-packages/airflow/example_dags/tutorial_taskflow_api_virtualenv.py
[2023-05-05T18:28:39.083+0000] {processor.py:753} INFO - DAG(s) dict_keys(['tutorial_taskflow_api_virtualenv']) retrieved from /usr/local/python/3.10.4/lib/python3.10/site-packages/airflow/example_dags/tutorial_taskflow_api_virtualenv.py
[2023-05-05T18:28:39.103+0000] {logging_mixin.py:137} INFO - [2023-05-05T18:28:39.103+0000] {dag.py:2690} INFO - Sync 1 DAGs
[2023-05-05T18:28:39.121+0000] {logging_mixin.py:137} INFO - [2023-05-05T18:28:39.121+0000] {dag.py:3437} INFO - Setting next_dagrun for tutorial_taskflow_api_virtualenv to None, run_after=None
[2023-05-05T18:28:39.179+0000] {processor.py:175} INFO - Processing /usr/local/python/3.10.4/lib/python3.10/site-packages/airflow/example_dags/tutorial_taskflow_api_virtualenv.py took 0.130 seconds
[2023-05-05T18:29:19.464+0000] {processor.py:153} INFO - Started process (PID=8304) to work on /usr/local/python/3.10.4/lib/python3.10/site-packages/airflow/example_dags/tutorial_taskflow_api_virtualenv.py
[2023-05-05T18:29:19.465+0000] {processor.py:743} INFO - Processing file /usr/local/python/3.10.4/lib/python3.10/site-packages/airflow/example_dags/tutorial_taskflow_api_virtualenv.py for tasks to queue
[2023-05-05T18:29:19.466+0000] {logging_mixin.py:137} INFO - [2023-05-05T18:29:19.466+0000] {dagbag.py:538} INFO - Filling up the DagBag from /usr/local/python/3.10.4/lib/python3.10/site-packages/airflow/example_dags/tutorial_taskflow_api_virtualenv.py
[2023-05-05T18:29:19.491+0000] {processor.py:753} INFO - DAG(s) dict_keys(['tutorial_taskflow_api_virtualenv']) retrieved from /usr/local/python/3.10.4/lib/python3.10/site-packages/airflow/example_dags/tutorial_taskflow_api_virtualenv.py
[2023-05-05T18:29:19.510+0000] {logging_mixin.py:137} INFO - [2023-05-05T18:29:19.510+0000] {dag.py:2690} INFO - Sync 1 DAGs
[2023-05-05T18:29:19.528+0000] {logging_mixin.py:137} INFO - [2023-05-05T18:29:19.528+0000] {dag.py:3437} INFO - Setting next_dagrun for tutorial_taskflow_api_virtualenv to None, run_after=None
[2023-05-05T18:29:19.579+0000] {processor.py:175} INFO - Processing /usr/local/python/3.10.4/lib/python3.10/site-packages/airflow/example_dags/tutorial_taskflow_api_virtualenv.py took 0.119 seconds
[2023-05-05T18:29:59.915+0000] {processor.py:153} INFO - Started process (PID=8664) to work on /usr/local/python/3.10.4/lib/python3.10/site-packages/airflow/example_dags/tutorial_taskflow_api_virtualenv.py
[2023-05-05T18:29:59.916+0000] {processor.py:743} INFO - Processing file /usr/local/python/3.10.4/lib/python3.10/site-packages/airflow/example_dags/tutorial_taskflow_api_virtualenv.py for tasks to queue
[2023-05-05T18:29:59.917+0000] {logging_mixin.py:137} INFO - [2023-05-05T18:29:59.917+0000] {dagbag.py:538} INFO - Filling up the DagBag from /usr/local/python/3.10.4/lib/python3.10/site-packages/airflow/example_dags/tutorial_taskflow_api_virtualenv.py
[2023-05-05T18:29:59.942+0000] {processor.py:753} INFO - DAG(s) dict_keys(['tutorial_taskflow_api_virtualenv']) retrieved from /usr/local/python/3.10.4/lib/python3.10/site-packages/airflow/example_dags/tutorial_taskflow_api_virtualenv.py
[2023-05-05T18:29:59.962+0000] {logging_mixin.py:137} INFO - [2023-05-05T18:29:59.962+0000] {dag.py:2690} INFO - Sync 1 DAGs
[2023-05-05T18:29:59.981+0000] {logging_mixin.py:137} INFO - [2023-05-05T18:29:59.981+0000] {dag.py:3437} INFO - Setting next_dagrun for tutorial_taskflow_api_virtualenv to None, run_after=None
[2023-05-05T18:30:00.033+0000] {processor.py:175} INFO - Processing /usr/local/python/3.10.4/lib/python3.10/site-packages/airflow/example_dags/tutorial_taskflow_api_virtualenv.py took 0.123 seconds
[2023-05-05T18:30:36.281+0000] {processor.py:153} INFO - Started process (PID=8986) to work on /usr/local/python/3.10.4/lib/python3.10/site-packages/airflow/example_dags/tutorial_taskflow_api_virtualenv.py
[2023-05-05T18:30:36.282+0000] {processor.py:743} INFO - Processing file /usr/local/python/3.10.4/lib/python3.10/site-packages/airflow/example_dags/tutorial_taskflow_api_virtualenv.py for tasks to queue
[2023-05-05T18:30:36.283+0000] {logging_mixin.py:137} INFO - [2023-05-05T18:30:36.283+0000] {dagbag.py:538} INFO - Filling up the DagBag from /usr/local/python/3.10.4/lib/python3.10/site-packages/airflow/example_dags/tutorial_taskflow_api_virtualenv.py
[2023-05-05T18:30:36.308+0000] {processor.py:753} INFO - DAG(s) dict_keys(['tutorial_taskflow_api_virtualenv']) retrieved from /usr/local/python/3.10.4/lib/python3.10/site-packages/airflow/example_dags/tutorial_taskflow_api_virtualenv.py
[2023-05-05T18:30:36.329+0000] {logging_mixin.py:137} INFO - [2023-05-05T18:30:36.329+0000] {dag.py:2690} INFO - Sync 1 DAGs
[2023-05-05T18:30:36.348+0000] {logging_mixin.py:137} INFO - [2023-05-05T18:30:36.347+0000] {dag.py:3437} INFO - Setting next_dagrun for tutorial_taskflow_api_virtualenv to None, run_after=None
[2023-05-05T18:30:36.404+0000] {processor.py:175} INFO - Processing /usr/local/python/3.10.4/lib/python3.10/site-packages/airflow/example_dags/tutorial_taskflow_api_virtualenv.py took 0.127 seconds
[2023-05-05T18:31:14.218+0000] {processor.py:153} INFO - Started process (PID=9322) to work on /usr/local/python/3.10.4/lib/python3.10/site-packages/airflow/example_dags/tutorial_taskflow_api_virtualenv.py
[2023-05-05T18:31:14.219+0000] {processor.py:743} INFO - Processing file /usr/local/python/3.10.4/lib/python3.10/site-packages/airflow/example_dags/tutorial_taskflow_api_virtualenv.py for tasks to queue
[2023-05-05T18:31:14.220+0000] {logging_mixin.py:137} INFO - [2023-05-05T18:31:14.220+0000] {dagbag.py:538} INFO - Filling up the DagBag from /usr/local/python/3.10.4/lib/python3.10/site-packages/airflow/example_dags/tutorial_taskflow_api_virtualenv.py
[2023-05-05T18:31:14.255+0000] {processor.py:753} INFO - DAG(s) dict_keys(['tutorial_taskflow_api_virtualenv']) retrieved from /usr/local/python/3.10.4/lib/python3.10/site-packages/airflow/example_dags/tutorial_taskflow_api_virtualenv.py
[2023-05-05T18:31:14.293+0000] {logging_mixin.py:137} INFO - [2023-05-05T18:31:14.293+0000] {dag.py:2690} INFO - Sync 1 DAGs
[2023-05-05T18:31:14.320+0000] {logging_mixin.py:137} INFO - [2023-05-05T18:31:14.320+0000] {dag.py:3437} INFO - Setting next_dagrun for tutorial_taskflow_api_virtualenv to None, run_after=None
[2023-05-05T18:31:14.373+0000] {processor.py:175} INFO - Processing /usr/local/python/3.10.4/lib/python3.10/site-packages/airflow/example_dags/tutorial_taskflow_api_virtualenv.py took 0.159 seconds
[2023-05-05T18:31:51.525+0000] {processor.py:153} INFO - Started process (PID=9665) to work on /usr/local/python/3.10.4/lib/python3.10/site-packages/airflow/example_dags/tutorial_taskflow_api_virtualenv.py
[2023-05-05T18:31:51.526+0000] {processor.py:743} INFO - Processing file /usr/local/python/3.10.4/lib/python3.10/site-packages/airflow/example_dags/tutorial_taskflow_api_virtualenv.py for tasks to queue
[2023-05-05T18:31:51.527+0000] {logging_mixin.py:137} INFO - [2023-05-05T18:31:51.526+0000] {dagbag.py:538} INFO - Filling up the DagBag from /usr/local/python/3.10.4/lib/python3.10/site-packages/airflow/example_dags/tutorial_taskflow_api_virtualenv.py
[2023-05-05T18:31:51.552+0000] {processor.py:753} INFO - DAG(s) dict_keys(['tutorial_taskflow_api_virtualenv']) retrieved from /usr/local/python/3.10.4/lib/python3.10/site-packages/airflow/example_dags/tutorial_taskflow_api_virtualenv.py
[2023-05-05T18:31:51.571+0000] {logging_mixin.py:137} INFO - [2023-05-05T18:31:51.571+0000] {dag.py:2690} INFO - Sync 1 DAGs
[2023-05-05T18:31:51.589+0000] {logging_mixin.py:137} INFO - [2023-05-05T18:31:51.589+0000] {dag.py:3437} INFO - Setting next_dagrun for tutorial_taskflow_api_virtualenv to None, run_after=None
[2023-05-05T18:31:51.652+0000] {processor.py:175} INFO - Processing /usr/local/python/3.10.4/lib/python3.10/site-packages/airflow/example_dags/tutorial_taskflow_api_virtualenv.py took 0.131 seconds
[2023-05-05T18:32:29.822+0000] {processor.py:153} INFO - Started process (PID=10106) to work on /usr/local/python/3.10.4/lib/python3.10/site-packages/airflow/example_dags/tutorial_taskflow_api_virtualenv.py
[2023-05-05T18:32:29.823+0000] {processor.py:743} INFO - Processing file /usr/local/python/3.10.4/lib/python3.10/site-packages/airflow/example_dags/tutorial_taskflow_api_virtualenv.py for tasks to queue
[2023-05-05T18:32:29.824+0000] {logging_mixin.py:137} INFO - [2023-05-05T18:32:29.824+0000] {dagbag.py:538} INFO - Filling up the DagBag from /usr/local/python/3.10.4/lib/python3.10/site-packages/airflow/example_dags/tutorial_taskflow_api_virtualenv.py
[2023-05-05T18:32:29.850+0000] {processor.py:753} INFO - DAG(s) dict_keys(['tutorial_taskflow_api_virtualenv']) retrieved from /usr/local/python/3.10.4/lib/python3.10/site-packages/airflow/example_dags/tutorial_taskflow_api_virtualenv.py
[2023-05-05T18:32:29.871+0000] {logging_mixin.py:137} INFO - [2023-05-05T18:32:29.871+0000] {dag.py:2690} INFO - Sync 1 DAGs
[2023-05-05T18:32:29.893+0000] {logging_mixin.py:137} INFO - [2023-05-05T18:32:29.893+0000] {dag.py:3437} INFO - Setting next_dagrun for tutorial_taskflow_api_virtualenv to None, run_after=None
[2023-05-05T18:32:29.947+0000] {processor.py:175} INFO - Processing /usr/local/python/3.10.4/lib/python3.10/site-packages/airflow/example_dags/tutorial_taskflow_api_virtualenv.py took 0.129 seconds
[2023-05-05T18:33:10.787+0000] {processor.py:153} INFO - Started process (PID=10461) to work on /usr/local/python/3.10.4/lib/python3.10/site-packages/airflow/example_dags/tutorial_taskflow_api_virtualenv.py
[2023-05-05T18:33:10.788+0000] {processor.py:743} INFO - Processing file /usr/local/python/3.10.4/lib/python3.10/site-packages/airflow/example_dags/tutorial_taskflow_api_virtualenv.py for tasks to queue
[2023-05-05T18:33:10.789+0000] {logging_mixin.py:137} INFO - [2023-05-05T18:33:10.789+0000] {dagbag.py:538} INFO - Filling up the DagBag from /usr/local/python/3.10.4/lib/python3.10/site-packages/airflow/example_dags/tutorial_taskflow_api_virtualenv.py
[2023-05-05T18:33:10.814+0000] {processor.py:753} INFO - DAG(s) dict_keys(['tutorial_taskflow_api_virtualenv']) retrieved from /usr/local/python/3.10.4/lib/python3.10/site-packages/airflow/example_dags/tutorial_taskflow_api_virtualenv.py
[2023-05-05T18:33:10.834+0000] {logging_mixin.py:137} INFO - [2023-05-05T18:33:10.834+0000] {dag.py:2690} INFO - Sync 1 DAGs
[2023-05-05T18:33:10.852+0000] {logging_mixin.py:137} INFO - [2023-05-05T18:33:10.852+0000] {dag.py:3437} INFO - Setting next_dagrun for tutorial_taskflow_api_virtualenv to None, run_after=None
[2023-05-05T18:33:10.923+0000] {processor.py:175} INFO - Processing /usr/local/python/3.10.4/lib/python3.10/site-packages/airflow/example_dags/tutorial_taskflow_api_virtualenv.py took 0.139 seconds
[2023-05-05T18:33:48.747+0000] {processor.py:153} INFO - Started process (PID=10768) to work on /usr/local/python/3.10.4/lib/python3.10/site-packages/airflow/example_dags/tutorial_taskflow_api_virtualenv.py
[2023-05-05T18:33:48.749+0000] {processor.py:743} INFO - Processing file /usr/local/python/3.10.4/lib/python3.10/site-packages/airflow/example_dags/tutorial_taskflow_api_virtualenv.py for tasks to queue
[2023-05-05T18:33:48.750+0000] {logging_mixin.py:137} INFO - [2023-05-05T18:33:48.749+0000] {dagbag.py:538} INFO - Filling up the DagBag from /usr/local/python/3.10.4/lib/python3.10/site-packages/airflow/example_dags/tutorial_taskflow_api_virtualenv.py
[2023-05-05T18:33:48.775+0000] {processor.py:753} INFO - DAG(s) dict_keys(['tutorial_taskflow_api_virtualenv']) retrieved from /usr/local/python/3.10.4/lib/python3.10/site-packages/airflow/example_dags/tutorial_taskflow_api_virtualenv.py
[2023-05-05T18:33:48.795+0000] {logging_mixin.py:137} INFO - [2023-05-05T18:33:48.795+0000] {dag.py:2690} INFO - Sync 1 DAGs
[2023-05-05T18:33:48.812+0000] {logging_mixin.py:137} INFO - [2023-05-05T18:33:48.812+0000] {dag.py:3437} INFO - Setting next_dagrun for tutorial_taskflow_api_virtualenv to None, run_after=None
[2023-05-05T18:33:48.879+0000] {processor.py:175} INFO - Processing /usr/local/python/3.10.4/lib/python3.10/site-packages/airflow/example_dags/tutorial_taskflow_api_virtualenv.py took 0.135 seconds
[2023-05-05T18:34:26.646+0000] {processor.py:153} INFO - Started process (PID=11170) to work on /usr/local/python/3.10.4/lib/python3.10/site-packages/airflow/example_dags/tutorial_taskflow_api_virtualenv.py
[2023-05-05T18:34:26.648+0000] {processor.py:743} INFO - Processing file /usr/local/python/3.10.4/lib/python3.10/site-packages/airflow/example_dags/tutorial_taskflow_api_virtualenv.py for tasks to queue
[2023-05-05T18:34:26.649+0000] {logging_mixin.py:137} INFO - [2023-05-05T18:34:26.648+0000] {dagbag.py:538} INFO - Filling up the DagBag from /usr/local/python/3.10.4/lib/python3.10/site-packages/airflow/example_dags/tutorial_taskflow_api_virtualenv.py
[2023-05-05T18:34:26.677+0000] {processor.py:753} INFO - DAG(s) dict_keys(['tutorial_taskflow_api_virtualenv']) retrieved from /usr/local/python/3.10.4/lib/python3.10/site-packages/airflow/example_dags/tutorial_taskflow_api_virtualenv.py
[2023-05-05T18:34:26.703+0000] {logging_mixin.py:137} INFO - [2023-05-05T18:34:26.702+0000] {dag.py:2690} INFO - Sync 1 DAGs
[2023-05-05T18:34:26.723+0000] {logging_mixin.py:137} INFO - [2023-05-05T18:34:26.723+0000] {dag.py:3437} INFO - Setting next_dagrun for tutorial_taskflow_api_virtualenv to None, run_after=None
[2023-05-05T18:34:26.780+0000] {processor.py:175} INFO - Processing /usr/local/python/3.10.4/lib/python3.10/site-packages/airflow/example_dags/tutorial_taskflow_api_virtualenv.py took 0.138 seconds
